37.2780485,127.4337032
37.2780218,127.4335862
37.2780485,127.4337032
37.2780218,127.4335862
37.2779576,127.4334955
37.2779051,127.4333938
37.2778337,127.433237
37.2777848,127.4331329
37.2777336,127.4330306
37.2776777,127.4329321
37.2776082,127.4328484
37.2775294,127.4327787
37.2774456,127.432719
37.27736,127.4326631
37.2772728,127.4326115
37.2771886,127.4325525
37.2771088,127.4324847
37.2770325,127.4324108
37.2769373,127.4323005
37.2768704,127.4322131
37.2768058,127.4321231
37.276743,127.432031
37.2768058,127.4321231
37.276743,127.432031
37.2768058,127.4321231
37.2768704,127.4322131
37.2768058,127.4321231
