37.3115452,127.4621458
37.2466545,127.4748868
37.2467526,127.4747916
37.2468221,127.474723
37.2467526,127.4747916
37.2467853,127.4748571
37.2467526,127.4747916
37.2466545,127.4748868
37.3115838,127.4620655
37.3115452,127.4621458
37.3115838,127.4620655
37.3116227,127.461985
37.3116625,127.461903
37.3117168,127.461792
37.3117572,127.4617088
37.3118334,127.4616112
37.3118747,127.4615135
37.3119573,127.461318
37.3129459,127.45897
37.3129869,127.4588721
37.3136511,127.4578439
37.314222,127.4551497
37.3146213,127.4547863
37.3146391,127.4534174
37.3146408,127.4533068
37.3146417,127.4531963
37.3146416,127.4530857
37.3146402,127.4529752
37.3146374,127.4528647
37.3144389,127.4527188
37.3144331,127.4526084
37.3144273,127.4524981
37.3144215,127.4523877
37.3144125,127.4522777
37.3144017,127.452168
37.3143906,127.4520582
37.3143783,127.4519487
37.3145329,127.4517676
37.3145169,127.4516588
37.3144999,127.4515504
37.314258,127.4513026
37.314258,127.4513026
37.3144181,127.4511202
37.3141886,127.4509825
37.3143176,127.4506962
37.3140904,127.4505575
37.314235,127.4503811
37.3140413,127.450345
37.3141758,127.4501727
37.3139775,127.450139
37.313947,127.4500352
37.3131917,127.4477006
37.3131508,127.4476026
37.31311,127.4475046
37.313069,127.4474066
37.560699,126.9825517
37.560755,126.982474
37.560755,126.982474
37.3130282,127.4473086
37.313069,127.4474066
37.3130282,127.4473086
37.3129875,127.4472105
37.3129473,127.447112
37.3129081,127.4470129
37.3128698,127.4469133
37.3128317,127.4468135
37.3127918,127.4467143
37.3121393,127.4449977
37.3121176,127.4448902
37.3121393,127.4449977
37.3121176,127.4448902
37.3120969,127.4447823
37.3120769,127.4446743
37.3120575,127.4445661
37.3120385,127.4444577
37.3120206,127.4443491
37.3120038,127.4442402
37.3119879,127.4441311
37.3119724,127.4440219
37.3119575,127.4439126
37.3119434,127.4438031
37.3119303,127.4436934
37.3119182,127.4435835
37.3119071,127.4434735
37.3120677,127.4405835
37.3120814,127.4404706
37.3120957,127.4403578
37.312111,127.4402452
37.312127,127.4401327
37.3123352,127.4395892
37.3123582,127.4394973
37.3123823,127.4394067
37.3124112,127.439305
37.3124423,127.4392038
37.3124673,127.4391262
37.312503,127.4390197
37.3125355,127.4389257
37.3125678,127.4388377
37.3126023,127.4387448
37.3126358,127.4386565
37.312671,127.4385635
37.312708,127.4384682
37.3127388,127.4383943
37.3127772,127.4382441
37.3128148,127.4381481
37.3128499,127.4380507
37.3128848,127.4379531
37.3129155,127.4378537
37.3129385,127.4377509
37.3129608,127.4376489
37.312996,127.4375105
37.3131588,127.4372858
37.3131742,127.4373755
37.3131588,127.4372858
37.3131677,127.4371913
37.313196,127.4370995
37.3132298,127.43701
37.313266,127.4369157
37.313296,127.4368353
37.3133315,127.4367392
37.3133655,127.4366468
37.3133957,127.4365665
37.3134357,127.4364658
37.3134662,127.4363913
37.3135123,127.436282
37.3135458,127.436205
37.313584,127.4361188
37.3136197,127.4360403
37.3136702,127.4359273
37.313708,127.4358437
37.313746,127.4357613
37.3137888,127.4356713
37.3138297,127.4355868
37.313868,127.4355083
37.3139107,127.4354225
37.3139642,127.4353165
37.3140035,127.435239
37.3140133,127.4350322
37.3139633,127.435123
37.3139095,127.4352197
37.3138592,127.43531
37.3138088,127.4354003
37.313759,127.4354908
37.3137093,127.4355813
37.3136602,127.435672
37.3136112,127.4357628
37.3136112,127.4357628
37.312111,127.4402452
37.312127,127.4401327
37.3121442,127.440021
37.3121625,127.4399097
37.3121817,127.4397985
37.3122007,127.4396943
37.3122217,127.4395837
37.3122422,127.4394802
37.312265,127.43937
37.3122892,127.4392602
37.312313,127.4391577
37.312339,127.4390483
37.3123637,127.4389458
37.312391,127.4388368
37.3124192,127.4387282
37.3124465,127.4386265
37.3124765,127.438518
37.3125053,127.4384165
37.3125372,127.4383085
37.3125993,127.4381068
37.3125678,127.4382075
37.3126338,127.4379998
37.312667,127.4378998
37.312667,127.4378998
37.3126338,127.4379998
37.3127377,127.437695
37.312703,127.4377938
37.3128113,127.4374917
37.3127753,127.43759
37.3127753,127.43759
37.3128483,127.4373937
37.3128858,127.437296
37.3129267,127.4371923
37.3129658,127.4370957
37.3130062,127.4369997
37.313093,127.4368033
37.3130505,127.4368982
37.3131393,127.4367027
37.3131833,127.4366088
37.313228,127.4365155
37.3132733,127.4364227
37.313322,127.4363238
37.313368,127.4362315
37.313368,127.4362315
37.3136112,127.4357628
37.3136602,127.435672
37.313759,127.4354908
37.3138592,127.43531
37.3140133,127.4350322
37.3139998,127.4348103
37.313877,127.4348925
37.3138182,127.4349902
37.3137757,127.4350607
37.3137287,127.4351373
37.313674,127.4352265
37.3136328,127.4352932
37.3135767,127.435384
37.3135292,127.4354605
37.3134787,127.4355432
37.3134327,127.435619
37.3133797,127.4357077
37.3133425,127.4357705
37.3132938,127.4358518
37.3132397,127.4359403
37.3131882,127.4360227
37.3131438,127.4360927
37.3130865,127.4361822
37.3130412,127.4362538
37.3129957,127.4363265
37.3129377,127.4364198
37.3128892,127.4364978
37.3128493,127.4365612
37.31279,127.4366548
37.3127435,127.4367287
37.3126982,127.436801
37.3126453,127.4368868
37.3125972,127.4369673
37.312546,127.4370558
37.312494,127.4371377
37.3124807,127.4373878
37.3124413,127.437528
37.3123993,127.4376006
37.3123468,127.4376922
37.3123142,127.4377972
37.3122894,127.4379056
37.3122623,127.4380562
37.3122448,127.4381387
37.3122208,127.4382535
37.3122002,127.4383527
37.3121838,127.4384332
37.3121838,127.4384332
37.3121632,127.4385413
37.3121632,127.4385413
37.3121463,127.4386337
37.3121122,127.4388322
37.3120707,127.4391065
37.3120257,127.439419
37.3119863,127.4397168
37.3120407,127.4399763
37.3119863,127.4397168
37.3139483,127.4349032
37.3138998,127.4349898
37.3138482,127.4350822
37.3137965,127.435174
37.313748,127.43526
37.3136968,127.4353518
37.3136457,127.4354443
37.3135952,127.435537
37.313545,127.4356302
37.3134952,127.4357238
37.3134487,127.435812
37.313399,127.4359067
37.313353,127.435996
37.3133045,127.4360917
37.3132562,127.4361878
37.3132112,127.4362785
37.3131637,127.4363758
37.3131197,127.4364678
37.3130737,127.4365668
37.3130282,127.4366663
37.3129862,127.4367603
37.3129448,127.4368547
37.3129013,127.4369555
37.3128612,127.4370507
37.312819,127.437153
37.3127803,127.4372495
37.3127402,127.4373533
37.3127035,127.4374513
37.3126677,127.4375498
37.3126305,127.4376552
37.3125965,127.4377547
37.3125632,127.4378543
37.3125283,127.4379612
37.3124965,127.4380615
37.3124632,127.438169
37.3124323,127.43827
37.3124,127.4383783
37.3123707,127.4384802
37.312342,127.4385823
37.3123127,127.4386918
37.3122858,127.438795
37.3122597,127.4388985
37.3122328,127.4390095
37.3122083,127.439114
37.3121847,127.4392188
37.3121622,127.4393242
37.312139,127.4394368
37.3121622,127.4393242
37.312139,127.4394368
37.3121183,127.4395428
37.3120983,127.439649
37.3120777,127.4397627
37.3120588,127.4398693
37.3120407,127.4399763
37.3120237,127.4400837
37.3120077,127.4401912
37.314103,127.4346243
37.3141517,127.4345372
37.3142035,127.4344438
37.314252,127.4343565
37.3143037,127.434263
37.3143553,127.4341695
37.3144038,127.4340817
37.314456,127.433988
37.3145052,127.4339
37.314456,127.433988
37.3145052,127.4339
37.3152745,127.4327588
37.3153257,127.432667
37.3153765,127.4325755
37.3153257,127.432667
37.3152745,127.4327588
37.3153257,127.432667
37.3172297,127.4287073
37.3178997,127.4276163
37.3179472,127.42752
37.3178997,127.4276163
37.3181118,127.4269152
37.3181588,127.4268178
37.3182065,127.4267205
37.3191818,127.424741
37.3191343,127.4248382
37.3191818,127.424741
37.319201,127.4249745
37.3192487,127.4248772
37.3192935,127.4247857
37.3193412,127.4246883
37.319389,127.4245908
37.3194342,127.4244995
37.319389,127.4245908
37.3194342,127.4244995
37.3210465,127.4209702
37.3210935,127.4208778
37.3212383,127.4209426
37.3212912,127.4208536
37.3213448,127.4207652
37.321399,127.4206774
37.3214538,127.4205902
37.3215091,127.4205035
37.3215649,127.4204173
37.3216211,127.4203316
37.321678,127.4202465
37.3216211,127.4203316
37.3215649,127.4204173
37.3215091,127.4205035
37.3214538,127.4205902
37.321399,127.4206774
37.3214538,127.4205902
37.3215091,127.4205035
37.3215649,127.4204173
37.3216211,127.4203316
37.321678,127.4202465
37.3218765,127.4195307
37.3219585,127.4194183
37.3220107,127.419341
37.322059,127.4192712
37.322113,127.419194
37.3221682,127.4191173
37.3222245,127.419041
37.322271,127.4189788
37.322328,127.4189025
37.3223848,127.4188257
37.3224432,127.418749
37.3224863,127.4186937
37.3225465,127.418618
37.3226132,127.4185357
37.3226745,127.41846
37.3227192,127.418405
37.3227805,127.4183298
37.322848,127.4182478
37.3228992,127.4181867
37.3229452,127.418133
37.3230142,127.418053
37.3230667,127.4179938
37.3231197,127.4179352
37.3231792,127.4178708
37.323252,127.4177942
37.3233127,127.4177287
37.3233782,127.4176545
37.323433,127.4175942
37.3234888,127.4175353
37.3235488,127.4174685
37.3236103,127.4174025
37.3236735,127.4173377
37.3237237,127.4172852
37.3237948,127.4172122
37.3238794,127.4171411
37.3239607,127.4170587
37.3239607,127.4170587
37.324104,127.417498
37.3240345,127.4175669
37.3239648,127.4176353
37.323895,127.4177036
37.3238251,127.417772
37.3237553,127.4178404
37.3236856,127.4179089
37.3236159,127.4179773
37.3235462,127.4180459
37.3234766,127.4181145
37.3234071,127.4181833
37.3233377,127.4182524
37.3232686,127.4183218
37.3233377,127.4182524
37.3234071,127.4181833
37.3234766,127.4181145
37.3235462,127.4180459
37.3236159,127.4179773
37.3236856,127.4179089
37.3237553,127.4178404
37.3243824,127.4172233
37.324452,127.4171545
37.3245215,127.4170857
37.3245912,127.4170171
37.3318194,127.4098572
37.3134261,127.4376121
37.3135122,127.4376323
37.3135981,127.4376529
37.313684,127.4376742
37.3137379,127.4378465
37.3138247,127.4378653
37.3139116,127.4378841
37.313998,127.4379058
37.3140842,127.4379287
37.3141972,127.4379571
37.3142837,127.4379744
37.3143697,127.4379953
37.3144558,127.4380162
37.3145418,127.4380373
37.3146278,127.4380581
37.3147138,127.4380793
37.3147997,127.4381007
37.3148858,127.4381211
37.314972,127.4381411
37.3150583,127.43816
37.3151448,127.4381781
37.3152313,127.4381956
37.3153178,127.4382127
37.3154044,127.4382299
37.315491,127.4382464
37.3155777,127.4382625
37.3156645,127.4382782
37.3157567,127.4381446
37.3158438,127.4381592
37.3159309,127.4381738
37.316018,127.4381884
37.3161051,127.4382031
37.3161922,127.4382174
37.3162794,127.4382314
37.3163665,127.4382454
37.3164536,127.4382597
37.3165408,127.4382741
37.3164536,127.4382597
37.3165408,127.4382741
37.3166279,127.4382887
37.3167149,127.4383034
37.3168021,127.4383178
37.3168892,127.4383318
37.3169763,127.4383463
37.3170635,127.4383605
37.3171506,127.4383745
37.3172378,127.4383886
37.3173249,127.4384027
37.3174121,127.4384166
37.3174993,127.4384301
37.3175865,127.4384435
37.3176737,127.4384577
37.3177608,127.4384718
37.317848,127.4384859
37.3179351,127.4385003
37.3180221,127.4385152
37.3181093,127.4385296
37.3181964,127.4385439
37.3182835,127.4385581
37.3183707,127.4385722
37.3184579,127.438586
37.3186188,127.4387627
37.3187057,127.4387767
37.3187929,127.4387875
37.3188802,127.4387975
37.3189666,127.4388146
37.319155,127.4387027
