37.2206705,127.5263167
37.2723596,127.4347427
37.272412,127.4348324
37.2206705,127.5263167
37.2207411,127.5262498
37.2725074,127.4348508
37.2206705,127.5263167
37.2726036,127.4348443
37.2726868,127.4348238
37.2207411,127.5262498
37.272692,127.4361359
37.2727886,127.4361457
37.2728845,127.4361663
37.2729804,127.436187
37.2729804,127.436187
37.2730763,127.4362076
37.2731722,127.4362283
37.2732681,127.4362489
37.273364,127.4362696
37.2734599,127.4362902
37.2735558,127.4363109
37.2736515,127.4363332
37.2737472,127.4363555
37.2738428,127.4363778
37.2201946,127.5269864
37.2739387,127.4363989
37.2740344,127.4364205
37.2741302,127.4364424
37.2202641,127.5269182
37.2203341,127.5268509
37.220404,127.5267833
37.220474,127.5267158
37.2205442,127.5266488
37.2206144,127.5265817
37.2206844,127.5265144
37.2207541,127.5264466
37.2208236,127.5263784
37.2208937,127.5263111
37.2209643,127.5262448
37.2210359,127.52618
37.2211082,127.5261167
37.2211819,127.5260558
37.2212569,127.5259973
37.221333,127.5259414
37.22141,127.5258873
37.2214877,127.5258348
37.2215663,127.5257842
37.2216459,127.5257365
37.221727,127.5256927
37.2216459,127.5257365
37.221727,127.5256927
37.2218092,127.5256522
37.221892,127.5256138
37.2219765,127.5255804
37.2220613,127.5255483
37.2221466,127.5255182
37.2222322,127.5254895
37.2223181,127.5254628
37.2224044,127.5254375
37.2224911,127.5254146
37.2225781,127.5253938
37.2226654,127.5253744
37.2227526,127.5253548
37.2226654,127.5253744
37.2227526,127.5253548
37.2226654,127.5253744
37.2225781,127.5253938
37.2226654,127.5253744
37.2227526,127.5253548
37.2226654,127.5253744
37.2227526,127.5253548
37.2228398,127.5253351
37.2229269,127.5253153
37.2230142,127.5252958
37.2231015,127.5252771
37.2231889,127.525259
37.2232763,127.5252408
37.2233637,127.5252227
37.2234511,127.5252043
37.2235384,127.5251852
37.2236255,127.5251648
37.2237123,127.5251429
37.2237987,127.5251182
37.2238845,127.5250907
37.2239697,127.5250603
37.2238845,127.5250907
37.2239697,127.5250603
37.2240544,127.5250275
37.2241382,127.5249916
37.2242207,127.5249515
37.224302,127.5249074
37.2243821,127.5248599
37.2244608,127.5248091
37.2245382,127.5247551
37.224614,127.5246978
37.2246889,127.5246385
37.2247623,127.5245765
37.2248342,127.5245117
37.2249043,127.5244441
37.224973,127.5243741
37.2250398,127.5243013
37.2251045,127.5242256
37.2251679,127.5241481
37.22523,127.524069
37.2252917,127.5239894
37.2253527,127.5239089
37.2254135,127.5238283
37.2254748,127.5237482
37.2255371,127.5236693
37.2256001,127.5235913
37.2256633,127.5235135
37.225727,127.5234365
37.2257912,127.52336
37.2258564,127.5232849
37.2259228,127.5232114
37.2259906,127.5231401
37.2260602,127.5230714
37.2261312,127.523005
37.2262036,127.5229411
37.2262775,127.5228798
37.2263529,127.5228216
37.2264298,127.5227663
37.2265077,127.5227135
37.2265865,127.5226627
37.2266967,127.5226555
37.2443954,127.3934534
