37.27470991512002,127.43641575832567
37.2746198801892,127.43639719846719
37.274972795142475,127.43647590651086
37.27505920936806,127.43649895570401
37.27514564021778,127.43651749498635
37.2752320544321,127.43654054428163
37.27531848527223,127.43655908365581
37.275404899475284,127.43658213305322
37.27549133030578,127.43660067251926
37.27558136518856,127.43661923284408
37.27566779601011,127.43663777239777
37.275757814248074,127.43666084281305
37.2758442284233,127.43668389246555
37.27593785070531,127.43670698381148
37.27602788556311,127.43672554437772
37.2761251118897,127.43674865665554
37.27622954632225,127.43677181064042
37.276337368454456,127.43685361597473
37.2764994344687,127.43688612351663
37.276585865231674,127.4369046636107
37.27666869193435,127.4369231829174
37.2767515186327,127.43694170226556
37.27684153679051,127.43696477338582
37.27693155494212,127.43698784456205
37.272373284282544,127.4347696884041
37.272373284282544,127.4347696884041
37.272373284282544,127.4347696884041
37.272373284282544,127.4347696884041
37.27245789922885,127.43430114533058
37.272373284282544,127.4347696884041
37.27241888091618,127.43609135070999
37.272373284282544,127.4347696884041
37.272341157778406,127.43271750207232
37.272373284282544,127.4347696884041
37.272373284282544,127.4347696884041
37.272373284282544,127.4347696884041
37.272373284282544,127.4347696884041
37.28419724343082,127.44861307276439
37.272373284282544,127.4347696884041
37.28134062122555,127.45012966236676
37.281434343586994,127.45012571010051
37.28152087500476,127.45011720456164
37.28161099331667,127.4501132308094
37.28169752473118,127.45010472523842
37.281784056143955,127.45009621964898
37.28187058755497,127.45008771404112
37.2819571018147,127.45008371877732
37.28204722011926,127.45007974496757
37.28213733842238,127.45007577114946
37.28222747387325,127.45006728694425
37.282317609322284,127.45005880271992
37.282407744769465,127.45005031847644
37.272373284282544,127.4347696884041
37.272373284282544,127.4347696884041
37.272373284282544,127.4347696884041
37.272373284282544,127.4347696884041
37.272373284282544,127.4347696884041
37.272452374828646,127.4348242620098
37.27254245974969,127.43482929000915
37.272373284282544,127.4347696884041
37.272373284282544,127.4347696884041
37.272452374828646,127.4348242620098
37.27254245974969,127.43482929000915
37.272373284282544,127.4347696884041
37.272373284282544,127.4347696884041
37.272373284282544,127.4347696884041
37.272373284282544,127.4347696884041
37.272373284282544,127.4347696884041
37.272373284282544,127.4347696884041
37.272373284282544,127.4347696884041
37.272373284282544,127.4347696884041
37.27235562831836,127.4346703692
37.272373284282544,127.4347696884041
37.272373284282544,127.4347696884041
37.271487001875954,127.43369575932816
37.272373284282544,127.4347696884041
37.272373284282544,127.4347696884041
37.272373284282544,127.4347696884041
37.272452374828646,127.4348242620098
37.27295384248677,127.43567050295998
37.27277966884812,127.43598970357561
37.272373284282544,127.4347696884041
37.272373284282544,127.4347696884041
37.272373284282544,127.4347696884041
37.272373284282544,127.4347696884041
37.272373284282544,127.4347696884041
37.272373284282544,127.4347696884041
37.272946186186424,127.43579222693411
37.272373284282544,127.4347696884041
37.272373284282544,127.4347696884041
37.27189341908379,127.43588988580412
37.27189341908379,127.43588988580412
37.27241888091618,127.43609135070999
37.27241888091618,127.43609135070999
37.273042582414725,127.43604082900015
37.273042582414725,127.43604082900015
37.27409358803443,127.43642122051419
37.27409358803443,127.43642122051419
37.2746198801892,127.43639719846719
37.2746198801892,127.43639719846719
37.27529993268274,127.43670329874902
37.27529993268274,127.43670329874902
37.27617138213884,127.43690677823338
37.27617138213884,127.43690677823338
37.27702157308749,127.43701091579427
37.27702157308749,127.43701091579427
37.277111574576004,127.43703849716388
37.277111574576004,127.43703849716388
37.272373284282544,127.4347696884041
37.27233658551207,127.43592851989139
37.272373284282544,127.4347696884041
37.272452374828646,127.4348242620098
37.27254245974969,127.43482929000915
37.272373284282544,127.4347696884041
37.272373284282544,127.4347696884041
37.272373284282544,127.4347696884041
37.272373284282544,127.4347696884041
37.272373284282544,127.4347696884041
37.272373284282544,127.4347696884041
37.272373284282544,127.4347696884041
37.2726289571747,127.43482978747808
37.27266893309153,127.43473981913074
37.2726289571747,127.43482978747808
37.27263438233398,127.43433372847363
37.27268062278755,127.4345008609206
37.272684557860494,127.43441068525564
37.272373284282544,127.4347696884041
37.272373284282544,127.4347696884041
37.272373284282544,127.4347696884041
37.272373284282544,127.4347696884041
37.272373284282544,127.4347696884041
37.272452374828646,127.4348242620098
37.272373284282544,127.4347696884041
37.272373284282544,127.4347696884041
37.272373284282544,127.4347696884041
37.272452374828646,127.4348242620098
37.27254245974969,127.43482929000915
37.272373284282544,127.4347696884041
37.27235562831836,127.4346703692
37.27236325035207,127.43455766565026
37.27237447633831,127.43444498278613
37.272373284282544,127.4347696884041
37.272373284282544,127.4347696884041
37.272373284282544,127.4347696884041
37.272452374828646,127.4348242620098
37.27254245974969,127.43482929000915
37.2726289571747,127.43482978747808
37.272373284282544,127.4347696884041
37.272373284282544,127.4347696884041
37.272373284282544,127.4347696884041
37.272373284282544,127.4347696884041
37.272373284282544,127.4347696884041
37.272373284282544,127.4347696884041
37.272373284282544,127.4347696884041
37.272373284282544,127.4347696884041
37.272373284282544,127.4347696884041
37.272452374828646,127.4348242620098
37.27254245974969,127.43482929000915
37.272373284282544,127.4347696884041
37.272373284282544,127.4347696884041
37.272452374828646,127.4348242620098
37.27254245974969,127.43482929000915
37.2726289571747,127.43482978747808
37.272373284282544,127.4347696884041
37.272452374828646,127.4348242620098
37.27254245974969,127.43482929000915
37.272373284282544,127.4347696884041
37.272452374828646,127.4348242620098
37.272373284282544,127.4347696884041
37.272373284282544,127.4347696884041
37.272373284282544,127.4347696884041
37.272373284282544,127.4347696884041
37.272373284282544,127.4347696884041
37.272373284282544,127.4347696884041
37.272373284282544,127.4347696884041
37.272373284282544,127.4347696884041
37.272373284282544,127.4347696884041
37.272373284282544,127.4347696884041
37.272373284282544,127.4347696884041
37.272373284282544,127.4347696884041
37.272373284282544,127.4347696884041
37.272373284282544,127.4347696884041
37.272373284282544,127.4347696884041
37.272373284282544,127.4347696884041
37.272373284282544,127.4347696884041
37.272452374828646,127.4348242620098
37.27254245974969,127.43482929000915
37.272373284282544,127.4347696884041
37.272373284282544,127.4347696884041
37.272373284282544,127.4347696884041
37.272373284282544,127.4347696884041
37.272452374828646,127.4348242620098
37.27254245974969,127.43482929000915
37.2726289571747,127.43482978747808
37.27266893309153,127.43473981913074
37.27267657175099,127.43462260530364
37.27268062278755,127.4345008609206
37.272684557860494,127.43441068525564
37.27263438233398,127.43433372847363
37.272373284282544,127.4347696884041
37.27254793454042,127.4343197021397
37.27245789922885,127.43430114533058
37.27238962061754,127.43424663436545
37.2723756675035,127.43412027714905
37.272638697713056,127.43413982707935
37.272833267315214,127.43415447410037
37.273030547563835,127.43441267323875
37.27295384248677,127.43567050295998
37.27293399547938,127.43616648074088
37.273838464543566,127.43621228859523
37.27426643315851,127.43646280836107
37.272452374828646,127.4348242620098
37.27470215825053,127.43656454467013
37.27254245974969,127.43482929000915
37.2726289571747,127.43482978747808
37.27266893309153,127.43473981913074
37.27478498503809,127.4365830631226
37.274871399245114,127.43660611237861
37.27267657175099,127.43462260530364
37.274957830080325,127.43662465173509
37.2750406402191,127.43664768027683
37.27268062278755,127.4345008609206
37.27513067510169,127.43666624054154
37.27267657175099,127.43462260530364
37.27268062278755,127.4345008609206
37.275217105922835,127.43668478003323
37.272684557860494,127.43441068525564
37.27529993268274,127.43670329874902
37.27263438233398,127.43433372847363
37.27538634685697,127.43672634830513
37.27546917360744,127.43674486710972
37.2755520003536,127.43676338595577
37.27563843115201,127.4367819256665
37.27254793454042,127.4343197021397
37.27245789922885,127.43430114533058
37.275717653832956,127.43680042377223
37.275804067980665,127.43682347357132
37.275904898347825,127.43684660673013
37.276002124652045,127.43686971912422
37.27608855542575,127.43688825907192
37.27617138213884,127.43690677823338
37.27629014952898,127.43695256593668
37.276337368454456,127.43685361597473
37.27238962061754,127.43424663436545
37.2723756675035,127.43412027714905
37.27246568630759,127.4341433435279
37.2723756675035,127.43412027714905
37.27246568630759,127.4341433435279
37.2723756675035,127.43412027714905
37.27228563215626,127.43410172062143
37.27313623810089,127.43605489897084
37.273042582414725,127.43604082900015
37.272956151452874,127.43602229080179
37.27286611642796,127.43600373186271
37.272956151452874,127.43602229080179
37.273042582414725,127.43604082900015
37.272956151452874,127.43602229080179
37.27286611642796,127.43600373186271
37.27277966884812,127.43598970357561
37.2726896172064,127.43597565453896
37.272603153012156,127.43596613613182
37.27251310136457,127.43595208715813
37.27242303310659,127.43594254802134
37.27251310136457,127.43595208715813
37.272603153012156,127.43596613613182
37.2726896172064,127.43597565453896
37.27277966884812,127.43598970357561
37.27286611642796,127.43600373186271
37.272956151452874,127.43602229080179
37.273042582414725,127.43604082900015
37.27313623810089,127.43605489897084
37.273219064996084,127.436073416465
37.27330910000362,127.43609197557782
37.276585865231674,127.4369046636107
37.273219064996084,127.436073416465
37.276704349584996,127.43702712253992
37.27313623810089,127.43605489897084
37.277111574576004,127.43703849716388
37.27718437658527,127.43781917954288
37.273042582414725,127.43604082900015
37.272956151452874,127.43602229080179
37.27697614070959,127.43857568195594
37.27286611642796,127.43600373186271
37.27277966884812,127.43598970357561
37.2726896172064,127.43597565453896
37.272603153012156,127.43596613613182
37.276699607087004,127.43928217158104
37.27251310136457,127.43595208715813
37.27242303310659,127.43594254802134
37.27233658551207,127.43592851989139
37.27224651724921,127.43591898080703
37.276791732266645,127.43873697777231
37.27197936844567,127.43603920708011
37.27663713271725,127.43960653926834
37.27188567951718,127.43603415689903
37.27180280276478,127.43602916908499
37.27171273450223,127.43601962995452
37.276622314488044,127.4397146966494
37.27660030480775,127.439818302
37.276585519906355,127.4399174391884
37.27657445632034,127.43998502698237
37.276555849245455,127.44014277372484
37.27180280276478,127.43602916908499
37.27188567951718,127.43603415689903
37.27180280276478,127.43602916908499
37.27171273450223,127.43601962995452
37.27162625368724,127.4360146213861
37.27153616881124,127.43600959204674
37.27145330866171,127.43600009454204
37.27136322378227,127.43599506523356
37.27127315550968,127.43598552620439
37.271183087234796,127.435975987199
37.27109301895764,127.43596644821741
37.271002934070886,127.43596141897729
37.270912865789555,127.4359518800379
37.27082638495918,127.43594687160906
37.27073631667375,127.43593733271139
37.27064623177995,127.4359323035339
37.2705561468845,127.43592727436946
37.27046966604754,127.43592226599647
37.270379597754214,127.43591272717732
37.27028952945861,127.43590318838199
37.27019946116073,127.4358936496104
37.270112996920936,127.43588413163893
37.27002651607516,127.43587912334966
37.26994005183144,127.43586960541855
37.269849983525,127.43586006673519
37.269759898613486,127.43585503771925
37.26966983030286,127.43584549907813
37.26957977859197,127.43583145082793
37.269493314337176,127.4358219330126
37.269406866681244,127.43580790559747
37.26931319429991,127.43579834628959
37.26922673003811,127.4357888285487
37.26913667831279,127.43577478045353
37.27154394155165,127.43585630211564
37.27188567951718,127.43603415689903
37.27188567951718,127.43603415689903
37.27188567951718,127.43603415689903
37.27188567951718,127.43603415689903
37.27171273450223,127.43601962995452
37.27653380564583,127.44025539894614
37.27651538277099,127.44036353505173
37.27649335574336,127.44047165010389
37.27647132861732,127.44057976509211
37.27645290544706,127.44068790102646
37.276430878124145,127.44079601589193
37.276408850702815,127.44090413069347
37.2763904440389,127.44100775642057
37.27637202047884,127.44111589213115
37.27634999276628,127.4412240067525
37.27632796495531,127.44133212130996
37.27630952428162,127.44144476688015
37.27629477166571,127.441534883296
37.276276330799604,127.44164752876542
37.276186296755526,127.44162896228082
37.276099866760845,127.44161041689529
37.276013470408984,127.44158285152686
37.27592705722656,127.44155979623035
37.27583343592975,127.4415366988874
37.27574343550142,127.4415091126546
37.27565341824533,127.44148603648023
37.27547328280461,127.44146694418549
37.27534023549948,127.44138498595365
37.27162625368724,127.4360146213861
37.27538932962862,127.4417505886016
37.27153616881124,127.43600959204674
37.27145330866171,127.43600009454204
37.27136322378227,127.43599506523356
37.27545847970866,127.4415705895418
37.27426643315851,127.43646280836107
37.2741800022856,127.43644426936682
37.27409358803443,127.43642122051419
37.274003553094154,127.4364026608079
37.27391712220716,127.4363841219498
37.273827087257835,127.43636556233302
37.27547328280461,127.44146694418549
37.272373284282544,127.4347696884041
37.272373284282544,127.4347696884041
37.273740672984935,127.43634251368184
37.27365424208382,127.4363239749599
37.27356422374158,127.43630090561209
37.27347418877267,127.43628234618515
37.273387757857364,127.43626380760028
37.273301326937656,127.43624526905876
37.273207704515094,127.43622217912167
37.27312127358565,127.4362036406739
37.273027634534856,127.43618506068383
37.27293399547938,127.43616648074088
37.27283313168674,127.43615236909002
37.272746684125075,127.43613834063963
37.27267824023949,127.43612892598809
37.272595396731205,127.43611491838413
37.27250534510227,127.43610086923493
37.27241888091618,127.43609135070999
37.27232882928137,127.43607730162375
37.27224236509049,127.43606778314997
37.27215590089744,127.43605826469896
37.272065832643115,127.4360487254851
37.27197936844567,127.43603920708011
37.27188567951718,127.43603415689903
37.27180280276478,127.43602916908499
37.27171273450223,127.43601962995452
37.27162625368724,127.4360146213861
37.27153616881124,127.43600959204674
37.27145330866171,127.43600009454204
37.27136322378227,127.43599506523356
37.27127315550968,127.43598552620439
37.271183087234796,127.435975987199
37.27109301895764,127.43596644821741
37.271002934070886,127.43596141897729
37.270912865789555,127.4359518800379
37.27082638495918,127.43594687160906
37.27073631667375,127.43593733271139
37.272373284282544,127.4347696884041
37.272373284282544,127.4347696884041
37.272452374828646,127.4348242620098
37.27254245974969,127.43482929000915
37.2726289571747,127.43482978747808
37.27266893309153,127.43473981913074
37.27267657175099,127.43462260530364
37.27268062278755,127.4345008609206
37.272684557860494,127.43441068525564
37.27263438233398,127.43433372847363
37.27254793454042,127.4343197021397
37.27245789922885,127.43430114533058
37.27238962061754,127.43424663436545
37.2723756675035,127.43412027714905
37.272199167791484,127.4340922044113
37.272373284282544,127.4347696884041
37.272373284282544,127.4347696884041
37.272373284282544,127.4347696884041
37.272373284282544,127.4347696884041
37.272373284282544,127.4347696884041
37.272373284282544,127.4347696884041
37.272373284282544,127.4347696884041
37.272373284282544,127.4347696884041
37.272373284282544,127.4347696884041
37.272373284282544,127.4347696884041
37.272373284282544,127.4347696884041
37.272373284282544,127.4347696884041
37.272373284282544,127.4347696884041
37.272373284282544,127.4347696884041
37.27237447633831,127.43444498278613
37.272373284282544,127.4347696884041
37.272373284282544,127.4347696884041
37.272373284282544,127.4347696884041
37.272373284282544,127.4347696884041
37.272452374828646,127.4348242620098
37.272732386725046,127.4341448749734
37.272833267315214,127.43415447410037
37.272373284282544,127.4347696884041
37.272065134824466,127.43623813628429
37.2720574945717,127.43635534898489
37.27204625014409,127.43647254085482
37.27203860965955,127.43658975350013
37.27203098569521,127.43670245634206
37.272373284282544,127.4347696884041
37.2723756675035,127.43412027714905
37.272373284282544,127.4347696884041
37.272373284282544,127.4347696884041
37.272373284282544,127.4347696884041
37.272373284282544,127.4347696884041
37.272373284282544,127.4347696884041
37.272373284282544,127.4347696884041
37.272373284282544,127.4347696884041
37.27210909936452,127.43408266753204
37.272019047471034,127.43406862089714
37.272373284282544,127.4347696884041
37.272373284282544,127.4347696884041
37.272373284282544,127.4347696884041
37.27235562831836,127.4346703692
37.272373284282544,127.4347696884041
37.272452374828646,127.4348242620098
37.27298840203291,127.43509343081799
37.27381096097066,127.4358513314314
37.273788954678615,127.43595493409597
37.27374842956468,127.43619372920307
37.273740672984935,127.43634251368184
37.273827087257835,127.43636556233302
37.272373284282544,127.4347696884041
37.27391712220716,127.4363841219498
37.274003553094154,127.4364026608079
37.27409358803443,127.43642122051419
37.272452374828646,127.4348242620098
37.27254245974969,127.43482929000915
37.2726289571747,127.43482978747808
37.27266893309153,127.43473981913074
37.27267657175099,127.43462260530364
37.27268062278755,127.4345008609206
37.272684557860494,127.43441068525564
37.27263438233398,127.43433372847363
37.27254793454042,127.4343197021397
37.27245789922885,127.43430114533058
37.27238962061754,127.43424663436545
37.2723756675035,127.43412027714905
37.272956151452874,127.43602229080179
37.2733991350066,127.43611053473586
37.27418417156167,127.43629095332943
37.274274189895294,127.43631402286196
37.27436062078802,127.43633256173166
37.27444703505269,127.43635561056759
37.2745334659358,127.43637414952912
37.2746198801892,127.43639719846719
37.27470991512002,127.43641575832567
37.27479993341936,127.43643882817325
37.274886364283134,127.4364573673204
37.274972795142475,127.43647590651086
37.27505920936806,127.43649895570401
37.27514564021778,127.43651749498635
37.2752320544321,127.43654054428163
37.27531848527223,127.43655908365581
37.275404899475284,127.43658213305322
37.27549133030578,127.43660067251926
37.27558136518856,127.43661923284408
37.27566779601011,127.43663777239777
37.275757814248074,127.43666084281305
37.2758442284233,127.43668389246555
37.27593785070531,127.43670698381148
37.27602788556311,127.43672554437772
37.2761251118897,127.43674865665554
37.27622954632225,127.43677181064042
37.276337368454456,127.43685361597473
37.2764994344687,127.43688612351663
37.276585865231674,127.4369046636107
37.27666869193435,127.4369231829174
37.2767515186327,127.43694170226556
37.27684153679051,127.43696477338582
37.277111574576004,127.43703849716388
37.27771648964102,127.4371953417555
37.27779929962083,127.43721837179199
37.27788569699081,127.4372459328541
37.27797211101264,127.43726898384755
37.27805852502838,127.43729203489464
37.27814133498323,127.43731506514483
37.27823857781354,127.4373336687047
37.278259602183226,127.43749615920292
37.27824121515924,127.437595278174
37.2782227946999,127.4377034173907
37.27820437414204,127.43781155655374
37.27818595348567,127.43791969566313
37.27817113678524,127.43802785560342
37.27815269923878,127.4381405047535
37.27813789903423,127.43824415445904
37.27811947798374,127.43835229336412
37.27810105683477,127.43846043221552
37.27807904824236,127.43856403996479
37.2780606101871,127.43867668884195
37.27803856797076,127.43878931674239
37.27801652564763,127.4389019445761
37.27800170805207,127.43901010407272
37.27798328630391,127.43911824258959
37.27796489792572,127.43921736079079
37.27794647598876,127.43932549920265
37.27792807069552,127.43942912743218
37.277909631819334,127.43954177586542
37.27789120958687,127.43964991411632
37.2778727872559,127.43975805231355
37.27785436482641,127.43986619045712
37.277835959061214,127.43996981842416
37.27781753643883,127.44007795646158
37.277799113717954,127.44018609444534
37.27777707006987,127.44029872150229
37.27775863036852,127.44041136949039
37.27774022412745,127.44051499718886
37.27772180100849,127.44062313495165
37.27770336099929,127.44073578277526
37.2776849376792,127.44084392042959
37.27766648066018,127.44096107825452
37.27764805713485,127.44106921579915
37.27762963351104,127.44117735329012
37.277611226601366,127.44128098061879
37.27759280278466,127.4413891180036
37.27757796610169,127.44150178649079
37.27755952525867,127.4416144338776
37.277548309244224,127.44172261322468
37.27752976718663,127.4418623211321
37.27756183325829,127.44196173305154
37.27752543908374,127.44205623450054
37.277474527545756,127.44217771213539
37.2774489116572,127.44228129682574
37.27743047007447,127.44239394382286
37.27741209582016,127.44248855037988
37.278062089209186,127.44215408772025
37.25229045560351,127.35495840915664
37.25215667106527,127.35510205998112
37.2520879766774,127.35517387674393
37.252019268718946,127.3552502020064
37.25195417834755,127.35532203542982
37.25189267850655,127.35539839428068
37.25162483728234,127.35577586448255
37.25155973304235,127.35585220568171
37.25149102464648,127.35592852979568
37.251425933863416,127.3560003621344
37.251357225371926,127.35607668597908
37.251288530392216,127.35614850109931
37.25121983536882,127.3562203160893
37.251147549761434,127.35628760540061
37.25107885465341,127.35635942013083
37.25101017307326,127.35642672616163
37.250945258437405,127.3564399462669
37.25100627035242,127.35652589770177
37.251063678097125,127.35661183228905
37.251128307573,127.35669329241095
37.25118571519365,127.35677922726359
37.251246577375895,127.35691477365873
37.251177881891124,127.35698658790972
37.2511055822563,127.357058385023
37.2511161090306,127.35715311612475
37.251169925811986,127.35723452571514
37.2511161090306,127.35715311612475
37.2511055822563,127.357058385023
37.251177881891124,127.35698658790972
37.2511055822563,127.357058385023
37.251033268979405,127.35713469056954
37.25096817746728,127.35720652143333
37.25089224638417,127.3572873182438
37.25083077249258,127.35735465730613
37.25075845902434,127.35743096229301
37.25083077249258,127.35735465730613
37.25089224638417,127.3572873182438
37.25096817746728,127.35720652143333
37.251033268979405,127.35713469056954
37.2511055822563,127.357058385023
37.251177881891124,127.35698658790972
37.251246577375895,127.35691477365873
37.25131525922948,127.3568474678647
37.251380350523306,127.3567756363632
37.251441878412905,127.35669026196304
37.25148183591534,127.35658675111853
37.25151100815576,127.35647417202514
37.25154375725715,127.35637062702077
37.25157290216188,127.35626706495613
37.251605651082734,127.35616351977615
37.25163480936449,127.3560554489391
37.25166755810087,127.35595190358153
37.25169670264047,127.35584834118353
37.25162483728234,127.35577586448255
37.25155973304235,127.35585220568171
37.25149102464648,127.35592852979568
37.251425933863416,127.3560003621344
37.251357225371926,127.35607668597908
37.251288530392216,127.35614850109931
37.25121983536882,127.3562203160893
37.251147549761434,127.35628760540061
37.25107885465341,127.35635942013083
37.25101017307326,127.35642672616163
37.250945258437405,127.3564399462669
37.25100627035242,127.35652589770177
37.251063678097125,127.35661183228905
37.251128307573,127.35669329241095
37.25118571519365,127.35677922726359
37.251246577375895,127.35691477365873
37.251177881891124,127.35698658790972
37.2511055822563,127.357058385023
37.2511161090306,127.35715311612475
37.251169925811986,127.35723452571514
37.2511161090306,127.35715311612475
37.2511055822563,127.357058385023
37.251177881891124,127.35698658790972
37.251246577375895,127.35691477365873
37.25131525922948,127.3568474678647
37.251380350523306,127.3567756363632
37.2741800022856,127.43644426936682
37.27426643315851,127.43646280836107
37.274871399245114,127.43660611237861
37.27529993268274,127.43670329874902
37.276337368454456,127.43685361597473
37.277554473718766,127.43714930267866
37.27831417964782,127.43735665735197
37.27763660066851,127.43735724723115
37.2775592817087,127.43779879990544
37.27754449849037,127.43789793876165
37.27727079050289,127.43784223096863
37.277025998309874,127.43776414018676
37.277001603625116,127.43753849036618
37.2770641389735,127.43719607903802
37.277111574576004,127.43703849716388
37.27797211101264,127.43726898384755
37.27918190667908,127.437591703389
37.28091015075076,127.43806177016279
37.28249101047815,127.43842726219025
37.251441878412905,127.35669026196304
37.25148183591534,127.35658675111853
37.28344923699391,127.43855460593088
37.25149102464648,127.35592852979568
37.28450837660467,127.43868253879559
37.25155973304235,127.35585220568171
37.285751305666615,127.43881605329524
37.25162483728234,127.35577586448255
37.25189267850655,127.35539839428068
37.28593501185008,127.43884418426222
37.25195417834755,127.35532203542982
37.252019268718946,127.3552502020064
37.2520879766774,127.35517387674393
37.25215667106527,127.35510205998112
37.28620017224405,127.43926071032303
37.25222176130297,127.35503022617655
37.25229045560351,127.35495840915664
37.25235914986036,127.35488659200644
37.25242062235,127.3548192495773
37.25252184803202,127.35471602364062
37.252579270583766,127.35479744993259
37.25262930918159,127.35493745520279
37.25269801693607,127.35486112904378
37.252766724641255,127.35478480274625
37.25282819707107,127.35471745987387
37.2528969046835,127.35464113331476
37.252961994639136,127.35456929841378
37.25303070215589,127.35449297158536
37.28638850639797,127.43998352201191
37.25309939612769,127.35442115331308
37.285996203455035,127.44177198870413
37.25316809005582,127.35434933491058
37.25309939612769,127.35442115331308
37.28015358111231,127.46353639165568
37.282126741105145,127.48294351764862
37.25323319332433,127.3542729907988
37.282057988504356,127.48301073530429
37.25330188716239,127.35420117213502
37.25337058095677,127.35412935334098
37.25343928818939,127.35405302570153
37.253446779482715,127.35395837640553
37.2822863580296,127.48003076819013
37.2810059615062,127.48556141018503
37.25338936983894,127.3538724410945
37.27605842083984,127.49145139904424
37.25333194665982,127.35379101462259
37.25327814099851,127.35370509641771
37.25322074463246,127.35361465278761
37.25316695230256,127.3535242261349
37.25310952887919,127.35344280016606
37.253048514747306,127.35335684879601
37.2529911046584,127.35327091439267
37.252933681057144,127.353189488805
37.25287627084432,127.3531035546588
37.25281895465931,127.35298605989215
37.25275784612087,127.35293166994529
37.25269683161011,127.35284571938625
37.25262862225364,127.35275522669104
37.25257477553892,127.35268283601229
37.25251376084353,127.3525968858616
37.252463544983485,127.35251549488216
37.25243140328166,127.35241615332701
37.25239926149588,127.35231681185573
37.252367133037666,127.35221296181614
37.25233862200271,127.35210461998605
37.252306493357175,127.35200077011848
37.252277955328125,127.35190144574777
37.25224583989871,127.35179308740344
37.272373284282544,127.4347696884041
37.272452374828646,127.4348242620098
37.27254245974969,127.43482929000915
37.2726289571747,127.43482978747808
37.273030547563835,127.43441267323875
37.27392738634163,127.43555434342639
37.272373284282544,127.4347696884041
37.272373284282544,127.4347696884041
37.27348556594682,127.43612907314866
37.272452374828646,127.4348242620098
37.27254245974969,127.43482929000915
37.2726289571747,127.43482978747808
37.27266893309153,127.43473981913074
37.27267657175099,127.43462260530364
37.27268062278755,127.4345008609206
37.272684557860494,127.43441068525564
37.27263438233398,127.43433372847363
37.27254793454042,127.4343197021397
37.27245789922885,127.43430114533058
37.27238962061754,127.43424663436545
37.2723756675035,127.43412027714905
37.27228563215626,127.43410172062143
37.2723756675035,127.43412027714905
37.27246568630759,127.4341433435279
37.27255221681875,127.4341348205884
37.272638697713056,127.43413982707935
37.272732386725046,127.4341448749734
37.272833267315214,127.43415447410037
37.27297366023394,127.43420037960531
37.273016528456786,127.43430435427616
37.273030547563835,127.43441267323875
37.27302652972184,127.43452539851226
37.27301892427104,127.43463359321495
37.27301128559777,127.43475080757126
37.27300366337498,127.43486351206508
37.27299602447433,127.43498072637226
37.27298840203291,127.43509343081799
37.27298074632527,127.43521515491209
37.27297309049259,127.4353368789803
37.27296551747766,127.43543605384745
37.272961482069604,127.43555328879468
37.27295384248677,127.43567050295998
37.272946186186424,127.43579222693411
37.27286611642796,127.43600373186271
37.272956151452874,127.43602229080179
37.273042582414725,127.43604082900015
37.27313623810089,127.43605489897084
37.273219064996084,127.436073416465
37.27330910000362,127.43609197557782
37.2733991350066,127.43611053473586
37.27348556594682,127.43612907314866
37.27357198026707,127.4361521214756
37.273662015255766,127.43617068077285
37.27374842956468,127.43619372920307
37.273740672984935,127.43634251368184
37.273827087257835,127.43636556233302
37.27391712220716,127.4363841219498
37.274003553094154,127.4364026608079
37.27409358803443,127.43642122051419
37.2741800022856,127.43644426936682
37.27426643315851,127.43646280836107
37.274352864026966,127.43648134739864
37.274442882319136,127.436504417211
37.27452570912055,127.43652293553133
37.27461572740135,127.43654600544792
37.27470215825053,127.43656454467013
37.27478498503809,127.4365830631226
37.272373284282544,127.4347696884041
37.27198125233444,127.43748237687332
37.272373284282544,127.4347696884041
37.272373284282544,127.4347696884041
37.272373284282544,127.4347696884041
37.27283313168674,127.43615236909002
37.27348556594682,127.43612907314866
37.274352864026966,127.43648134739864
37.272373284282544,127.4347696884041
37.272373284282544,127.4347696884041
37.272373284282544,127.4347696884041
37.272373284282544,127.4347696884041
37.272373284282544,127.4347696884041
37.27295384248677,127.43567050295998
37.27295384248677,127.43567050295998
37.27295384248677,127.43567050295998
37.273827087257835,127.43636556233302
37.273827087257835,127.43636556233302
37.273827087257835,127.43636556233302
37.27458287187017,127.4482312929278
37.27458287187017,127.4482312929278
37.27458287187017,127.4482312929278
37.272373284282544,127.4347696884041
37.272452374828646,127.4348242620098
37.27254245974969,127.43482929000915
37.2726289571747,127.43482978747808
37.27266893309153,127.43473981913074
37.27267657175099,127.43462260530364
37.27268062278755,127.4345008609206
37.272684557860494,127.43441068525564
37.27263438233398,127.43433372847363
37.27254793454042,127.4343197021397
37.27245789922885,127.43430114533058
37.27238962061754,127.43424663436545
37.2723756675035,127.43412027714905
37.27246568630759,127.4341433435279
37.27255221681875,127.4341348205884
37.272638697713056,127.43413982707935
37.272732386725046,127.4341448749734
37.272833267315214,127.43415447410037
37.27297366023394,127.43420037960531
37.272008146456606,127.43703154517112
37.272373284282544,127.4347696884041
37.272373284282544,127.4347696884041
37.272452374828646,127.4348242620098
37.272452374828646,127.4348242620098
37.271848516819894,127.44600975962676
37.271848516819894,127.44600975962676
37.272373284282544,127.4347696884041
