2020-09-23 02:45:22,대전 동구 삼정동 9-50,36.3343303,127.4809386
2020-09-23 02:50:00,대전 동구 용운동 193-3,36.331877,127.46463
2020-09-23 02:50:05,대전 동구 용운동 193-3,36.331877,127.46463
2020-09-23 02:50:09,대전 동구 용운동 193-3,36.331877,127.46463
2020-09-23 02:50:23,대전 동구 용운동 147,36.3304918,127.454521
2020-09-23 02:50:31,대전 동구 용운동 147,36.3304918,127.454521
2020-09-23 02:50:42,대전 동구 용운동 193-3,36.331877,127.46463
2020-09-23 02:50:51,대전 동구 용운동 193-3,36.331877,127.46463
2020-09-23 02:50:53,대전 동구 용운동 193-3,36.331877,127.46463
2020-09-23 02:50:56,대전 동구 용운동 147,36.3304918,127.454521
2020-09-23 02:51:02,대전 동구 용운동 147,36.3304918,127.454521
2020-09-23 03:04:08,대전 동구 대동 407-1,36.3302579,127.442182
2020-09-23 03:05:21,대전 동구 대동 407-1,36.3302579,127.442182
2020-09-23 03:05:22,대전 동구 대동 407-1,36.3302579,127.442182
2020-09-23 03:05:31,대전 동구 대동 407-1,36.3302579,127.442182
2020-09-23 03:07:43,대전 동구 대동 407-1,36.3302579,127.442182
2020-09-23 09:03:27,경기 이천시 설성면 상봉리 674,37.1554696,127.5113031
2020-09-23 09:04:24,경기 이천시 설성면 상봉리 산 74-10,37.1552833,127.5113753
2020-09-23 09:06:45,경기 이천시 설성면 상봉리 677,37.1508301,127.5109411
2020-09-23 09:08:49,경기 이천시 설성면 상봉리 산 82-4,37.1494905,127.5110596
2020-09-23 09:09:33,경기 이천시 설성면 상봉리 산 82-4,37.148955,127.5113545
2020-09-23 09:13:09,경기 이천시 설성면 수산리 산 21-5,37.1484192,127.5116483
2020-09-23 09:13:23,경기 이천시 백사면 상용리 485-13,37.3180385,127.5117577
2020-09-23 09:14:40,경기 이천시 설성면 수산리 24-4,37.1473843,127.5125379
2020-09-23 09:15:03,경기 이천시 송정동 178-1,37.3019771,127.4381967
2020-09-23 09:16:12,경기 이천시 송정동 178-1,37.3020656,127.4381822
2020-09-23 09:19:42,경기 이천시 백사면 상용리 323-1,37.3181901,127.5137869
2020-09-23 09:19:44,경기 이천시 설성면 장천리 산 1-4,37.1455484,127.51342
2020-09-23 09:20:22,경기 이천시 송정동 180,37.3022286,127.4381176
2020-09-23 09:21:07,경기 이천시 설성면 장천리 산 195,37.1445812,127.5133034
2020-09-23 09:21:21,경기 이천시 백사면 상용리 520,37.318345,127.5141842
2020-09-23 09:21:43,경기 이천시 설성면 장천리 644-1,37.1443934,127.5132373
2020-09-23 09:22:56,경기 이천시 백사면 상용리 520,37.318383,127.5142839
2020-09-23 09:23:09,경기 이천시 설성면 장천리 610-3,37.1438284,127.5130525
2020-09-23 09:23:17,경기 이천시 부발읍 고백리 3-38,37.2952317,127.5426355
2020-09-23 09:24:44,경기 이천시 설성면 장천리 610-3,37.1436333,127.5130501
2020-09-23 09:24:52,경기 이천시 송정동 180,37.3023366,127.4381226
2020-09-23 09:24:53,경기 이천시 송정동 180,37.3023366,127.4381226
2020-09-23 09:25:26,경기 이천시 설성면 장천리 610-3,37.1435358,127.5130588
2020-09-23 09:25:34,경기 이천시 부발읍 고백리 산 24-1,37.295294,127.5423711
2020-09-23 09:25:54,경기 이천시 설성면 장천리 산 194-1,37.1434387,127.5130733
2020-09-23 09:26:35,경기 이천시 송정동 180,37.3025098,127.438134
2020-09-23 09:26:38,경기 이천시 설성면 장천리 산 189-6,37.1428684,127.5132439
2020-09-23 09:27:18,경기 이천시 설성면 장천리 산 189-6,37.1425861,127.513344
2020-09-23 09:28:15,경기 이천시 설성면 장천리 산 189-6,37.1422079,127.5134682
2020-09-23 09:28:15,경기 이천시 송정동 178-1,37.3022203,127.4382019
2020-09-23 09:29:10,경기 이천시 부발읍 고백리 3-8,37.2947546,127.5388927
2020-09-23 09:29:25,경기 이천시 설성면 장천리 577-4,37.1403745,127.5128141
2020-09-23 09:30:12,경기 이천시 설성면 장천리 577-4,37.1396749,127.5123763
2020-09-23 09:30:35,경기 이천시 송정동 209-2,37.3023479,127.4380013
2020-09-23 09:31:01,경기 이천시 설성면 장천리 577-9,37.1393263,127.5121547
2020-09-23 09:32:05,경기 이천시 부발읍 고백리 22-4,37.294542,127.537365
2020-09-23 09:32:29,경기 이천시 부발읍 고백리 22-4,37.2944793,127.5369289
2020-09-23 09:33:44,경기 이천시 송정동 230-7,37.3042674,127.4302294
2020-09-23 09:35:07,경기 이천시 송정동 230-7,37.3042276,127.4308368
2020-09-23 09:35:20,경기 이천시 부발읍 고백리 218-11,37.2941813,127.5347451
2020-09-23 09:36:02,경기 이천시 백사면 상용리 320-1,37.3185338,127.5146837
2020-09-23 09:37:16,경기 이천시 부발읍 고백리 237-3,37.2940658,127.5338708
2020-09-23 09:37:39,경기 이천시 송정동 424,37.3037298,127.4330595
2020-09-23 09:38:44,경기 이천시 송정동 220-2,37.3034798,127.4338533
2020-09-23 09:39:24,경기 이천시 송정동 216-1,37.3033054,127.4344223
2020-09-23 09:39:52,경기 이천시 부발읍 고백리 237-3,37.2939833,127.5333267
2020-09-23 09:40:34,경기 이천시 송정동 216-1,37.3031675,127.4348782
2020-09-23 09:41:33,경기 이천시 송정동 212-4,37.3027977,127.4360061
2020-09-23 09:42:23,경기 이천시 부발읍 고백리 237-19,37.2938091,127.532128
2020-09-23 09:43:07,경기 이천시 송정동 209-1,37.3025139,127.4370467
2020-09-23 09:44:01,경기 이천시 부발읍 고백리 237-3,37.2935192,127.5300549
2020-09-23 09:44:27,경기 이천시 백사면 상용리 183-3,37.3206308,127.5165275
2020-09-23 09:44:57,경기 이천시 부발읍 고백리 237-3,37.2934605,127.5296179
2020-09-23 09:45:08,경기 이천시 송정동 209-1,37.3024172,127.4375203
2020-09-23 09:45:55,경기 이천시 부발읍 고백리 729,37.2933031,127.5284155
2020-09-23 09:47:11,경기 이천시 부발읍 고백리 647-2,37.2932266,127.52787
2020-09-23 09:48:48,경기 이천시 송정동 216-1,37.3032715,127.4345365
2020-09-23 09:49:15,경기 이천시 부발읍 고백리 647-2,37.293161,127.5274346
2020-09-23 09:53:59,경기 이천시 송정동 216-1,37.3033409,127.4339495
2020-09-23 09:54:09,경기 이천시 설성면 암산리 546-15,37.1554895,127.538528
2020-09-23 09:54:09,경기 이천시 백사면 상용리 118,37.324337,127.5168917
2020-09-23 09:54:59,경기 이천시 설성면 암산리 산 53-12,37.1548006,127.5380577
2020-09-23 09:55:08,경기 이천시 송정동 216-3,37.3030155,127.4349649
2020-09-23 09:55:51,경기 이천시 설성면 암산리 산 53-12,37.1543035,127.5376112
2020-09-23 09:58:38,경기 이천시 설성면 송계리 산 113-5,37.1593255,127.5296933
2020-09-23 10:03:46,경기 이천시 설성면 장천리 115-17,37.1453703,127.5296809
2020-09-23 10:04:20,경기 이천시 송정동 209-1,37.3025291,127.4365493
2020-09-23 10:05:26,경기 이천시 설성면 장천리 산 59-22,37.1459177,127.5289781
2020-09-23 10:05:50,경기 이천시 송정동 209-1,37.3021795,127.4378678
2020-09-23 10:08:00,경기 이천시 송정동 171-2,37.3024015,127.4383805
2020-09-23 10:08:17,경기 이천시 설성면 장천리 산 45-9,37.1463299,127.5274945
2020-09-23 10:10:08,경기 이천시 설성면 장천리 679,37.1471207,127.5252494
2020-09-23 10:11:33,경기 이천시 부발읍 신원리 6-7,37.2927502,127.5243763
2020-09-23 10:13:19,경기 이천시 설성면 장천리 산 45-9,37.1463299,127.5274945
2020-09-23 10:14:02,경기 이천시 부발읍 신원리 6-7,37.2927246,127.5241571
2020-09-23 10:14:30,경기 이천시 송정동 171-2,37.3021966,127.438688
2020-09-23 10:15:40,경기 이천시 설성면 장천리 산 75-7,37.1463147,127.5281445
2020-09-23 10:15:42,경기 이천시 송정동 171-2,37.3022054,127.439175
2020-09-23 10:16:39,경기 이천시 송정동 171-2,37.3022229,127.4395398
2020-09-23 10:17:32,경기 이천시 설성면 장천리 산 75-7,37.1460831,127.5287241
2020-09-23 10:18:24,경기 이천시 부발읍 신원리 650,37.2925441,127.5216205
2020-09-23 10:18:36,경기 이천시 설성면 장천리 산 59-23,37.1451543,127.5298687
2020-09-23 10:22:11,경기 이천시 부발읍 신원리 650,37.2924403,127.519409
2020-09-23 10:22:49,경기 이천시 부발읍 신원리 650,37.2924333,127.5192986
2020-09-23 10:23:32,경기 이천시 설성면 장천리 615-4,37.1436954,127.5146713
2020-09-23 10:23:43,경기 이천시 부발읍 신원리 650,37.2923691,127.5179719
2020-09-23 10:25:08,경기 이천시 부발읍 신원리 650,37.292332,127.5173089
2020-09-23 10:25:47,경기 이천시 부발읍 신원리 650,37.2922937,127.5166461
2020-09-23 10:26:53,경기 이천시 부발읍 신원리 650,37.2922456,127.515651
2020-09-23 10:28:08,경기 이천시 부발읍 신원리 650,37.2922197,127.5150981
2020-09-23 10:30:36,경기 이천시 부발읍 신원리 670,37.2919445,127.5123557
2020-09-23 10:31:56,경기 이천시 부발읍 신원리 670,37.2917963,127.5117176
2020-09-23 10:33:44,경기 이천시 부발읍 신원리 554-3,37.2912165,127.5092795
2020-09-23 10:35:53,경기 이천시 부발읍 신원리 696,37.290823,127.5075759
2020-09-23 10:36:19,경기 이천시 송정동 433,37.3027537,127.4504759
2020-09-23 10:37:04,경기 이천시 부발읍 신원리 696,37.2906949,127.5070454
2020-09-23 10:37:37,경기 이천시 설성면 금당리 175,37.1346065,127.5189874
2020-09-23 10:37:40,경기 이천시 부발읍 신원리 558-37,37.2903634,127.5055504
2020-09-23 10:38:36,경기 이천시 송정동 433,37.3027148,127.4495037
2020-09-23 10:40:57,경기 이천시 송정동 433,37.3026402,127.4481684
2020-09-23 10:41:05,경기 이천시 설성면 금당리 172-2,37.1336782,127.5192748
2020-09-23 10:41:16,경기 이천시 부발읍 신원리 643,37.2896789,127.4979603
2020-09-23 10:41:50,경기 이천시 부발읍 무촌리 31-8,37.289567,127.4969729
2020-09-23 10:42:29,경기 이천시 부발읍 무촌리 31-8,37.2894799,127.4964296
2020-09-23 10:42:53,경기 이천시 부발읍 무촌리 31-8,37.2894601,127.4963216
2020-09-23 10:43:43,경기 이천시 송정동 434-1,37.3026339,127.448047
2020-09-23 10:44:38,경기 이천시 송정동 435,37.3026274,127.4479256
2020-09-23 10:45:03,경기 이천시 부발읍 무촌리 31-8,37.2892047,127.4950761
2020-09-23 10:45:37,경기 이천시 송정동 166-9,37.3025466,127.446225
2020-09-23 10:45:54,경기 이천시 부발읍 무촌리 31-8,37.2892566,127.4951807
2020-09-23 10:46:54,경기 이천시 송정동 166-9,37.3024727,127.4445241
2020-09-23 10:47:59,경기 이천시 송정동 168-12,37.3023059,127.441242
2020-09-23 10:47:59,경기 이천시 설성면 장천리 699-1,37.1357294,127.523146
2020-09-23 10:48:34,경기 이천시 부발읍 무촌리 31-8,37.2891103,127.4948336
2020-09-23 10:48:58,경기 이천시 설성면 장천리 699-1,37.1361485,127.5232994
2020-09-23 10:49:40,경기 이천시 부발읍 무촌리 31-1,37.2890003,127.4944122
2020-09-23 10:49:43,경기 이천시 송정동 171-2,37.3022773,127.440634
2020-09-23 10:50:19,경기 이천시 부발읍 무촌리 31-1,37.2889724,127.494307
2020-09-23 10:50:41,경기 이천시 송정동 171-2,37.3022229,127.4395398
2020-09-23 10:50:44,경기 이천시 설성면 장천리 270-4,37.1371077,127.5243784
2020-09-23 10:51:16,경기 이천시 부발읍 무촌리 32-5,37.2888907,127.4939906
2020-09-23 10:51:54,경기 이천시 설성면 장천리 270-4,37.1374566,127.5247079
2020-09-23 10:52:44,경기 이천시 송정동 171-2,37.3022054,127.439175
2020-09-23 10:52:51,경기 이천시 부발읍 무촌리 518,37.288298,127.4915519
2020-09-23 10:55:06,경기 이천시 송정동 171-2,37.3022041,127.4384446
2020-09-23 10:55:28,경기 이천시 송정동 171-2,37.3021966,127.438688
2020-09-23 10:56:10,경기 이천시 부발읍 무촌리 223-1,37.2880669,127.4903679
2020-09-23 10:56:26,경기 이천시 부발읍 무촌리 223-1,37.288051,127.4902589
2020-09-23 10:57:12,경기 이천시 부발읍 무촌리 195-29,37.2878211,127.4876151
2020-09-23 10:57:40,경기 이천시 부발읍 무촌리 195-29,37.2877951,127.4872842
2020-09-23 11:01:52,경기 이천시 부발읍 무촌리 437-8,37.2876003,127.4847469
2020-09-23 11:02:30,경기 이천시 부발읍 무촌리 437-8,37.2873104,127.4830142
2020-09-23 11:02:54,경기 이천시 백사면 내촌리 37-2,37.3179801,127.5080149
2020-09-23 11:03:24,경기 이천시 설성면 장천리 270-4,37.1374566,127.5247079
2020-09-23 11:04:35,경기 이천시 설성면 장천리 280-2,37.1378596,127.5249217
2020-09-23 11:05:04,경기 이천시 백사면 내촌리 266,37.3177852,127.5076492
2020-09-23 11:05:43,경기 이천시 백사면 내촌리 72-2,37.3176227,127.5073877
2020-09-23 11:05:57,경기 이천시 부발읍 무촌리 415,37.2842443,127.4779883
2020-09-23 11:06:04,경기 이천시 설성면 장천리 325-1,37.1423495,127.5270368
2020-09-23 11:07:31,경기 이천시 설성면 장천리 927-5,37.1426847,127.5271709
2020-09-23 11:08:41,경기 이천시 설성면 장천리 927-1,37.1436657,127.5283129
2020-09-23 11:09:48,경기 이천시 설성면 장천리 926-1,37.1437872,127.528725
2020-09-23 11:10:43,경기 이천시 부발읍 마암리 435,37.2823304,127.4758517
2020-09-23 11:11:46,경기 이천시 설성면 장천리 산 61-3,37.143877,127.5289127
2020-09-23 11:12:10,경기 이천시 송정동 209-1,37.3025291,127.4365493
2020-09-23 11:13:19,경기 이천시 부발읍 마암리 435,37.2815782,127.4750798
2020-09-23 11:14:16,경기 이천시 송정동 216-3,37.3030155,127.4349649
2020-09-23 11:14:28,경기 이천시 설성면 장천리 산 71-6,37.1442523,127.5293685
2020-09-23 11:15:58,경기 이천시 부발읍 마암리 446,37.2807196,127.4742996
2020-09-23 11:16:21,경기 이천시 부발읍 마암리 446,37.2806465,127.4742372
2020-09-23 11:17:03,경기 이천시 송정동 216-1,37.3033409,127.4339495
2020-09-23 11:19:07,경기 이천시 설성면 장천리 산 71-6,37.1441829,127.5293018
2020-09-23 11:20:58,경기 이천시 설성면 장천리 산 72-1,37.1446639,127.5297767
2020-09-23 11:21:39,경기 이천시 백사면 우곡리 589,37.3143565,127.4987801
2020-09-23 11:21:53,경기 이천시 설성면 장천리 산 72-1,37.144598,127.5297045
2020-09-23 11:26:30,경기 이천시 설성면 장천리 산 72-1,37.1444622,127.5295662
2020-09-23 11:28:06,경기 이천시 설성면 장천리 산 72-1,37.1447982,127.5299172
2020-09-23 11:29:08,경기 이천시 설성면 장천리 119-3,37.1449385,127.5300478
2020-09-23 11:30:04,경기 이천시 설성면 장천리 119-3,37.1452317,127.5302876
2020-09-23 11:31:27,경기 이천시 설성면 장천리 115-2,37.1455814,127.530618
2020-09-23 11:33:19,경기 이천시 송정동 405,37.302939,127.4294496
2020-09-23 11:34:14,경기 이천시 설성면 장천리 812-1,37.1467835,127.5328066
2020-09-23 11:34:55,경기 이천시 설성면 장천리 810-1,37.1468981,127.5334482
2020-09-23 11:35:59,경기 이천시 설성면 장천리 산 102-11,37.146938,127.5340997
2020-09-23 11:36:39,경기 이천시 설성면 장천리 산 102-16,37.1471059,127.5352744
2020-09-23 11:37:27,경기 이천시 설성면 장천리 산 102-12,37.1472029,127.5355782
2020-09-23 11:39:51,경기 이천시 설성면 장천리 24-26,37.1492012,127.5377563
2020-09-23 11:40:04,경기 이천시 설성면 장천리 24-26,37.1492012,127.5377563
2020-09-23 11:41:15,경기 이천시 설성면 장천리 산 117-10,37.15032,127.5383093
2020-09-23 13:00:22,경기 이천시 부발읍 마암리 435,37.2813988,127.4750944
2020-09-23 13:01:57,경기 이천시 부발읍 무촌리 415,37.2845499,127.4785044
2020-09-23 13:02:46,경기 이천시 설성면 장천리 산 100-14,37.1510078,127.5381956
2020-09-23 13:03:02,경기 이천시 부발읍 무촌리 415,37.2845499,127.4785044
2020-09-23 13:03:40,경기 이천시 설성면 암산리 554-10,37.1513381,127.5380514
2020-09-23 13:04:24,경기 이천시 설성면 암산리 산 49-6,37.1518337,127.5378359
2020-09-23 13:04:50,경기 이천시 대월면 대흥리 1-24,37.2488534,127.4748477
2020-09-23 13:05:08,경기 이천시 대월면 대흥리 1-24,37.2488534,127.4748477
2020-09-23 13:05:15,경기 이천시 설성면 장천리 26-10,37.1528216,127.5373931
2020-09-23 13:06:27,경기 이천시 설성면 장천리 산 60-4,37.144194,127.5287215
2020-09-23 13:07:05,경기 이천시 설성면 장천리 산 60-4,37.1447055,127.5285872
2020-09-23 13:07:35,경기 이천시 부발읍 무촌리 426-1,37.2860609,127.4803695
2020-09-23 13:11:02,경기 이천시 대월면 대흥리 1-24,37.2485886,127.4748513
2020-09-23 13:11:48,경기 이천시 설성면 장천리 321-10,37.139791,127.5266643
2020-09-23 13:12:43,경기 이천시 백사면 도지리 669,37.3102437,127.4847588
2020-09-23 13:13:55,경기 이천시 부발읍 무촌리 196,37.2877255,127.4880271
2020-09-23 13:13:56,경기 이천시 부발읍 무촌리 196,37.2877255,127.4880271
2020-09-23 13:14:56,경기 이천시 대월면 대흥리 1-24,37.2483356,127.4749175
2020-09-23 13:15:58,경기 이천시 부발읍 무촌리 196,37.2877809,127.4887996
2020-09-23 13:16:01,경기 이천시 백사면 도지리 559-3,37.3096465,127.4845204
2020-09-23 13:17:23,경기 이천시 부발읍 무촌리 196,37.2878397,127.4895716
2020-09-23 13:17:27,경기 이천시 부발읍 무촌리 196,37.2878397,127.4895716
2020-09-23 13:17:59,경기 이천시 대월면 대흥리 1-24,37.2483356,127.4749175
2020-09-23 13:18:05,경기 이천시 송정동 405,37.302939,127.4294496
2020-09-23 13:19:12,경기 이천시 백사면 도지리 416-8,37.3091185,127.4844769
2020-09-23 13:21:23,경기 이천시 부발읍 무촌리 223-1,37.288077,127.4912053
2020-09-23 13:21:29,경기 이천시 백사면 도지리 171,37.3088331,127.4844202
2020-09-23 13:21:41,경기 이천시 송정동 259-7,37.3022162,127.4344825
2020-09-23 13:22:23,경기 이천시 송정동 259-7,37.3025774,127.4346678
2020-09-23 13:22:24,경기 이천시 부발읍 무촌리 38-7,37.2881491,127.4915252
2020-09-23 13:22:55,경기 이천시 송정동 216-4,37.3028554,127.4347824
2020-09-23 13:23:22,경기 이천시 부발읍 무촌리 31-8,37.2887836,127.494063
2020-09-23 13:23:45,경기 이천시 송정동 259-7,37.3024874,127.4346205
2020-09-23 13:24:20,경기 이천시 부발읍 무촌리 31-8,37.2892678,127.495963
2020-09-23 13:25:14,경기 이천시 송정동 259-7,37.302125,127.4344389
2020-09-23 13:25:57,경기 이천시 부발읍 신원리 643,37.2896434,127.4990239
2020-09-23 13:27:29,경기 이천시 부발읍 신원리 643,37.2897233,127.5002386
2020-09-23 13:27:38,경기 이천시 설성면 장천리 280-2,37.1381971,127.5250363
2020-09-23 13:28:24,경기 이천시 백사면 도지리 13-1,37.3077575,127.4833209
2020-09-23 13:28:45,경기 이천시 부발읍 신원리 산 46-15,37.2898758,127.5025576
2020-09-23 13:28:51,경기 이천시 설성면 장천리 280-2,37.1378596,127.5249217
2020-09-23 13:29:53,경기 이천시 부발읍 신원리 산 46-15,37.2898758,127.5025576
2020-09-23 13:30:00,경기 이천시 설성면 장천리 270-4,37.1374566,127.5247079
2020-09-23 13:30:36,경기 이천시 설성면 장천리 270-4,37.1373103,127.5245872
2020-09-23 13:31:19,경기 이천시 설성면 장천리 270-4,37.1371708,127.5244544
2020-09-23 13:32:51,경기 이천시 설성면 장천리 270-4,37.1369333,127.5241324
2020-09-23 13:33:01,경기 이천시 부발읍 신원리 558-29,37.2900998,127.5047548
2020-09-23 13:33:47,경기 이천시 부발읍 신원리 558-29,37.2900998,127.5047548
2020-09-23 13:33:49,경기 이천시 백사면 도지리 13,37.3074622,127.4826419
2020-09-23 13:34:05,경기 이천시 설성면 장천리 549-1,37.1363869,127.5234341
2020-09-23 13:34:26,경기 이천시 송정동 264-1,37.3016673,127.4342285
2020-09-23 13:34:38,경기 이천시 설성면 장천리 269-2,37.1362304,127.5233371
2020-09-23 13:35:33,경기 이천시 송정동 407,37.3018524,127.434305
2020-09-23 13:36:05,경기 이천시 송정동 407,37.3018524,127.434305
2020-09-23 13:36:14,경기 이천시 설성면 장천리 550-1,37.1358126,127.5231793
2020-09-23 13:37:42,경기 이천시 송정동 264-1,37.3010879,127.4342598
2020-09-23 13:37:42,경기 이천시 설성면 금당리 143-4,37.1341274,127.5207695
2020-09-23 13:37:54,경기 이천시 부발읍 신원리 558-36,37.2902686,127.5057287
2020-09-23 13:38:01,경기 이천시 설성면 금당리 143-4,37.1341274,127.5207695
2020-09-23 13:38:21,경기 이천시 송정동 264-1,37.3009919,127.4342818
2020-09-23 13:38:47,경기 이천시 설성면 금당리 143-4,37.1338881,127.520313
2020-09-23 13:39:18,경기 이천시 부발읍 신원리 558-36,37.290316,127.505942
2020-09-23 13:39:38,경기 이천시 설성면 금당리 143-4,37.1335592,127.5196692
2020-09-23 13:39:45,경기 이천시 대월면 대흥리 1-4,37.2471897,127.4752273
2020-09-23 13:40:06,경기 이천시 부발읍 신원리 558-36,37.290316,127.505942
2020-09-23 13:42:25,경기 이천시 대월면 대흥리 1-24,37.2486769,127.4748512
2020-09-23 13:42:41,경기 이천시 부발읍 죽당리 1185,37.2904415,127.5064726
2020-09-23 13:43:43,경기 이천시 설성면 금당리 294,37.1331537,127.519513
2020-09-23 13:44:32,경기 이천시 대월면 대흥리 1-16,37.2461648,127.4753663
2020-09-23 13:44:45,경기 이천시 부발읍 죽당리 1185,37.2907098,127.5076429
2020-09-23 13:46:34,경기 이천시 설성면 금당리 100-2,37.1300828,127.5207278
2020-09-23 13:46:41,경기 이천시 대월면 대흥리 1-15,37.2459597,127.4755742
2020-09-23 13:46:55,경기 이천시 부발읍 죽당리 1173,37.290865,127.508278
2020-09-23 13:47:30,경기 이천시 설성면 금당리 45-7,37.128968,127.521288
2020-09-23 13:48:12,경기 이천시 설성면 금당리 41-12,37.128427,127.521083
2020-09-23 13:48:59,경기 이천시 설성면 금당리 41-12,37.128427,127.521083
2020-09-23 13:49:47,경기 이천시 대월면 대흥리 1-15,37.2459597,127.4755742
2020-09-23 13:50:50,경기 이천시 대월면 대흥리 1-17,37.2457802,127.475753
2020-09-23 13:51:59,경기 이천시 대월면 대흥리 1-14,37.2456976,127.4758008
2020-09-23 13:52:40,경기 이천시 설성면 금당리 55-2,37.127662,127.520945
2020-09-23 13:52:57,경기 이천시 부발읍 신원리 670,37.2918285,127.512423
2020-09-23 13:53:41,경기 이천시 설성면 금당리 36-4,37.1292479,127.5219164
2020-09-23 13:54:14,경기 이천시 송정동 264-1,37.3009919,127.4342818
2020-09-23 13:55:42,경기 이천시 대월면 대흥리 1-17,37.2457802,127.475753
2020-09-23 13:56:29,경기 이천시 부발읍 신원리 650,37.2921875,127.5167094
2020-09-23 13:56:45,경기 이천시 설성면 금당리 120,37.1313616,127.5232792
2020-09-23 13:57:40,경기 이천시 대월면 대흥리 산 8-3,37.2454336,127.4758881
2020-09-23 13:57:40,경기 이천시 설성면 금당리 298,37.1314286,127.5229752
2020-09-23 13:58:17,경기 이천시 부발읍 신원리 103-1,37.292256,127.518146
2020-09-23 13:58:19,경기 이천시 설성면 금당리 130-6,37.1315887,127.5226017
2020-09-23 13:58:20,경기 이천시 송정동 280-1,37.3006093,127.4343637
2020-09-23 13:58:55,경기 이천시 부발읍 신원리 650,37.292269,127.5183668
2020-09-23 13:59:35,경기 이천시 대월면 대흥리 산 8-8,37.2451781,127.4759676
2020-09-23 13:59:53,경기 이천시 송정동 286-2,37.2972823,127.4327409
2020-09-23 14:00:34,경기 이천시 부발읍 신원리 650,37.2922916,127.5188088
2020-09-23 14:00:58,경기 이천시 송정동 286-2,37.2969899,127.4324341
2020-09-23 14:01:19,경기 이천시 부발읍 신원리 650,37.2923561,127.5202458
2020-09-23 14:01:22,경기 이천시 송정동 286-2,37.2969899,127.4324341
2020-09-23 14:01:59,경기 이천시 부발읍 신원리 650,37.292367,127.5204668
2020-09-23 14:02:33,경기 이천시 송정동 286-2,37.2977211,127.4329926
2020-09-23 14:02:48,경기 이천시 부발읍 신원리 650,37.2923931,127.521241
2020-09-23 14:03:42,경기 이천시 부발읍 신원리 650,37.2924467,127.5222352
2020-09-23 14:04:15,경기 이천시 대월면 대흥리 14-6,37.2445744,127.4761206
2020-09-23 14:04:27,경기 이천시 부발읍 신원리 650,37.292484,127.5227868
2020-09-23 14:05:08,경기 이천시 부발읍 신원리 6-7,37.2926085,127.5242176
2020-09-23 14:06:16,경기 이천시 대월면 대흥리 14-6,37.2443957,127.4761415
2020-09-23 14:08:13,경기 이천시 부발읍 고백리 300-3,37.2927937,127.5257499
2020-09-23 14:08:26,경기 이천시 부발읍 고백리 300-3,37.2927937,127.5257499
2020-09-23 14:09:20,경기 이천시 부발읍 고백리 300-3,37.2928734,127.5262945
2020-09-23 14:09:45,경기 이천시 대월면 대흥리 산 21-1,37.2426839,127.4762384
2020-09-23 14:10:00,경기 이천시 설성면 장능리 157-1,37.1304067,127.5292532
2020-09-23 14:11:30,경기 이천시 부발읍 고백리 640-2,37.2931684,127.5283654
2020-09-23 14:12:50,경기 이천시 부발읍 고백리 729,37.2932138,127.5286926
2020-09-23 14:13:55,경기 이천시 송정동 321-1,37.2958358,127.4376838
2020-09-23 14:13:58,경기 이천시 대월면 대흥리 22-5,37.2420715,127.4763572
2020-09-23 14:14:53,경기 이천시 송정동 산 27-5,37.2958598,127.437801
2020-09-23 14:15:32,경기 이천시 송정동 321-1,37.2958061,127.4375683
2020-09-23 14:16:25,경기 이천시 송정동 산 27-5,37.2958598,127.437801
2020-09-23 14:16:35,경기 이천시 대월면 대흥리 443,37.241901,127.4764182
2020-09-23 14:17:19,경기 이천시 송정동 산 29-1,37.2957591,127.4382512
2020-09-23 14:17:24,경기 이천시 대월면 대흥리 443,37.2417295,127.476486
2020-09-23 14:17:38,경기 이천시 송정동 산 29-1,37.2958092,127.4381488
2020-09-23 14:17:59,경기 이천시 부발읍 고백리 218-11,37.2939435,127.5339279
2020-09-23 14:18:19,경기 이천시 송정동 산 29-1,37.2957591,127.4382512
2020-09-23 14:18:52,경기 이천시 설성면 신필리 512,37.1293416,127.5485062
2020-09-23 14:19:08,경기 이천시 부발읍 고백리 237-16,37.2940027,127.5343645
2020-09-23 14:19:11,경기 이천시 송정동 346-44,37.295544,127.4386486
2020-09-23 14:19:29,경기 이천시 부발읍 고백리 218-11,37.2941258,127.5352367
2020-09-23 14:19:56,경기 이천시 설성면 신필리 213-2,37.1290735,127.5488577
2020-09-23 14:20:35,경기 이천시 부발읍 고백리 3-8,37.2950478,127.541666
2020-09-23 14:20:39,경기 이천시 대월면 대흥리 산 21-2,37.2415667,127.4765682
2020-09-23 14:21:01,경기 이천시 송정동 106-10,37.2940188,127.4404448
2020-09-23 14:21:34,경기 이천시 부발읍 고백리 3-8,37.2951255,127.5420981
2020-09-23 14:22:22,경기 이천시 설성면 신필리 344-11,37.1366057,127.549397
2020-09-23 14:22:28,경기 이천시 송정동 106-18,37.2938651,127.4403008
2020-09-23 14:22:43,경기 이천시 송정동 106-18,37.2938651,127.4403008
2020-09-23 14:23:34,경기 이천시 대월면 대흥리 산 21-2,37.241406,127.4766623
2020-09-23 14:23:35,경기 이천시 부발읍 고백리 산 24-1,37.2953815,127.5420025
2020-09-23 14:24:04,경기 이천시 송정동 106-18,37.2938651,127.4403008
2020-09-23 14:26:04,경기 이천시 부발읍 고백리 3-8,37.29532,127.5416872
2020-09-23 14:29:06,경기 이천시 송정동 110-7,37.2944339,127.4436234
2020-09-23 14:30:05,경기 이천시 대월면 대흥리 산 22-1,37.241168,127.4768048
2020-09-23 14:30:14,경기 이천시 송정동 102-4,37.294376,127.4435274
2020-09-23 14:32:20,경기 이천시 대월면 대흥리 산 22-1,37.240925,127.4769532
2020-09-23 14:33:01,경기 이천시 송정동 381,37.2987318,127.446926
2020-09-23 14:33:54,경기 이천시 송정동 379-4,37.2992738,127.4471743
2020-09-23 14:34:23,경기 이천시 부발읍 고백리 662-8,37.2921366,127.5291097
2020-09-23 14:35:27,경기 이천시 송정동 27-2,37.2997036,127.447432
2020-09-23 14:38:13,경기 이천시 대월면 대흥리 445,37.2398975,127.4775975
2020-09-23 14:40:24,경기 이천시 백사면 현방리 176-3,37.3386173,127.5008434
2020-09-23 14:40:59,경기 이천시 대월면 대흥리 37-1,37.2396007,127.4778388
2020-09-23 14:44:22,경기 이천시 대월면 대흥리 37-1,37.2393795,127.478022
2020-09-23 14:44:29,경기 이천시 설성면 신필리 42-3,37.1286663,127.5504498
2020-09-23 14:45:32,경기 이천시 설성면 신필리 517,37.12886,127.550671
2020-09-23 14:46:33,경기 이천시 설성면 신필리 18-1,37.1286423,127.5541868
2020-09-23 14:46:56,경기 이천시 대월면 대흥리 56-4,37.2392332,127.4781443
2020-09-23 14:47:34,경기 이천시 설성면 신필리 505,37.1286867,127.5545059
2020-09-23 14:48:35,경기 이천시 설성면 신필리 산 17-2,37.129463,127.5592891
2020-09-23 14:49:09,경기 이천시 대월면 대흥리 56-4,37.2389385,127.4783907
2020-09-23 14:49:17,경기 이천시 설성면 제요리 산 1-3,37.1291494,127.5600425
2020-09-23 14:49:45,경기 이천시 부발읍 신원리 10,37.2928808,127.5221523
2020-09-23 14:51:15,경기 이천시 백사면 상용리 산 3-2,37.3291843,127.5167299
2020-09-23 14:51:35,경기 이천시 설성면 신필리 241-1,37.1358622,127.5493851
2020-09-23 14:52:42,경기 이천시 설성면 신필리 241-1,37.1360275,127.5493126
2020-09-23 14:53:43,경기 이천시 부발읍 신원리 6-7,37.2927883,127.5241445
2020-09-23 14:55:24,경기 이천시 설성면 신필리 241-1,37.1368696,127.5490118
2020-09-23 14:57:11,경기 이천시 설성면 신필리 344-5,37.1374572,127.5487885
2020-09-23 14:57:39,경기 이천시 백사면 백우리 121-2,37.3302947,127.5154866
2020-09-23 14:57:56,경기 이천시 설성면 신필리 344-5,37.1375404,127.5487539
2020-09-23 14:58:30,경기 이천시 설성면 신필리 344-5,37.1377064,127.5486828
2020-09-23 14:58:59,경기 이천시 부발읍 신원리 20-1,37.2932381,127.5210918
2020-09-23 14:59:10,경기 이천시 설성면 신필리 340-2,37.1380399,127.5485462
2020-09-23 15:00:07,경기 이천시 설성면 신필리 340-2,37.1383752,127.5484164
2020-09-23 15:01:49,경기 이천시 설성면 신필리 340-2,37.1416422,127.5471444
2020-09-23 15:03:27,경기 이천시 백사면 백우리 55-20,37.3321194,127.5146478
2020-09-23 15:04:46,경기 이천시 백사면 백우리 55-20,37.3325349,127.5144601
2020-09-23 15:05:16,경기 이천시 대월면 대흥리 산 36-2,37.2374367,127.4788905
2020-09-23 15:06:59,경기 이천시 백사면 백우리 55-20,37.3328654,127.5143097
2020-09-23 15:08:19,경기 이천시 설성면 신필리 370-5,37.1434152,127.5465177
2020-09-23 15:09:51,경기 이천시 대월면 대흥리 104-15,37.2355403,127.478476
2020-09-23 15:12:07,경기 이천시 설성면 신필리 370-5,37.1435845,127.5464601
2020-09-23 15:14:12,경기 이천시 부발읍 신원리 207-1,37.295951,127.5179381
2020-09-23 15:14:13,경기 이천시 설성면 신필리 372-9,37.1443471,127.5462038
2020-09-23 15:18:16,경기 이천시 부발읍 신원리 산 28-14,37.2911911,127.5220547
2020-09-23 15:18:55,경기 이천시 부발읍 신원리 7-17,37.2913552,127.5226298
2020-09-23 15:26:25,경기 이천시 대월면 대흥리 산 63-5,37.2345063,127.4782727
2020-09-23 15:27:37,경기 이천시 부발읍 신원리 6-7,37.2925715,127.5245505
2020-09-23 15:28:08,경기 이천시 대월면 대흥리 342-8,37.2344217,127.4782508
2020-09-23 15:29:44,경기 이천시 대월면 대흥리 산 63-5,37.2345962,127.4782895
2020-09-23 15:30:14,경기 이천시 부발읍 신원리 4-4,37.2919001,127.5251004
2020-09-23 15:31:35,경기 이천시 대월면 대흥리 342-7,37.2342488,127.4782128
2020-09-23 15:33:34,경기 이천시 부발읍 죽당리 199-13,37.2901079,127.5233791
2020-09-23 15:34:04,경기 이천시 부발읍 죽당리 199-13,37.2901079,127.5233791
2020-09-23 15:34:10,경기 이천시 부발읍 죽당리 199-13,37.2901079,127.5233791
2020-09-23 15:34:40,경기 이천시 설성면 신필리 372-9,37.1443471,127.5462038
2020-09-23 15:35:10,경기 이천시 대월면 대흥리 342-7,37.2333442,127.4777898
2020-09-23 15:38:14,경기 이천시 설성면 신필리 372-9,37.1443471,127.5462038
2020-09-23 15:39:33,경기 이천시 설성면 신필리 372-9,37.1446866,127.5460927
2020-09-23 15:41:35,경기 이천시 설성면 신필리 372-9,37.1453663,127.5458734
2020-09-23 15:42:56,경기 이천시 설성면 신필리 372,37.1457073,127.5457697
2020-09-23 15:43:06,경기 이천시 백사면 현방리 338,37.3410259,127.4934827
2020-09-23 15:44:13,경기 이천시 설성면 신필리 372-9,37.1453663,127.5458734
2020-09-23 15:44:35,경기 이천시 백사면 현방리 338,37.341115,127.493193
2020-09-23 15:45:20,경기 이천시 대월면 대흥리 산 77-1,37.232158,127.4775428
2020-09-23 15:45:30,경기 이천시 설성면 신필리 372-9,37.145281,127.5458992
2020-09-23 15:46:10,경기 이천시 설성면 신필리 372-9,37.1449412,127.5460088
2020-09-23 15:54:29,경기 이천시 설성면 장천리 산 119-17,37.1469536,127.5459694
2020-09-23 15:55:27,경기 이천시 설성면 장천리 14-17,37.1502649,127.5439666
2020-09-23 15:56:11,경기 이천시 설성면 장천리 14-17,37.1513286,127.5423725
2020-09-23 15:57:06,경기 이천시 설성면 암산리 산 49-7,37.1516893,127.5408715
2020-09-23 15:58:31,경기 이천시 설성면 암산리 산 49-3,37.1512985,127.539078
2020-09-23 15:59:49,경기 이천시 설성면 암산리 산 49-3,37.1512756,127.5389724
2020-09-23 16:00:24,경기 이천시 설성면 암산리 산 49-3,37.1512527,127.5388669
2020-09-23 16:01:02,경기 이천시 설성면 암산리 산 49-7,37.1515261,127.5401337
2020-09-23 16:02:52,경기 이천시 설성면 암산리 산 49-7,37.1515955,127.5404501
2020-09-23 16:04:02,경기 이천시 설성면 장천리 14-17,37.1509774,127.5428601
2020-09-23 16:05:31,경기 이천시 설성면 장천리 1-32,37.1497882,127.5447496
2020-09-23 16:06:10,경기 이천시 설성면 장천리 1-32,37.1492244,127.545435
2020-09-23 16:07:07,경기 이천시 설성면 장천리 산 119-17,37.1470324,127.5460171
2020-09-23 16:07:37,경기 이천시 설성면 장천리 산 119-17,37.1469536,127.5459694
2020-09-23 16:08:29,경기 이천시 설성면 장천리 1-32,37.1463968,127.5456575
2020-09-23 16:12:32,경기 이천시 부발읍 신원리 154-3,37.2949043,127.5136012
2020-09-23 16:14:49,경기 이천시 부발읍 신원리 536,37.2931963,127.512805
2020-09-23 16:15:36,경기 이천시 부발읍 신원리 536,37.2930251,127.5127565
2020-09-23 16:17:03,경기 이천시 부발읍 신원리 670,37.2927718,127.5126616
2020-09-23 16:19:05,경기 이천시 부발읍 신원리 544-4,37.2921948,127.5124132
2020-09-23 16:24:38,경기 이천시 부발읍 신원리 119-13,37.2913641,127.5144964
2020-09-23 16:28:23,경기 이천시 관고동 28,37.281728,127.4403682
2020-09-23 16:33:37,경기 이천시 관고동 28,37.281728,127.4403682
2020-09-23 16:34:27,경기 이천시 관고동 28,37.2817761,127.4400078
2020-09-23 16:35:14,경기 이천시 백사면 내촌리 228-56,37.3241515,127.4980186
2020-09-23 16:35:56,경기 이천시 백사면 내촌리 228-56,37.3240806,127.4980839
2020-09-23 16:36:08,경기 이천시 관고동 28,37.2818243,127.4396475
2020-09-23 16:36:38,경기 이천시 백사면 내촌리 228-56,37.3238651,127.4982744
2020-09-23 16:37:29,경기 이천시 창전동 172,37.2823736,127.440857
2020-09-23 16:37:30,경기 이천시 창전동 172,37.2823736,127.440857
2020-09-23 16:38:37,경기 이천시 창전동 172,37.2826652,127.4408491
2020-09-23 16:40:37,경기 이천시 관고동 28,37.2818403,127.4395274
2020-09-23 16:41:57,경기 이천시 관고동 28,37.2818884,127.439167
2020-09-23 16:42:45,경기 이천시 관고동 28,37.2819476,127.4386857
2020-09-23 16:44:05,경기 이천시 부발읍 신원리 932,37.2983944,127.5093846
2020-09-23 16:45:01,경기 이천시 부발읍 신원리 932,37.2983944,127.5093846
2020-09-23 16:45:11,경기 이천시 부발읍 신원리 932,37.2983944,127.5093846
2020-09-23 16:45:17,경기 이천시 부발읍 신원리 932,37.2983944,127.5093846
2020-09-23 16:45:40,경기 이천시 대월면 대흥리 355-3,37.2318942,127.4775898
2020-09-23 16:46:18,경기 이천시 관고동 28,37.2825449,127.438445
2020-09-23 16:47:15,경기 이천시 대월면 대흥리 452,37.2318028,127.4776048
2020-09-23 16:47:52,경기 이천시 관고동 28,37.2823527,127.4384147
2020-09-23 16:48:24,경기 이천시 부발읍 신원리 455-18,37.2975101,127.5094544
2020-09-23 16:49:05,경기 이천시 대월면 대흥리 284-3,37.2316262,127.477633
2020-09-23 16:49:41,경기 이천시 부발읍 신원리 455-18,37.2971712,127.5095599
2020-09-23 16:50:19,경기 이천시 관고동 28,37.2836994,127.4386075
2020-09-23 16:51:06,경기 이천시 대월면 대흥리 284-3,37.2308363,127.4777617
2020-09-23 16:51:54,경기 이천시 부발읍 신원리 455-22,37.2964251,127.5093234
2020-09-23 16:52:06,경기 이천시 대월면 대흥리 452,37.2305708,127.4778077
2020-09-23 16:52:52,경기 이천시 부발읍 신원리 459-3,37.295869,127.5090052
2020-09-23 16:53:07,경기 이천시 관고동 28,37.2834099,127.4385774
2020-09-23 16:54:09,경기 이천시 부발읍 신원리 492-13,37.2951501,127.5086068
2020-09-23 16:54:51,경기 이천시 부발읍 신원리 565-52,37.2944333,127.5082702
2020-09-23 16:56:12,경기 이천시 부발읍 신원리 694-4,37.2936006,127.5078641
2020-09-23 16:56:48,경기 이천시 관고동 28,37.2819877,127.4380796
2020-09-23 16:57:37,경기 이천시 부발읍 신원리 736-1,37.2931903,127.5076635
2020-09-23 16:57:48,경기 이천시 관고동 28,37.2819901,127.4379578
2020-09-23 16:58:20,경기 이천시 부발읍 신원리 736-1,37.2928582,127.5075078
2020-09-23 16:59:57,경기 이천시 부발읍 신원리 736-1,37.2928582,127.5075078
2020-09-23 17:02:11,경기 이천시 관고동 28,37.2819918,127.4375926
2020-09-23 17:03:36,경기 이천시 관고동 28,37.2822184,127.4369398
2020-09-23 17:04:08,경기 이천시 관고동 28,37.2823602,127.4367731
2020-09-23 17:04:45,경기 이천시 관고동 28,37.2824321,127.436691
2020-09-23 17:05:54,경기 이천시 관고동 28,37.2823602,127.4367731
2020-09-23 17:07:53,경기 이천시 관고동 28,37.2820966,127.4371285
2020-09-23 17:09:05,경기 이천시 관고동 67-3,37.2826448,127.4364408
2020-09-23 17:09:38,경기 이천시 관고동 67-3,37.2827157,127.4363574
2020-09-23 17:11:05,경기 이천시 관고동 67-3,37.2827157,127.4363574
2020-09-23 17:11:35,경기 이천시 관고동 67-3,37.2828576,127.4361906
2020-09-23 17:14:07,경기 이천시 관고동 67-3,37.2827157,127.4363574
2020-09-23 17:15:04,경기 이천시 관고동 71,37.2827165,127.4360736
2020-09-23 17:16:06,경기 이천시 백사면 내촌리 280,37.3186742,127.5015754
2020-09-23 17:17:22,경기 이천시 대월면 대흥리 452,37.2305708,127.4778077
2020-09-23 17:19:17,경기 이천시 백사면 내촌리 278,37.3182737,127.5013477
