2020-09-25 08:57:33,경기 이천시 대월면 대대리 503-4,37.227105,127.4669222
2020-09-25 09:13:13,경기 이천시 대월면 대대리 산 81-1,37.2204842,127.4654038
2020-09-25 09:14:55,경기 이천시 관고동 산 51-6,37.2799393,127.4338537
2020-09-25 09:16:52,경기 이천시 관고동 산 51-6,37.2799393,127.4338537
2020-09-25 09:19:25,경기 이천시 대월면 대대리 산 81-1,37.2208475,127.4661606
2020-09-25 09:21:44,경기 이천시 관고동 산 52-7,37.2803548,127.4335693
2020-09-25 09:22:13,경기 이천시 관고동 226-6,37.2805398,127.433991
2020-09-25 09:23:12,경기 이천시 관고동 219-6,37.2803918,127.4336765
2020-09-25 09:25:42,경기 이천시 대월면 대대리 산 80-6,37.221219,127.4664367
2020-09-25 09:26:03,경기 이천시 관고동 228-12,37.2804411,127.4337814
2020-09-25 09:29:47,경기 이천시 부발읍 무촌리 288-2,37.2897687,127.4887292
2020-09-25 09:30:08,경기 이천시 관고동 226-6,37.2805398,127.433991
2020-09-25 09:30:58,경기 이천시 관고동 226-6,37.2805398,127.433991
2020-09-25 09:31:39,경기 이천시 마장면 해월리 136-5,37.2093822,127.3587088
2020-09-25 09:31:52,경기 이천시 관고동 226-6,37.2805398,127.433991
2020-09-25 09:31:53,경기 이천시 관고동 226-6,37.2805398,127.433991
2020-09-25 09:32:38,경기 이천시 관고동 226-2,37.2807371,127.4344103
2020-09-25 09:32:41,경기 이천시 부발읍 무촌리 288-2,37.2898336,127.4887203
2020-09-25 09:33:34,경기 이천시 관고동 226-3,37.2808233,127.4343163
2020-09-25 09:34:54,경기 이천시 관고동 219-36,37.2812953,127.4339173
2020-09-25 09:38:11,경기 이천시 관고동 산 52-7,37.2803548,127.4335693
2020-09-25 09:38:20,경기 이천시 마장면 해월리 39,37.2077363,127.3576839
2020-09-25 09:38:26,경기 이천시 마장면 해월리 39,37.2077363,127.3576839
2020-09-25 09:39:29,경기 이천시 마장면 해월리 136-5,37.2093822,127.3587088
2020-09-25 09:40:09,경기 이천시 마장면 해월리 37-2,37.2069295,127.3570268
2020-09-25 09:40:12,경기 이천시 관고동 219-6,37.2805358,127.4334458
2020-09-25 09:40:23,경기 이천시 부발읍 무촌리 288-2,37.2898336,127.4887203
2020-09-25 09:41:39,경기 이천시 관고동 219-6,37.2805358,127.4334458
2020-09-25 09:43:39,경기 이천시 관고동 219-6,37.2808742,127.433215
2020-09-25 09:45:03,경기 이천시 부발읍 무촌리 37-2,37.2872759,127.4920374
2020-09-25 09:45:11,경기 이천시 관고동 218-12,37.2813863,127.4328663
2020-09-25 09:46:27,경기 이천시 관고동 218-10,37.2817306,127.4326323
2020-09-25 09:47:08,경기 이천시 부발읍 무촌리 37-2,37.2869073,127.4922239
2020-09-25 09:48:30,경기 이천시 관고동 213-3,37.2822382,127.4342929
2020-09-25 09:49:25,경기 이천시 부발읍 무촌리 37-2,37.286354,127.492502
2020-09-25 09:49:38,경기 이천시 관고동 464-10,37.2820707,127.4344193
2020-09-25 09:51:16,경기 이천시 관고동 213-3,37.282322,127.4342296
2020-09-25 09:52:05,경기 이천시 관고동 212-1,37.2824896,127.4341032
2020-09-25 09:53:07,경기 이천시 부발읍 무촌리 246-3,37.2898329,127.4889601
2020-09-25 09:56:03,경기 이천시 부발읍 무촌리 246-3,37.2899785,127.4883742
2020-09-25 09:59:44,경기 이천시 대월면 대대리 산 80-6,37.2217598,127.4675663
2020-09-25 10:00:17,경기 이천시 관고동 219-6,37.2805358,127.4334458
2020-09-25 10:01:08,경기 이천시 관고동 464-7,37.2826571,127.4339768
2020-09-25 10:02:38,경기 이천시 관고동 207-3,37.2829084,127.4337872
2020-09-25 10:03:52,경기 이천시 관고동 207-3,37.2829895,127.4337194
2020-09-25 10:04:19,경기 이천시 백사면 모전리 산 1,37.3200823,127.4699278
2020-09-25 10:04:59,경기 이천시 부발읍 무촌리 246-3,37.2894747,127.4904774
2020-09-25 10:05:01,경기 이천시 관고동 513,37.2831187,127.4338788
2020-09-25 10:05:22,경기 이천시 부발읍 무촌리 246-3,37.2894747,127.4904774
2020-09-25 10:06:40,경기 이천시 부발읍 무촌리 산 4-27,37.2889158,127.4913336
2020-09-25 10:10:23,경기 이천시 부발읍 무촌리 산 4-27,37.2887771,127.4914332
2020-09-25 10:15:56,경기 이천시 부발읍 무촌리 223-1,37.288077,127.4912053
2020-09-25 10:18:26,경기 이천시 관고동 513,37.2830568,127.4337822
2020-09-25 10:19:19,경기 이천시 관고동 513,37.2833044,127.4341686
2020-09-25 10:20:12,경기 이천시 관고동 513,37.2833044,127.4341686
2020-09-25 10:25:10,경기 이천시 관고동 184-3,37.2840006,127.4318344
2020-09-25 10:26:24,경기 이천시 부발읍 무촌리 223-1,37.2878466,127.4901045
2020-09-25 10:26:28,경기 이천시 관고동 513,37.2833044,127.4341686
2020-09-25 10:27:33,경기 이천시 관고동 196-16,37.2836598,127.4337015
2020-09-25 10:28:25,경기 이천시 관고동 184-3,37.2840006,127.4318344
2020-09-25 10:28:49,경기 이천시 부발읍 무촌리 37-3,37.2872501,127.49192
2020-09-25 10:30:00,경기 이천시 관고동 188,37.2841591,127.4321422
2020-09-25 10:30:16,경기 이천시 부발읍 무촌리 37-3,37.2857689,127.492725
2020-09-25 10:30:20,경기 이천시 부발읍 무촌리 37-3,37.2857689,127.492725
2020-09-25 10:31:29,경기 이천시 관고동 94-10,37.284544,127.4326598
2020-09-25 10:32:02,경기 이천시 부발읍 무촌리 37-2,37.2878415,127.4918463
2020-09-25 10:32:56,경기 이천시 관고동 460,37.2849928,127.4324319
2020-09-25 10:33:15,경기 이천시 부발읍 무촌리 37-2,37.2874297,127.4920589
2020-09-25 10:34:01,경기 이천시 관고동 100-14,37.2867169,127.4313978
2020-09-25 10:34:20,경기 이천시 부발읍 무촌리 37-2,37.2868511,127.4923497
2020-09-25 10:34:45,경기 이천시 관고동 119-1,37.2871182,127.4310508
2020-09-25 10:34:56,경기 이천시 부발읍 무촌리 35-11,37.2864386,127.4925601
2020-09-25 10:35:20,경기 이천시 관고동 457,37.2874939,127.4306576
2020-09-25 10:36:17,경기 이천시 관고동 114-1,37.2859733,127.4303306
2020-09-25 10:36:55,경기 이천시 관고동 105-4,37.2851317,127.4311815
2020-09-25 10:36:59,경기 이천시 관고동 105-4,37.2851317,127.4311815
2020-09-25 10:38:28,경기 이천시 관고동 105-4,37.2849063,127.4314198
2020-09-25 10:38:28,경기 이천시 관고동 105-4,37.2849063,127.4314198
2020-09-25 10:39:05,경기 이천시 관고동 184,37.2845006,127.4317647
2020-09-25 10:39:07,경기 이천시 부발읍 무촌리 223-1,37.2874562,127.4900814
2020-09-25 10:40:33,경기 이천시 관고동 193-2,37.2845206,127.4328672
2020-09-25 10:41:34,경기 이천시 관고동 194-3,37.2846736,127.4331791
2020-09-25 10:42:07,경기 이천시 관고동 194-3,37.2846736,127.4331791
2020-09-25 10:42:20,경기 이천시 마장면 해월리 412,37.2133259,127.3584296
2020-09-25 10:42:20,경기 이천시 마장면 해월리 412,37.2133259,127.3584296
2020-09-25 10:42:29,경기 이천시 부발읍 무촌리 223-1,37.2868305,127.4896657
2020-09-25 10:43:05,경기 이천시 관고동 187-10,37.2842535,127.4319651
2020-09-25 10:45:31,경기 이천시 마장면 해월리 412,37.2133089,127.3582108
2020-09-25 10:47:11,경기 이천시 부발읍 무촌리 223-1,37.286672,127.4895667
2020-09-25 10:47:13,경기 이천시 마장면 해월리 412,37.2133524,127.3568889
2020-09-25 10:47:26,경기 이천시 대월면 대대리 758,37.2218205,127.4735441
2020-09-25 10:48:17,경기 이천시 마장면 해월리 412,37.2134886,127.3562519
2020-09-25 10:49:18,경기 이천시 부발읍 무촌리 223-1,37.2865125,127.4894702
2020-09-25 10:50:10,경기 이천시 관고동 119-1,37.2883411,127.4288823
2020-09-25 10:50:23,경기 이천시 관고동 119-1,37.2883411,127.4288823
2020-09-25 10:54:35,경기 이천시 부발읍 무촌리 223-1,37.2861894,127.4892884
2020-09-25 10:56:55,경기 이천시 부발읍 무촌리 223-1,37.286108,127.4892447
2020-09-25 10:57:16,경기 이천시 부발읍 무촌리 223-1,37.2860262,127.4892022
2020-09-25 10:58:10,경기 이천시 마장면 해월리 412,37.2134886,127.3562519
2020-09-25 10:58:30,경기 이천시 대월면 대대리 396-5,37.2215058,127.4742097
2020-09-25 11:02:28,경기 이천시 마장면 해월리 371,37.2142594,127.3544058
2020-09-25 11:02:46,경기 이천시 부발읍 무촌리 223-1,37.2855325,127.4889563
2020-09-25 11:03:56,경기 이천시 마장면 해월리 199-5,37.2145908,127.3538965
2020-09-25 11:04:15,경기 이천시 부발읍 무촌리 223-1,37.2856155,127.4889949
2020-09-25 11:05:12,경기 이천시 부발읍 무촌리 223-1,37.2857804,127.489076
2020-09-25 11:05:32,경기 이천시 부발읍 무촌리 223-1,37.2860262,127.4892022
2020-09-25 11:05:50,경기 이천시 부발읍 무촌리 223-1,37.2859441,127.4891605
2020-09-25 11:06:43,경기 이천시 부발읍 무촌리 223-1,37.2863517,127.4893772
2020-09-25 11:07:43,경기 이천시 부발읍 무촌리 223-1,37.2865125,127.4894702
2020-09-25 11:08:39,경기 이천시 부발읍 무촌리 223-1,37.2869098,127.4897149
2020-09-25 11:12:59,경기 이천시 마장면 해월리 205-2,37.2151084,127.3530166
2020-09-25 11:14:13,경기 이천시 마장면 해월리 220-3,37.216301,127.3496334
2020-09-25 11:15:04,경기 이천시 마장면 해월리 381-10,37.2168031,127.3484961
2020-09-25 11:19:04,경기 이천시 마장면 해월리 381-10,37.216868,127.3481781
2020-09-25 11:20:15,경기 이천시 마장면 해월리 205-2,37.2152566,127.3525024
2020-09-25 11:21:37,경기 이천시 마장면 해월리 372,37.2139232,127.3551669
2020-09-25 11:22:11,경기 이천시 마장면 해월리 412,37.213427,127.3564585
2020-09-25 11:23:04,경기 이천시 마장면 해월리 100-3,37.2133303,127.35766
2020-09-25 11:26:27,경기 이천시 마장면 해월리 412,37.2133138,127.3583208
2020-09-25 13:11:31,경기 이천시 부발읍 무촌리 산 4-18,37.2897515,127.4906979
2020-09-25 13:21:08,경기 이천시 부발읍 무촌리 352-1,37.289541,127.4852505
2020-09-25 13:22:49,경기 이천시 부발읍 무촌리 352-1,37.2888761,127.4836336
2020-09-25 13:25:38,경기 이천시 부발읍 무촌리 352-1,37.288788,127.4834177
2020-09-25 13:28:05,경기 이천시 부발읍 무촌리 353-2,37.2890635,127.4845193
2020-09-25 13:31:47,경기 이천시 부발읍 무촌리 353-2,37.2883367,127.4825073
2020-09-25 13:34:25,경기 이천시 부발읍 무촌리 373-3,37.288182,127.4819314
2020-09-25 13:35:09,경기 이천시 부발읍 무촌리 373-3,37.2881318,127.4816965
2020-09-25 13:35:47,경기 이천시 부발읍 무촌리 373-3,37.2880026,127.4809853
2020-09-25 13:37:29,경기 이천시 부발읍 무촌리 373-3,37.2879412,127.4806285
2020-09-25 13:38:24,경기 이천시 부발읍 무촌리 373-3,37.2879007,127.4803905
2020-09-25 13:38:43,경기 이천시 부발읍 무촌리 373-3,37.2878216,127.4799141
2020-09-25 13:39:43,경기 이천시 부발읍 무촌리 산 57-2,37.2876074,127.4779885
2020-09-25 13:44:20,경기 이천시 대월면 대대리 산 29-1,37.2213585,127.4821393
2020-09-25 13:44:28,경기 이천시 대월면 대대리 산 29-1,37.2213585,127.4821393
2020-09-25 13:45:31,경기 이천시 부발읍 무촌리 399-16,37.2876817,127.4775426
2020-09-25 13:46:27,경기 이천시 부발읍 무촌리 399-16,37.2877064,127.4780289
2020-09-25 13:48:32,경기 이천시 부발읍 무촌리 산 57-2,37.2877317,127.4783931
2020-09-25 13:50:06,경기 이천시 부발읍 무촌리 산 57-2,37.2877726,127.4788776
2020-09-25 13:51:11,경기 이천시 부발읍 무촌리 374-2,37.2879125,127.4798361
2020-09-25 13:52:18,경기 이천시 부발읍 무촌리 374-2,37.2879553,127.4800738
2020-09-25 13:53:44,경기 이천시 부발읍 무촌리 373-2,37.2882085,127.4814979
2020-09-25 13:56:02,경기 이천시 부발읍 무촌리 373-2,37.2882085,127.4814979
2020-09-25 13:56:33,경기 이천시 부발읍 무촌리 373-2,37.288325,127.4820859
2020-09-25 14:19:30,경기 이천시 부발읍 무촌리 31-11,37.2878405,127.4952553
2020-09-25 14:21:31,경기 이천시 부발읍 무촌리 52-12,37.2873605,127.4955521
2020-09-25 14:27:18,경기 이천시 부발읍 무촌리 31-21,37.2879717,127.4967912
2020-09-25 14:28:49,경기 이천시 부발읍 무촌리 31-21,37.2879753,127.4965241
2020-09-25 14:29:40,경기 이천시 부발읍 무촌리 36,37.2876042,127.4949166
2020-09-25 14:30:46,경기 이천시 부발읍 무촌리 36,37.2869223,127.4933651
2020-09-25 14:33:06,경기 이천시 부발읍 무촌리 36,37.2872207,127.4940439
2020-09-25 14:34:03,경기 이천시 부발읍 무촌리 36,37.2873911,127.4944317
2020-09-25 14:35:53,경기 이천시 부발읍 무촌리 36,37.2874338,127.4945287
2020-09-25 14:36:23,경기 이천시 부발읍 무촌리 36,37.2868371,127.4931711
2020-09-25 15:12:54,경기 이천시 대월면 초지리 633,37.2192887,127.4913051
2020-09-25 15:13:10,경기 이천시 대월면 초지리 633,37.2192887,127.4913051
2020-09-25 15:39:07,경기 이천시 대월면 초지리 633,37.2192887,127.4913051
2020-09-25 15:53:19,경기 이천시 부발읍 무촌리 405-1,37.2852428,127.4783005
2020-09-25 15:58:41,경기 이천시 부발읍 무촌리 산 52-7,37.2848048,127.4782344
2020-09-25 16:02:16,경기 이천시 부발읍 마암리 435,37.2824492,127.4759156
2020-09-25 16:09:20,경기 이천시 부발읍 무촌리 531,37.2852837,127.4888396
2020-09-25 16:11:11,경기 이천시 부발읍 무촌리 531,37.2851182,127.4887606
2020-09-25 16:13:00,경기 이천시 부발읍 무촌리 531,37.2852837,127.4888396
2020-09-25 16:17:03,경기 이천시 부발읍 무촌리 531,37.2848702,127.4886413
2020-09-25 16:17:57,경기 이천시 부발읍 무촌리 531,37.2845398,127.4884812
2020-09-25 16:21:20,경기 이천시 부발읍 무촌리 531,37.284209,127.4883225
2020-09-25 16:22:16,경기 이천시 부발읍 무촌리 531,37.284209,127.4883225
2020-09-25 16:23:36,경기 이천시 부발읍 무촌리 531,37.2841258,127.4882844
2020-09-25 16:26:40,경기 이천시 부발읍 무촌리 산 37-25,37.2835472,127.4880058
2020-09-25 16:28:34,경기 이천시 부발읍 무촌리 531,37.2833106,127.4878567
2020-09-25 16:30:37,경기 이천시 부발읍 무촌리 산 65,37.2829658,127.4873602
2020-09-25 16:31:04,경기 이천시 부발읍 무촌리 산 65,37.2829658,127.4873602
2020-09-25 16:31:44,경기 이천시 부발읍 무촌리 산 65,37.2828961,127.4871566
2020-09-25 16:37:51,경기 이천시 대월면 대대리 759,37.2206757,127.4776957
2020-09-25 16:37:59,경기 이천시 부발읍 무촌리 539,37.282359,127.4851641
2020-09-25 16:39:43,경기 이천시 부발읍 무촌리 산 33-1,37.2826796,127.4861971
2020-09-25 16:40:24,경기 이천시 부발읍 무촌리 산 65,37.2829281,127.48726
2020-09-25 16:40:47,경기 이천시 부발읍 무촌리 531,37.2830573,127.4875498
2020-09-25 16:42:09,경기 이천시 부발읍 무촌리 산 37-9,37.2837126,127.4880851
2020-09-25 16:43:00,경기 이천시 부발읍 무촌리 531,37.2844573,127.4884408
2020-09-25 16:44:21,경기 이천시 부발읍 무촌리 531,37.2847875,127.4886014
2020-09-25 16:45:07,경기 이천시 부발읍 무촌리 531,37.2852837,127.4888396
2020-09-25 16:51:53,경기 이천시 백사면 송말리 678-2,37.3405273,127.4881995
2020-09-25 16:56:53,경기 이천시 부발읍 무촌리 174-3,37.2856628,127.4875306
2020-09-25 16:58:40,경기 이천시 부발읍 무촌리 179-15,37.2857874,127.4868868
2020-09-25 17:00:14,경기 이천시 대월면 대대리 169-2,37.2218421,127.4805348
2020-09-25 17:00:26,경기 이천시 대월면 대대리 169-2,37.2218421,127.4805348
2020-09-25 17:00:41,경기 이천시 대월면 대대리 169-2,37.2218421,127.4805348
2020-09-25 17:00:53,경기 이천시 대월면 대대리 169-2,37.2218421,127.4805348
2020-09-25 17:04:59,경기 이천시 부발읍 무촌리 169-13,37.2843039,127.4873248
2020-09-25 17:06:35,경기 이천시 부발읍 무촌리 166,37.2841303,127.4873494
2020-09-25 17:07:24,경기 이천시 부발읍 무촌리 166,37.284048,127.4873859
2020-09-25 17:08:59,경기 이천시 부발읍 무촌리 166-38,37.2837415,127.4877649
2020-09-25 17:30:45,경기 이천시 부발읍 무촌리 산 40-3,37.2829731,127.4869926
2020-09-25 17:39:54,경기 이천시 대월면 초지리 733-6,37.216839,127.4906845
