37.276743,127.432031
37.2766866,127.4319328
37.279799,127.487717
37.2797235,127.4877747
37.279644,127.4878236
37.2795625,127.4878669
37.2794798,127.4879063
37.2793966,127.4879444
37.2793131,127.4879813
37.2792296,127.4880181
37.2793131,127.4879813
37.2793966,127.4879444
37.2794798,127.4879063
37.2793966,127.4879444
37.2793131,127.4879813
37.2793966,127.4879444
37.2793131,127.4879813
37.2792296,127.4880181
37.2791461,127.4880552
37.2790626,127.4880922
37.2789792,127.4881294
37.2788957,127.4881664
37.2788123,127.4882037
37.2787293,127.4882421
37.2786205,127.4882944
37.2785649,127.4883245
37.2786205,127.4882944
37.2785649,127.4883245
37.2784854,127.4883733
37.2785649,127.4883245
37.2784854,127.4883733
37.2768058,127.4321231
37.2784091,127.4884294
37.2784854,127.4883733
37.2784091,127.4884294
37.2784854,127.4883733
37.2784091,127.4884294
37.2783373,127.488494
37.278271,127.4885674
37.2782212,127.4886278
37.2781468,127.4887253
37.2780859,127.4888058
37.2780252,127.4888865
37.2779643,127.4889669
37.2779027,127.4890466
37.277841,127.4891261
37.2777791,127.4892054
37.2777174,127.4892848
37.277656,127.4893647
37.2777174,127.4892848
37.2777791,127.4892054
37.277841,127.4891261
37.2779027,127.4890466
37.2779643,127.4889669
37.2780252,127.4888865
37.2779643,127.4889669
37.2779027,127.4890466
37.277841,127.4891261
37.2777791,127.4892054
37.2768058,127.4321231
37.277841,127.4891261
37.2779027,127.4890466
37.2779643,127.4889669
37.2780252,127.4888865
37.2780859,127.4888058
37.2466423,127.4955972
37.2465467,127.4955808
37.246452,127.4955573
37.2463589,127.4955258
37.2462674,127.4954876
37.2463589,127.4955258
37.2462674,127.4954876
37.2463589,127.4955258
37.2462674,127.4954876
37.2463589,127.4955258
37.2462674,127.4954876
37.2463589,127.4955258
37.2780252,127.4888865
37.2462674,127.4954876
37.2463589,127.4955258
37.2779643,127.4889669
37.2779027,127.4890466
37.277841,127.4891261
37.2777791,127.4892054
37.2777174,127.4892848
37.277656,127.4893647
37.2775947,127.4894446
37.2775329,127.4895241
37.2774711,127.4896034
37.2774094,127.489683
37.2773476,127.4897623
37.2772858,127.4898418
37.2772242,127.4899214
37.2771625,127.4900008
37.2771006,127.4900801
37.277039,127.4901597
37.2769776,127.4902396
37.2769162,127.4903195
37.2768544,127.4903988
37.2767917,127.4904771
37.2767291,127.4905554
37.2766664,127.4906337
37.2766037,127.4907121
37.2765411,127.4907904
37.2764784,127.4908687
37.2764158,127.490947
37.2763531,127.4910253
37.2768058,127.4321231
37.2462674,127.4954876
37.246179,127.4954393
37.2460934,127.4953837
37.2460122,127.4953187
37.2459365,127.4952441
37.2458649,127.4951633
37.2458009,127.4950731
37.2457427,127.4949768
37.2456928,127.4948736
37.2456487,127.4947663
37.2762905,127.4911037
37.2762278,127.491182
37.2762905,127.4911037
37.2763531,127.4910253
37.2762905,127.4911037
37.2762278,127.491182
37.2761651,127.4912603
37.2761019,127.4913378
37.2760371,127.4914134
37.2759708,127.4914868
37.2759032,127.4915584
37.275835,127.4916291
37.2757666,127.4916996
37.2756986,127.4917705
37.2757666,127.4916996
37.2756986,127.4917705
37.2756326,127.4918443
37.2755705,127.4919232
37.2755117,127.4920061
37.2754537,127.4920899
37.2755117,127.4920061
37.2466144,127.4958232
37.2465211,127.4958545
37.2466144,127.4958232
37.2465211,127.4958545
37.2466144,127.4958232
37.2465211,127.4958545
37.2466144,127.4958232
37.2467076,127.4957918
37.2468008,127.4957604
37.2468939,127.4957285
37.2468008,127.4957604
37.2467076,127.4957918
37.2466144,127.4958232
37.2467076,127.4957918
37.2468008,127.4957604
37.2468939,127.4957285
37.2468008,127.4957604
37.2467076,127.4957918
37.2466144,127.4958232
37.2465211,127.4958545
37.2466144,127.4958232
37.2465211,127.4958545
37.2464281,127.4958868
37.2463353,127.4959202
37.2462429,127.4959551
37.2461507,127.4959911
37.2460592,127.4960297
37.2459682,127.4960697
37.2458772,127.4961103
37.2457867,127.4961521
37.2456963,127.4961946
37.2456061,127.4962375
37.2455162,127.4962817
37.2448381,127.4983124
37.2768058,127.4321231
37.244889,127.4982101
37.2449312,127.4981014
37.276743,127.432031
37.244889,127.4982101
37.2448381,127.4983124
37.244889,127.4982101
37.2448381,127.4983124
37.244775,127.4984033
37.244699,127.4984771
37.2446125,127.4985296
37.2445197,127.4985601
37.2444236,127.4985641
37.2443291,127.4985417
37.2442412,127.4984936
37.2441624,127.4984247
37.2440981,127.4983353
37.2440522,127.4982297
37.2440193,127.4981163
37.2440023,127.4979975
37.2439977,127.4978769
37.244005,127.4977565
37.2440216,127.4976376
37.244051,127.4975226
37.2440923,127.4974137
37.2441454,127.4973129
37.2442097,127.497223
37.2442813,127.4971419
37.2443594,127.497071
37.2444416,127.4970074
37.2445263,127.4969494
37.244613,127.4968959
37.2447002,127.496844
37.2447878,127.4967928
37.2448755,127.4967421
37.2449636,127.4966922
37.2450524,127.4966445
37.2451412,127.4965968
37.24523,127.496549
37.2453188,127.4965013
37.2454076,127.4964536
37.2454964,127.4964059
37.2455852,127.4963581
37.245674,127.4963104
37.2457628,127.4962627
37.2458516,127.496215
37.2457628,127.4962627
37.3413311,127.4616279
37.2458516,127.496215
37.2459413,127.4961703
37.246032,127.4961285
37.2461232,127.4960884
37.2462152,127.4960514
37.2463075,127.4960155
37.3413311,127.4616279
37.2463995,127.4959797
37.246492,127.4959464
37.246585,127.4959149
37.2466784,127.4958853
37.246772,127.495857
37.2468656,127.4958287
37.2470224,127.4958444
37.2471165,127.4958071
37.2472104,127.4957688
37.2473042,127.49573
37.3412987,127.4617413
37.3412599,127.4618623
37.3412317,127.4619521
37.3412599,127.4618623
37.3412317,127.4619521
37.3412021,127.4620742
37.3411932,127.4621905
37.341228,127.4622552
37.2453653,127.4978908
37.341342,127.4622282
37.3414391,127.4622346
37.3415412,127.4622059
37.2453899,127.4977643
37.2454204,127.4976325
37.2454511,127.4975113
37.2454918,127.4973887
37.2455272,127.4972717
37.2455752,127.4971561
37.2456285,127.4970441
37.2456865,127.4969359
37.2457488,127.4968316
37.2458152,127.4967312
37.3416201,127.4621314
37.2458847,127.4966341
37.2459591,127.496543
37.2460382,127.4964583
37.2461199,127.4963774
37.2462047,127.4963019
37.2462935,127.4962338
37.2463836,127.4961685
37.24647,127.4961087
37.2465584,127.4960538
37.2466489,127.4960044
37.2467408,127.4959592
37.3407046,127.4627154
37.2754537,127.4920899
37.3403682,127.4632884
37.2453892,127.4957578
37.2454005,127.4955887
37.2453892,127.4957578
37.2453777,127.4959269
37.2453892,127.4957578
37.2755117,127.4920061
37.2755705,127.4919232
37.2756326,127.4918443
37.3403138,127.4633883
37.3401855,127.4634052
37.2453777,127.4959269
37.2453664,127.496096
37.2453777,127.4959269
37.3403138,127.4633883
37.2453892,127.4957578
37.3402593,127.463482
37.3401988,127.4635808
37.3401431,127.46366
37.34008,127.4637717
37.3400447,127.4636025
37.2755705,127.4919232
37.3400282,127.4635177
37.3400065,127.4634228
37.3399868,127.4633183
37.2755117,127.4920061
37.2754537,127.4920899
37.2753965,127.4921744
37.2753332,127.4922508
37.2453777,127.4959269
37.2453892,127.4957578
37.2454005,127.4955887
37.2454119,127.4954196
37.2454235,127.4952506
37.2454348,127.4950815
37.245445,127.4949123
37.2454348,127.4950815
37.3400065,127.4634228
37.3400932,127.4634195
37.245445,127.4949123
37.2454549,127.4947431
37.2454649,127.4945739
37.2454549,127.4947431
37.245445,127.4949123
37.2454348,127.4950815
37.245445,127.4949123
37.2454549,127.4947431
37.2454649,127.4945739
37.2454746,127.4944046
37.2454841,127.4942354
37.2454939,127.4940661
37.2455045,127.493897
37.2455152,127.4937278
37.2455264,127.4935587
37.2455376,127.4933896
37.2455491,127.4932205
37.2753965,127.4921744
37.2754537,127.4920899
37.2755117,127.4920061
37.2755705,127.4919232
37.2756326,127.4918443
37.2756986,127.4917705
37.2757666,127.4916996
37.275835,127.4916291
37.2759032,127.4915584
37.2759708,127.4914868
37.2760371,127.4914134
37.2761019,127.4913378
37.2761651,127.4912603
37.2762278,127.491182
37.2762905,127.4911037
37.2763531,127.4910253
37.2764158,127.490947
37.2764784,127.4908687
37.2765411,127.4907904
37.2766037,127.4907121
37.2766664,127.4906337
37.2767291,127.4905554
37.2767917,127.4904771
37.2768544,127.4903988
37.2769162,127.4903195
37.2769776,127.4902396
37.277039,127.4901597
37.2771006,127.4900801
37.2771625,127.4900008
37.2772242,127.4899214
37.2772858,127.4898418
37.2773476,127.4897623
37.2774094,127.489683
37.2774711,127.4896034
37.2775329,127.4895241
37.2775947,127.4894446
37.2775329,127.4895241
37.2774711,127.4896034
37.2774094,127.489683
37.2774711,127.4896034
37.2775329,127.4895241
37.2775947,127.4894446
37.277656,127.4893647
37.2777174,127.4892848
37.2777791,127.4892054
37.277841,127.4891261
37.2779027,127.4890466
37.2779643,127.4889669
37.2780252,127.4888865
37.2780859,127.4888058
37.2781468,127.4887253
37.2782212,127.4886278
37.278271,127.4885674
37.2782212,127.4886278
37.2781468,127.4887253
37.2780859,127.4888058
37.2780252,127.4888865
37.2779643,127.4889669
37.2779643,127.4889669
37.2779027,127.4890466
37.277841,127.4891261
37.2779027,127.4890466
37.2779643,127.4889669
37.2780252,127.4888865
37.2780859,127.4888058
37.2780252,127.4888865
37.2779643,127.4889669
37.2779027,127.4890466
37.277841,127.4891261
37.2777791,127.4892054
37.2777174,127.4892848
37.277656,127.4893647
37.2775947,127.4894446
37.2775329,127.4895241
37.2774711,127.4896034
37.2774094,127.489683
37.2773476,127.4897623
37.2772858,127.4898418
37.2772242,127.4899214
37.2771625,127.4900008
37.2771006,127.4900801
37.277039,127.4901597
37.2769776,127.4902396
37.2769162,127.4903195
37.2768544,127.4903988
37.2767917,127.4904771
37.2767291,127.4905554
37.2766664,127.4906337
37.2766037,127.4907121
37.2765411,127.4907904
37.2764784,127.4908687
37.2764158,127.490947
37.2763531,127.4910253
37.2762905,127.4911037
37.2762278,127.491182
37.2761651,127.4912603
37.2761019,127.4913378
37.2760371,127.4914134
37.2759708,127.4914868
37.2759032,127.4915584
37.275835,127.4916291
37.2757666,127.4916996
37.2756986,127.4917705
37.2756326,127.4918443
37.2755705,127.4919232
37.2755117,127.4920061
37.2754537,127.4920899
37.2753965,127.4921744
37.3392688,127.4610688
37.2454198,127.4762367
37.2453869,127.476069
37.2454198,127.4762367
37.2453869,127.476069
37.2754537,127.4920899
37.2755117,127.4920061
37.2755705,127.4919232
37.2756326,127.4918443
37.2756986,127.4917705
37.2757666,127.4916996
37.275835,127.4916291
37.2759032,127.4915584
37.2759708,127.4914868
37.2760371,127.4914134
37.2761019,127.4913378
37.2761651,127.4912603
37.2762278,127.491182
37.2762905,127.4911037
37.2763531,127.4910253
37.2764158,127.490947
37.2764784,127.4908687
37.2765411,127.4907904
37.2766037,127.4907121
37.2766664,127.4906337
37.2766664,127.4906337
37.2766037,127.4907121
37.2765411,127.4907904
37.2764784,127.4908687
37.2764158,127.490947
37.3393163,127.46119
37.2763531,127.4910253
37.2762905,127.4911037
37.3393561,127.4612903
37.3393953,127.4613995
37.2763531,127.4910253
37.2764158,127.490947
37.2764784,127.4908687
37.2765411,127.4907904
37.2766037,127.4907121
37.2766664,127.4906337
37.2767291,127.4905554
37.2767917,127.4904771
37.2768544,127.4903988
37.2769162,127.4903195
37.2769776,127.4902396
37.277039,127.4901597
37.2771006,127.4900801
37.2771625,127.4900008
37.2772242,127.4899214
37.2772858,127.4898418
37.2774094,127.489683
37.2773476,127.4897623
37.2774711,127.4896034
37.2775329,127.4895241
37.2775947,127.4894446
37.277656,127.4893647
37.2777174,127.4892848
37.2777791,127.4892054
37.277841,127.4891261
37.2779027,127.4890466
37.2779643,127.4889669
37.2780252,127.4888865
37.2780859,127.4888058
37.2781468,127.4887253
37.2780859,127.4888058
37.2780252,127.4888865
37.2779027,127.4890466
37.2779643,127.4889669
37.277841,127.4891261
37.2777174,127.4892848
37.2777791,127.4892054
37.277656,127.4893647
37.2775947,127.4894446
37.2775329,127.4895241
37.2774711,127.4896034
37.2774094,127.489683
37.2772858,127.4898418
37.2773476,127.4897623
37.2772242,127.4899214
37.2771625,127.4900008
37.2771006,127.4900801
37.277039,127.4901597
37.2769776,127.4902396
37.2769162,127.4903195
37.2768544,127.4903988
37.2767917,127.4904771
37.2767291,127.4905554
37.2766664,127.4906337
37.2766037,127.4907121
37.2765411,127.4907904
37.2764784,127.4908687
37.2764158,127.490947
37.2763531,127.4910253
37.2762905,127.4911037
37.2761651,127.4912603
37.2762278,127.491182
37.2762278,127.491182
37.2762905,127.4911037
37.2763531,127.4910253
37.2764158,127.490947
37.2764784,127.4908687
37.2765411,127.4907904
37.2766037,127.4907121
37.2766664,127.4906337
37.2767291,127.4905554
37.2767917,127.4904771
37.2768544,127.4903988
37.2769162,127.4903195
37.2769776,127.4902396
37.277039,127.4901597
37.2771006,127.4900801
37.2771625,127.4900008
37.2772242,127.4899214
37.2772858,127.4898418
37.2773476,127.4897623
37.2774094,127.489683
37.2774711,127.4896034
37.2775329,127.4895241
37.2774711,127.4896034
37.2774094,127.489683
37.2773476,127.4897623
37.2772858,127.4898418
37.2772242,127.4899214
37.2771625,127.4900008
37.2771006,127.4900801
37.277039,127.4901597
37.2769776,127.4902396
37.2769162,127.4903195
37.2768544,127.4903988
37.2767917,127.4904771
37.2767291,127.4905554
37.2766664,127.4906337
37.2766037,127.4907121
37.2765411,127.4907904
37.2764784,127.4908687
37.2764158,127.490947
37.2763531,127.4910253
37.2762905,127.4911037
37.2762278,127.491182
37.2761651,127.4912603
37.2761019,127.4913378
37.2761019,127.4913378
37.2760371,127.4914134
37.2759708,127.4914868
37.2759032,127.4915584
37.275835,127.4916291
37.2757666,127.4916996
37.2756986,127.4917705
37.2755705,127.4919232
37.2756326,127.4918443
37.2755117,127.4920061
37.2754537,127.4920899
37.2753965,127.4921744
37.2753332,127.4922508
37.2753965,127.4921744
37.2754537,127.4920899
37.2755117,127.4920061
37.2755705,127.4919232
37.2756326,127.4918443
37.2756986,127.4917705
37.2757666,127.4916996
37.275835,127.4916291
37.2759032,127.4915584
37.2759708,127.4914868
37.2760371,127.4914134
37.2761019,127.4913378
37.2761651,127.4912603
37.2762278,127.491182
37.2762905,127.4911037
37.3394298,127.4614908
37.2763531,127.4910253
37.2764158,127.490947
37.3394756,127.4616207
37.2764784,127.4908687
37.2765411,127.4907904
37.2766037,127.4907121
37.2766664,127.4906337
37.2767291,127.4905554
37.2767917,127.4904771
37.2768544,127.4903988
37.2769162,127.4903195
37.2769776,127.4902396
37.3395181,127.4617352
37.277039,127.4901597
37.2771006,127.4900801
37.3395585,127.4618382
37.2771625,127.4900008
37.2772242,127.4899214
37.2772858,127.4898418
37.2773476,127.4897623
37.2774094,127.489683
37.2774711,127.4896034
37.2775329,127.4895241
37.2775947,127.4894446
37.277656,127.4893647
37.2775947,127.4894446
37.2775329,127.4895241
37.2775947,127.4894446
37.277656,127.4893647
37.2775947,127.4894446
37.2775329,127.4895241
37.2774711,127.4896034
37.2774094,127.489683
37.2773476,127.4897623
37.2772858,127.4898418
37.2772242,127.4899214
37.2771625,127.4900008
37.2771006,127.4900801
37.277039,127.4901597
37.2769776,127.4902396
37.2769162,127.4903195
37.2768544,127.4903988
37.2767917,127.4904771
37.2767291,127.4905554
37.2766664,127.4906337
37.2766037,127.4907121
37.2765411,127.4907904
37.2764784,127.4908687
37.2764158,127.490947
37.2763531,127.4910253
37.2762905,127.4911037
37.2762278,127.491182
37.2761651,127.4912603
37.2761019,127.4913378
37.2760371,127.4914134
37.2760371,127.4914134
37.2759708,127.4914868
37.2759032,127.4915584
37.275835,127.4916291
37.2757666,127.4916996
37.2756986,127.4917705
37.2756326,127.4918443
37.2755705,127.4919232
37.2756326,127.4918443
37.2756986,127.4917705
37.2757666,127.4916996
37.275835,127.4916291
37.2759032,127.4915584
37.2759708,127.4914868
37.2760371,127.4914134
37.2761019,127.4913378
37.2761651,127.4912603
37.2762278,127.491182
37.2762905,127.4911037
37.2763531,127.4910253
37.2764158,127.490947
37.2764784,127.4908687
37.2765411,127.4907904
37.2766037,127.4907121
37.2766664,127.4906337
37.2767291,127.4905554
37.2767917,127.4904771
37.2768544,127.4903988
37.2769162,127.4903195
37.2769776,127.4902396
37.277039,127.4901597
37.2771625,127.4900008
37.2771006,127.4900801
37.2772242,127.4899214
37.2772858,127.4898418
37.2773476,127.4897623
37.2774094,127.489683
37.2774711,127.4896034
37.2775329,127.4895241
37.2775947,127.4894446
37.277656,127.4893647
37.2777174,127.4892848
37.2777791,127.4892054
37.277841,127.4891261
37.2779027,127.4890466
37.2779643,127.4889669
37.2780252,127.4888865
37.2780859,127.4888058
37.2781468,127.4887253
37.2782212,127.4886278
37.339593,127.4619293
37.3396263,127.4620222
37.3396722,127.4621512
37.339707,127.462247
37.339741,127.4623418
37.3397833,127.4624652
37.3398173,127.4625668
37.3398492,127.4626697
37.278271,127.4885674
37.2782212,127.4886278
37.2781468,127.4887253
37.2782212,127.4886278
37.278271,127.4885674
37.2783373,127.488494
37.2784091,127.4884294
37.2784854,127.4883733
37.2785649,127.4883245
37.2786205,127.4882944
37.2787293,127.4882421
37.2788123,127.4882037
37.2788957,127.4881664
37.2789792,127.4881294
37.2790626,127.4880922
37.2791461,127.4880552
37.2792296,127.4880181
37.2793131,127.4879813
37.2793966,127.4879444
37.2794798,127.4879063
37.3398173,127.4625668
37.3398492,127.4626697
37.2457647,127.4863618
37.3398833,127.4627953
37.2794289,127.4877841
37.2457538,127.486534
37.3398492,127.4626697
37.2457647,127.4863618
37.2457538,127.486534
37.2457425,127.4867061
37.2457317,127.4868783
37.2457211,127.4870505
37.2457105,127.4872227
37.2456996,127.4873948
37.2457105,127.4872227
37.3398833,127.4627953
37.3399138,127.4629238
37.3399393,127.463053
37.33996,127.46316
37.3399868,127.4633183
37.3400065,127.4634228
37.3400282,127.4635177
37.2793889,127.4876861
37.2452145,127.4951425
37.245225,127.4949703
37.3400447,127.4636025
37.34008,127.4637717
37.2793508,127.4875869
37.2452145,127.4951425
37.245204,127.4953146
37.2451933,127.4954868
37.2451826,127.495659
37.2451713,127.4958311
37.2451604,127.4960033
37.24515,127.4961755
37.2451398,127.4963477
37.2451296,127.4965199
37.2451196,127.4966922
37.2451095,127.4968644
37.2450992,127.4970366
37.2450886,127.4972088
37.2450775,127.497381
37.2450722,127.4974624
37.2449994,127.4976148
37.2449872,127.4977375
37.2449729,127.4978598
37.2449537,127.497981
37.2449729,127.4978598
37.2449872,127.4977375
37.2449994,127.4976148
37.2450722,127.4974624
37.2450775,127.497381
37.2450722,127.4974624
37.2449994,127.4976148
37.2449872,127.4977375
37.2449729,127.4978598
37.2449872,127.4977375
37.2449994,127.4976148
37.2450722,127.4974624
37.2449994,127.4976148
37.2450722,127.4974624
37.340102,127.4638834
37.2450562,127.4977253
37.340125,127.4640084
37.2450458,127.4978975
37.2450352,127.4980697
37.2450243,127.4982419
37.2450129,127.498414
37.2450014,127.4985861
37.2449894,127.4987581
37.2450014,127.4985861
37.2449894,127.4987581
37.3401413,127.4641033
37.3401605,127.4642047
37.3401818,127.4643217
37.3402045,127.4644448
37.2449772,127.4989302
37.2449643,127.4991021
37.2449508,127.499274
37.2449643,127.4991021
37.2793124,127.4874879
37.2792741,127.4873888
37.2792367,127.4872892
37.2791991,127.4871897
37.2792367,127.4872892
37.2768058,127.4321231
37.276743,127.432031
37.2766866,127.4319328
37.2766402,127.4318267
37.2765986,127.4317174
37.276557,127.4316081
37.2765142,127.4314996
37.2764699,127.4313919
37.2764268,127.4312835
37.2763835,127.4311753
37.2763429,127.4310654
37.2763077,127.4309527
37.2763429,127.4310654
37.2763835,127.4311753
37.2764268,127.4312835
37.2764699,127.4313919
37.2765142,127.4314996
37.276557,127.4316081
37.2765986,127.4317174
37.2766402,127.4318267
37.2766866,127.4319328
37.276743,127.432031
37.3430209,127.4678197
37.3430648,127.4679392
37.3430933,127.4680512
37.3431111,127.468177
37.3431169,127.4683037
37.3454525,127.4761072
37.3454672,127.4762243
37.3454915,127.4763377
37.2768058,127.4321231
37.2768058,127.4321231
37.276743,127.432031
37.2766866,127.4319328
37.2766402,127.4318267
37.2768058,127.4321231
37.2768058,127.4321231
37.2768058,127.4321231
37.2768058,127.4321231
37.276743,127.432031
37.2768058,127.4321231
37.2768704,127.4322131
37.2769373,127.4323005
37.2768704,127.4322131
37.2768058,127.4321231
37.276743,127.432031
37.2766866,127.4319328
37.2766402,127.4318267
37.2765986,127.4317174
37.276557,127.4316081
37.2765142,127.4314996
37.276557,127.4316081
37.2765986,127.4317174
37.276557,127.4316081
37.2765142,127.4314996
37.2764699,127.4313919
37.2764268,127.4312835
37.2763835,127.4311753
37.2763429,127.4310654
37.2763077,127.4309527
37.2762794,127.4308369
37.2762609,127.4307182
37.2762396,127.4306001
37.2762139,127.4304834
37.2761867,127.4303672
37.2761553,127.4302527
37.2761195,127.4301402
37.2761553,127.4302527
37.2768058,127.4321231
37.2768058,127.4321231
37.2766866,127.4319328
37.2765986,127.4317174
37.2768058,127.4321231
37.2766866,127.4319328
37.276557,127.4316081
37.2765142,127.4314996
37.2764699,127.4313919
37.2764268,127.4312835
37.2763835,127.4311753
37.2763429,127.4310654
37.2763077,127.4309527
37.2762794,127.4308369
37.2762609,127.4307182
37.2762396,127.4306001
37.2762139,127.4304834
37.2761867,127.4303672
37.2761553,127.4302527
37.2761195,127.4301402
37.276084,127.4300276
37.2761334,127.4299024
37.276084,127.4300276
37.2761195,127.4301402
37.2761553,127.4302527
37.2791991,127.4871897
37.2791606,127.4870907
37.2791216,127.4869921
37.2790801,127.4868951
37.2790331,127.4868021
37.2761553,127.4302527
37.2789804,127.4867141
37.2789351,127.4866201
37.2789062,127.4865163
37.2761553,127.4302527
37.2788899,127.4864081
37.2761553,127.4302527
37.2788779,127.4862991
37.2788642,127.4861904
37.278849,127.486082
37.2761553,127.4302527
37.2786928,127.4859449
37.278849,127.486082
37.2786928,127.4859449
37.2786442,127.4858545
37.2785957,127.4857642
37.2785471,127.4856738
37.2784985,127.4855835
37.2784499,127.4854931
37.2784014,127.4854027
37.2783477,127.4853183
37.2782702,127.4852934
37.27819,127.4853298
37.2781151,127.4853854
37.2780376,127.4853916
37.2779662,127.4853363
37.2779205,127.4852436
37.2778749,127.4851508
37.2779205,127.4852436
37.2779662,127.4853363
37.2780376,127.4853916
37.2780376,127.4853916
37.2779662,127.4853363
37.2779205,127.4852436
37.2778749,127.4851508
37.2779205,127.4852436
37.2779662,127.4853363
37.2780376,127.4853916
37.2781151,127.4853854
37.27819,127.4853298
37.2782702,127.4852934
37.2783477,127.4853183
37.2784014,127.4854027
37.2784499,127.4854931
37.2784985,127.4855835
37.2785471,127.4856738
37.2785957,127.4857642
37.2786442,127.4858545
37.2786928,127.4859449
37.278849,127.486082
37.2788321,127.485974
37.2788152,127.485866
