1,37.272373284282544,127.4347696884041
1,37.272452374828646,127.4348242620098
1,37.2726289571747,127.43482978747808
1,37.27254245974969,127.43482929000915
1,37.27266893309153,127.43473981913074
1,37.27268062278755,127.4345008609206
1,37.27267657175099,127.43462260530364
1,37.272684557860494,127.43441068525564
1,37.27263438233398,127.43433372847363
1,37.27254793454042,127.4343197021397
1,37.27245789922885,127.43430114533058
1,37.27238962061754,127.43424663436545
1,37.2723756675035,127.43412027714905
1,37.27246568630759,127.4341433435279
1,37.27255221681875,127.4341348205884
1,37.272638697713056,127.43413982707935
1,37.272732386725046,127.4341448749734
1,37.272833267315214,127.43415447410037
1,37.27297366023394,127.43420037960531
1,37.273016528456786,127.43430435427616
1,37.273030547563835,127.43441267323875
1,37.27302652972184,127.43452539851226
1,37.27301892427104,127.43463359321495
1,37.27301128559777,127.43475080757126
1,37.27300366337498,127.43486351206508
1,37.27298840203291,127.43509343081799
1,37.27299602447433,127.43498072637226
1,37.27298074632527,127.43521515491209
1,37.27297309049259,127.4353368789803
1,37.27296551747766,127.43543605384745
1,37.27295384248677,127.43567050295998
1,37.272946186186424,127.43579222693411
1,37.27286611642796,127.43600373186271
1,37.27283313168674,127.43615236909002
1,37.27293399547938,127.43616648074088
1,37.273027634534856,127.43618506068383
1,37.27312127358565,127.4362036406739
1,37.273301326937656,127.43624526905876
1,37.273207704515094,127.43622217912167
1,37.273387757857364,127.43626380760028
1,37.27356422374158,127.43630090561209
1,37.27347418877267,127.43628234618515
1,37.27365424208382,127.4363239749599
1,37.273827087257835,127.43636556233302
1,37.273740672984935,127.43634251368184
1,37.27391712220716,127.4363841219498
1,37.274003553094154,127.4364026608079
1,37.27409358803443,127.43642122051419
1,37.27426643315851,127.43646280836107
1,37.2741800022856,127.43644426936682
1,37.274442882319136,127.436504417211
1,37.274352864026966,127.43648134739864
1,37.27452570912055,127.43652293553133
1,37.27461572740135,127.43654600544792
1,37.27470215825053,127.43656454467013
1,37.27478498503809,127.4365830631226
1,37.274871399245114,127.43660611237861
1,37.274957830080325,127.43662465173509
1,37.27513067510169,127.43666624054154
1,37.2750406402191,127.43664768027683
1,37.275217105922835,127.43668478003323
1,37.27529993268274,127.43670329874902
1,37.27538634685697,127.43672634830513
1,37.2755520003536,127.43676338595577
1,37.27546917360744,127.43674486710972
1,37.275717653832956,127.43680042377223
1,37.27563843115201,127.4367819256665
1,37.275804067980665,127.43682347357132
1,37.276002124652045,127.43686971912422
1,37.275904898347825,127.43684660673013
1,37.27617138213884,127.43690677823338
1,37.27608855542575,127.43688825907192
1,37.276337368454456,127.43685361597473
1,37.27629014952898,127.43695256593668
1,37.27629014952898,127.43695256593668
1,37.27624291387021,127.43705602580404
1,37.276199282177515,127.43715950638315
1,37.27612284735287,127.43736201971326
1,37.276159254450846,127.43726300768876
1,37.27609002756193,127.43746556251793
1,37.276024354360175,127.43768166788756
1,37.27605717433935,127.43757812526829
1,37.275995104988844,127.4377942513162
1,37.27596947624998,127.43790234552112
1,37.27594745146858,127.43801046053389
1,37.27592540989724,127.43812308549272
1,37.27588856794546,127.43833935699116
1,37.275906972274804,127.43823573127759
1,37.27587371746921,127.43845653357617
1,37.27585891700271,127.43856018009673
1,37.275840462252845,127.4386773356765
1,37.275825628159886,127.43879000211365
1,37.27579597637848,127.43901082485039
1,37.27581079395994,127.43890266850552
1,37.272373284282544,127.4347696884041
1,37.272373284282544,127.4347696884041
1,37.272373284282544,127.4347696884041
1,37.272373284282544,127.4347696884041
1,37.27286611642796,127.43600373186271
1,37.27391712220716,127.4363841219498
1,37.2741800022856,127.43644426936682
1,37.27452570912055,127.43652293553133
1,37.27478498503809,127.4365830631226
1,37.27513067510169,127.43666624054154
1,37.276337368454456,127.43685361597473
1,37.27702157308749,127.43701091579427
1,37.27874624954878,127.43747191416539
1,37.2796175803245,127.43770698378695
1,37.27970758159999,127.43773456696199
1,37.27979759954651,127.43775763996251
1,37.279902100419754,127.43776275552538
1,37.279988430900126,127.43780835900976
1,37.280064032613424,127.43783134868063
1,37.280143238374315,127.43785435927599
1,37.280229668919645,127.43787290141123
1,37.28025432994628,127.43802639668775
1,37.280272033079,127.43811219623613
1,37.28028965266648,127.43822054717577
1,37.2803108929084,127.43832440879397
1,37.280335737111656,127.43842829137496
1,37.280360564514254,127.43853668429776
1,37.28038175433752,127.43865407692635
1,37.28040297747953,127.43876244906613
1,37.28042420052187,127.43887082126582
1,37.2804454401904,127.43897468324627
1,37.28046662957735,127.43909207612533
1,37.2804806442116,127.43920040662161
1,37.28049467548485,127.43930422687515
1,37.28050146507713,127.4394170258266
1,37.280511841867025,127.43953435603798
1,37.272373284282544,127.4347696884041
1,37.272452374828646,127.4348242620098
1,37.272373284282544,127.4347696884041
1,37.272373284282544,127.4347696884041
1,37.272452374828646,127.4348242620098
1,37.27254245974969,127.43482929000915
1,37.272595396731205,127.43611491838413
1,37.272373284282544,127.4347696884041
1,37.272595396731205,127.43611491838413
1,37.272373284282544,127.4347696884041
1,37.272373284282544,127.4347696884041
1,37.273207704515094,127.43622217912167
1,37.273207704515094,127.43622217912167
1,37.27891133456897,127.46323560538319
1,37.27891133456897,127.46323560538319
1,37.27731740443605,127.44754391758296
1,37.27731740443605,127.44754391758296
1,37.280711858428816,127.46638135977524
1,37.280711858428816,127.46638135977524
1,37.287574521810505,127.49035799144436
1,37.287574521810505,127.49035799144436
1,37.272373284282544,127.4347696884041
1,37.272373284282544,127.4347696884041
1,37.272373284282544,127.4347696884041
1,37.27247155938268,127.44613520228233
1,37.27247155938268,127.44613520228233
1,37.27247155938268,127.44613520228233
1,37.27523393932452,127.45046763463651
1,37.27523393932452,127.45046763463651
1,37.27523393932452,127.45046763463651
1,37.27776587511623,127.45376164831968
1,37.27776587511623,127.45376164831968
1,37.280480756504716,127.45725544595763
1,37.27776587511623,127.45376164831968
1,37.280480756504716,127.45725544595763
1,37.280480756504716,127.45725544595763
1,37.27819176918382,127.4619908802651
1,37.27819176918382,127.4619908802651
1,37.27819176918382,127.4619908802651
1,37.277984159884845,127.46162428313625
1,37.277984159884845,127.46162428313625
1,37.277984159884845,127.46162428313625
1,37.27745434577692,127.46070096807134
1,37.27745434577692,127.46070096807134
1,37.27725750946421,127.46034346403424
1,37.27745434577692,127.46070096807134
1,37.27725750946421,127.46034346403424
1,37.27725750946421,127.46034346403424
1,37.27701147678358,127.45966093040971
1,37.27701147678358,127.45966093040971
1,37.27668469917329,127.45935225329865
1,37.27701147678358,127.45966093040971
1,37.27668469917329,127.45935225329865
1,37.27668469917329,127.45935225329865
1,37.27632674306189,127.45871866037979
1,37.27632674306189,127.45871866037979
1,37.27632674306189,127.45871866037979
1,37.27611908851754,127.45836110124799
1,37.27611908851754,127.45836110124799
1,37.27571101909021,127.45763701252709
1,37.27611908851754,127.45836110124799
1,37.27571101909021,127.45763701252709
1,37.27571101909021,127.45763701252709
1,37.272373284282544,127.4347696884041
1,37.272373284282544,127.4347696884041
1,37.272452374828646,127.4348242620098
1,37.272373284282544,127.4347696884041
1,37.272452374828646,127.4348242620098
1,37.27180695486976,127.43588036760431
1,37.27251310136457,127.43595208715813
1,37.272603153012156,127.43596613613182
1,37.272373284282544,127.4347696884041
1,37.272373284282544,127.4347696884041
1,37.27195844428656,127.43780244568158
1,37.272373284282544,127.4347696884041
1,37.272373284282544,127.4347696884041
1,37.272452374828646,127.4348242620098
1,37.272452374828646,127.4348242620098
1,37.27254245974969,127.43482929000915
1,37.27254245974969,127.43482929000915
1,37.2726289571747,127.43482978747808
1,37.2726289571747,127.43482978747808
1,37.27266893309153,127.43473981913074
1,37.27266893309153,127.43473981913074
1,37.27267657175099,127.43462260530364
1,37.27267657175099,127.43462260530364
1,37.27268062278755,127.4345008609206
1,37.27268062278755,127.4345008609206
1,37.272684557860494,127.43441068525564
1,37.272684557860494,127.43441068525564
1,37.27263438233398,127.43433372847363
1,37.27263438233398,127.43433372847363
1,37.272452374828646,127.4348242620098
1,37.27254245974969,127.43482929000915
1,37.27254793454042,127.4343197021397
1,37.272595396731205,127.43611491838413
1,37.27254793454042,127.4343197021397
1,37.27245789922885,127.43430114533058
1,37.27245789922885,127.43430114533058
1,37.27251310136457,127.43595208715813
1,37.27238962061754,127.43424663436545
1,37.27238962061754,127.43424663436545
1,37.2723756675035,127.43412027714905
1,37.272373284282544,127.4347696884041
1,37.2723756675035,127.43412027714905
1,37.272638697713056,127.43413982707935
1,37.272638697713056,127.43413982707935
1,37.272833267315214,127.43415447410037
1,37.272833267315214,127.43415447410037
1,37.27283313168674,127.43615236909002
1,37.273016528456786,127.43430435427616
1,37.273016528456786,127.43430435427616
1,37.27293399547938,127.43616648074088
1,37.27293399547938,127.43616648074088
1,37.27470215825053,127.43656454467013
1,37.27470215825053,127.43656454467013
1,37.276337368454456,127.43685361597473
1,37.276337368454456,127.43685361597473
1,37.27814133498323,127.43731506514483
1,37.27814133498323,127.43731506514483
1,37.278145305553146,127.43721586285068
1,37.278145305553146,127.43721586285068
1,37.27821760318803,127.43715764785271
1,37.27821760318803,127.43715764785271
1,37.278259602183226,127.43749615920292
1,37.278259602183226,127.43749615920292
1,37.27810105683477,127.43846043221552
1,37.27810105683477,127.43846043221552
1,37.2778727872559,127.43975805231355
1,37.2778727872559,127.43975805231355
1,37.27738279204913,127.44164948294167
1,37.27738279204913,127.44164948294167
1,37.27737159283454,127.44175315193647
1,37.27737112151435,127.44187943456902
1,37.27737159283454,127.44175315193647
1,37.27735973685692,127.4420327145371
1,37.27737112151435,127.44187943456902
1,37.27743521986295,127.4420872782825
1,37.27743521986295,127.4420872782825
1,37.27735973685692,127.4420327145371
1,37.27752543908374,127.44205623450054
1,37.277571870664886,127.44216926113576
1,37.277629249095206,127.44224627029693
1,37.27752543908374,127.44205623450054
1,37.277629249095206,127.44224627029693
1,37.277690214674365,127.44232781077665
1,37.27775116334019,127.44241386150416
1,37.277571870664886,127.44216926113576
1,37.277812095082794,127.44250442249016
1,37.277690214674365,127.44232781077665
1,37.277812095082794,127.44250442249016
1,37.27793040490088,127.44267199341263
1,37.27775116334019,127.44241386150416
1,37.27787306047962,127.44258596337502
1,37.27798776612712,127.44275351345033
1,37.27793040490088,127.44267199341263
1,37.278045127295854,127.44283503361162
1,37.27787306047962,127.44258596337502
1,37.27798776612712,127.44275351345033
1,37.27810607558405,127.4429210851513
1,37.278163419756126,127.44300711570763
1,37.27810607558405,127.4429210851513
1,37.278045127295854,127.44283503361162
1,37.278163419756126,127.44300711570763
1,37.27821715981235,127.44309312526823
1,37.27821715981235,127.44309312526823
1,37.278163419756126,127.44300711570763
1,37.278163419756126,127.44300711570763
1,37.27814842957876,127.44316037596722
1,37.27813003782148,127.4432594933669
1,37.27814842957876,127.44316037596722
1,37.27811161219729,127.44336763099204
1,37.27813003782148,127.4432594933669
1,37.278096790526455,127.44347578970775
1,37.27807836470522,127.44358392723068
1,37.27811161219729,127.44336763099204
1,37.27805273068198,127.44369202239088
1,37.278096790526455,127.44347578970775
1,37.27803071752073,127.44379562850438
1,37.27807836470522,127.44358392723068
1,37.27800501565297,127.44392176404506
1,37.27803071752073,127.44379562850438
1,37.277971817915216,127.4441245293398
1,37.27798298537398,127.44402988015348
1,37.27805273068198,127.44369202239088
1,37.27800501565297,127.44392176404506
1,37.27795699555471,127.44423268770029
1,37.27793856904411,127.44434082483203
1,37.277971817915216,127.4441245293398
1,37.27798298537398,127.44402988015348
1,37.27795699555471,127.44423268770029
1,37.27793856904411,127.44434082483203
1,37.27792014243499,127.44444896191008
1,37.277901732664795,127.44455258881048
1,37.277883305862815,127.44466072578234
1,37.277864878962326,127.4447688627005
1,37.27792014243499,127.44444896191008
1,37.277901732664795,127.44455258881048
1,37.2778428309623,127.44488148847445
1,37.277864878962326,127.4447688627005
1,37.277883305862815,127.44466072578234
1,37.2778428309623,127.44488148847445
1,37.27782438690672,127.44499413539806
1,37.27777688986106,127.44516524400208
1,37.27782438690672,127.44499413539806
1,37.27777688986106,127.44516524400208
1,37.27768690730002,127.44513314261414
1,37.277596890811886,127.44511006151458
1,37.27768690730002,127.44513314261414
1,37.277596890811886,127.44511006151458
1,37.27751408242031,127.44508702291226
1,37.277409785361314,127.44502777628998
1,37.27751408242031,127.44508702291226
1,37.277409785361314,127.44502777628998
1,37.27740217028338,127.44513597610758
1,37.27740217028338,127.44513597610758
1,37.277387363967286,127.44523962335352
1,37.277387363967286,127.44523962335352
1,37.277361745406566,127.44534320685977
1,37.277336109784294,127.44545130038472
1,37.277361745406566,127.44534320685977
1,37.277336109784294,127.44545130038472
1,37.277321269242016,127.4455639676531
1,37.27730646255222,127.44566761470058
1,37.277321269242016,127.4455639676531
1,37.27729163878833,127.44577577179342
1,37.27730646255222,127.44566761470058
1,37.27726596879644,127.44589288523811
1,37.27729163878833,127.44577577179342
1,37.277265000193616,127.44614996009061
1,37.27724390274021,127.44601001986653
1,37.27735148041965,127.4461549806881
1,37.27726596879644,127.44589288523811
1,37.277265000193616,127.44614996009061
1,37.27724390274021,127.44601001986653
1,37.27735148041965,127.4461549806881
1,37.277265000193616,127.44614996009061
1,37.27717491591495,127.44614491823482
1,37.27707762353233,127.44613983385119
1,37.27717491591495,127.44614491823482
1,37.277265000193616,127.44614996009061
1,37.2769947303553,127.44613934463145
1,37.2769947303553,127.44613934463145
1,37.27707762353233,127.44613983385119
1,37.27690825012313,127.44613432407971
1,37.276771279176614,127.44613802587524
1,37.276771279176614,127.44613802587524
1,37.27690825012313,127.44613432407971
1,37.276756454987165,127.44624618210675
1,37.276738043653324,127.446349806961
1,37.276715994158934,127.4464624305829
1,37.276697531594905,127.44657958547988
1,37.276715994158934,127.4464624305829
1,37.276756454987165,127.44624618210675
1,37.276738043653324,127.446349806961
1,37.27665710420373,127.44678681350636
1,37.276697531594905,127.44657958547988
1,37.27664924914331,127.44695815272318
1,37.27665710420373,127.44678681350636
1,37.27664924914331,127.44695815272318
1,37.276645287456354,127.44705284241228
1,37.276645287456354,127.44705284241228
1,37.27663767053495,127.44716104091344
1,37.27663767053495,127.44716104091344
1,37.276645287456354,127.44705284241228
1,37.276645287456354,127.44705284241228
1,37.27664924914331,127.44695815272318
1,37.27664924914331,127.44695815272318
1,37.27665710420373,127.44678681350636
1,37.27665710420373,127.44678681350636
1,37.276487509525516,127.44683993282298
1,37.27639728907445,127.44687097046922
1,37.27630708564048,127.44689749801495
1,37.276487509525516,127.44683993282298
1,37.276220486250914,127.44692404680563
1,37.27639728907445,127.44687097046922
1,37.27630708564048,127.44689749801495
1,37.27613028280317,127.44695057422804
1,37.27604007934855,127.4469771015882
1,37.276220486250914,127.44692404680563
1,37.27594987588701,127.44700362888608
1,37.27613028280317,127.44695057422804
1,37.27577667704621,127.4470567259214
1,37.27586327647001,127.44703017743367
1,37.27604007934855,127.4469771015882
1,37.2756936816671,127.44708329566363
1,37.27577667704621,127.4470567259214
1,37.27594987588701,127.44700362888608
1,37.27586327647001,127.44703017743367
1,37.2756936816671,127.44708329566363
1,37.27561429033283,127.44710988666397
1,37.275524069802145,127.44714092363947
1,37.27561429033283,127.44710988666397
1,37.27534362871369,127.44720299737125
1,37.27543384926243,127.44717196054188
1,37.275524069802145,127.44714092363947
1,37.27534362871369,127.44720299737125
1,37.275253425194286,127.44722952416319
1,37.27543384926243,127.44717196054188
1,37.27517042977151,127.44725609353732
1,37.275253425194286,127.44722952416319
1,37.27508383029019,127.44728264153052
1,37.27517042977151,127.44725609353732
1,37.274990039739485,127.4473046368661
1,37.27508383029019,127.44728264153052
1,37.274903491370694,127.44731765491213
1,37.274990039739485,127.4473046368661
1,37.27481337303103,127.44732163172777
1,37.274903491370694,127.44731765491213
1,37.27481337303103,127.44732163172777
1,37.27469794111512,127.44734800891462
1,37.27469794111512,127.44734800891462
1,37.27468671988792,127.44745618326677
1,37.274668239305036,127.44757784470046
1,37.27465703492361,127.44768150904538
1,37.27468671988792,127.44745618326677
1,37.274668239305036,127.44757784470046
1,37.27464219228099,127.44779417186673
1,37.27462736659516,127.44790232471617
1,37.27465703492361,127.44768150904538
1,37.274612540810764,127.4480104775222
1,37.27459769785581,127.44812314020953
1,37.27464219228099,127.44779417186673
1,37.27458287187017,127.4482312929278
1,37.27462736659516,127.44790232471617
1,37.274612540810764,127.4480104775222
1,37.27459769785581,127.44812314020953
1,37.274568011625,127.44834846544823
1,37.27455318543399,127.44845661807781
1,37.274568011625,127.44834846544823
1,37.27455318543399,127.44845661807781
1,37.27458287187017,127.4482312929278
1,37.27452351566318,127.44867743312663
1,37.27453832496632,127.44857379050569
1,37.27452351566318,127.44867743312663
1,37.27453832496632,127.44857379050569
1,37.27475760806173,127.44872392278909
1,37.27485124501294,127.44874251873674
1,37.27475760806173,127.44872392278909
1,37.27485124501294,127.44874251873674
1,37.27494488195943,127.44876111473161
1,37.27494488195943,127.44876111473161
1,37.27503491485012,127.44877968937895
1,37.27512137788085,127.44878922276492
1,37.275204202661975,127.4488077546988
1,37.27526899008497,127.44883068965274
1,37.27503491485012,127.44877968937895
1,37.27526899008497,127.44883068965274
1,37.27512137788085,127.44878922276492
1,37.275204202661975,127.4488077546988
1,37.27530858334635,127.44884445492384
1,37.27529734364454,127.44895713987856
1,37.27530858334635,127.44884445492384
1,37.27530410698114,127.4490744418088
1,37.27529734364454,127.44895713987856
1,37.27529259323271,127.44925928616784
1,37.27530410698114,127.4490744418088
1,37.27529259323271,127.44925928616784
1,37.27536848367262,127.44920561630295
1,37.27544794391503,127.44916098769316
1,37.27544794391503,127.44916098769316
1,37.27552738702983,127.44912086896977
1,37.275614004013484,127.4490898129513
1,37.27536848367262,127.44920561630295
1,37.27552738702983,127.44912086896977
1,37.27569699982941,127.44906324544372
1,37.275614004013484,127.4490898129513
1,37.27578715241685,127.44905025067905
1,37.27569699982941,127.44906324544372
1,37.27587368384374,127.44904174447704
1,37.27596737204712,127.44904681108918
1,37.27578715241685,127.44905025067905
1,37.27605745619837,127.44905185630654
1,37.276147506131124,127.44906592157015
1,37.27596737204712,127.44904681108918
1,37.27587368384374,127.44904174447704
1,37.276147506131124,127.44906592157015
1,37.27623752184197,127.44908900691217
1,37.27605745619837,127.44905185630654
1,37.276331141596714,127.44911211372184
1,37.276424761345105,127.44913522058988
1,37.27623752184197,127.44908900691217
1,37.276331141596714,127.44911211372184
1,37.276561612574646,127.4491630945251
1,37.276424761345105,127.44913522058988
1,37.276637229172266,127.44918158440703
1,37.276561612574646,127.4491630945251
1,37.27672005386552,127.44920011715888
1,37.276637229172266,127.44918158440703
1,37.27680648260423,127.4492186713693
1,37.27672005386552,127.44920011715888
1,37.27698309815637,127.4492152107426
1,37.27707330208281,127.44918868573895
1,37.27698309815637,127.4492152107426
1,37.27680648260423,127.4492186713693
1,37.27707330208281,127.44918868573895
1,37.277159953289924,127.44914860902767
1,37.27724670714354,127.44908147173275
1,37.2773619853997,127.44909568714863
1,37.277159953289924,127.44914860902767
1,37.27724670714354,127.44908147173275
1,37.2773619853997,127.44909568714863
1,37.27730039143356,127.44918101477258
1,37.277235244705835,127.44925279059372
1,37.27715930290486,127.44931999194742
1,37.277235244705835,127.44925279059372
1,37.27730039143356,127.44918101477258
1,37.27715930290486,127.44931999194742
1,37.277220349188994,127.44937898716954
1,37.277220349188994,127.44937898716954
1,37.27728137831918,127.44944249257115
1,37.277353236687716,127.4495015522807
1,37.27728137831918,127.44944249257115
1,37.27742150810374,127.44955608057687
1,37.277353236687716,127.4495015522807
1,37.277496953331536,127.4496196720379
1,37.27756881160683,127.4496787320855
1,37.2776406527162,127.44974230235104
1,37.27742150810374,127.44955608057687
1,37.277496953331536,127.4496196720379
1,37.2777160978387,127.44980589418351
1,37.27756881160683,127.4496787320855
1,37.2776406527162,127.44974230235104
1,37.277787938876386,127.44986946469452
1,37.27786338392706,127.4499330567786
1,37.2777160978387,127.44980589418351
1,37.27793524203771,127.44999211741242
1,37.277787938876386,127.44986946469452
1,37.27801429106765,127.45005573120157
1,37.27786338392706,127.4499330567786
1,37.27808973601289,127.45011932366332
1,37.27793524203771,127.44999211741242
1,37.27801429106765,127.45005573120157
1,37.27816518092217,127.45018291625243
1,37.278240625795505,127.45024650896889
1,37.27808973601289,127.45011932366332
1,37.27831607063287,127.45031010181272
1,37.278240625795505,127.45024650896889
1,37.27822890422704,127.45048548198514
1,37.27816518092217,127.45018291625243
1,37.27831607063287,127.45031010181272
1,37.27822890422704,127.45048548198514
1,37.278185243674855,127.45059346753641
1,37.278145187072894,127.45070147445095
1,37.278185243674855,127.45059346753641
1,37.27810516472408,127.45080046098568
1,37.278145187072894,127.45070147445095
1,37.278065107934204,127.4509084676746
1,37.27802868946134,127.45100747549677
1,37.278065107934204,127.4509084676746
1,37.27810516472408,127.45080046098568
1,37.27798866685793,127.45110646171491
1,37.2779486269813,127.45120995795028
1,37.27802868946134,127.45100747549677
1,37.27798866685793,127.45110646171491
1,37.27791222545217,127.45130445535214
1,37.27787580664975,127.45140346278063
1,37.2779486269813,127.45120995795028
1,37.27787580664975,127.45140346278063
1,37.27791222545217,127.45130445535214
1,37.27783940496693,127.45149795999707
1,37.27783940496693,127.45149795999707
1,37.27779938195545,127.45159694570444
1,37.277762962909605,127.45169595284224
1,37.27786730819687,127.45174167855991
1,37.27779938195545,127.45159694570444
1,37.27786730819687,127.45174167855991
1,37.277762962909605,127.45169595284224
1,37.27795011523954,127.45176472455063
1,37.27795011523954,127.45176472455063
1,37.27803330092115,127.45168854779003
1,37.278109244044956,127.45162134806189
1,37.27817797903495,127.4515541051402
1,37.27803330092115,127.45168854779003
1,37.27825030083281,127.45149139376328
1,37.27825030083281,127.45149139376328
1,37.278109244044956,127.45162134806189
1,37.27832984789228,127.45142421516864
1,37.27817797903495,127.4515541051402
1,37.27840573927469,127.4513705453624
1,37.27848163063252,127.45131687544894
1,37.27832984789228,127.45142421516864
1,37.27840573927469,127.4513705453624
1,37.27848163063252,127.45131687544894
1,37.27854315735378,127.45124958889038
1,37.272373284282544,127.4347696884041
1,37.278615599318066,127.45115530578362
1,37.27854315735378,127.45124958889038
1,37.27866996941135,127.45107444546183
1,37.278615599318066,127.45115530578362
1,37.27866996941135,127.45107444546183
1,37.27872796068035,127.4509890963574
1,37.27872796068035,127.4509890963574
1,37.27877874379261,127.45090370412402
1,37.27888712290053,127.45083669640978
1,37.27877874379261,127.45090370412402
1,37.27888712290053,127.45083669640978
1,37.27896636041769,127.45085069986919
1,37.27903114738464,127.45087363774478
1,37.27896636041769,127.45085069986919
1,37.27903114738464,127.45087363774478
1,37.27902714818419,127.45097735055322
1,37.27902714818419,127.45097735055322
1,37.279030322614666,127.45109012673942
1,37.279026288842715,127.45120285990728
1,37.27902225496349,127.45131559306202
1,37.279030322614666,127.45109012673942
1,37.279026288842715,127.45120285990728
1,37.27902225496349,127.45131559306202
1,37.2790182381766,127.45142381601721
1,37.27899611503387,127.45155448223959
1,37.2790182381766,127.45142381601721
1,37.27899611503387,127.45155448223959
1,37.27890949746255,127.45158553677666
1,37.27890949746255,127.45158553677666
1,37.27899611503387,127.45155448223959
1,37.27899611503387,127.45155448223959
1,37.279089923487334,127.45152798088023
1,37.27917293699464,127.45149690467755
1,37.279089923487334,127.45152798088023
1,37.27917293699464,127.45149690467755
1,37.27925232924454,127.45147031708167
1,37.2793425508296,127.45143928380035
1,37.27942916835849,127.45140822892249
1,37.27925232924454,127.45147031708167
1,37.279512164633346,127.45138166266818
1,37.2793425508296,127.45143928380035
1,37.27942916835849,127.45140822892249
1,37.279598764948496,127.45135511787751
1,37.27968536525682,127.45132857302697
1,37.279512164633346,127.45138166266818
1,37.27968536525682,127.45132857302697
1,37.279598764948496,127.45135511787751
1,37.27977196555832,127.45130202811657
1,37.27977196555832,127.45130202811657
1,37.27985856585304,127.45127548314629
1,37.27985856585304,127.45127548314629
1,37.2799451661409,127.4512489381162
1,37.2799451661409,127.4512489381162
1,37.28002816237512,127.45122237151111
1,37.280111175793806,127.45119129459685
1,37.28002816237512,127.45122237151111
1,37.280111175793806,127.45119129459685
1,37.27216364049633,127.43591399309146
1,37.272019047471034,127.43406862089714
1,37.27192899557429,127.43405457429674
1,37.27180695486976,127.43588036760431
1,37.28019777606033,127.45116474938436
1,37.27169147709842,127.43787305749933
1,37.28028798036676,127.45113822562327
1,37.28037818466629,127.4511117017999
1,37.28019777606033,127.45116474938436
1,37.28028798036676,127.45113822562327
1,37.280464784912304,127.4510851564054
1,37.28037818466629,127.4511117017999
1,37.28055136796517,127.45106312122913
1,37.280464784912304,127.4510851564054
1,37.280670404617446,127.45103676928044
1,37.28055136796517,127.45106312122913
1,37.280670404617446,127.45103676928044
1,37.28064558869232,127.45092837192388
1,37.28062437671402,127.45081999613389
1,37.28064558869232,127.45092837192388
1,37.28062437671402,127.45081999613389
1,37.272373284282544,127.4347696884041
1,37.28061037272953,127.45071166338612
1,37.28059278176759,127.45059879891066
1,37.28061037272953,127.45071166338612
1,37.28057162097924,127.45047689244704
1,37.28059278176759,127.45059879891066
1,37.280550408585796,127.45036851688577
1,37.28057162097924,127.45047689244704
1,37.280550408585796,127.45036851688577
1,37.28052907599788,127.450291713325
1,37.28049699983348,127.4501968043035
1,37.28052907599788,127.450291713325
1,37.28049699983348,127.4501968043035
1,37.28052620954283,127.4500977499391
1,37.28052620954283,127.4500977499391
1,37.28057659760198,127.45011609152591
1,37.28064481722074,127.45018415358224
1,37.28057659760198,127.45011609152591
1,37.28064481722074,127.45018415358224
1,37.28074219509897,127.45016669200697
1,37.280825088177686,127.45016718570974
1,37.28074219509897,127.45016669200697
1,37.28091161960658,127.45015868027973
1,37.28100175508048,127.450150196296
1,37.280825088177686,127.45016718570974
1,37.28091161960658,127.45015868027973
1,37.281084665307525,127.45014617967483
1,37.28100175508048,127.450150196296
1,37.28117119673145,127.45013767419461
1,37.28117119673145,127.45013767419461
1,37.28125410695583,127.45013365755263
1,37.281084665307525,127.45014617967483
1,37.28134062122555,127.45012966236676
1,37.28125410695583,127.45013365755263
1,37.28134062122555,127.45012966236676
1,37.28152087500476,127.45011720456164
1,37.281434343586994,127.45012571010051
1,37.28161099331667,127.4501132308094
1,37.28161099331667,127.4501132308094
1,37.28152087500476,127.45011720456164
1,37.281434343586994,127.45012571010051
1,37.28169752473118,127.45010472523842
1,37.28169752473118,127.45010472523842
1,37.281784056143955,127.45009621964898
1,37.28187058755497,127.45008771404112
1,37.281784056143955,127.45009621964898
1,37.2819571018147,127.45008371877732
1,37.28204722011926,127.45007974496757
1,37.28187058755497,127.45008771404112
1,37.2819571018147,127.45008371877732
1,37.28213733842238,127.45007577114946
1,37.28204722011926,127.45007974496757
1,37.28213733842238,127.45007577114946
1,37.28222747387325,127.45006728694425
1,37.282317609322284,127.45005880271992
1,37.282407744769465,127.45005031847644
1,37.282317609322284,127.45005880271992
1,37.28222747387325,127.45006728694425
1,37.28250146711238,127.45004636606964
1,37.282407744769465,127.45005031847644
1,37.282595155156805,127.45005143445556
1,37.28250146711238,127.45004636606964
1,37.282595155156805,127.45005143445556
1,37.282570321208894,127.44994754504538
1,37.282570321208894,127.44994754504538
1,37.28257078405262,127.44982576426439
1,37.282571212499946,127.44971300427949
1,37.28257524488594,127.44960026573195
1,37.28257078405262,127.44982576426439
1,37.282571212499946,127.44971300427949
1,37.282575673118494,127.44948750573691
1,37.28257524488594,127.44960026573195
1,37.282579705289834,127.44937476716844
1,37.282583737353875,127.44926202858687
1,37.282575673118494,127.44948750573691
1,37.28258776931063,127.44914928999214
1,37.282579705289834,127.44937476716844
1,37.282583737353875,127.44926202858687
1,37.28258776931063,127.44914928999214
1,37.282591784050005,127.44904106178537
1,37.28259221175003,127.44892830175701
1,37.282596192083666,127.44882909433302
1,37.282591784050005,127.44904106178537
1,37.28259221175003,127.44892830175701
1,37.282596192083666,127.44882909433302
1,37.28261093317804,127.44874348229969
1,37.28261093317804,127.44874348229969
1,37.28269379204864,127.44875299528958
1,37.282780289162446,127.4487535088762
1,37.28269379204864,127.44875299528958
1,37.282780289162446,127.4487535088762
1,37.28286682047327,127.44874500162962
1,37.28296050857807,127.44875006843203
1,37.28296050857807,127.44875006843203
1,37.283050609734225,127.44875060341977
1,37.2831406937896,127.44875564884394
1,37.28286682047327,127.44874500162962
1,37.283050609734225,127.44875060341977
1,37.28323076074349,127.44876520472062
1,37.2831406937896,127.44875564884394
1,37.283320861895334,127.44876573973164
1,37.28323076074349,127.44876520472062
1,37.2834108604427,127.44879333744584
1,37.283320861895334,127.44876573973164
1,37.28348309526451,127.44875317139413
1,37.2834108604427,127.44879333744584
1,37.28348309526451,127.44875317139413
1,37.28347554514778,127.44884333767385
1,37.283478670243404,127.44896965179332
1,37.28347554514778,127.44884333767385
1,37.2834710172916,127.44908688076572
1,37.283478670243404,127.44896965179332
1,37.2834710172916,127.44908688076572
1,37.283470589431964,127.44919964210277
1,37.28346973339045,127.44942516476974
1,37.283473748389675,127.44931693531768
1,37.283470589431964,127.44919964210277
1,37.283462097117415,127.44953788322478
1,37.28346973339045,127.44942516476974
1,37.283473748389675,127.44931693531768
1,37.283462097117415,127.44953788322478
1,37.283458099049795,127.44964160219392
1,37.283458099049795,127.44964160219392
1,37.283450462570904,127.44975432060765
1,37.28344284312667,127.4498625285461
1,37.283450462570904,127.44975432060765
1,37.28344284312667,127.4498625285461
1,37.283464021654446,127.44997992903133
1,37.283464021654446,127.44997992903133
1,37.28355053588863,127.44997593357868
1,37.28355053588863,127.44997593357868
1,37.283637067267414,127.44996742765505
1,37.272069968170236,127.43590443326956
1,37.2837235814988,127.44996343218101
1,37.283637067267414,127.44996742765505
1,37.2837235814988,127.44996343218101
1,37.27181706474884,127.43704848012129
1,37.2838173209647,127.44995496914076
1,37.28390385233843,127.44994646316624
1,37.284087641490615,127.4499520679805
1,37.28399757465557,127.44994251057147
1,37.2838173209647,127.44995496914076
1,37.28390385233843,127.44994646316624
1,37.284087641490615,127.4499520679805
1,37.28399757465557,127.44994251057147
1,37.284091776961894,127.44981226424603
1,37.27193203131627,127.43812249340378
1,37.284107049933695,127.44958682549584
1,37.28409951631327,127.4496724819389
1,37.284091776961894,127.44981226424603
1,37.28411827317668,127.44947863801174
1,37.284129496320965,127.44937045049448
1,37.284107049933695,127.44958682549584
1,37.28411827317668,127.44947863801174
1,37.284148355383095,127.44914954344705
1,37.284129496320965,127.44937045049448
1,37.28409951631327,127.4496724819389
1,37.284148355383095,127.44914954344705
1,37.28415959533782,127.44903684534015
1,37.28414073648565,127.44925775245073
1,37.2841672140336,127.44892863628515
1,37.2841672140336,127.44892863628515
1,37.28415959533782,127.44903684534015
1,37.28414073648565,127.44925775245073
1,37.28417845377836,127.44881593811515
1,37.28418605517435,127.44871223950524
1,37.28419724343082,127.44861307276439
1,37.28418605517435,127.44871223950524
1,37.28420848287568,127.44850037449963
1,37.28417845377836,127.44881593811515
1,37.28421610108179,127.44839216531552
1,37.284238562366916,127.4481712791251
1,37.28422734031668,127.44827946698766
1,37.28419724343082,127.44861307276439
1,37.28420848287568,127.44850037449963
1,37.284368410476816,127.44814498550423
1,37.28421610108179,127.44839216531552
1,37.284238562366916,127.4481712791251
1,37.28422734031668,127.44827946698766
1,37.28445109859428,127.44819960320537
1,37.284368410476816,127.44814498550423
1,37.28445109859428,127.44819960320537
1,37.284533803765456,127.44824971050923
1,37.284533803765456,127.44824971050923
1,37.28462009587624,127.44830434982534
1,37.284702818083936,127.44834994682982
1,37.28462009587624,127.44830434982534
1,37.284702818083936,127.44834994682982
1,37.2847783150951,127.44840001169896
1,37.284857399040156,127.44845460859194
1,37.28493291309425,127.44850016312803
1,37.284857399040156,127.44845460859194
1,37.2847783150951,127.44840001169896
1,37.28493291309425,127.44850016312803
1,37.28502274075331,127.44857286659979
1,37.28502274075331,127.44857286659979
1,37.28507657920231,127.4486318246349
1,37.28507657920231,127.4486318246349
1,37.28514478250664,127.44870440000841
1,37.28514478250664,127.44870440000841
1,37.28507657920231,127.4486318246349
1,37.28502274075331,127.44857286659979
1,37.28507657920231,127.4486318246349
1,37.285059259748614,127.44844678516353
1,37.28502274075331,127.44857286659979
1,37.28509212331322,127.44833421387582
1,37.28509212331322,127.44833421387582
1,37.285059259748614,127.44844678516353
1,37.285121348565845,127.44823064221845
1,37.28514695260658,127.44813155966284
1,37.285179696362995,127.44805056199786
1,37.28514695260658,127.44813155966284
1,37.28521963108438,127.44797411754881
1,37.285179696362995,127.44805056199786
1,37.285121348565845,127.44823064221845
1,37.28521963108438,127.44797411754881
1,37.28529143883853,127.44804671383929
1,37.28536324654636,127.44811931026797
1,37.28543146724168,127.44818737488902
1,37.28529143883853,127.44804671383929
1,37.28536324654636,127.44811931026797
1,37.28543146724168,127.44818737488902
1,37.28550329194124,127.44825546101103
1,37.28557511659989,127.44832354726277
1,37.28550329194124,127.44825546101103
1,37.28557511659989,127.44832354726277
1,37.28566175034326,127.44828797573327
1,37.28566175034326,127.44828797573327
1,37.285748537800174,127.44821180881326
1,37.28580278634003,127.44816251292721
1,37.285748537800174,127.44821180881326
1,37.28580278634003,127.44816251292721
1,37.28586788114558,127.44810425989021
1,37.286005312902404,127.44797877503596
1,37.28586788114558,127.44810425989021
1,37.28593659704064,127.44804151752001
1,37.286005312902404,127.44797877503596
1,37.286077649844195,127.44791154319041
1,37.28593659704064,127.44804151752001
1,37.28614996968174,127.44784882183065
1,37.28622228948595,127.4477861003512
1,37.286077649844195,127.44791154319041
1,37.28614996968174,127.44784882183065
1,37.28629100521207,127.44772335739897
1,37.28622228948595,127.4477861003512
1,37.28636334200856,127.44765612505606
1,37.28643205766572,127.44759338186913
1,37.28629100521207,127.44772335739897
1,37.286580335117335,127.44745893789701
1,37.286507998433,127.44752617062078
1,37.28636334200856,127.44765612505606
1,37.28643205766572,127.44759338186913
1,37.28665265471448,127.44739621568931
1,37.286507998433,127.44752617062078
1,37.286580335117335,127.44745893789701
1,37.28677549908901,127.44731574944235
1,37.28665265471448,127.44739621568931
1,37.28686602630312,127.44720351636185
1,37.28677549908901,127.44731574944235
1,37.28686602630312,127.44720351636185
1,37.286941966848545,127.44713630433787
1,37.272373284282544,127.4347696884041
1,37.287010699266474,127.44706904953436
1,37.286941966848545,127.44713630433787
1,37.28708303569081,127.447001815928
1,37.287010699266474,127.44706904953436
1,37.28708303569081,127.447001815928
1,37.28715897612152,127.44693460350938
1,37.28723131246937,127.44686736964306
1,37.28715897612152,127.44693460350938
1,37.27259802692723,127.43343604775008
1,37.28723131246937,127.44686736964306
1,37.28730002770775,127.44680462502201
1,37.28737595100194,127.44674192290132
1,37.28744827021822,127.44667919935091
1,37.28737595100194,127.44674192290132
1,37.28730002770775,127.44680462502201
1,37.27268062278755,127.4345008609206
1,37.28751695131693,127.44662547577268
1,37.28744827021822,127.44667919935091
1,37.28751695131693,127.44662547577268
1,37.27267824023949,127.43612892598809
1,37.28758204536449,127.44656722009753
1,37.28758204536449,127.44656722009753
1,37.28751695131693,127.44662547577268
1,37.28744827021822,127.44667919935091
1,37.28737595100194,127.44674192290132
1,37.28730002770775,127.44680462502201
1,37.28751695131693,127.44662547577268
1,37.28744827021822,127.44667919935091
1,37.28737595100194,127.44674192290132
1,37.28730002770775,127.44680462502201
1,37.28723131246937,127.44686736964306
1,37.28715897612152,127.44693460350938
1,37.28708303569081,127.447001815928
1,37.28723131246937,127.44686736964306
1,37.287010699266474,127.44706904953436
1,37.28715897612152,127.44693460350938
1,37.28708303569081,127.447001815928
1,37.286941966848545,127.44713630433787
1,37.287010699266474,127.44706904953436
1,37.28686602630312,127.44720351636185
1,37.286941966848545,127.44713630433787
1,37.28686602630312,127.44720351636185
1,37.28677549908901,127.44731574944235
1,37.28677549908901,127.44731574944235
1,37.272373284282544,127.4347696884041
1,37.27228563215626,127.43410172062143
1,37.28671095012774,127.44722966311855
1,37.27276599708806,127.43382486372938
1,37.28671095012774,127.44722966311855
1,37.2866463840627,127.44714808758599
1,37.286581800903264,127.44707102283326
1,37.2866463840627,127.44714808758599
1,37.273016528456786,127.43430435427616
1,37.286517251759086,127.44698493693903
1,37.28645627253529,127.44690789377178
1,37.286581800903264,127.44707102283326
1,37.28639527623242,127.44683536135832
1,37.28645627253529,127.44690789377178
1,37.286517251759086,127.44698493693903
1,37.27297309049259,127.4353368789803
1,37.28626243730901,127.44669925421469
1,37.286327037743405,127.44677180769827
1,37.28639527623242,127.44683536135832
1,37.28620147491274,127.44661770091994
1,37.286327037743405,127.44677180769827
1,37.28626243730901,127.44669925421469
1,37.28620147491274,127.44661770091994
1,37.28615491162431,127.44654074355739
1,37.28615537100065,127.4464189569433
1,37.28615491162431,127.44654074355739
1,37.28615537100065,127.4464189569433
1,37.28615491162431,127.44654074355739
1,37.27188601284689,127.43789673345356
1,37.28615491162431,127.44654074355739
1,37.286057721506545,127.446508594285
1,37.286057721506545,127.446508594285
1,37.28596403333797,127.4465035300134
1,37.28578393314269,127.44647540172677
1,37.28596403333797,127.4465035300134
1,37.28587400025607,127.44648495525423
1,37.28569748708588,127.44646135892779
1,37.28578393314269,127.44647540172677
1,37.285618232104945,127.44645186932864
1,37.28587400025607,127.44648495525423
1,37.28569748708588,127.44646135892779
1,37.285531769030385,127.44644233716743
1,37.285618232104945,127.44645186932864
1,37.285531769030385,127.44644233716743
1,37.28543451082771,127.44642823058409
1,37.28543451082771,127.44642823058409
1,37.28534446071346,127.44641416661811
1,37.28525441059597,127.44640010268675
1,37.272373284282544,127.4347696884041
1,37.28516436047521,127.44638603878997
1,37.285081501434,127.4463765280545
1,37.28534446071346,127.44641416661811
1,37.28525441059597,127.44640010268675
1,37.285081501434,127.4463765280545
1,37.28500226344603,127.44636252808162
1,37.28496275500413,127.44632620956887
1,37.28516436047521,127.44638603878997
1,37.28500226344603,127.44636252808162
1,37.28490860927011,127.44634844299313
1,37.28496275500413,127.44632620956887
1,37.28490860927011,127.44634844299313
1,37.272373284282544,127.4347696884041
1,37.272373284282544,127.4347696884041
1,37.27196603594928,127.43769876261729
1,37.28496275500413,127.44632620956887
1,37.272199167791484,127.4340922044113
1,37.28496275500413,127.44632620956887
1,37.28500226344603,127.44636252808162
1,37.285081501434,127.4463765280545
1,37.272373284282544,127.4347696884041
1,37.28516436047521,127.44638603878997
1,37.28500226344603,127.44636252808162
1,37.285081501434,127.4463765280545
1,37.27293399547938,127.43616648074088
1,37.28516436047521,127.44638603878997
1,37.285081501434,127.4463765280545
1,37.28500226344603,127.44636252808162
1,37.27271949133277,127.4337298886398
1,37.28496275500413,127.44632620956887
1,37.285081501434,127.4463765280545
1,37.28500226344603,127.44636252808162
1,37.28496275500413,127.44632620956887
1,37.28490860927011,127.44634844299313
1,37.28481857614492,127.44632986869078
1,37.28490860927011,127.44634844299313
1,37.28472852600811,127.44631580496403
1,37.28481857614492,127.44632986869078
1,37.28472852600811,127.44631580496403
1,37.28464564994748,127.4463108048906
1,37.284555599805415,127.44629674122083
1,37.28464564994748,127.4463108048906
1,37.284555599805415,127.44629674122083
1,37.272373284282544,127.4347696884041
1,37.28448358689862,127.44627827348482
1,37.27247812856142,127.43271377609389
1,37.28440426386225,127.44628682628684
1,37.28448358689862,127.44627827348482
1,37.28440426386225,127.44628682628684
1,37.284415484094474,127.44617863785672
1,37.284426704228,127.44607044939349
1,37.284415484094474,127.44617863785672
1,37.284426704228,127.44607044939349
1,37.28443430322244,127.4459667501424
1,37.28444552316263,127.44585856161882
1,37.28443430322244,127.4459667501424
1,37.28444552316263,127.44585856161882
1,37.28445313895728,127.44575035180453
1,37.28446437568133,127.44563765270495
1,37.28447561229827,127.44552495357073
1,37.28445313895728,127.44575035180453
1,37.2844868318354,127.44541676491833
1,37.28447561229827,127.44552495357073
1,37.28446437568133,127.44563765270495
1,37.2844868318354,127.44541676491833
1,37.28449806824241,127.44530406571569
1,37.28449806824241,127.44530406571569
1,37.28450570049523,127.44519134524748
1,37.28450570049523,127.44519134524748
1,37.28437972847869,127.44514549706491
1,37.28428607413751,127.44513141360711
1,37.28437972847869,127.44514549706491
1,37.28428607413751,127.44513141360711
1,37.284199627887574,127.44511737263973
1,37.2841131646737,127.44510784219976
1,37.284199627887574,127.44511737263973
1,37.28403751359993,127.44509837546106
1,37.284001659680314,127.4450485478354
1,37.28401287877894,127.44494035978562
1,37.2841131646737,127.44510784219976
1,37.28403751359993,127.44509837546106
1,37.28401287877894,127.44494035978562
1,37.283948192411586,127.44489036252115
1,37.284001659680314,127.4450485478354
1,37.28385452107862,127.44488078994408
1,37.283948192411586,127.44489036252115
1,37.28385452107862,127.44488078994408
1,37.283775299837096,127.44486228130383
1,37.283743270191,127.44475383903412
1,37.283775299837096,127.44486228130383
1,37.283743270191,127.44475383903412
1,37.283714844492636,127.44464541805975
1,37.28368281464637,127.44453697596693
1,37.28368281464637,127.44453697596693
1,37.28365799279594,127.444428576353
1,37.283714844492636,127.44464541805975
1,37.28365799279594,127.444428576353
1,37.28362958372821,127.44431564515467
1,37.283597536651236,127.44421171378534
1,37.28362958372821,127.44431564515467
1,37.28351136106775,127.44412550666145
1,37.283597536651236,127.44421171378534
1,37.28342132755304,127.44410693536422
1,37.28351136106775,127.44412550666145
1,37.28342132755304,127.44410693536422
1,37.2833313109554,127.444083853664
1,37.283255693624405,127.44406536716787
1,37.2833313109554,127.444083853664
1,37.283255693624405,127.44406536716787
1,37.2829089580474,127.44330105156003
1,37.2829089580474,127.44330105156003
1,37.28271724264286,127.44155886968701
1,37.28271724264286,127.44155886968701
1,37.272373284282544,127.4347696884041
1,37.28246709452405,127.44098457516101
1,37.28246709452405,127.44098457516101
1,37.28224458664516,127.43976093587308
1,37.28224458664516,127.43976093587308
1,37.272452374828646,127.4348242620098
1,37.272452374828646,127.4348242620098
1,37.27233658551207,127.43592851989139
1,37.272595396731205,127.43611491838413
1,37.28228823736341,127.43965293818835
1,37.28228823736341,127.43965293818835
1,37.28191712059452,127.4396237165984
1,37.28191712059452,127.4396237165984
1,37.28184284199439,127.43924440593892
1,37.28184284199439,127.43924440593892
1,37.28174336690559,127.43690741270689
1,37.272373284282544,127.4347696884041
1,37.28174336690559,127.43690741270689
1,37.27202337826391,127.43681064938218
1,37.281783793729915,127.43669565494434
1,37.281783793729915,127.43669565494434
1,37.28176643890549,127.43651513644963
1,37.28176643890549,127.43651513644963
1,37.272373284282544,127.4347696884041
1,37.272069968170236,127.43590443326956
1,37.281865277808464,127.43610074483797
1,37.271522153068524,127.4378540375165
1,37.281865277808464,127.43610074483797
1,37.28187007782658,127.4357760192836
1,37.28187007782658,127.4357760192836
1,37.28187449529113,127.43555503210955
1,37.28187449529113,127.43555503210955
1,37.28193348727903,127.43519453481385
1,37.28193348727903,127.43519453481385
1,37.2820606403556,127.43492012809564
1,37.2820606403556,127.43492012809564
1,37.282054624979466,127.43459533942331
1,37.282054624979466,127.43459533942331
1,37.28164325236799,127.43374952011776
1,37.28164325236799,127.43374952011776
1,37.281557416008624,127.43356860977518
1,37.281557416008624,127.43356860977518
1,37.28147513388293,127.43340125153944
1,37.28147513388293,127.43340125153944
1,37.281382121887646,127.4332112799989
1,37.281382121887646,127.4332112799989
1,37.281332044724614,127.43310725307934
1,37.281332044724614,127.43310725307934
1,37.28129274663618,127.4330123089056
1,37.28129274663618,127.4330123089056
1,37.28116005641834,127.43283113192459
1,37.28116005641834,127.43283113192459
1,37.2804482589223,127.4333186869503
1,37.2804482589223,127.4333186869503
1,37.278865682198486,127.43440110298675
1,37.278865682198486,127.43440110298675
1,37.27847541769194,127.43467849628335
1,37.27847541769194,127.43467849628335
1,37.277318820733534,127.43556937335539
1,37.277318820733534,127.43556937335539
1,37.27690276039049,127.43599995190685
1,37.27690276039049,127.43599995190685
1,37.276500632441866,127.43656140026815
1,37.276500632441866,127.43656140026815
1,37.276356204055965,127.43663272832214
1,37.276356204055965,127.43663272832214
1,37.272373284282544,127.4347696884041
1,37.27197989990097,127.4358948942507
1,37.27196603594928,127.43769876261729
1,37.272373284282544,127.4347696884041
1,37.272373284282544,127.4347696884041
1,37.272373284282544,127.4347696884041
1,37.2720574945717,127.43635534898489
1,37.27198125233444,127.43748237687332
1,37.272373284282544,127.4347696884041
1,37.271973644191235,127.43759056975668
1,37.272373284282544,127.4347696884041
1,37.272373284282544,127.4347696884041
1,37.272373284282544,127.4347696884041
1,37.272373284282544,127.4347696884041
1,37.27197989990097,127.4358948942507
1,37.272373284282544,127.4347696884041
1,37.272452374828646,127.4348242620098
1,37.27254245974969,127.43482929000915
1,37.2726289571747,127.43482978747808
1,37.27266893309153,127.43473981913074
1,37.27267657175099,127.43462260530364
1,37.27268062278755,127.4345008609206
1,37.272684557860494,127.43441068525564
1,37.272373284282544,127.4347696884041
1,37.272373284282544,127.4347696884041
1,37.272373284282544,127.4347696884041
1,37.27172701322506,127.4370344300152
1,37.272373284282544,127.4347696884041
1,37.272452374828646,127.4348242620098
1,37.27203860965955,127.43658975350013
1,37.272373284282544,127.4347696884041
1,37.27237447633831,127.43444498278613
1,37.27241888091618,127.43609135070999
1,37.272373284282544,127.4347696884041
1,37.272373284282544,127.4347696884041
1,37.272199167791484,127.4340922044113
1,37.272069968170236,127.43590443326956
1,37.272373284282544,127.4347696884041
1,37.27216364049633,127.43591399309146
1,37.27195844428656,127.43780244568158
1,37.272373284282544,127.4347696884041
1,37.27241888091618,127.43609135070999
1,37.27193963994493,127.43801430063834
1,37.272373284282544,127.4347696884041
1,37.27235562831836,127.4346703692
1,37.27236325035207,127.43455766565026
1,37.27237447633831,127.43444498278613
1,37.27238962061754,127.43424663436545
1,37.27245789922885,127.43430114533058
1,37.27238962061754,127.43424663436545
1,37.2723756675035,127.43412027714905
1,37.273016528456786,127.43430435427616
1,37.27298840203291,127.43509343081799
1,37.27295384248677,127.43567050295998
1,37.27196603594928,127.43769876261729
1,37.27193963994493,127.43801430063834
1,37.27193203131627,127.43812249340378
1,37.27188601284689,127.43789673345356
1,37.271605013055265,127.43786353706092
1,37.271522153068524,127.4378540375165
1,37.271315887533405,127.43807833461933
1,37.27122578606797,127.43807781257607
1,37.27136345772786,127.43788468735164
1,37.272373284282544,127.4347696884041
1,37.27267657175099,127.43462260530364
1,37.27143929307971,127.43784453799381
1,37.27276599708806,127.43382486372938
1,37.27268062278755,127.4345008609206
1,37.27188601284689,127.43789673345356
1,37.27196603594928,127.43769876261729
1,37.272065832643115,127.4360487254851
1,37.272452374828646,127.4348242620098
1,37.27254245974969,127.43482929000915
1,37.2726289571747,127.43482978747808
1,37.27266893309153,127.43473981913074
1,37.27267657175099,127.43462260530364
1,37.27242303310659,127.43594254802134
1,37.271950852533145,127.43790612872417
1,37.27594745146858,127.43801046053389
1,37.27594745146858,127.43801046053389
1,37.27610124062589,127.43833156991973
1,37.27610124062589,127.43833156991973
1,37.27630964936465,127.43947384111706
1,37.27659998171664,127.4389343113524
1,37.27630964936465,127.43947384111706
1,37.27659998171664,127.4389343113524
1,37.27675128512984,127.43895323050698
1,37.27675128512984,127.43895323050698
1,37.272373284282544,127.4347696884041
1,37.276712051077624,127.44174929773527
1,37.27583392107933,127.44429688322136
1,37.27224651724921,127.43591898080703
1,37.276712051077624,127.44174929773527
1,37.27583392107933,127.44429688322136
1,37.27590043512263,127.4438597940226
1,37.27590043512263,127.4438597940226
1,37.275867186761396,127.44407608371866
1,37.271950852533145,127.43790612872417
1,37.275867186761396,127.44407608371866
1,37.275974206342426,127.44340921628996
1,37.275974206342426,127.44340921628996
1,37.272373284282544,127.4347696884041
1,37.27232882928137,127.43607730162375
1,37.271950852533145,127.43790612872417
1,37.272373284282544,127.4347696884041
1,37.272373284282544,127.4347696884041
1,37.272373284282544,127.4347696884041
1,37.272373284282544,127.4347696884041
1,37.272373284282544,127.4347696884041
1,37.272373284282544,127.4347696884041
1,37.272373284282544,127.4347696884041
1,37.272373284282544,127.4347696884041
1,37.27242303310659,127.43594254802134
1,37.27198889370172,127.43736516441595
1,37.272373284282544,127.4347696884041
1,37.27246568630759,127.4341433435279
1,37.27254245974969,127.43482929000915
1,37.272746684125075,127.43613834063963
1,37.27193203131627,127.43812249340378
1,37.272373284282544,127.4347696884041
1,37.272019047471034,127.43406862089714
1,37.27197989990097,127.4358948942507
1,37.27196603594928,127.43769876261729
1,37.272373284282544,127.4347696884041
1,37.27224236509049,127.43606778314997
1,37.271973644191235,127.43759056975668
1,37.272373284282544,127.4347696884041
1,37.272373284282544,127.4347696884041
1,37.2726896172064,127.43597565453896
1,37.272373284282544,127.4347696884041
1,37.272065134824466,127.43623813628429
1,37.27169147709842,127.43787305749933
1,37.272373284282544,127.4347696884041
1,37.272452374828646,127.4348242620098
1,37.27254245974969,127.43482929000915
1,37.2726289571747,127.43482978747808
1,37.27266893309153,127.43473981913074
1,37.27267657175099,127.43462260530364
1,37.27268062278755,127.4345008609206
1,37.272684557860494,127.43441068525564
1,37.27263438233398,127.43433372847363
1,37.272684557860494,127.43441068525564
1,37.27263438233398,127.43433372847363
1,37.27254793454042,127.4343197021397
1,37.27245789922885,127.43430114533058
1,37.27238962061754,127.43424663436545
1,37.2723756675035,127.43412027714905
1,37.27210909936452,127.43408266753204
1,37.272019047471034,127.43406862089714
1,37.271706138988634,127.43389094010833
1,37.27177797224362,127.43395900023535
1,37.271706138988634,127.43389094010833
1,37.27163068510614,127.43382736918812
1,37.27141877252351,127.43362772038414
1,37.272373284282544,127.4347696884041
1,37.27072375029539,127.43347040131513
1,37.26867708893857,127.43333690739341
1,37.269458222579445,127.43162768962146
1,37.26934593751533,127.43178037899044
1,37.26922481441337,127.43237947851145
1,37.2689386434264,127.4327746949479
1,37.268822686862556,127.43294539928081
1,37.26877190011886,127.4330353021156
1,37.26872830493371,127.43312975570049
1,37.26867986745898,127.43356240707968
1,37.26870430297038,127.43377901166635
1,37.26871068471018,127.43400453212729
1,37.26865541648745,127.43433342109343
1,37.26862213593762,127.43456322318916
1,37.268585333688705,127.43477045648422
1,37.26852689013837,127.43498207475334
1,37.268486864323215,127.43508556676858
1,37.26813546285915,127.43557509592924
1,37.268019751231975,127.43567815102813
1,37.26785062583105,127.43560502260446
1,37.267688725091794,127.43552742650634
1,37.266023706024676,127.43452123411527
1,37.26545459493172,127.4344277745024
1,37.272595396731205,127.43611491838413
1,37.27196603594928,127.43769876261729
1,37.272373284282544,127.4347696884041
1,37.272341157778406,127.43271750207232
1,37.272373284282544,127.4347696884041
1,37.272360282146046,127.4324154485656
1,37.27249690695722,127.43250642802573
1,37.272373284282544,127.4347696884041
1,37.272637324801394,127.43353098117588
1,37.27235562831836,127.4346703692
1,37.272373284282544,127.4347696884041
1,37.27141877252351,127.43362772038414
1,37.272373284282544,127.4347696884041
1,37.27283313168674,127.43615236909002
1,37.273387757857364,127.43626380760028
1,37.27356422374158,127.43630090561209
1,37.27216364049633,127.43591399309146
1,37.27293399547938,127.43616648074088
1,37.27365424208382,127.4363239749599
1,37.274442882319136,127.436504417211
1,37.275217105922835,127.43668478003323
1,37.27629014952898,127.43695256593668
1,37.27579597637848,127.43901082485039
1,37.275499368723,127.44123708239847
1,37.2753865163757,127.44153859868439
1,37.276366364839106,127.44166609529528
1,37.27770919525009,127.44207083972957
1,37.27761911077311,127.44206580269822
1,37.27752543908374,127.44205623450054
1,37.272373284282544,127.4347696884041
1,37.272373284282544,127.4347696884041
1,37.272603153012156,127.43596613613182
1,37.272373284282544,127.4347696884041
1,37.272603153012156,127.43596613613182
1,37.272373284282544,127.4347696884041
1,37.272452374828646,127.4348242620098
1,37.27254245974969,127.43482929000915
1,37.27242303310659,127.43594254802134
1,37.27203860965955,127.43658975350013
1,37.27193203131627,127.43812249340378
1,37.271315887533405,127.43807833461933
1,37.27122578606797,127.43807781257607
1,37.272373284282544,127.4347696884041
1,37.272373284282544,127.4347696884041
1,37.272373284282544,127.4347696884041
1,37.272373284282544,127.4347696884041
1,37.272452374828646,127.4348242620098
1,37.27254245974969,127.43482929000915
1,37.272452374828646,127.4348242620098
1,37.27254245974969,127.43482929000915
1,37.2726289571747,127.43482978747808
1,37.27266893309153,127.43473981913074
1,37.27267657175099,127.43462260530364
1,37.27268062278755,127.4345008609206
1,37.272684557860494,127.43441068525564
1,37.27263438233398,127.43433372847363
1,37.27296551747766,127.43543605384745
1,37.272373284282544,127.4347696884041
1,37.27347418877267,127.43628234618515
1,37.272373284282544,127.4347696884041
1,37.27254793454042,127.4343197021397
1,37.27312127358565,127.4362036406739
1,37.27245789922885,127.43430114533058
1,37.27238962061754,127.43424663436545
1,37.27245789922885,127.43430114533058
1,37.27238962061754,127.43424663436545
1,37.2723756675035,127.43412027714905
1,37.272833267315214,127.43415447410037
1,37.27302652972184,127.43452539851226
1,37.27301892427104,127.43463359321495
1,37.27300366337498,127.43486351206508
1,37.27298840203291,127.43509343081799
1,37.27298074632527,127.43521515491209
1,37.27297309049259,127.4353368789803
1,37.27296551747766,127.43543605384745
1,37.272961482069604,127.43555328879468
1,37.27295384248677,127.43567050295998
1,37.272946186186424,127.43579222693411
1,37.27286611642796,127.43600373186271
1,37.27283313168674,127.43615236909002
1,37.273387757857364,127.43626380760028
1,37.27426643315851,127.43646280836107
1,37.27470215825053,127.43656454467013
1,37.2750406402191,127.43664768027683
1,37.276337368454456,127.43685361597473
1,37.27702157308749,127.43701091579427
1,37.272373284282544,127.4347696884041
1,37.27785436482641,127.43986619045712
1,37.277596890811886,127.44511006151458
1,37.27413420634476,127.44295193442582
1,37.272373284282544,127.4347696884041
1,37.272373284282544,127.4347696884041
1,37.272373284282544,127.4347696884041
1,37.272373284282544,127.4347696884041
1,37.273387757857364,127.43626380760028
1,37.272373284282544,127.4347696884041
1,37.27293399547938,127.43616648074088
1,37.272373284282544,127.4347696884041
1,37.272373284282544,127.4347696884041
1,37.272452374828646,127.4348242620098
1,37.272373284282544,127.4347696884041
1,37.27201577073385,127.43691884239954
1,37.272373284282544,127.4347696884041
1,37.272373284282544,127.4347696884041
1,37.27232882928137,127.43607730162375
1,37.27232882928137,127.43607730162375
1,37.27198889370172,127.43736516441595
1,37.27198889370172,127.43736516441595
1,37.272373284282544,127.4347696884041
1,37.272373284282544,127.4347696884041
1,37.272452374828646,127.4348242620098
1,37.272373284282544,127.4347696884041
1,37.272373284282544,127.4347696884041
1,37.2720574945717,127.43635534898489
1,37.272373284282544,127.4347696884041
1,37.272373284282544,127.4347696884041
1,37.272452374828646,127.4348242620098
1,37.272373284282544,127.4347696884041
1,37.272452374828646,127.4348242620098
1,37.27254245974969,127.43482929000915
1,37.272373284282544,127.4347696884041
1,37.272373284282544,127.4347696884041
1,37.27232882928137,127.43607730162375
1,37.272373284282544,127.4347696884041
1,37.272065832643115,127.4360487254851
1,37.272373284282544,127.4347696884041
1,37.27250534510227,127.43610086923493
1,37.271973644191235,127.43759056975668
1,37.272373284282544,127.4347696884041
1,37.272595396731205,127.43611491838413
1,37.271973644191235,127.43759056975668
1,37.272373284282544,127.4347696884041
1,37.272373284282544,127.4347696884041
1,37.27233658551207,127.43592851989139
1,37.27200052207218,127.43714424791888
1,37.27181706474884,127.43704848012129
1,37.27138257111842,127.43661302433235
1,37.27046966604754,127.43592226599647
1,37.271377569335066,127.43699182164241
1,37.27193203131627,127.43812249340378
1,37.272373284282544,127.4347696884041
1,37.272746684125075,127.43613834063963
1,37.272373284282544,127.4347696884041
1,37.273042582414725,127.43604082900015
1,37.272373284282544,127.4347696884041
1,37.272373284282544,127.4347696884041
1,37.272008146456606,127.43703154517112
1,37.272008146456606,127.43703154517112
1,37.27188601284689,127.43789673345356
1,37.27188601284689,127.43789673345356
1,37.2713522284785,127.43799736816695
1,37.2713522284785,127.43799736816695
1,37.271465431215525,127.43662252249861
1,37.271315887533405,127.43807833461933
1,37.272373284282544,127.4347696884041
1,37.2720574945717,127.43635534898489
1,37.272373284282544,127.4347696884041
1,37.272373284282544,127.4347696884041
1,37.272373284282544,127.4347696884041
1,37.272373284282544,127.4347696884041
1,37.27249690695722,127.43250642802573
1,37.27249690695722,127.43250642802573
1,37.2733991350066,127.43611053473586
1,37.2733991350066,127.43611053473586
1,37.271950852533145,127.43790612872417
1,37.271950852533145,127.43790612872417
1,37.272373284282544,127.4347696884041
1,37.27293399547938,127.43616648074088
1,37.271973644191235,127.43759056975668
1,37.27122578606797,127.43807781257607
1,37.272373284282544,127.4347696884041
1,37.272373284282544,127.4347696884041
1,37.27300366337498,127.43486351206508
1,37.27300366337498,127.43486351206508
1,37.27357198026707,127.4361521214756
1,37.27357198026707,127.4361521214756
1,37.27461572740135,127.43654600544792
1,37.27461572740135,127.43654600544792
1,37.2755520003536,127.43676338595577
1,37.2755520003536,127.43676338595577
1,37.272373284282544,127.4347696884041
1,37.272373284282544,127.4347696884041
1,37.272373284282544,127.4347696884041
1,37.275995104988844,127.4377942513162
1,37.275995104988844,127.4377942513162
1,37.272373284282544,127.4347696884041
1,37.272373284282544,127.4347696884041
1,37.272373284282544,127.4347696884041
1,37.272373284282544,127.4347696884041
1,37.276810187081956,127.43861982073574
1,37.276810187081956,127.43861982073574
1,37.277835959061214,127.43996981842416
1,37.277835959061214,127.43996981842416
1,37.278836654999914,127.44127460362567
1,37.278836654999914,127.44127460362567
1,37.27953469702777,127.44255058940377
1,37.27953469702777,127.44255058940377
1,37.28013600017324,127.4427074621489
1,37.28013600017324,127.4427074621489
1,37.266829989608325,127.43968480858027
1,37.28038962592681,127.44331333755072
1,37.28038962592681,127.44331333755072
1,37.266829989608325,127.43968480858027
1,37.266829989608325,127.43968480858027
1,37.266829989608325,127.43968480858027
1,37.28068345116975,127.4437706102538
1,37.28068345116975,127.4437706102538
1,37.28114600468852,127.44440478446978
1,37.28114600468852,127.44440478446978
1,37.28162615098168,127.44515183119722
1,37.28162615098168,127.44515183119722
1,37.28192877637749,127.4461414051488
1,37.28192877637749,127.4461414051488
1,37.268150291411146,127.44323255468524
1,37.268150291411146,127.44323255468524
1,37.26799598439198,127.44688896225783
1,37.268150291411146,127.44323255468524
1,37.26799598439198,127.44688896225783
1,37.2819508255984,127.44602877367832
1,37.2819508255984,127.44602877367832
1,37.268150291411146,127.44323255468524
1,37.26799598439198,127.44688896225783
1,37.26799598439198,127.44688896225783
1,37.2819692706642,127.44591612087756
1,37.2819692706642,127.44591612087756
1,37.28198768164964,127.44581248875481
1,37.28198768164964,127.44581248875481
1,37.28200973055854,127.44569985709758
1,37.28202815833381,127.44559171449525
1,37.28204658601057,127.44548357183923
1,37.28202815833381,127.44559171449525
1,37.2820686176373,127.4453754503674
1,37.28200973055854,127.44569985709758
1,37.2820686176373,127.4453754503674
1,37.28204658601057,127.44548357183923
1,37.28208704511707,127.44526730759884
1,37.28210186844978,127.44515914354902
1,37.28208704511707,127.44526730759884
1,37.282120261816274,127.44506002142901
1,37.28221774070249,127.44501549063521
1,37.28210186844978,127.44515914354902
1,37.28221774070249,127.44501549063521
1,37.282120261816274,127.44506002142901
1,37.28222159908104,127.4449478561337
1,37.28222159908104,127.4449478561337
1,37.2821279616314,127.44492926297407
1,37.2821279616314,127.44492926297407
1,37.2820415831314,127.44489718118061
1,37.2820415831314,127.44489718118061
1,37.28196599981648,127.44486967346805
1,37.28196599981648,127.44486967346805
1,37.281876000298425,127.44484208096206
1,37.281876000298425,127.44484208096206
1,37.28178598382327,127.44481899887842
1,37.28178598382327,127.44481899887842
1,37.28167791320048,127.44480483149951
1,37.28167791320048,127.44480483149951
1,37.28168916594752,127.44468762603437
1,37.28168916594752,127.44468762603437
1,37.28176243258466,127.44437232532697
1,37.28176243258466,127.44437232532697
1,37.281795715410006,127.44414699821036
1,37.281795715410006,127.44414699821036
1,37.28183615516103,127.4439352443052
1,37.28183615516103,127.4439352443052
1,37.28193552688836,127.44338555131881
1,37.28193552688836,127.44338555131881
1,37.272373284282544,127.4347696884041
1,37.272373284282544,127.4347696884041
1,37.28196868963547,127.44319179580586
1,37.272373284282544,127.4347696884041
1,37.28196868963547,127.44319179580586
1,37.272373284282544,127.4347696884041
1,37.28200885759729,127.44305220680869
1,37.28200885759729,127.44305220680869
1,37.282030920762445,127.44293506391664
1,37.282030920762445,127.44293506391664
1,37.272373284282544,127.4347696884041
1,37.282052966939126,127.44282243132781
1,37.282052966939126,127.44282243132781
1,37.28207137522144,127.44271879830934
1,37.282089817143174,127.44260614448937
1,37.28207137522144,127.44271879830934
1,37.282089817143174,127.44260614448937
1,37.28210824209743,127.44249800098963
1,37.28210824209743,127.44249800098963
1,37.28211945885335,127.44238981524514
1,37.28211945885335,127.44238981524514
1,37.28213786675798,127.44228618202646
1,37.28213786675798,127.44228618202646
1,37.28224125563916,127.44162374605153
1,37.28224125563916,127.44162374605153
1,37.272373284282544,127.4347696884041
1,37.27283313168674,127.43615236909002
1,37.27193203131627,127.43812249340378
1,37.27122578606797,127.43807781257607
1,37.270654004409984,127.43577901539716
1,37.26976589426702,127.4361842832725
1,37.268577751101105,127.4387795083099
1,37.272373284282544,127.4347696884041
1,37.2720574945717,127.43635534898489
1,37.27193203131627,127.43812249340378
1,37.272373284282544,127.4347696884041
1,37.272373284282544,127.4347696884041
1,37.272373284282544,127.4347696884041
1,37.27203860965955,127.43658975350013
1,37.272373284282544,127.4347696884041
1,37.272373284282544,127.4347696884041
1,37.272961482069604,127.43555328879468
1,37.272961482069604,127.43555328879468
1,37.272008146456606,127.43703154517112
1,37.272008146456606,127.43703154517112
1,37.273207704515094,127.43622217912167
1,37.273207704515094,127.43622217912167
1,37.273387757857364,127.43626380760028
1,37.273387757857364,127.43626380760028
1,37.27356422374158,127.43630090561209
1,37.27356422374158,127.43630090561209
1,37.27461572740135,127.43654600544792
1,37.27461572740135,127.43654600544792
1,37.2745334659358,127.43637414952912
1,37.2745334659358,127.43637414952912
1,37.27392738634163,127.43555434342639
1,37.27392738634163,127.43555434342639
1,37.27529293615225,127.43468725731674
1,37.27529293615225,127.43468725731674
1,37.2776956859194,127.43599550488244
1,37.2776956859194,127.43599550488244
1,37.28185820228636,127.4438226123075
1,37.28185820228636,127.4438226123075
1,37.283521540111806,127.45191079028683
1,37.283521540111806,127.45191079028683
1,37.2867915347173,127.45912950575647
1,37.2867915347173,127.45912950575647
1,37.28716875264723,127.463141875689
1,37.28716875264723,127.463141875689
1,37.272373284282544,127.4347696884041
1,37.272373284282544,127.4347696884041
1,37.272373284282544,127.4347696884041
1,37.27007459708027,127.43554567841922
1,37.27007459708027,127.43554567841922
1,37.27007459708027,127.43554567841922
1,37.26857734991993,127.43888773802082
1,37.26857734991993,127.43888773802082
1,37.26857734991993,127.43888773802082
1,37.268161750438026,127.44402180932713
1,37.268161750438026,127.44402180932713
1,37.268161750438026,127.44402180932713
1,37.26991288117228,127.44987672384343
1,37.26991288117228,127.44987672384343
1,37.26991288117228,127.44987672384343
1,37.27352805482383,127.4554725471739
1,37.27352805482383,127.4554725471739
1,37.27352805482383,127.4554725471739
1,37.27239248644942,127.46020109345677
1,37.27239248644942,127.46020109345677
1,37.27239248644942,127.46020109345677
1,37.27442419264948,127.46599078733604
1,37.27442419264948,127.46599078733604
1,37.27442419264948,127.46599078733604
1,37.278309426171575,127.47236065058036
1,37.278309426171575,127.47236065058036
1,37.278309426171575,127.47236065058036
1,37.28585723257489,127.4748706641404
1,37.28585723257489,127.4748706641404
1,37.28585723257489,127.4748706641404
1,37.272373284282544,127.4347696884041
1,37.272373284282544,127.4347696884041
1,37.272373284282544,127.4347696884041
1,37.272373284282544,127.4347696884041
1,37.272373284282544,127.4347696884041
1,37.272373284282544,127.4347696884041
1,37.272373284282544,127.4347696884041
1,37.27232882928137,127.43607730162375
1,37.27232882928137,127.43607730162375
1,37.27232882928137,127.43607730162375
1,37.27232882928137,127.43607730162375
1,37.27232882928137,127.43607730162375
1,37.27232882928137,127.43607730162375
1,37.272373284282544,127.4347696884041
1,37.272373284282544,127.4347696884041
1,37.272373284282544,127.4347696884041
1,37.272373284282544,127.4347696884041
1,37.272373284282544,127.4347696884041
1,37.272373284282544,127.4347696884041
1,37.272373284282544,127.4347696884041
1,37.27312127358565,127.4362036406739
1,37.27312127358565,127.4362036406739
1,37.27312127358565,127.4362036406739
1,37.27312127358565,127.4362036406739
1,37.27312127358565,127.4362036406739
1,37.27312127358565,127.4362036406739
1,37.27312127358565,127.4362036406739
1,37.272373284282544,127.4347696884041
1,37.272373284282544,127.4347696884041
1,37.272373284282544,127.4347696884041
1,37.272373284282544,127.4347696884041
1,37.272373284282544,127.4347696884041
1,37.272373284282544,127.4347696884041
1,37.272373284282544,127.4347696884041
1,37.272373284282544,127.4347696884041
1,37.26395666337863,127.4476001239324
1,37.26395666337863,127.4476001239324
1,37.26395666337863,127.4476001239324
1,37.26395666337863,127.4476001239324
1,37.26395666337863,127.4476001239324
1,37.26395666337863,127.4476001239324
1,37.26395666337863,127.4476001239324
1,37.26395666337863,127.4476001239324
1,37.268003836701475,127.45803681855013
1,37.268003836701475,127.45803681855013
1,37.268003836701475,127.45803681855013
1,37.268003836701475,127.45803681855013
1,37.268003836701475,127.45803681855013
1,37.27730219305521,127.45811570457118
1,37.268003836701475,127.45803681855013
1,37.27730219305521,127.45811570457118
1,37.268003836701475,127.45803681855013
1,37.27730219305521,127.45811570457118
1,37.268003836701475,127.45803681855013
1,37.27730219305521,127.45811570457118
1,37.27730219305521,127.45811570457118
1,37.27730219305521,127.45811570457118
1,37.27730219305521,127.45811570457118
1,37.27730219305521,127.45811570457118
1,37.2784998908693,127.44745620320244
1,37.2784998908693,127.44745620320244
1,37.2784998908693,127.44745620320244
1,37.2784998908693,127.44745620320244
1,37.2784998908693,127.44745620320244
1,37.2784998908693,127.44745620320244
1,37.2784998908693,127.44745620320244
1,37.2784998908693,127.44745620320244
1,37.272373284282544,127.4347696884041
1,37.272373284282544,127.4347696884041
1,37.272373284282544,127.4347696884041
1,37.27313623810089,127.43605489897084
1,37.27313623810089,127.43605489897084
1,37.27436062078802,127.43633256173166
1,37.27436062078802,127.43633256173166
1,37.272373284282544,127.4347696884041
1,37.275717653832956,127.43680042377223
1,37.272373284282544,127.4347696884041
1,37.272373284282544,127.4347696884041
1,37.275717653832956,127.43680042377223
1,37.272373284282544,127.4347696884041
1,37.272373284282544,127.4347696884041
1,37.272373284282544,127.4347696884041
1,37.27702157308749,127.43701091579427
1,37.272373284282544,127.4347696884041
1,37.27702157308749,127.43701091579427
1,37.272373284282544,127.4347696884041
1,37.272373284282544,127.4347696884041
1,37.27831417964782,127.43735665735197
1,37.27831417964782,127.43735665735197
1,37.2796175803245,127.43770698378695
1,37.2796175803245,127.43770698378695
1,37.28091015075076,127.43806177016279
1,37.28091015075076,127.43806177016279
1,37.28222449440409,127.4383761008508
1,37.28222449440409,127.4383761008508
1,37.28353570079393,127.43856412878725
1,37.28353570079393,127.43856412878725
1,37.28694840621177,127.49531124841383
1,37.28694840621177,127.49531124841383
1,37.28694840621177,127.49531124841383
1,37.28699123915408,127.49541076583003
1,37.28699123915408,127.49541076583003
1,37.28699123915408,127.49541076583003
1,37.287030486874684,127.4955057490899
1,37.287030486874684,127.4955057490899
1,37.287030486874684,127.4955057490899
1,37.28707331965129,127.49560526672316
1,37.28707331965129,127.49560526672316
1,37.28707331965129,127.49560526672316
1,37.28710881206946,127.49573631166653
1,37.28710881206946,127.49573631166653
1,37.28710881206946,127.49573631166653
1,37.287237687577075,127.4959446526432
1,37.287237687577075,127.4959446526432
1,37.287237687577075,127.4959446526432
1,37.28727691596032,127.49604414713684
1,37.28727691596032,127.49604414713684
1,37.28727691596032,127.49604414713684
1,37.28731976718474,127.49613915474369
1,37.28731976718474,127.49613915474369
1,37.28731976718474,127.49613915474369
1,37.28735899540245,127.496238649445
1,37.28735899540245,127.496238649445
1,37.28735899540245,127.496238649445
1,37.28739824244979,127.49633363359177
1,37.28739824244979,127.49633363359177
1,37.28739824244979,127.49633363359177
1,37.287433866483276,127.49643310481889
1,37.287433866483276,127.49643310481889
1,37.287433866483276,127.49643310481889
1,37.28747309445094,127.49653259982092
1,37.28747309445094,127.49653259982092
1,37.28747309445094,127.49653259982092
1,37.28751234125948,127.49662758426176
1,37.28751234125948,127.49662758426176
1,37.28751234125948,127.49662758426176
1,37.28739255682941,127.49682978215759
1,37.28739255682941,127.49682978215759
1,37.28739255682941,127.49682978215759
1,37.28743180339961,127.49692476664836
1,37.28743180339961,127.49692476664836
1,37.28743180339961,127.49692476664836
1,37.287471030952176,127.49702426189819
1,37.287471030952176,127.49702426189819
1,37.287471030952176,127.49702426189819
1,37.28751388138265,127.49711927029719
1,37.28751388138265,127.49711927029719
1,37.28751388138265,127.49711927029719
1,37.287549523699305,127.49721423137447
1,37.287549523699305,127.49721423137447
1,37.28751388138265,127.49711927029719
1,37.287549523699305,127.49721423137447
1,37.28751388138265,127.49711927029719
1,37.28751388138265,127.49711927029719
1,37.287549523699305,127.49721423137447
1,37.287549523699305,127.49721423137447
1,37.287549523699305,127.49721423137447
1,37.286768884612634,127.49514768492884
1,37.286768884612634,127.49514768492884
1,37.286768884612634,127.49514768492884
1,37.272373284282544,127.4347696884041
1,37.272373284282544,127.4347696884041
1,37.272373284282544,127.4347696884041
1,37.272373284282544,127.4347696884041
1,37.272373284282544,127.4347696884041
1,37.272373284282544,127.4347696884041
1,37.272373284282544,127.4347696884041
1,37.272373284282544,127.4347696884041
1,37.272373284282544,127.4347696884041
1,37.272373284282544,127.4347696884041
1,37.27302652972184,127.43452539851226
1,37.272373284282544,127.4347696884041
1,37.272373284282544,127.4347696884041
1,37.27302652972184,127.43452539851226
1,37.27302652972184,127.43452539851226
1,37.273876597632864,127.43564425052475
1,37.27302652972184,127.43452539851226
1,37.273876597632864,127.43564425052475
1,37.273876597632864,127.43564425052475
1,37.273876597632864,127.43564425052475
1,37.272373284282544,127.4347696884041
1,37.272373284282544,127.4347696884041
1,37.272373284282544,127.4347696884041
1,37.272373284282544,127.4347696884041
1,37.272373284282544,127.4347696884041
1,37.272946186186424,127.43579222693411
1,37.272946186186424,127.43579222693411
1,37.272946186186424,127.43579222693411
1,37.272946186186424,127.43579222693411
1,37.273838464543566,127.43621228859523
1,37.272946186186424,127.43579222693411
1,37.273838464543566,127.43621228859523
1,37.273838464543566,127.43621228859523
1,37.27470215825053,127.43656454467013
1,37.273838464543566,127.43621228859523
1,37.27470215825053,127.43656454467013
1,37.273838464543566,127.43621228859523
1,37.27470215825053,127.43656454467013
1,37.27470215825053,127.43656454467013
1,37.27470215825053,127.43656454467013
1,37.27566779601011,127.43663777239777
1,37.27566779601011,127.43663777239777
1,37.27566779601011,127.43663777239777
1,37.27566779601011,127.43663777239777
1,37.27566779601011,127.43663777239777
1,37.27534907805115,127.43803405402068
1,37.27534907805115,127.43803405402068
1,37.27534907805115,127.43803405402068
1,37.27534907805115,127.43803405402068
1,37.27534907805115,127.43803405402068
1,37.272373284282544,127.4347696884041
1,37.272373284282544,127.4347696884041
1,37.272373284282544,127.4347696884041
1,37.272373284282544,127.4347696884041
1,37.276337368454456,127.43685361597473
1,37.272373284282544,127.4347696884041
1,37.276337368454456,127.43685361597473
1,37.272373284282544,127.4347696884041
1,37.276337368454456,127.43685361597473
1,37.276337368454456,127.43685361597473
1,37.276337368454456,127.43685361597473
1,37.276337368454456,127.43685361597473
1,37.27979820082813,127.44723837203435
1,37.27979820082813,127.44723837203435
1,37.27979820082813,127.44723837203435
1,37.27979820082813,127.44723837203435
1,37.27979820082813,127.44723837203435
1,37.27979820082813,127.44723837203435
1,37.272373284282544,127.4347696884041
1,37.272452374828646,127.4348242620098
1,37.27254245974969,127.43482929000915
1,37.272373284282544,127.4347696884041
1,37.272373284282544,127.4347696884041
1,37.27299602447433,127.43498072637226
1,37.27297309049259,127.4353368789803
1,37.27299602447433,127.43498072637226
1,37.27297309049259,127.4353368789803
1,37.27299602447433,127.43498072637226
1,37.27297309049259,127.4353368789803
1,37.272373284282544,127.4347696884041
1,37.272373284282544,127.4347696884041
1,37.272373284282544,127.4347696884041
1,37.272373284282544,127.4347696884041
1,37.272373284282544,127.4347696884041
1,37.272373284282544,127.4347696884041
1,37.272373284282544,127.4347696884041
1,37.272373284282544,127.4347696884041
1,37.272373284282544,127.4347696884041
1,37.272373284282544,127.4347696884041
1,37.272373284282544,127.4347696884041
1,37.27413420634476,127.44295193442582
1,37.272373284282544,127.4347696884041
1,37.27413420634476,127.44295193442582
1,37.272373284282544,127.4347696884041
1,37.27413420634476,127.44295193442582
1,37.272373284282544,127.4347696884041
1,37.27413420634476,127.44295193442582
1,37.27413420634476,127.44295193442582
1,37.272373284282544,127.4347696884041
1,37.27413420634476,127.44295193442582
1,37.272373284282544,127.4347696884041
1,37.272373284282544,127.4347696884041
1,37.272373284282544,127.4347696884041
1,37.272373284282544,127.4347696884041
1,37.27232882928137,127.43607730162375
1,37.272373284282544,127.4347696884041
1,37.272069968170236,127.43590443326956
1,37.272373284282544,127.4347696884041
1,37.272008146456606,127.43703154517112
1,37.271785165937,127.43787810994294
1,37.272373284282544,127.4347696884041
1,37.272452374828646,127.4348242620098
1,37.272373284282544,127.4347696884041
1,37.272373284282544,127.4347696884041
1,37.272373284282544,127.4347696884041
1,37.272373284282544,127.4347696884041
1,37.272452374828646,127.4348242620098
1,37.27254245974969,127.43482929000915
1,37.2726289571747,127.43482978747808
1,37.27347418877267,127.43628234618515
1,37.27426643315851,127.43646280836107
1,37.272373284282544,127.4347696884041
1,37.272373284282544,127.4347696884041
1,37.27347418877267,127.43628234618515
1,37.27347418877267,127.43628234618515
1,37.272373284282544,127.4347696884041
1,37.272373284282544,127.4347696884041
1,37.27199650163918,127.43725697148602
1,37.272373284282544,127.4347696884041
1,37.27199650163918,127.43725697148602
1,37.27199650163918,127.43725697148602
1,37.272373284282544,127.4347696884041
1,37.272373284282544,127.4347696884041
1,37.272373284282544,127.4347696884041
1,37.272746684125075,127.43613834063963
1,37.272746684125075,127.43613834063963
1,37.273027634534856,127.43618506068383
1,37.27313623810089,127.43605489897084
1,37.273027634534856,127.43618506068383
1,37.27313623810089,127.43605489897084
1,37.27286611642796,127.43600373186271
1,37.27286611642796,127.43600373186271
1,37.272373284282544,127.4347696884041
1,37.272373284282544,127.4347696884041
1,37.272373284282544,127.4347696884041
1,37.27203098569521,127.43670245634206
1,37.27293399547938,127.43616648074088
1,37.27409358803443,127.43642122051419
1,37.275503668591995,127.43813868163267
1,37.27748617718665,127.44098708766687
1,37.278144381537366,127.44038204529735
1,37.278612656747455,127.44045242744298
1,37.279408581721434,127.44061041599694
1,37.28039486599966,127.44094542257994
1,37.28158681538727,127.44121849258796
1,37.28113507367171,127.44057988667987
1,37.28123949043436,127.44060755788061
1,37.28134389039872,127.44063973949092
1,37.281444669509874,127.44067641051619
1,37.28155629434505,127.44070412399712
1,37.281793993779885,127.44075061456239
1,37.28187324931087,127.4407600976664
1,37.281956125685326,127.44076509144105
1,37.28204619336495,127.44077463763765
1,37.282139898683354,127.44077518411864
1,37.28222994956363,127.44078924073723
1,37.282309154696335,127.44081225510884
1,37.28239553432901,127.44084433236152
1,37.282478461084956,127.44083579507074
1,37.28256859594002,127.44082729980485
1,37.282756040151654,127.44081937208881
1,37.28266231804661,127.44082333595115
1,37.28283532925732,127.44081983455446
1,37.282929101749424,127.44080233940208
1,37.28295825325095,127.4407168094333
1,37.282938357727076,127.44025210935807
1,37.28297153213294,127.44005383942262
1,37.28299805110301,127.43970668313668
1,37.28263779680746,127.43966399264443
1,37.28191712059452,127.4396237165984
1,37.28179833764997,127.43958243157024
1,37.272373284282544,127.4347696884041
1,37.272069968170236,127.43590443326956
1,37.27283313168674,127.43615236909002
1,37.27283313168674,127.43615236909002
1,37.272373284282544,127.4347696884041
1,37.275582807587796,127.43817973107137
1,37.272373284282544,127.4347696884041
1,37.272452374828646,127.4348242620098
1,37.27254245974969,127.43482929000915
1,37.2726289571747,127.43482978747808
1,37.272373284282544,127.4347696884041
1,37.272373284282544,127.4347696884041
1,37.273387757857364,127.43626380760028
1,37.27418417156167,127.43629095332943
1,37.27531848527223,127.43655908365581
1,37.2764994344687,127.43688612351663
1,37.272373284282544,127.4347696884041
1,37.272373284282544,127.4347696884041
1,37.272373284282544,127.4347696884041
1,37.272452374828646,127.4348242620098
1,37.27254245974969,127.43482929000915
1,37.2726289571747,127.43482978747808
1,37.27266893309153,127.43473981913074
1,37.27267657175099,127.43462260530364
1,37.27266893309153,127.43473981913074
1,37.27277966884812,127.43598970357561
1,37.27544364286843,127.44168325481482
1,37.275918861181964,127.44375165967965
1,37.276281638006445,127.44599983237886
1,37.27661632495562,127.44804039319767
1,37.277496953331536,127.4496196720379
1,37.27840573927469,127.4513705453624
1,37.27925082871694,127.45374801101711
1,37.28028379024135,127.4550577072148
1,37.28141080297813,127.45814060652319
1,37.272373284282544,127.4347696884041
1,37.272199167791484,127.4340922044113
1,37.27249818614527,127.43314233168343
1,37.272373284282544,127.4347696884041
1,37.272373284282544,127.4347696884041
1,37.272452374828646,127.4348242620098
1,37.27254245974969,127.43482929000915
1,37.27330910000362,127.43609197557782
1,37.274442882319136,127.436504417211
1,37.27563843115201,127.4367819256665
1,37.27585891700271,127.43856018009673
1,37.27515422700178,127.44390051340963
1,37.275053972381684,127.44468467408672
1,37.27499826747851,127.44512182130312
1,37.27487597271667,127.44601408973958
1,37.27481664185475,127.44645572355346
1,37.274668239305036,127.44757784470046
1,37.27508383029019,127.44728264153052
1,37.2756936816671,127.44708329566363
1,37.27630708564048,127.44689749801495
1,37.27699974436032,127.44672118608501
1,37.277453871777425,127.44671935958262
1,37.27755527869506,127.44658916298039
1,37.277864878962326,127.4447688627005
1,37.27807836470522,127.44358392723068
1,37.27813003782148,127.4432594933669
1,37.27822566730845,127.44274588641089
1,37.2794209805678,127.44308214072747
1,37.27959382307882,127.44312374683535
1,37.279676614948734,127.44315129417856
1,37.27980236834002,127.44325576920922
1,37.27974348710039,127.4435801679411
1,37.279182085188125,127.44431656260089
1,37.27912396323593,127.44443799895896
1,37.27944651491212,127.44492249928186
1,37.27985149943713,127.4455292686734
1,37.279733227696404,127.44535266856481
1,37.27952527842194,127.44506278283507
1,37.27944651491212,127.44492249928186
1,37.27952527842194,127.44506278283507
1,37.27965568543743,127.4448876478871
1,37.27977165904986,127.44471693775198
1,37.27982604171397,127.44463156128704
1,37.27988044125455,127.44454167445696
1,37.27992763262674,127.44445174511284
1,37.28044685290526,127.44439165296136
1,37.28051932329921,127.44428834030934
1,37.272373284282544,127.4347696884041
1,37.272452374828646,127.4348242620098
1,37.27254245974969,127.43482929000915
1,37.2726289571747,127.43482978747808
1,37.27266893309153,127.43473981913074
1,37.27267657175099,127.43462260530364
1,37.27268062278755,127.4345008609206
1,37.272684557860494,127.43441068525564
1,37.27263438233398,127.43433372847363
1,37.272684557860494,127.43441068525564