1,37.272373284282544,127.4347696884041
1,37.240420379403915,127.48365552649679
1,37.240326710813164,127.48364591203868
1,37.240233005398515,127.483645313313
1,37.240142867214864,127.4836537533144
1,37.240233005398515,127.483645313313
1,37.240326710813164,127.48364591203868
1,37.240420379403915,127.48365552649679
1,37.24051044393797,127.48366511795095
1,37.24060775340214,127.48366573973631
1,37.2407374441153,127.48368009243916
1,37.24060775340214,127.48366573973631
1,37.24051044393797,127.48366511795095
1,37.240420379403915,127.48365552649679
2,37.24041888749186,127.4836898903296
2,37.240418910507586,127.48368425549872
2,37.24041219893636,127.48367294265694
1,37.240326710813164,127.48364591203868
1,37.239962572430194,127.48367514109805
1,37.24005633308389,127.48366221632544
1,37.240142867214864,127.4836537533144
1,37.240233005398515,127.483645313313
1,37.240326710813164,127.48364591203868
1,37.240420379403915,127.48365552649679
1,37.240326710813164,127.48364591203868
1,37.240233005398515,127.483645313313
1,37.240142867214864,127.4836537533144
1,37.24005633308389,127.48366221632544
1,37.239962572430194,127.48367514109805
1,37.23987958711262,127.48369715059387
1,37.23978937526719,127.4837236218076
1,37.23970633469463,127.4837591546686
1,37.23962323886104,127.48380821090431
1,37.23954374706147,127.48385729007047
1,37.272373284282544,127.4347696884041
1,37.29342121933644,127.42288209804529
1,37.23946425524124,127.48390636913425
1,37.289252431908935,127.42756814978603
1,37.28556103596775,127.42977103028521
1,37.239388349032644,127.48395997894072
1,37.2856369012356,127.42972184417
1,37.28572000733659,127.42966367774115
1,37.239305234689986,127.484013542551
1,37.28579588893016,127.42960998081176
1,37.28587177049908,127.42955628377506
1,37.23922936528517,127.48405813655138
1,37.28594765204335,127.429502586631
1,37.23914985495228,127.48411172299198
1,37.286034362088984,127.42944444020526
1,37.23907036302502,127.48416080153662
1,37.23899447513199,127.48420990303256
1,37.28328106978465,127.43135479838311
2,37.23899741900632,127.48426119919861
2,37.23898850103612,127.48423860266251
2,37.239060697336264,127.48421089011804
2,37.23899760333602,127.48421612140166
1,37.28146720900248,127.43261187940433
1,37.23907036302502,127.48416080153662
1,37.23899447513199,127.48420990303256
1,37.23891498316338,127.4842589813747
1,37.238835472738494,127.48431256738445
1,37.23875598072672,127.48436164551708
2,37.23875800508324,127.4844174435261
2,37.2387535922108,127.48439487587159
1,37.281550300060154,127.43255822968027
1,37.281626182983146,127.43250453859133
1,37.281709290469,127.43244637827918
1,37.23868009274925,127.48441074661032
1,37.28178517334065,127.43239268696607
1,37.23875598072672,127.48436164551708
1,37.281864660242576,127.43233901616175
1,37.28194414711979,127.4322853452451
1,37.28202363397232,127.43223167421614
1,37.23868009274925,127.48441074661032
1,37.28209591269051,127.43217796185776
1,37.238596996641164,127.48445980147518
1,37.28202363397232,127.43223167421614
1,37.23851748612423,127.4845133870516
1,37.28194414711979,127.4322853452451
1,37.23843799402793,127.48456246476995
1,37.281864660242576,127.43233901616175
1,37.28178517334065,127.43239268696607
1,37.238362105966026,127.48461156545824
1,37.281709290469,127.43244637827918
1,37.281626182983146,127.43250453859133
1,37.281709290469,127.43244637827918
1,37.238282613828396,127.48466064297412
1,37.28178517334065,127.43239268696607
1,37.23819951761499,127.48470969731079
1,37.281864660242576,127.43233901616175
1,37.28194414711979,127.4322853452451
1,37.28202363397232,127.43223167421614
1,37.23812362949114,127.48475879769877
1,37.23804774134665,127.48480789798892
1,37.23797545723671,127.48485702126492
1,37.237903191564,127.48490163673354
1,37.237827321819005,127.48494622902977
1,37.23774782954049,127.4849953058522
1,37.23766833724129,127.48504438257228
1,37.237592430511704,127.48509798998005
1,37.23750573005875,127.48514702029874
1,37.237426219226855,127.48520060439016
1,37.23734312278595,127.48524965758713
1,37.23726728985206,127.48528523385752
1,37.237195060962435,127.48532083316243
2,37.23718188310884,127.48534835889049
1,37.23711560547604,127.48536089385352
1,37.23703980945947,127.48538745458303
1,37.236931484550574,127.48543634555567
1,37.23683764975931,127.48546729823931
2,37.23681175141557,127.48552066189653
1,37.23675102307018,127.4854982970738
1,37.2366644148532,127.48552478819842
1,37.23657422105564,127.4855467485134
1,37.23648764979115,127.48556422426414
1,37.23640107852312,127.48558169997601
1,37.23631092167926,127.48559464491254
1,37.236220764832865,127.48560758981942
1,37.23613423052404,127.48561605020686
1,37.236047696213504,127.48562451057603
1,37.235961180385914,127.48562846332901
1,37.23587466455699,127.48563241607404
1,37.23578814872674,127.48563636881114
1,37.235698047323865,127.48563579083894
1,37.23560792743482,127.48563972044626
1,37.23552143008549,127.48563916559269
1,37.23543132867859,127.48563858762276
1,37.23534484981127,127.48563352521278
1,37.2352583709424,127.48562846281543
1,37.23516828801549,127.48562337731298
1,37.2350817906595,127.4856228224869
1,37.23499170772954,127.48561773700536
1,37.234901606314274,127.48561715907199
1,37.23481150489762,127.4856165811412
1,37.23472500753633,127.48561602633005
1,37.23463490611698,127.48561544840432
1,37.27815904068433,127.42553441788408
1,37.234544804696235,127.48561487048111
1,37.23445830733102,127.4856143156773
1,37.234371791481074,127.48561826837918
1,37.23427808599934,127.48561766734137
1,37.23419158863026,127.48561711253969
1,37.23410148720278,127.48561653462379
1,37.2340149898311,127.48561597982693
1,37.233924888400914,127.4856154019161
1,37.233838391026616,127.4856148471241
1,37.233751893651075,127.48561429233446
1,37.23367260438903,127.4856137837794
1,37.2335933151259,127.48561327522629
1,37.233506817746736,127.48561272044338
1,37.2335933151259,127.48561327522629
2,37.233535964397156,127.48564615073047
1,37.27811976886938,127.425430461293
1,37.278076876696716,127.42533099467629
1,37.27803757229869,127.42523605858989
1,37.27799828402138,127.42513661246029
1,37.27795539159889,127.42503714616845
1,37.2779196910233,127.4249422306462
1,37.23342032036631,127.48561216566284
1,37.233319406754184,127.48561151842186
1,37.233225701255655,127.48561091741527
1,37.23313558133056,127.4856148469567
2,37.233171030463254,127.48564944439235
1,37.23304546140404,127.48561877648997
1,37.23295171893506,127.48562719031797
1,37.23286512912844,127.48564917260029
1,37.23278212488977,127.48567568536012
1,37.23270272470235,127.48570222118227
1,37.232626891591934,127.48573779486911
1,37.23255105847038,127.48577336848541
1,37.2324606981626,127.48583589387039
1,37.23238114999558,127.48589848849264
1,37.232308791415626,127.48596563662721
1,37.23223641429913,127.48603729200974
1,37.23217122675407,127.48611350090437
1,37.232106002151205,127.48619872440403
1,37.232055212227245,127.48627953297837
1,37.23200438522656,127.4863693561679
1,37.231957162216176,127.48645920239134
1,37.23190992062005,127.48655355585844
1,37.2318662644854,127.48665243972461
1,37.23182260826865,127.48675132347611
1,37.23177536644121,127.48684567659164
1,37.23173171006409,127.48694456011177
1,37.23168446808365,127.48703891299236
1,37.23163722602849,127.4871332657547
1,37.231589983898616,127.48722761839876
1,37.23154634575181,127.48732199412022
1,37.231502688979404,127.48742087706368
1,37.231459050679526,127.48751525256378
1,37.231415393746715,127.48761413528055
1,37.23136813267419,127.4877129946686
1,37.23132449414293,127.48780736983089
1,37.23136813267419,127.4877129946686
1,37.231415393746715,127.48761413528055
1,37.23136813267419,127.4877129946686
1,37.23132449414293,127.48780736983089
1,37.231277232910074,127.48790622897843
1,37.231233594225785,127.48800060391493
1,37.23118993689018,127.48809948605435
1,37.23114629805279,127.48819386076948
1,37.23110265914068,127.48828823537528
1,37.23105539750887,127.48838709393011
1,37.231011739852526,127.48848597561151
1,37.23096810070903,127.48858034987947
1,37.23092085743336,127.48867470077865
1,37.2308772181404,127.4887690748235
1,37.23083356016705,127.48886795604953
1,37.23078631666367,127.48896230659997
1,37.230739073085594,127.48905665703215
1,37.2306954334901,127.48915103062804
1,37.23065179381989,127.48924540411458
1,37.230608154074936,127.4893397774918
1,37.23065179381989,127.48924540411458
1,37.2306954334901,127.48915103062804
1,37.23065179381989,127.48924540411458
1,37.230608154074936,127.4893397774918
1,37.23056449562798,127.4894386580338
1,37.23052083709898,127.48953753846115
1,37.230477197122624,127.48963191150499
1,37.23043357570967,127.48972177717334
1,37.23038633153028,127.4898161266878
1,37.230342691333306,127.48991049940182
1,37.230295447004494,127.49000484868425
1,37.23025178800565,127.49010372843021
1,37.23020454352385,127.4901980774777
1,37.23016088436466,127.49029695699232
1,37.23011724378687,127.4903913291454
1,37.23007362180123,127.4904811939449
1,37.23002998107756,127.49057556588194
1,37.229982736222205,127.49066991435599
1,37.22993549129217,127.49076426271178
2,37.229930869483276,127.49079240373621
2,37.22994467652856,127.49072206576612
2,37.22994464151094,127.49073051683435
1,37.229884642230545,127.49085858758679
1,37.22983022640636,127.4909438745088
1,37.22977220646427,127.49102913793743
2,37.22977218777667,127.49103364516333
1,37.22971418646117,127.49111440123518
1,37.22965256234024,127.49119964102351
1,37.22959456091223,127.49128039684038
1,37.22953654072933,127.49136565974509
1,37.22948216194878,127.49144193149262
1,37.22942053759349,127.49152717075268
1,37.22936974405705,127.49160797286626
1,37.22931891304063,127.49169778926817
1,37.22927529007003,127.49178765236161
2,37.22926439367528,127.49180786452115
1,37.22922447763769,127.49187296133734
1,37.272373284282544,127.4347696884041
1,37.272373284282544,127.4347696884041
1,37.272373284282544,127.4347696884041
1,37.272373284282544,127.4347696884041
1,37.272373284282544,127.4347696884041
1,37.272373284282544,127.4347696884041
1,37.272373284282544,127.4347696884041
1,37.272373284282544,127.4347696884041
1,37.2778098420358,127.42441842745248
1,37.27782026608489,127.42452673130666
1,37.277837914335024,127.42463056554918
1,37.277859150372336,127.42473893022316
1,37.27788761061818,127.42484282533401
1,37.2779196910233,127.4249422306462
1,37.27795539159889,127.42503714616845
1,37.27799828402138,127.42513661246029
1,37.27795539159889,127.42503714616845
1,37.2779196910233,127.4249422306462
1,37.27788761061818,127.42484282533401
1,37.2779196910233,127.4249422306462
1,37.27788761061818,127.42484282533401
1,37.277859150372336,127.42473893022316
1,37.277837914335024,127.42463056554918
1,37.27782026608489,127.42452673130666
1,37.2778098420358,127.42441842745248
1,37.277788605703925,127.42431006293648
1,37.277745696418414,127.4242151075108
1,37.27768832233338,127.42413360167842
1,37.277627344129506,127.42405207575183
1,37.277569969929495,127.42397057017061
1,37.27751623203307,127.42388006469623
1,37.27746609812779,127.42378957955542
1,37.27741234394775,127.42370358444072
1,37.27736216148638,127.42362662985362
1,37.27728668599216,127.4235675744126
1,37.277243082182196,127.4236665542182
1,37.277170710374406,127.42374733190718
1,37.277243082182196,127.4236665542182
1,37.27728668599216,127.4235675744126
1,37.277196826489416,127.42349941813455
1,37.27712498725503,127.42343136295842
1,37.27705321249736,127.42334526756781
1,37.27698861354767,127.42326823286429
1,37.27692398229978,127.42320021844934
1,37.27685936713213,127.42312769407624
1,37.2768018955704,127.42307325045145
1,37.276729943265636,127.42303676650585
1,37.27666125654231,127.42309501411694
1,37.27659255366857,127.42315777168116
1,37.27666125654231,127.42309501411694
1,37.276729943265636,127.42303676650585
1,37.2768018955704,127.42307325045145
1,37.27685936713213,127.42312769407624
1,37.27692398229978,127.42320021844934
1,37.27698861354767,127.42326823286429
1,37.27705321249736,127.42334526756781
1,37.27712498725503,127.42343136295842
1,37.277196826489416,127.42349941813455
1,37.27728668599216,127.4235675744126
1,37.27736216148638,127.42362662985362
1,37.27741234394775,127.42370358444072
1,37.27746609812779,127.42378957955542
1,37.27751623203307,127.42388006469623
1,37.27746609812779,127.42378957955542
1,37.27751623203307,127.42388006469623
1,37.277569969929495,127.42397057017061
1,37.27743306405028,127.42395627172039
1,37.277339374601354,127.42395123607805
1,37.27724927306025,127.42395073075922
1,37.27716275942728,127.42395475574747
1,37.27707622964047,127.42396329081456
1,37.27698968369895,127.42397633594493
1,37.27689951753945,127.42399387090856
1,37.27680931906726,127.42402042597362
1,37.27672632871203,127.42404702141013
1,37.27663249385048,127.42408257625574
1,37.2765530913836,127.42411370183908
1,37.27647005252693,127.42415382723792
1,37.2763363790043,127.42424327988881
1,37.27629275846569,127.42434676810029
1,37.27628154205333,127.42445945839269
1,37.27629275846569,127.42434676810029
2,37.276233226868484,127.42423875463932
2,37.276237944067724,127.42417958568718
1,37.2763363790043,127.42424327988881
2,37.27626918667386,127.4242615070902
1,37.27647005252693,127.42415382723792
2,37.27639121770889,127.4241522573749
2,37.276384379292665,127.42417476968757
2,37.276366369082375,127.42417184979595
1,37.2765530913836,127.42411370183908
1,37.27647005252693,127.42415382723792
1,37.2763363790043,127.42424327988881
2,37.27627146951922,127.42425306340907
2,37.27626928769329,127.42423331934802
2,37.276282883737046,127.42421084499568
2,37.27627829784864,127.42423336991169
2,37.276273903884615,127.42420233811147
2,37.27626493413217,127.4241910124552
2,37.276276318028835,127.42415725035941
2,37.27625795428623,127.42425298756007
2,37.27632340923368,127.42421671007294
2,37.276260216927106,127.4242501814277
2,37.27629414643123,127.42421090819695
2,37.27626918667386,127.4242615070902
2,37.27625797449025,127.42424735001246
2,37.27626446943358,127.42432067606127
2,37.27626695433945,127.4242558569002
2,37.27626690382789,127.42426995077082
2,37.27626692403271,127.42426431322258
2,37.276273762465834,127.42424180095304
2,37.27628063119821,127.42421083235543
2,37.27627165134577,127.42420232547147
2,37.27625816641499,127.42419379331008
2,37.27626961091039,127.42414311857213
2,37.27626504523471,127.42416000594025
2,37.27626004518328,127.42429810058344
2,37.27628717667729,127.42427006454892
2,37.2762689745112,127.42432070134831
2,37.27626674217962,127.4243150511566
2,37.27626226741235,127.4243065695481
2,37.2762667825933,127.42430377606019
2,37.27625787346749,127.42427553775036
2,37.27625109564566,127.42428113737095
2,37.27624886331217,127.42427548718172
2,37.27625118656762,127.42425576840913
1,37.27629275846569,127.42434676810029
1,37.27628154205333,127.42445945839269
1,37.27627391342029,127.42457667893109
1,37.27625194932201,127.42467126826776
1,37.2762155527178,127.42477028658074
1,37.276171964094026,127.42486475425375
2,37.27613419428176,127.42484424643473
1,37.2762155527178,127.42477028658074
1,37.276171964094026,127.42486475425375
1,37.27612475514308,127.42496371158707
1,37.27606676631202,127.42505358794932
1,37.276005189548215,127.4251389338823
1,37.275943612723104,127.42522427967613
1,37.27588205204004,127.4253051153158
1,37.27582053992014,127.42537242078981
1,37.2757518034298,127.42544419559638
1,37.2756794790452,127.42551143998361
1,37.275607170835826,127.425574174244
1,37.275524180127924,127.42560076756126
1,37.27543773128267,127.42558675063461
1,37.275347694585406,127.42556820346931
1,37.275268470069996,127.42554971721167
1,37.27518200500243,127.4255402103667
1,37.27513479548965,127.42563916598286
1,37.27509479401884,127.42573816206759
1,37.27505838030445,127.42584168831355
1,37.275025570562015,127.42594523476527
1,37.27499276072937,127.42604878112635
1,37.2749635711037,127.42614783775304
1,37.27493433267831,127.42626042417636
1,37.27490512663309,127.42636399059941
1,37.27486514080576,127.42645847604143
1,37.27481075490595,127.42654837009265
1,37.27474560551248,127.42662467315787
1,37.27468045606995,127.42670097609167
1,37.27461530657832,127.426777278894
1,37.27455376109958,127.426853601914
1,37.274488627774375,127.4269253945261
1,37.27443066999488,127.42700624758125
1,37.27438347553368,127.42710069136648
1,37.27434348912134,127.42719517576383
1,37.274325078169696,127.42730331204204
1,37.27432829149055,127.42741157051994
1,37.27433876169633,127.42750634000254
1,37.274421101273006,127.42766014624821
1,37.2744856647944,127.42774620189955
1,37.274546624190094,127.42783223730204
1,37.274607599824016,127.42791376290569
1,37.27466857540035,127.42799528864077
1,37.27473315498036,127.42807683491488
1,37.27479773450262,127.42815838132829
1,37.274865966971554,127.42822641843837
1,37.274934966099515,127.4280824877013
1,37.27498573279062,127.42799708417458
1,37.27504370754271,127.42791172133272
1,37.27510166593439,127.42783086832678
1,37.27516649013649,127.42784476536998
1,37.27522746575117,127.42792629165704
1,37.27528844130824,127.42800781807553
1,37.27535302086859,127.42808936503408
1,37.275417616683384,127.42816640214632
1,37.275478608385775,127.42824341897418
1,37.27554679183988,127.42832498675912
1,37.275596824357166,127.4284425325411
1,37.27567270548908,127.42838884147187
1,37.27573785600582,127.42831253901024
1,37.27579941872775,127.4282317059928
1,37.27586098139467,127.42815087284369
1,37.27582164661878,127.42806495812705
1,37.27575705074442,127.42798792068574
1,37.2756924548184,127.42791088337613
1,37.2756278588407,127.42783384619821
1,37.27556324651471,127.42776131914658
1,37.27549865043665,127.42768428222826
1,37.275437658368,127.42760726582736
1,37.27536940926125,127.42754373873618
1,37.27529354479507,127.42759292046645
1,37.2752319825042,127.4276737534715
1,37.275170420158325,127.4277545863448
1,37.27510166593439,127.42783086832678
1,37.27504370754271,127.42791172133272
1,37.27498573279062,127.42799708417458
1,37.274934966099515,127.4280824877013
1,37.274865966971554,127.42822641843837
1,37.27493780346087,127.42829447608958
1,37.275009639909364,127.42836253387043
1,37.275081492639025,127.42842608181546
1,37.27515694939375,127.4284896503092
1,37.27522521431777,127.42854866809502
1,37.27529705061351,127.4286167263774
1,37.27536528280785,127.4286847643524
1,37.27543349862699,127.42875731243666
2,37.2754373551252,127.42881201901808
2,37.27544644695782,127.42878952019102
2,37.27544411273863,127.42881205734896
1,37.27547373122829,127.42859517769054
1,37.27553169008216,127.42851432475648
1,37.27547373122829,127.42859517769054
1,37.27543349862699,127.42875731243666
1,37.27549809400212,127.42883435019806
1,37.275559068924586,127.42891587763684
1,37.2756200601332,127.4289928952098
1,37.275673843169855,127.42906987199585
1,37.27573118116595,127.42916039936192
1,37.275673843169855,127.42906987199585
2,37.27569312304107,127.42909535070342
2,37.27569765876777,127.42908692002109
1,37.27573118116595,127.42916039936192
1,37.275784931384806,127.42924639639384
1,37.275853032351804,127.42935051546446
1,37.27590316200904,127.42944100231027
1,37.27594968753608,127.42953146879789
2,37.275939511996754,127.42948010849246
2,37.275939583580346,127.4294603771724
1,37.27590316200904,127.42944100231027
1,37.275853032351804,127.42935051546446
1,37.275784931384806,127.42924639639384
1,37.27573118116595,127.42916039936192
1,37.275673843169855,127.42906987199585
1,37.2756200601332,127.4289928952098
1,37.275559068924586,127.42891587763684
1,37.27549809400212,127.42883435019806
1,37.27543349862699,127.42875731243666
1,37.27536528280785,127.4286847643524
1,37.27529705061351,127.4286167263774
1,37.27522521431777,127.42854866809502
1,37.27515694939375,127.4284896503092
1,37.275081492639025,127.42842608181546
1,37.275009639909364,127.42836253387043
1,37.27493780346087,127.42829447608958
1,37.274865966971554,127.42822641843837
1,37.27479773450262,127.42815838132829
1,37.27473315498036,127.42807683491488
1,37.27466857540035,127.42799528864077
1,37.274607599824016,127.42791376290569
1,37.274546624190094,127.42783223730204
1,37.2744856647944,127.42774620189955
1,37.274421101273006,127.42766014624821
1,37.27433876169633,127.42750634000254
1,37.27432829149055,127.42741157051994
1,37.27433876169633,127.42750634000254
1,37.274421101273006,127.42766014624821
1,37.2744856647944,127.42774620189955
1,37.274546624190094,127.42783223730204
1,37.274607599824016,127.42791376290569
1,37.27466857540035,127.42799528864077
1,37.27473315498036,127.42807683491488
1,37.27479773450262,127.42815838132829
1,37.274865966971554,127.42822641843837
1,37.27493780346087,127.42829447608958
1,37.275009639909364,127.42836253387043
1,37.275081492639025,127.42842608181546
1,37.27515694939375,127.4284896503092
1,37.27522521431777,127.42854866809502
1,37.27529705061351,127.4286167263774
1,37.27536528280785,127.4286847643524
1,37.27543349862699,127.42875731243666
1,37.27549809400212,127.42883435019806
1,37.275559068924586,127.42891587763684
1,37.2756200601332,127.4289928952098
1,37.275673843169855,127.42906987199585
1,37.27573118116595,127.42916039936192
1,37.275784931384806,127.42924639639384
1,37.275853032351804,127.42935051546446
1,37.27590316200904,127.42944100231027
1,37.27594968753608,127.42953146879789
1,37.276039756302424,127.42954100078829
1,37.27611531063396,127.4295775110457
1,37.2762018244327,127.42957349253834
1,37.27631015896604,127.42951547644523
1,37.27637493385274,127.42954290528925
1,37.27645799086332,127.42949827583071
1,37.27653742743535,127.42945813585197
1,37.27662046805271,127.42941801626246
1,37.27669993731354,127.42936885599167
1,37.27677940655354,127.4293196956181
1,37.27685889212731,127.42926602507087
1,37.276938410381064,127.42920333425982
1,37.27701072048263,127.42914060239745
1,37.27708306324535,127.42906885024648
1,37.277144610130776,127.4289925265106
1,37.277209777367744,127.4289117130077
1,37.27726770375443,127.42883987866594
1,37.277325646433276,127.428763534115
1,37.27739081351437,127.42868272022115
1,37.277448772421735,127.42860186531875
1,37.27751392306633,127.42852556126438
1,37.277575485926086,127.4284447265369
1,37.27764065279018,127.42836391210108
1,37.27770581959926,127.42828309752595
1,37.27777816184303,127.42821134389595
1,37.27786480609249,127.4281712427019
1,37.2779585442601,127.42816275320257
1,37.27804496011488,127.42818579385262
1,37.27811684551982,127.42824032391735
1,37.27817800030883,127.42827224207343
1,37.27811684551982,127.42824032391735
1,37.27804496011488,127.42818579385262
1,37.2779585442601,127.42816275320257
1,37.27786480609249,127.4281712427019
1,37.27777816184303,127.42821134389595
1,37.272373284282544,127.4347696884041
1,37.272373284282544,127.4347696884041
1,37.275853032351804,127.42935051546446
1,37.27590316200904,127.42944100231027
1,37.27594968753608,127.42953146879789
1,37.275988972137505,127.4296309144699
1,37.276024652594785,127.4297303397573
1,37.27605674528373,127.42982523462298
1,37.27612478021338,127.429947394694
1,37.27614239095179,127.43006024787802
1,37.27616722608979,127.43016863210157
1,37.27618845706867,127.43027699588191
1,37.27620967155088,127.43038986975377
1,37.27624155048291,127.43054339556161
1,37.27626278111711,127.43065175955054
1,37.27628401165167,127.43076012359944
1,37.276305242086565,127.4308684877083
1,37.28634873278649,127.42922069021691
1,37.28626562690591,127.42927885761225
1,37.28618612505008,127.42933704535638
1,37.28611024358185,127.42939074283449
1,37.286034362088984,127.42944444020526
1,37.28594765204335,127.429502586631
1,37.28587177049908,127.42955628377506
1,37.28579588893016,127.42960998081176
1,37.28572000733659,127.42966367774115
1,37.2856369012356,127.42972184417
1,37.28556103596775,127.42977103028521
1,37.28548153386718,127.42982921697393
1,37.285402048119,127.42988289296035
1,37.285326166400054,127.42993658933852
1,37.28524307654856,127.4299902445962
1,37.28516357433895,127.4300484308117
1,37.28508407210044,127.43010661690535
1,37.28398203050212,127.4308716556231
1,37.28406874122964,127.43081351226502
1,37.28414462335133,127.43075981765227
1,37.28422410950261,127.43070614347218
1,37.28429999157496,127.43065244864229
1,37.284379477676886,127.43059877424004
1,37.28445898016011,127.43054058920175
1,37.28453486215646,127.43048689404036
1,37.2846143481823,127.43043321929886
1,37.284693834183436,127.43037954444505
1,37.2847697161058,127.43032584895668
1,37.28484921845333,127.43026766333352
1,37.28492870437839,127.43021398814047
1,37.2850082066703,127.43015580227834
1,37.28508407210044,127.43010661690535
1,37.28516357433895,127.4300484308117
1,37.28524307654856,127.4299902445962
1,37.285326166400054,127.42993658933852
1,37.285402048119,127.42988289296035
1,37.28548153386718,127.42982921697393
1,37.28556103596775,127.42977103028521
1,37.2856369012356,127.42972184417
1,37.28572000733659,127.42966367774115
1,37.28579588893016,127.42960998081176
1,37.28587177049908,127.42955628377506
1,37.28594765204335,127.429502586631
1,37.286034362088984,127.42944444020526
1,37.28611024358185,127.42939074283449
1,37.28618612505008,127.42933704535638
1,37.28626562690591,127.42927885761225
1,37.28634873278649,127.42922069021691
1,37.28642459782225,127.42917150304204
1,37.28650408324336,127.42911782558843
1,37.28658358499014,127.42905963737108
1,37.28665946630629,127.42900593922734
1,37.28674255570485,127.4289522818926
1,37.28682205736929,127.42889409331912
1,37.2868979386094,127.42884039484129
1,37.28697742387829,127.42878671670657
1,37.287056925460426,127.42872852777965
1,37.28713641067791,127.42867484941549
1,37.2872158958707,127.42862117093897
1,37.28729539737048,127.42856298165592
1,37.28737127845848,127.42850928251241
1,37.28745076357517,127.42845560369659
1,37.28753024866716,127.42840192476841
1,37.28760973373442,127.42834824572789
1,37.287682010670466,127.42829452571999
1,37.28776511606107,127.42823635616239
1,37.28784099699902,127.42818265636025
1,37.28792048196552,127.42812897687057
1,37.2880035872737,127.42807080694905
1,37.288079451824395,127.42802161755412
1,37.28815895302595,127.4279634269813
1,37.28823843789161,127.42790974703742
1,37.288317922732574,127.42785606698119
1,37.28839742385178,127.42779787605218
1,37.288473288287335,127.42774868612962
1,37.288549185300106,127.42769047456973
1,37.288628670040254,127.42763679406433
1,37.288708154755724,127.42758311344656
1,37.28878405168622,127.42752490154093
1,37.288870760746654,127.42746675068553
1,37.28894664133103,127.42741304933224
1,37.28902252189076,127.42735934787159
1,37.289105626815825,127.42730117626338
1,37.28918150732415,127.42724747457846
1,37.28926459591346,127.42719381353854
1,37.28934409670329,127.42713562119022
1,37.289423581188316,127.42708193954213
1,37.2895030819225,127.42702374695476
1,37.289578946031526,127.42697455554288
1,37.289662050765,127.4269163830872
1,37.28974513920186,127.4268627213456
1,37.289662050765,127.4269163830872
1,37.289423581188316,127.42708193954213
1,37.2895030819225,127.42702374695476
1,37.289578946031526,127.42697455554288
1,37.289662050765,127.4269163830872
1,37.28974513920186,127.4268627213456
1,37.289824639826946,127.42680452828219
1,37.289900520107025,127.42675082559234
1,37.28998000441507,127.42669714314815
1,37.290059488698404,127.42664346059156
1,37.29014259326698,127.42658528740532
1,37.29022209375406,127.42652709374664
1,37.29029795765348,127.426477901373
1,37.29038106213964,127.42641972782282
1,37.29046056254433,127.4263615338079
1,37.29054365072579,127.42630787089517
1,37.29062313483004,127.42625418753269
1,37.29069901485719,127.42620048372798
1,37.290782119205204,127.42614230956684
1,37.29086160323331,127.42608862586246
1,37.2909410872367,127.42603494204572
2,37.29099433011655,127.42613730382325
2,37.2910329276522,127.42605294007166
2,37.29099883518187,127.42613732923209
2,37.291053129406116,127.42607278966392
2,37.29099885548243,127.42613169058619
2,37.29099877427858,127.42615424516971
2,37.29109344155284,127.42613786281863
2,37.29101002679106,127.42615712801769
1,37.29069901485719,127.42620048372798
1,37.29082447433577,127.42639065333655
2,37.29088744571413,127.42641863859306
1,37.29029795765348,127.426477901373
1,37.272373284282544,127.4347696884041
1,37.229159323806485,127.4919401477859
1,37.22922447763769,127.49187296133734
1,37.22927529007003,127.49178765236161
1,37.22922447763769,127.49187296133734
1,37.229159323806485,127.4919401477859
1,37.229108473814335,127.49203447089972
1,37.22907556911334,127.49214693973279
1,37.22905708053259,127.49225950218111
2,37.22905514736182,127.4922910407436
2,37.229048296077366,127.49231353272216
2,37.22905508881337,127.49230512568853
1,37.229045799958335,127.49237211144106
1,37.22903451927725,127.49248472066627
1,37.22902325723609,127.49259282267644
2,37.229015554092186,127.49260347740925
1,37.272373284282544,127.4347696884041
1,37.22901197634558,127.4927054318329
1,37.22902325723609,127.49259282267644
1,37.27811684551982,127.42824032391735
1,37.22903451927725,127.49248472066627
1,37.229045799958335,127.49237211144106
1,37.22905708053259,127.49225950218111
1,37.22907556911334,127.49214693973279
1,37.229108473814335,127.49203447089972
1,37.22907556911334,127.49214693973279
1,37.229108473814335,127.49203447089972
1,37.22907556911334,127.49214693973279
1,37.229108473814335,127.49203447089972
1,37.229159323806485,127.4919401477859
1,37.22922447763769,127.49187296133734
1,37.22927529007003,127.49178765236161
1,37.278244808378716,127.42573786183024
1,37.22936974405705,127.49160797286626
1,37.22931891304063,127.49169778926817
1,37.22942053759349,127.49152717075268
1,37.27820193268408,127.42563388472314
1,37.27815904068433,127.42553441788408
1,37.22948216194878,127.49144193149262
1,37.22953654072933,127.49136565974509
1,37.22959456091223,127.49128039684038
1,37.22953654072933,127.49136565974509
1,37.22948216194878,127.49144193149262
1,37.22942053759349,127.49152717075268
1,37.22931891304063,127.49169778926817
1,37.22936974405705,127.49160797286626
1,37.22927529007003,127.49178765236161
1,37.22922447763769,127.49187296133734
1,37.229159323806485,127.4919401477859
1,37.229108473814335,127.49203447089972
1,37.22907556911334,127.49214693973279
1,37.22905708053259,127.49225950218111
1,37.229045799958335,127.49237211144106
1,37.27820193268408,127.42563388472314
1,37.278244808378716,127.42573786183024
1,37.278287683980956,127.42584183905463
1,37.27833417977939,127.425941326544
1,37.27837346737309,127.42604077352887
1,37.27840554676245,127.42614017998058
1,37.2784232098281,127.42623950522521
1,37.27842644032709,127.42634325937198
2,37.27835879516748,127.42636204641865
2,37.27842873550375,127.42633143289007
2,37.27837907815694,127.4263593419143
1,37.22903451927725,127.49248472066627
1,37.22902325723609,127.49259282267644
1,37.22901197634558,127.4927054318329
1,37.22900067659284,127.49282254813338
1,37.22899299954064,127.49293518068022
1,37.22898534114538,127.49304330602531
1,37.22897768265155,127.49315143134743
2,37.228972675461804,127.49316379381138
1,37.27841884230792,127.42645146269467
1,37.27840762387816,127.4265641558217
1,37.278389197221905,127.42667680822719
1,37.27836718265972,127.42678493006545
1,37.278345167999106,127.42689305183983
1,37.27832316950872,127.42699666339064
1,37.278301187200405,127.42709576472203
1,37.27827918853316,127.42719937615196
1,37.27825715721469,127.42731200783187
1,37.2782351583588,127.4274156191368
1,37.2782131268352,127.42752825068618
1,37.27816549200261,127.4277444728907
1,37.27813985610781,127.42785708383794
2,37.27809215122506,127.42784328310731
1,37.22897000528702,127.4932640638232
1,37.22896234659195,127.49337218909884
1,37.228958273073786,127.49348484501382
1,37.228961426345315,127.49359304072378
1,37.228968164784874,127.49370576711496
1,37.228985752870805,127.49380954967853
1,37.22901058657048,127.49390436494646
1,37.228985752870805,127.49380954967853
1,37.228968164784874,127.49370576711496
1,37.228985752870805,127.49380954967853
1,37.22901058657048,127.49390436494646
1,37.228985752870805,127.49380954967853
1,37.228968164784874,127.49370576711496
1,37.228961426345315,127.49359304072378
1,37.228958273073786,127.49348484501382
1,37.22896234659195,127.49337218909884
1,37.22897000528702,127.4932640638232
1,37.22897768265155,127.49315143134743
1,37.22898534114538,127.49304330602531
1,37.22899299954064,127.49293518068022
1,37.22900067659284,127.49282254813338
1,37.22899299954064,127.49293518068022
1,37.22898534114538,127.49304330602531
1,37.22897768265155,127.49315143134743
1,37.22897000528702,127.4932640638232
1,37.22896234659195,127.49337218909884
1,37.228958273073786,127.49348484501382
1,37.228961426345315,127.49359304072378
1,37.228968164784874,127.49370576711496
1,37.278114187494694,127.42797871500112
1,37.27813985610781,127.42785708383794
1,37.27805296740401,127.42796483768113
1,37.277991470103714,127.42802763275239
1,37.277915621771974,127.42807230554047
1,37.277839789733974,127.4281124681093
1,37.27777816184303,127.42821134389595
1,37.27770581959926,127.42828309752595
1,37.27764065279018,127.42836391210108
1,37.277575485926086,127.4284447265369
1,37.27751392306633,127.42852556126438
1,37.277448772421735,127.42860186531875
1,37.228985752870805,127.49380954967853
1,37.22901058657048,127.49390436494646
1,37.229053102039934,127.49408042709179
1,37.22897002071823,127.49412495800458
1,37.229053102039934,127.49408042709179
1,37.22901058657048,127.49390436494646
1,37.228985752870805,127.49380954967853
1,37.228968164784874,127.49370576711496
1,37.228961426345315,127.49359304072378
1,37.228958273073786,127.49348484501382
1,37.22896234659195,127.49337218909884
1,37.22897000528702,127.4932640638232
1,37.22897768265155,127.49315143134743
1,37.22898534114538,127.49304330602531
1,37.22899299954064,127.49293518068022
1,37.22900067659284,127.49282254813338
1,37.22901197634558,127.4927054318329
1,37.22902325723609,127.49259282267644
1,37.22903451927725,127.49248472066627
1,37.229045799958335,127.49237211144106
1,37.22905708053259,127.49225950218111
1,37.22907556911334,127.49214693973279
1,37.229108473814335,127.49203447089972
1,37.229159323806485,127.4919401477859
1,37.22922447763769,127.49187296133734
1,37.22927529007003,127.49178765236161
1,37.22931891304063,127.49169778926817
1,37.22936974405705,127.49160797286626
1,37.22942053759349,127.49152717075268
1,37.22948216194878,127.49144193149262
1,37.22953654072933,127.49136565974509
1,37.22959456091223,127.49128039684038
1,37.22965256234024,127.49119964102351
1,37.22971418646117,127.49111440123518
1,37.22977220646427,127.49102913793743
1,37.22983022640636,127.4909438745088
1,37.229884642230545,127.49085858758679
1,37.22993549129217,127.49076426271178
1,37.229982736222205,127.49066991435599
1,37.23002998107756,127.49057556588194
1,37.23007362180123,127.4904811939449
1,37.23011724378687,127.4903913291454
1,37.23016088436466,127.49029695699232
1,37.23020454352385,127.4901980774777
1,37.23025178800565,127.49010372843021
1,37.230295447004494,127.49000484868425
1,37.230342691333306,127.48991049940182
1,37.23038633153028,127.4898161266878
1,37.23043357570967,127.48972177717334
1,37.230477197122624,127.48963191150499
1,37.23052083709898,127.48953753846115
1,37.23056449562798,127.4894386580338
1,37.230608154074936,127.4893397774918
1,37.23065179381989,127.48924540411458
1,37.2306954334901,127.48915103062804
1,37.230739073085594,127.48905665703215
1,37.23078631666367,127.48896230659997
1,37.23083356016705,127.48886795604953
1,37.2308772181404,127.4887690748235
1,37.23092085743336,127.48867470077865
1,37.23096810070903,127.48858034987947
1,37.231011739852526,127.48848597561151
1,37.23105539750887,127.48838709393011
1,37.23110265914068,127.48828823537528
1,37.23114629805279,127.48819386076948
1,37.23118993689018,127.48809948605435
1,37.231233594225785,127.48800060391493
1,37.231277232910074,127.48790622897843
1,37.23132449414293,127.48780736983089
1,37.23136813267419,127.4877129946686
1,37.231415393746715,127.48761413528055
1,37.231459050679526,127.48751525256378
1,37.231502688979404,127.48742087706368
1,37.23154634575181,127.48732199412022
1,37.231589983898616,127.48722761839876
1,37.23163722602849,127.4871332657547
1,37.23168446808365,127.48703891299236
1,37.23173171006409,127.48694456011177
1,37.23177536644121,127.48684567659164
1,37.23445830733102,127.4856143156773
1,37.234544804696235,127.48561487048111
1,37.23463490611698,127.48561544840432
1,37.23812362949114,127.48475879769877
1,37.23812362949114,127.48475879769877
1,37.240233005398515,127.483645313313
1,37.23804774134665,127.48480789798892
1,37.236220764832865,127.48560758981942
1,37.278252967425864,127.42847111768899
1,37.278827116369996,127.43213672046704
1,37.234371791481074,127.48561826837918
1,37.232055212227245,127.48627953297837
1,37.23078631666367,127.48896230659997
1,37.22896234659195,127.49337218909884
1,37.27890166509163,127.43244835634056
1,37.27894094718889,127.432547807403
1,37.27897300460444,127.43265172750607
1,37.27900147435976,127.43275111686594
1,37.279029911046855,127.43285952669675
1,37.279058347634034,127.43296793660821
1,37.279094025234464,127.43306736749454
1,37.279021366498725,127.43322481144047
1,37.279094025234464,127.43306736749454
1,37.279021366498725,127.43322481144047
2,37.27907520584155,127.43316253966455
2,37.27909556117467,127.43314010482862
2,37.27906844823615,127.43316250093972
2,37.27907089674188,127.4331089552153
2,37.279075226471186,127.43315690191345
1,37.279024574357535,127.43333307684422
1,37.279021366498725,127.43322481144047
2,37.27909334989641,127.433128816416
2,37.27908645820229,127.43316542308199
2,37.27907293267653,127.43316816450724
2,37.279077479006325,127.43315691482157
1,37.279024574357535,127.43333307684422
1,37.279021366498725,127.43322481144047
2,37.27895129577818,127.43316746745296
1,37.279094025234464,127.43306736749454
2,37.27914772013226,127.43304455984277
2,37.27915228707386,127.43302767238151
1,37.239187822795316,127.49151845914412
1,37.23924942841521,127.49143771675901
1,37.239187822795316,127.49151845914412
1,37.239144256088004,127.49159481064243
1,37.23909338764835,127.49169365413655
1,37.239144256088004,127.49159481064243
1,37.239187822795316,127.49151845914412
2,37.2791389574624,127.43297685515186
2,37.2791344627025,127.43297401046847
1,37.279058347634034,127.43296793660821
1,37.279029911046855,127.43285952669675
1,37.27900147435976,127.43275111686594
1,37.279029911046855,127.43285952669675
1,37.279058347634034,127.43296793660821
1,37.279094025234464,127.43306736749454
1,37.27913330680675,127.43316681912759
1,37.27917982942204,127.4332572917658
1,37.27922993951211,127.43335229538718
1,37.27927644546877,127.4334472784671
1,37.27931933077376,127.43354675120713
1,37.27927644546877,127.4334472784671
1,37.27922993951211,127.43335229538718
2,37.279263872002964,127.4333130247421
1,37.27917982942204,127.4332572917658
1,37.27913330680675,127.43316681912759
1,37.27917982942204,127.4332572917658
1,37.27922993951211,127.43335229538718
1,37.27927644546877,127.4334472784671
1,37.27922993951211,127.43335229538718
1,37.27927644546877,127.4334472784671
1,37.27931933077376,127.43354675120713
1,37.27927644546877,127.4334472784671
1,37.279024574357535,127.43333307684422
1,37.279021366498725,127.43322481144047
1,37.279094025234464,127.43306736749454
1,37.27913330680675,127.43316681912759
1,37.27917982942204,127.4332572917658
1,37.27922993951211,127.43335229538718
1,37.27927644546877,127.4334472784671
2,37.2792363358957,127.4334509949812
2,37.27924089257379,127.43343692640697
2,37.27924086160912,127.43344538305185
1,37.27922993951211,127.43335229538718
1,37.27927644546877,127.4334472784671
1,37.27931933077376,127.43354675120713
1,37.279358611938335,127.4336462033829
1,37.27940146402153,127.43375469678276
1,37.279495169469755,127.43375523450906
1,37.27957789747507,127.43380081249735
1,37.279495169469755,127.43375523450906
1,37.27940146402153,127.43375469678276
1,37.279358611938335,127.4336462033829
1,37.27931933077376,127.43354675120713
2,37.27935767342226,127.43353344019219
2,37.27935097775897,127.43351648811954
2,37.27936457555336,127.43349401454357
2,37.27935098808231,127.43351366923383
2,37.27937128154307,127.43350814773085
2,37.27935772504032,127.4335193457624
1,37.279358611938335,127.4336462033829
1,37.27931933077376,127.43354675120713
2,37.27934209149489,127.43348260981911
1,37.279358611938335,127.4336462033829
1,37.27940146402153,127.43375469678276
1,37.27944429947346,127.43386770052739
1,37.27940146402153,127.43375469678276
1,37.279358611938335,127.4336462033829
1,37.27931933077376,127.43354675120713
1,37.27927644546877,127.4334472784671
1,37.27922993951211,127.43335229538718
1,37.27917982942204,127.4332572917658
1,37.27922993951211,127.43335229538718
1,37.27917982942204,127.4332572917658
1,37.27913330680675,127.43316681912759
1,37.279094025234464,127.43306736749454
1,37.279021366498725,127.43322481144047
1,37.279024574357535,127.43333307684422
1,37.279031402687686,127.43343685272461
1,37.279030989777894,127.43354960767637
1,37.279026972704706,127.4336623419488
2,37.27896078328585,127.43365237784687
2,37.278978731278734,127.43367221333196
2,37.27896525737603,127.43366086030636
1,37.27901935146828,127.43377505552574
1,37.27901173012466,127.43388776907892
1,37.279000521153606,127.43399595171921
1,37.278967687748946,127.43410401013799
2,37.278918677588,127.43407779452897
2,37.27890285815955,127.43409179832454
1,37.27892762959063,127.43421653724715
1,37.27885192787444,127.43422061266354
1,37.27877602761483,127.43427881026128
2,37.278757941149266,127.43429674745524
2,37.27875345676293,127.43429108384508
1,37.27885192787444,127.43422061266354
1,37.27892762959063,127.43421653724715
1,37.278967687748946,127.43410401013799
1,37.279000521153606,127.43399595171921
1,37.27901173012466,127.43388776907892
2,37.278971105969546,127.43390895976422
2,37.27903204839986,127.43387548240358
2,37.27905489400446,127.43378822658784
2,37.27903878534084,127.43388115893998
2,37.2790411205295,127.4338586208775
2,37.27903445590497,127.43383321222643
2,37.27903887832597,127.43385578907453
1,37.27901935146828,127.43377505552574
2,37.27904592518318,127.43377689938323
1,37.27901173012466,127.43388776907892
2,37.27904132714503,127.43380224339663
1,37.239144256088004,127.49159481064243
1,37.23909338764835,127.49169365413655
1,37.239046141897944,127.49178801313452
1,37.23909338764835,127.49169365413655
1,37.239144256088004,127.49159481064243
1,37.239187822795316,127.49151845914412
1,37.23924942841521,127.49143771675901
1,37.2393289233019,127.49138864577618
1,37.23924942841521,127.49143771675901
1,37.239187822795316,127.49151845914412
1,37.239144256088004,127.49159481064243
1,37.23909338764835,127.49169365413655
2,37.23908828935804,127.49172799377084
1,37.239144256088004,127.49159481064243
1,37.239187822795316,127.49151845914412
1,37.23924942841521,127.49143771675901
1,37.2393289233019,127.49138864577618
1,37.2394083807607,127.49134859028977
1,37.2394914609585,127.4913040503078
1,37.23957088098617,127.49127301026643
1,37.23965031970486,127.49123746234689
1,37.23973715348857,127.49115688293729
1,37.239878328362956,127.49100903664997
1,37.23973715348857,127.49115688293729
1,37.23965031970486,127.49123746234689
1,37.23957088098617,127.49127301026643
1,37.2394914609585,127.4913040503078
1,37.2394083807607,127.49134859028977
1,37.2393289233019,127.49138864577618
1,37.23924942841521,127.49143771675901
1,37.239187822795316,127.49151845914412
1,37.239144256088004,127.49159481064243
1,37.23909338764835,127.49169365413655
1,37.239046141897944,127.49178801313452
1,37.23898810264436,127.49187779398324
1,37.23891572202722,127.49194944992354
1,37.238832716497214,127.49197595780407
1,37.23874978587273,127.49198443458853
1,37.23865964714479,127.49199286450748
1,37.23980596696397,127.49107618643677
1,37.23980596696397,127.49107618643677
2,37.2387424934946,127.4920046726581
1,37.23856950841502,127.49200129440757
1,37.23847936968344,127.49200972428879
1,37.238389230950006,127.49201815415113
1,37.23829545070508,127.49203557603465
1,37.23819810386506,127.49204395899616
1,37.238118814738804,127.49204344362495
1,37.238035902830504,127.49204741254714
1,37.237949405599494,127.49204685032343
1,37.237862927096806,127.49204178039528
1,37.23777646732172,127.49203220277808
1,37.23768283689854,127.49201356294235
1,37.23759645202864,127.49198595461824
1,37.23751006715057,127.49195834635817
1,37.23759645202864,127.49198595461824
1,37.23768283689854,127.49201356294235
1,37.23759645202864,127.49198595461824
1,37.23751006715057,127.49195834635817
1,37.23743090909279,127.49192627732084
1,37.23734456164482,127.49188965383898
1,37.23725819546151,127.49185753811267
1,37.23717901865045,127.49182997695644
1,37.23708906711537,127.49179333029605
1,37.237006323671075,127.49175673054647
1,37.236919994878384,127.49171559981734
1,37.23683360992343,127.49168799212049
1,37.236750716722376,127.49168745373973
1,37.236667692507496,127.49171846881285
1,37.236591764078305,127.49177657642849
1,37.23652657289175,127.49185278468183
1,37.2364613816564,127.49192899280398
1,37.236389019722274,127.4919961387114
1,37.23630597669662,127.49203166091557
1,37.23621942325409,127.49204462157219
1,37.236129396858054,127.49202600554966
1,37.23603946409239,127.49198485158088
1,37.23594590853271,127.4919481818844
2,37.27903464184925,127.433782472498
1,37.27901935146828,127.43377505552574
1,37.279026972704706,127.4336623419488
1,37.27901935146828,127.43377505552574
1,37.27901173012466,127.43388776907892
1,37.279000521153606,127.43399595171921
1,37.239236656074816,127.4936420019993
1,37.2420666810559,127.49604523216067
1,37.278967687748946,127.43410401013799
1,37.238984410173956,127.49363134125628
1,37.2388943465081,127.49362173816684
1,37.238807886889866,127.49361215860264
1,37.27892762959063,127.43421653724715
1,37.238714237958625,127.49359802430365
1,37.23862060781242,127.49357938228991
1,37.27885192787444,127.43422061266354
1,37.238534260910846,127.49354275633725
1,37.27877602761483,127.43427881026128
1,37.2786856780057,127.43434594526066
1,37.23845510331094,127.49351068520195
1,37.27861339829071,127.43439965314512
1,37.278533943544524,127.43444429916285
1,37.23837592691629,127.49348312187105
1,37.278523412743255,127.43436756417825
1,37.23828950484571,127.49346452707472
1,37.238203120336514,127.49343691686957
1,37.27848047848067,127.43428162252556
1,37.2381167170374,127.49341381444954
1,37.238203120336514,127.49343691686957
1,37.23828950484571,127.49346452707472
1,37.278523412743255,127.43436756417825
1,37.27848047848067,127.43428162252556
1,37.23837592691629,127.49348312187105
1,37.23845510331094,127.49351068520195
1,37.238534260910846,127.49354275633725
1,37.23862060781242,127.49357938228991
1,37.238714237958625,127.49359802430365
1,37.238807886889866,127.49361215860264
1,37.2388943465081,127.49362173816684
1,37.238984410173956,127.49363134125628
1,37.23907085099676,127.49364542864473
1,37.23915734819054,127.4936459927178
1,37.23907085099676,127.49364542864473
1,37.238984410173956,127.49363134125628
1,37.2388943465081,127.49362173816684
1,37.238807886889866,127.49361215860264
1,37.238714237958625,127.49359802430365
1,37.23862060781242,127.49357938228991
1,37.238534260910846,127.49354275633725
1,37.23845510331094,127.49351068520195
1,37.23837592691629,127.49348312187105
1,37.23828950484571,127.49346452707472
1,37.238203120336514,127.49343691686957
1,37.2381167170374,127.49341381444954
1,37.23803035129364,127.49338169665141
1,37.237943966759985,127.49335408663842
1,37.2378539218315,127.49333997631915
1,37.23776385812129,127.49333037373476
1,37.23767375685219,127.49332978656393
1,37.237583636803244,127.49333370708511
1,37.237500724854634,127.49333767457219
1,37.23741415251671,127.49335514160234
1,37.237327580175226,127.4933726085936
1,37.237237384998515,127.49339455972546
1,37.23714722737947,127.49340749547947
1,37.23705354083194,127.49340237708226
1,37.23696355223525,127.49337474392631
2,37.27851710604862,127.43424462329848
1,37.23687720523876,127.49333811902949
1,37.23679440594864,127.49331504062913
1,37.23673685378878,127.49328761903047
2,37.27853521939076,127.43421935712549
1,37.23665765853759,127.49326456421255
2,37.27852392569557,127.4342277489917
1,37.23673685378878,127.49328761903047
1,37.278523412743255,127.43436756417825
1,37.23679440594864,127.49331504062913
1,37.23687720523876,127.49333811902949
1,37.23696355223525,127.49337474392631
1,37.27848047848067,127.43428162252556
1,37.23687720523876,127.49333811902949
1,37.23679440594864,127.49331504062913
1,37.23673685378878,127.49328761903047
1,37.23665765853759,127.49326456421255
1,37.23673685378878,127.49328761903047
1,37.23665765853759,127.49326456421255
1,37.23657127395202,127.4932369548513
1,37.23648854972922,127.49319584616136
1,37.236402183895834,127.49316372932306
1,37.23631944087393,127.49312712842101
1,37.23622586691476,127.49309496478607
1,37.27843756069758,127.43419117080786
1,37.236139275824506,127.49311693942005
1,37.27838743473204,127.43410067779749
1,37.23615414245546,127.4930088508149
1,37.236078363535384,127.49303089594126
1,37.2359920351786,127.49298976428027
1,37.235909310857664,127.49294865618116
1,37.235790658565406,127.49288026802432
1,37.278333704639905,127.43401016421367
1,37.23571521734093,127.49282117676589
1,37.27827995794481,127.43392416091122
1,37.23563239916976,127.49280260687196
1,37.27821898654382,127.43384262651055
1,37.235549168303635,127.49288320352886
1,37.278100531959346,127.43371114977779
1,37.278032319251466,127.43363859466976
1,37.23548046617058,127.49293684849246
1,37.23540095185605,127.49299042295301
1,37.235332212140676,127.4930530828263
1,37.27797131461088,127.43356608103618
1,37.235245545974436,127.49309308746182
1,37.23515536958894,127.49311053080673
1,37.27791396352845,127.4334800577936
1,37.235068872329585,127.49310996742703
1,37.27784242730817,127.43333081024691
1,37.27779592123492,127.43323582904843
1,37.23515536958894,127.49311053080673
1,37.235245545974436,127.49309308746182
1,37.235332212140676,127.4930530828263
1,37.23540095185605,127.49299042295301
1,37.23548046617058,127.49293684849246
1,37.235549168303635,127.49288320352886
1,37.23563239916976,127.49280260687196
1,37.23571521734093,127.49282117676589
1,37.235790658565406,127.49288026802432
1,37.235909310857664,127.49294865618116
1,37.2359920351786,127.49298976428027
1,37.236078363535384,127.49303089594126
1,37.2359920351786,127.49298976428027
1,37.235909310857664,127.49294865618116
1,37.235790658565406,127.49288026802432
1,37.23571521734093,127.49282117676589
1,37.235618564360735,127.49266277827626
1,37.23553544611684,127.49271632966638
1,37.23544881757477,127.49274731966814
1,37.2353732262468,127.49272428927775
1,37.2353376170273,127.49262038092785
1,37.23531646141905,127.4925075513492
1,37.23529889101359,127.49239925282667
1,37.23528128303254,127.49229996945937
1,37.23522053873665,127.49217335966908
1,37.235155347292135,127.49224956621089
1,37.2350760393912,127.49225355822189
1,37.23498954211952,127.49225299582287
1,37.23489944079349,127.49225240999313
1,37.234809320729816,127.49225633169094
1,37.234719200664685,127.4922602533806
1,37.23462909933465,127.49225966754796
1,37.27775301914137,127.43314086861756
1,37.234538960530145,127.49226809673557
1,37.23444880298676,127.49228103340778
1,37.27770651291357,127.43304588764731
2,37.27776683343472,127.43305920008291
2,37.27777135913014,127.43305358823814
1,37.277634844187574,127.43293272183844
1,37.27757383910447,127.43286020915473
1,37.27749122612032,127.43278306267624
1,37.277412134710026,127.43272848750668
1,37.27733302678817,127.43267842254915
1,37.27725391884342,127.43262835769703
1,37.27717481087577,127.43257829295031
1,37.277106548015844,127.43251927000595
1,37.277034714019464,127.43245120639114
1,37.27696291292858,127.43237412275532
1,37.27690194042948,127.43229259102544
1,37.27684100080586,127.43220203929073
1,37.27678728569048,127.43210701883964
1,37.27684100080586,127.43220203929073
1,37.27690194042948,127.43229259102544
1,37.27696291292858,127.43237412275532
1,37.277034714019464,127.43245120639114
1,37.277106548015844,127.43251927000595
1,37.234351381120455,127.492307445674
1,37.23427920636003,127.49232951443564
1,37.2357297402716,127.4919287463996
1,37.23586376418816,127.49176733971767
1,37.235874108337285,127.49188009966612
1,37.23586376418816,127.49176733971767
1,37.2358533637889,127.49166810256132
1,37.235850246253214,127.4915508818846
1,37.235850751359784,127.49142917702373
1,37.235850246253214,127.4915508818846
1,37.2358533637889,127.49166810256132
1,37.23577101321856,127.49153684432557
1,37.235710137177215,127.49144178736883
1,37.23564558219491,127.49136473747537
1,37.235566423941314,127.49133266986874
1,37.23547281206365,127.4913095239069
1,37.235386426985805,127.49128191721874
1,37.23536495225663,127.49124571642528
1,37.235332964482126,127.49113732459138
1,37.2352864856328,127.49104686956387
1,37.235247214820355,127.49095646139044
1,37.23525841937214,127.4908618729017
1,37.23528413346048,127.49074484006412
1,37.235302620651545,127.49063226798894
1,37.23529948341341,127.49051955575165
1,37.23527106169182,127.49042020276427
1,37.23522097823663,127.49032972490336
1,37.23514195031754,127.49026610573817
1,37.23509184808432,127.49018013567631
1,37.23508152095817,127.4900628695656
1,37.23508555398606,127.48995921940835
1,37.23508152095817,127.4900628695656
1,37.23509184808432,127.49018013567631
1,37.23514195031754,127.49026610573817
1,37.23522097823663,127.49032972490336
1,37.23527106169182,127.49042020276427
1,37.23529948341341,127.49051955575165
1,37.235302620651545,127.49063226798894
1,37.23528413346048,127.49074484006412
1,37.23525841937214,127.4908618729017
1,37.235247214820355,127.49095646139044
1,37.27717481087577,127.43257829295031
1,37.27725391884342,127.43262835769703
1,37.27733302678817,127.43267842254915
1,37.277412134710026,127.43272848750668
2,37.277398654528355,127.43271882617437
2,37.27738962377676,127.43272441222301
2,37.27739190722452,127.43271596867856
1,37.27749122612032,127.43278306267624
1,37.27757383910447,127.43286020915473
1,37.277634844187574,127.43293272183844
1,37.27770651291357,127.43304588764731
1,37.27775301914137,127.43314086861756
1,37.27779592123492,127.43323582904843
1,37.27784242730817,127.43333081024691
1,37.27791396352845,127.4334800577936
1,37.27797131461088,127.43356608103618
1,37.278032319251466,127.43363859466976
1,37.278100531959346,127.43371114977779
1,37.27821898654382,127.43384262651055
1,37.278100531959346,127.43371114977779
1,37.278032319251466,127.43363859466976
1,37.27806444182004,127.4337244734119
1,37.27816489263836,127.4338513365277
