37.2446556,127.3929399
37.2446035,127.3930426
37.2445515,127.3931453
37.2444995,127.393248
37.2444474,127.3933507
37.2443954,127.3934534
37.2443434,127.3935561
37.2442913,127.3936588
37.2442393,127.3937615
37.2441873,127.3938642
37.2441353,127.3939669
37.2440832,127.3940696
37.2440312,127.3941722
37.2439792,127.3942749
37.2439271,127.3943776
37.2438751,127.3944803
37.2438231,127.394583
37.2437711,127.3946857
37.243719,127.3947884
37.243667,127.3948911
37.2436162,127.3949947
37.2435687,127.3951007
37.2436162,127.3949947
37.243667,127.3948911
37.243719,127.3947884
37.2437711,127.3946857
37.2438231,127.394583
37.2438751,127.3944803
37.2439271,127.3943776
37.2439792,127.3942749
37.2440312,127.3941722
37.2440832,127.3940696
37.2441353,127.3939669
37.2441873,127.3938642
37.2442393,127.3937615
37.2442913,127.3936588
37.2443434,127.3935561
37.2443954,127.3934534
37.2444474,127.3933507
37.2444995,127.393248
37.2444474,127.3933507
37.2443954,127.3934534
37.2443434,127.3935561
37.2442913,127.3936588
37.2442393,127.3937615
37.2441873,127.3938642
37.2441353,127.3939669
37.2440832,127.3940696
37.2440312,127.3941722
37.2439792,127.3942749
37.2439271,127.3943776
37.2438751,127.3944803
37.2438231,127.394583
37.2437711,127.3946857
37.243719,127.3947884
37.243667,127.3948911
37.2436162,127.3949947
37.2435687,127.3951007
37.2435171,127.3952038
37.2434637,127.3953053
37.2434048,127.395402
37.2433431,127.3954958
37.2433431,127.3954958
37.2432795,127.3955878
37.2432157,127.3956796
37.2431496,127.3957686
37.2430813,127.3958551
37.2430132,127.3959419
37.2429465,127.3960303
37.2428762,127.3961141
37.2428013,127.3961915
37.242725,127.3962668
37.2426481,127.3963412
37.2425696,127.3964128
37.2424899,127.3964825
37.2424077,127.3965471
37.2423221,127.3966048
37.2422357,127.3966604
37.2421491,127.3967155
37.2420599,127.3967638
37.2419707,127.3968121
37.2418808,127.3968582
37.241789,127.3968981
37.241697,127.396937
37.2416035,127.3969702
37.241697,127.396937
37.2416035,127.3969702
37.2415099,127.397003
37.2418808,127.3968582
37.241789,127.3968981
37.241697,127.396937
37.2416035,127.3969702
37.2415099,127.397003
37.2414158,127.3970335
37.2413212,127.397061
37.2412272,127.3970922
37.2413212,127.397061
37.2412272,127.3970922
37.2413212,127.397061
37.2412272,127.3970922
37.2411329,127.3971214
37.2410377,127.3971454
37.2409424,127.3971695
37.2408471,127.3971936
37.2407518,127.3972177
37.2406566,127.3972418
37.2405613,127.3972659
37.240466,127.3972899
37.2403708,127.397314
37.2402755,127.3973381
37.2401802,127.3973622
37.240085,127.3973863
37.2399646,127.397415
37.240085,127.3973863
37.2399646,127.397415
37.240085,127.3973863
37.2399646,127.397415
37.2398696,127.3974328
37.2397745,127.3974506
37.2396795,127.3974683
37.2396795,127.3974683
37.2397745,127.3974506
37.2396795,127.3974683
37.2397745,127.3974506
37.2396795,127.3974683
37.2395845,127.3974861
37.2394894,127.3975039
37.2393944,127.3975216
37.2392994,127.3975394
37.2393944,127.3975216
37.2392994,127.3975394
37.2393944,127.3975216
37.2392994,127.3975394
37.2392043,127.3975572
37.2391093,127.3975749
37.2390143,127.3975927
37.2389192,127.3976105
37.2388242,127.3976282
37.2386841,127.3976599
37.2388242,127.3976282
37.2386841,127.3976599
37.2385973,127.397679
37.23851,127.3976941
37.2384228,127.3977097
37.2383356,127.3977258
37.2382484,127.3977419
37.2381613,127.3977586
37.2380741,127.3977751
37.237987,127.3977917
37.2378999,127.3978084
37.2378128,127.3978251
37.2377256,127.3978416
37.2376385,127.3978581
37.2374643,127.3978915
37.2375514,127.3978748
37.2373771,127.3979078
37.2374643,127.3978915
37.2373771,127.3979078
37.2373771,127.3979078
37.2374643,127.3978915
37.2374643,127.3978915
37.2374643,127.3978915
37.2374643,127.3978915
37.2373771,127.3979078
37.2374719,127.3987744
37.2373771,127.3979078
37.2402041,127.3974279
37.2424505,127.396725
37.2423658,127.3967847
37.2422794,127.3968407
37.2421913,127.3968923
37.2421028,127.3969427
37.2420132,127.3969901
37.2419231,127.3970362
37.2418319,127.3970779
37.2417373,127.3971062
37.2416427,127.3971344
37.241548,127.3971626
37.2414534,127.3971909
37.241548,127.3971626
37.2416427,127.3971344
37.2417373,127.3971062
37.2416427,127.3971344
37.241548,127.3971626
37.2414534,127.3971909
37.2413584,127.3972168
37.2412627,127.3972386
37.2413584,127.3972168
37.2412627,127.3972386
37.241167,127.3972605
37.2410713,127.3972824
37.241167,127.3972605
37.2410713,127.3972824
37.2409756,127.3973043
37.2408799,127.3973261
37.2407842,127.397348
37.240688,127.3973661
37.2405913,127.3973793
37.2404945,127.397392
37.2403978,127.3974047
37.2404945,127.397392
37.2405913,127.3973793
37.2404945,127.397392
37.2403978,127.3974047
37.240301,127.3974174
37.2402041,127.3974279
37.240085,127.3973863
37.2399646,127.397415
37.2398696,127.3974328
37.2397745,127.3974506
37.2396795,127.3974683
37.2395845,127.3974861
37.2394894,127.3975039
37.2393944,127.3975216
37.2392994,127.3975394
37.2392043,127.3975572
37.2391093,127.3975749
37.2390143,127.3975927
37.2389192,127.3976105
37.2388242,127.3976282
37.2386841,127.3976599
37.2388242,127.3976282
37.2389192,127.3976105
37.2390143,127.3975927
37.2391093,127.3975749
37.2392043,127.3975572
37.2392994,127.3975394
37.2393944,127.3975216
37.2394894,127.3975039
37.2395845,127.3974861
37.2396795,127.3974683
37.2397745,127.3974506
37.2398696,127.3974328
37.2399646,127.397415
37.240085,127.3973863
37.2402041,127.3974279
37.240301,127.3974174
37.2402041,127.3974279
37.240085,127.3973863
37.2399646,127.397415
37.2398696,127.3974328
