37.2763835,127.3524483
37.2764785,127.3523837
37.2766467,127.3522847
37.2763835,127.3524483
37.2763835,127.3524483
37.2763835,127.3524483
37.2763835,127.3524483
37.2763835,127.3524483
37.2763835,127.3524483
37.2764785,127.3523837
37.2765583,127.3523332
37.2766467,127.3522847
37.276736,127.3522352
37.2768258,127.3521778
37.276736,127.3522352
37.2766467,127.3522847
37.2765583,127.3523332
37.2764785,127.3523837
37.2830549,127.4943943
37.28313,127.4940793
37.283064,127.4940158
37.2829975,127.493948
37.2829138,127.493924
37.2828403,127.4939762
37.2828022,127.494069
37.2827507,127.4941688
37.282683,127.4942368
37.2826093,127.4942967
37.2832185,127.4942626
37.2831366,127.4943283
37.2830549,127.4943943
37.2829728,127.4944595
37.2828894,127.494522
37.2828086,127.4945898
37.2827308,127.4946628
37.2826554,127.4947396
37.2825794,127.4948156
37.282504,127.4948925
37.2824298,127.4949713
37.2823559,127.4950504
37.2822827,127.4951306
37.2822104,127.495212
37.282139,127.4952946
37.2820674,127.495377
37.2819967,127.4954607
37.2819275,127.4955462
37.2818586,127.4956322
37.2817918,127.4957206
37.2817244,127.4958084
37.2816587,127.4958981
37.2815942,127.4959893
37.28153,127.4960807
37.2814672,127.4961736
37.2814048,127.496267
37.281343,127.4963611
37.2814048,127.496267
37.281343,127.4963611
37.2812822,127.496456
37.2812212,127.4965509
37.28116,127.4966455
37.2811002,127.4967415
37.2810406,127.4968377
37.2809827,127.4969354
37.2809255,127.4970339
37.2809827,127.4969354
37.2809255,127.4970339
37.2808458,127.4970832
37.2808709,127.4971346
37.2809255,127.4970339
37.2809827,127.4969354
37.2810406,127.4968377
37.2811002,127.4967415
37.28116,127.4966455
37.2812212,127.4965509
37.2812822,127.496456
37.281343,127.4963611
37.2814048,127.496267
37.2814672,127.4961736
37.28153,127.4960807
37.2815942,127.4959893
37.2816587,127.4958981
37.2817244,127.4958084
37.2817918,127.4957206
37.2818586,127.4956322
37.2819275,127.4955462
37.2818586,127.4956322
37.2817918,127.4957206
37.2817244,127.4958084
37.2816587,127.4958981
37.2815942,127.4959893
37.28153,127.4960807
37.2814672,127.4961736
37.2814048,127.496267
37.281343,127.4963611
37.2812822,127.496456
37.2812212,127.4965509
37.28116,127.4966455
37.2812212,127.4965509
37.2812822,127.496456
37.281343,127.4963611
37.2812822,127.496456
37.2812212,127.4965509
37.28116,127.4966455
37.2812212,127.4965509
37.28116,127.4966455
37.2811002,127.4967415
37.2810406,127.4968377
37.2809827,127.4969354
37.2809255,127.4970339
37.2808458,127.4970832
37.2809255,127.4970339
37.2808709,127.4971346
37.2807963,127.4972778
37.2807666,127.4973401
37.2807177,127.4974454
37.2806693,127.497551
37.2806222,127.4976575
37.2805758,127.4977644
37.2806222,127.4976575
37.2805758,127.4977644
37.2805305,127.4978721
37.2805758,127.4977644
37.2805305,127.4978721
37.280488,127.4979816
37.2804472,127.4980921
37.2804077,127.4982034
37.2447457,127.495021
37.2447044,127.495119
37.2446632,127.495217
37.244622,127.495315
37.2445807,127.495413
37.2445395,127.495511
37.244513,127.495575
37.3125681,127.448635
37.2426112,127.4998525
37.3138009,127.4500295
37.2425607,127.4999434
37.3112974,127.4471766
37.2429944,127.4994153
37.3124683,127.4466844
37.243045,127.4993242
37.2429944,127.4994153
37.2429437,127.4995062
37.2429944,127.4994153
37.243045,127.4993242
37.2429944,127.4994153
37.2429437,127.4995062
37.2428927,127.4995969
37.2429437,127.4995062
37.2429944,127.4994153
37.243045,127.4993242
37.3111349,127.4469351
37.3061548,127.4483904
37.3058945,127.4475258
37.3055162,127.4475038
37.3052259,127.4481966
37.304518,127.4479544
37.3045807,127.4471821
37.3056214,127.4457986
37.30343,127.448036
37.303423,127.447928
37.303417,127.447816
37.30341,127.447706
37.303404,127.447594
37.303398,127.447484
37.303392,127.447373
37.303385,127.447262
37.303379,127.447151
37.303372,127.447039
37.303367,127.44693
37.30336,127.446816
37.303354,127.446705
37.303348,127.446591
37.303341,127.446478
37.303333,127.44636
37.303327,127.446249
37.303322,127.446141
37.303316,127.446032
37.303309,127.445921
37.303301,127.445808
37.303296,127.445695
37.303293,127.445585
37.303287,127.445476
37.303282,127.445364
37.303275,127.445254
37.303268,127.445143
37.303261,127.445031
37.303253,127.444921
37.303248,127.444811
37.30324,127.444698
37.303237,127.444585
37.303236,127.444476
37.303227,127.444363
37.303218,127.444253
37.303211,127.444143
37.303204,127.444032
37.303198,127.44392
37.303192,127.44381
37.303186,127.443698
37.30318,127.443587
37.30318,127.443587
37.303173,127.443476
37.303169,127.443364
37.2430953,127.4992329
37.2431453,127.4991414
37.303163,127.443254
37.303157,127.443144
37.303152,127.443031
37.303146,127.442919
37.303139,127.442806
37.303134,127.442695
37.303129,127.442583
37.303123,127.442474
37.303117,127.442362
37.303112,127.442252
37.303106,127.44214
37.3031,127.442027
37.303094,127.441918
37.303088,127.441805
37.303082,127.441693
37.303076,127.441584
37.30307,127.441471
37.303065,127.441359
37.30306,127.441246
37.303052,127.441136
37.303047,127.441024
37.3030445,127.4409335
37.303041,127.440797
37.303037,127.44069
37.303033,127.440578
37.303035,127.440466
37.303046,127.440355
37.303062,127.440243
37.303077,127.44013
37.303093,127.440018
37.303104,127.439917
37.30312,127.439811
37.303136,127.439702
37.303152,127.439592
37.303169,127.439482
37.303185,127.439371
37.3032,127.439263
37.303216,127.439152
37.303232,127.439041
37.303251,127.438933
37.303276,127.438826
37.303306,127.43872
37.303338,127.438614
37.303371,127.438507
37.303416,127.438411
37.3034726,127.4383212
37.3036434,127.4381006
37.2431951,127.4990496
37.2432448,127.4989578
37.2432942,127.4988657
37.243343,127.4987732
37.2433916,127.4986804
37.2434401,127.4985876
37.2434882,127.4984945
37.2435352,127.4984004
37.2435803,127.498305
37.2436234,127.4982081
37.2436644,127.4981098
37.2437038,127.4980105
37.2437415,127.4979101
37.2437038,127.4980105
37.2437415,127.4979101
37.2437772,127.4978086
37.2438116,127.4977064
37.2438457,127.4976041
37.2438799,127.4975017
37.243914,127.4973994
37.2439485,127.4972972
37.243983,127.4971951
37.2440178,127.4970931
37.2440531,127.4969914
37.2440888,127.4968899
37.2441243,127.4967883
37.2441598,127.4966867
37.244196,127.4965854
37.2442329,127.4964847
37.2442707,127.4963844
37.2443095,127.4962847
37.2443491,127.4961855
37.2443897,127.4960868
37.2444308,127.4959886
37.2444727,127.4958909
37.2445149,127.4957934
37.2445576,127.4956962
37.244601,127.4955995
37.2446456,127.4955037
37.2446913,127.4954086
37.2447381,127.4953145
37.2447861,127.4952213
37.2448351,127.4951288
37.2448848,127.495037
37.2449349,127.4949455
37.2449851,127.4948542
37.2450354,127.4947629
37.2449851,127.4948542
37.2449349,127.4949455
37.2448848,127.495037
37.2448351,127.4951288
37.2447861,127.4952213
37.2447381,127.4953145
37.2446913,127.4954086
37.2446456,127.4955037
37.244601,127.4955995
37.2445576,127.4956962
37.2445149,127.4957934
37.2444727,127.4958909
37.2444308,127.4959886
37.2443897,127.4960868
37.2443491,127.4961855
37.2443095,127.4962847
37.2442707,127.4963844
37.2442329,127.4964847
37.244196,127.4965854
37.2441598,127.4966867
37.2441243,127.4967883
37.2440888,127.4968899
37.2440531,127.4969914
37.2440178,127.4970931
37.243983,127.4971951
37.2439485,127.4972972
37.243914,127.4973994
37.2439485,127.4972972
37.243983,127.4971951
37.2440178,127.4970931
37.2440531,127.4969914
37.2440888,127.4968899
37.2441243,127.4967883
37.2441598,127.4966867
37.244196,127.4965854
37.2442329,127.4964847
37.2442707,127.4963844
37.2443095,127.4962847
37.2443491,127.4961855
37.2443897,127.4960868
37.2444308,127.4959886
37.2444727,127.4958909
37.2445149,127.4957934
37.2445576,127.4956962
37.244601,127.4955995
37.2446456,127.4955037
37.2446913,127.4954086
37.2447381,127.4953145
37.2447861,127.4952213
37.2448351,127.4951288
37.2448848,127.495037
37.2449349,127.4949455
37.2449851,127.4948542
37.2450354,127.4947629
37.2450857,127.4946716
37.2478503,127.4956268
37.2477677,127.4956604
37.247685,127.495694
37.2476023,127.4957277
37.247685,127.495694
37.2477677,127.4956604
37.2478503,127.4956268
37.2477677,127.4956604
37.247685,127.495694
37.2476023,127.4957277
37.2475196,127.4957613
37.2474369,127.4957949
37.2473542,127.4958285
37.2472715,127.4958621
37.2473542,127.4958285
37.2474369,127.4957949
37.2475196,127.4957613
37.2476023,127.4957277
37.2475196,127.4957613
37.2474369,127.4957949
37.2473542,127.4958285
37.2472715,127.4958621
37.2471888,127.4958958
37.2471061,127.4959294
37.3046138,127.4470928
37.3047422,127.444803
37.3047925,127.4434043
37.3048404,127.4409884
37.3048727,127.439239
37.3048947,127.4383388
37.305697,127.444231
37.3059262,127.4434091
37.305193,127.443423
37.3051,127.443421
37.30501,127.443418
37.304921,127.443412
37.3047925,127.4434043
37.3046563,127.4433962
37.304568,127.443391
37.304476,127.443387
37.304389,127.443382
37.304301,127.443378
37.303499,127.443367
37.3059303,127.4432964
37.306145,127.44311
37.307304,127.441744
37.307304,127.441744
37.307424,127.441089
37.306293,127.441055
37.305223,127.441021
37.304687,127.441006
37.303887,127.440974
37.303797,127.440973
37.303708,127.440976
37.30362,127.440975
37.303532,127.440971
37.303444,127.440968
37.303353,127.440962
37.303264,127.440955
37.303177,127.440946
37.303086,127.440936
37.307446,127.440984
37.309835,127.440714
37.311246,127.446465
37.31136,127.446448
37.311394,127.446344
37.311423,127.446237
37.311461,127.446137
37.311517,127.44605
37.311581,127.445969
37.311648,127.445898
37.311727,127.445842
37.311809,127.445801
37.312145,127.4456733
37.3113132,127.4460782
37.311205,127.4453947
37.3111098,127.4444898
37.31118,127.444526
37.3111159,127.4443936
37.31118,127.444526
37.311245,127.444605
37.311308,127.444686
37.311369,127.444768
37.311427,127.444853
37.311488,127.444934
37.311562,127.444997
37.311636,127.445056
37.311682,127.445149
37.311716,127.445249
37.311775,127.445328
37.31186,127.445365
37.311947,127.445392
37.312016,127.445454
37.3120978,127.4454827
37.3121774,127.4454442
37.3122479,127.4453716
37.3111159,127.4443936
37.3110404,127.4438174
37.3108393,127.4433911
37.3106624,127.4430161
37.3101387,127.4428772
37.3100867,127.4427992
37.3100612,127.4428968
37.3101397,127.4430472
37.3101989,127.4431099
37.3102644,127.443167
37.3103216,127.443225
37.3103889,127.4432892
37.3104586,127.4433355
37.3105049,127.4434137
37.3105381,127.4434992
37.3105599,127.4435959
37.3105506,127.4436914
37.3100185,127.442986
37.3099583,127.4430385
37.3098892,127.4431018
37.3098275,127.4431603
37.3097555,127.4432048
37.3096772,127.4432223
37.3096075,127.4432603
37.3095963,127.4433552
37.309615,127.4434487
37.3096473,127.4435378
37.3096908,127.4436193
37.3097353,127.4436962
37.3097825,127.4437763
37.3098393,127.443848
37.3098822,127.4439298
37.3100867,127.4427992
37.3101268,127.4427218
37.3100867,127.4427992
37.3099827,127.4428082
37.3098995,127.4427822
37.3098237,127.442771
37.3097403,127.4427693
37.3096665,127.4427583
37.3095878,127.4427358
37.3095102,127.442705
37.3094325,127.442678
37.3093575,127.4426708
37.3092907,127.4427237
37.309244,127.442812
37.3091838,127.4428747
37.3091182,127.4429137
37.30905,127.4429608
37.308994,127.4430298
37.3089182,127.4430758
37.3088462,127.4430727
37.3087673,127.4430477
37.3086977,127.4430237
37.3086213,127.4429955
37.3085488,127.4429605
37.308474,127.4429287
37.3083943,127.4429225
37.3083155,127.4429268
37.3082323,127.4429355
37.3081518,127.4429425
37.3080728,127.4429472
37.3079676,127.4429472
37.307861,127.442961
37.307779,127.443002
37.307699,127.443046
37.307621,127.443092
37.307535,127.443144
37.307455,127.443191
37.307375,127.443243
37.307296,127.443294
37.307227,127.443363
37.3071689,127.4434452
37.3071208,127.4435369
37.3070727,127.4436286
37.3070075,127.4437018
37.3069402,127.4437692
37.3068526,127.443772
37.306765,127.443771
37.3101268,127.4427218
37.3101798,127.4426458
37.3102342,127.4425698
37.3102887,127.4424905
37.31033,127.4424043
37.3103552,127.4423148
37.3103708,127.4422132
37.310383,127.4421268
37.3104093,127.442035
37.3105635,127.4416854
37.3116901,127.4411501
37.3117655,127.4411829
37.3103464,127.4419538
37.3103113,127.4418527
37.3102772,127.4417511
37.3102463,127.4416478
37.3102161,127.4415443
37.3101795,127.4414443
37.3101357,127.4413486
37.3101795,127.4414443
37.3100612,127.4428968
37.3100185,127.442986
37.3100612,127.4428968
37.3099934,127.4408367
37.308547,127.440783
37.309954,127.4406262
37.3096588,127.4402442
37.309647,127.4401354
37.3096436,127.4400252
37.3095866,127.4394927
37.309517,127.4394292
37.3094315,127.4394045
37.309344,127.4393921
37.3092565,127.4393792
37.3091696,127.4393614
37.3090825,127.4393454
37.3089952,127.439331
37.3089079,127.4393163
37.308821,127.439299
37.3087354,127.4392737
37.3086527,127.4392358
37.3085706,127.4391962
37.3084852,127.4391702
37.3083977,127.4391585
37.3083098,127.4391566
37.3082224,127.4391686
37.3081369,127.4391948
37.3080528,127.4392273
37.307968,127.4392569
37.3078815,127.4392764
37.3077935,127.4392796
37.3077056,127.4392748
37.3076178,127.4392656
37.3075305,127.4392516
37.3095866,127.4394927
37.3094642,127.4395018
37.3093782,127.4394854
37.3092924,127.4394677
37.3092066,127.4394503
37.3091208,127.4394332
37.3090345,127.4394193
37.3089481,127.4394079
37.3088614,127.4393995
37.3087745,127.4393956
37.3086876,127.4393942
37.3086007,127.439394
37.3085137,127.4393933
37.3084269,127.4393888
37.30834,127.4393883
37.3082535,127.4393982
37.308167,127.4394076
37.3080806,127.4394193
37.3079943,127.4394329
37.3079078,127.4394439
37.3078211,127.4394469
37.3077343,127.4394402
37.3076481,127.4394265
37.3075627,127.4394067
37.3074803,127.4393737
37.3074025,127.4393255
37.3073222,127.4392893
37.3072359,127.4392766
37.3071501,127.4392594
37.3070655,127.4392345
37.3069824,127.4392029
37.3069003,127.4391674
37.3068216,127.4391213
37.3067471,127.4390654
37.3066725,127.4390095
37.3065954,127.4389591
37.3065173,127.4389114
37.3064387,127.4388649
37.3063601,127.4388185
37.3062799,127.4387764
37.3062001,127.4387331
37.3060331,127.4386385
37.3059402,127.4384797
37.3058667,127.4384381
37.3058709,127.4382707
37.3058702,127.4381722
37.3058695,127.4380737
37.3059402,127.4384797
37.3058667,127.4384381
37.3057991,127.4383987
37.3056795,127.4383548
37.3056115,127.4383202
37.3055317,127.438281
37.3054565,127.438248
37.3053888,127.4382232
37.3053065,127.438202
37.3052205,127.4381988
37.3051428,127.4382023
37.3050732,127.4382085
37.3049922,127.4382237
37.3049025,127.4382328
37.3059402,127.4384797
37.307404,127.4391717
37.3072848,127.439195
37.3072155,127.4391868
37.3071397,127.4391685
37.3070691,127.439128
37.3069986,127.4390875
37.306928,127.4390469
37.306928,127.4390469
37.3068575,127.4390064
37.3067869,127.4389659
37.3067163,127.4389254
37.3066458,127.4388849
37.3065752,127.4388444
37.3065047,127.4388038
37.3064341,127.4387633
37.3063635,127.4387228
37.306293,127.4386823
37.3062224,127.4386418
37.3061519,127.4386013
37.3060813,127.4385607
37.3060107,127.4385202
37.3059402,127.4384797
37.3075785,127.4390447
37.3076054,127.4389196
37.3076261,127.4388186
37.307669,127.4387256
37.3077119,127.4386325
37.3077507,127.4385367
37.3078042,127.4384531
37.3078671,127.4383803
37.3079342,127.4383134
37.3080017,127.4382471
37.3080666,127.4381769
37.3080824,127.4380526
37.3080675,127.4379466
37.3080167,127.4377874
37.307654,127.4389885
37.3077185,127.4389388
37.307783,127.4388892
37.3078457,127.438841
37.3079143,127.4387888
37.3079843,127.4387367
37.3080463,127.4386912
37.3081168,127.4386418
37.3081797,127.438598
37.3082532,127.4385493
37.3083345,127.4385008
37.3084135,127.4384585
37.308484,127.4384228
37.308545,127.4383947
37.308633,127.4383575
37.3087018,127.4383293
37.308781,127.4383003
37.3088642,127.4382705
37.3089427,127.4382418
37.3090183,127.4382132
37.309085,127.4381887
37.3091688,127.4381578
37.3092433,127.4381322
37.309311,127.438108
37.3094057,127.4380738
37.3094718,127.4380482
37.3094718,127.4380482
37.3095485,127.4380163
37.3096297,127.4379823
37.3096975,127.4379477
37.3097775,127.4378982
37.3098435,127.4378527
37.309915,127.437803
37.3099738,127.4377643
37.3100457,127.437717
37.310118,127.4376723
37.3101953,127.4376267
37.3102623,127.4375873
37.3103455,127.43754
37.3104158,127.4374995
37.310493,127.4374563
37.310181,127.4375087
37.3027771,127.438116
37.3028662,127.4381108
37.3027771,127.438116
37.3028662,127.4381108
37.3029552,127.4381037
37.3030441,127.4380956
37.3031332,127.4380916
37.3032224,127.4380879
37.3033115,127.438083
37.3034005,127.4380764
37.303556,127.4381055
37.3036434,127.4381006
37.3037308,127.4380956
37.3038182,127.438091
37.3039056,127.4380869
37.3039056,127.4380869
37.3038182,127.438091
37.3045174,127.4380571
37.3046048,127.4380525
37.3046922,127.4380478
37.3047796,127.438044
37.3049544,127.4380348
37.304867,127.4380394
37.3050417,127.4380292
37.3051291,127.4380236
37.3052168,127.4380198
37.3053044,127.4380157
37.3053921,127.4380115
37.3054798,127.4380067
37.3055674,127.4380017
37.3056551,127.4379969
37.3057427,127.4379924
37.3058304,127.4379885
37.3058798,127.4378401
37.3057924,127.4378449
37.3057049,127.4378497
37.3056175,127.4378544
37.3055301,127.4378588
37.3054426,127.437863
37.3055301,127.4378588
37.3054798,127.4380067
37.3054426,127.437863
37.3055301,127.4378588
37.3056175,127.4378544
37.3057049,127.4378497
37.3056175,127.4378544
37.3055301,127.4378588
37.3054426,127.437863
37.3053552,127.4378678
37.3052678,127.4378727
37.3051804,127.4378776
37.3050929,127.4378818
37.3050054,127.4378844
37.3049169,127.4378868
37.3048285,127.4378912
37.30474,127.4378958
37.3046516,127.4379011
37.3045631,127.4379066
37.3044747,127.4379121
37.3043863,127.4379168
37.3042978,127.4379214
37.3042094,127.437926
37.3041209,127.4379294
37.3040324,127.4379341
37.303944,127.4379388
37.3038555,127.4379436
37.3037671,127.4379485
37.3036786,127.4379533
37.3035902,127.4379584
37.3035017,127.4379631
37.3034133,127.4379679
37.3033248,127.4379728
37.3032364,127.4379778
37.3031479,127.4379826
37.3030595,127.437987
37.302971,127.4379903
37.3028826,127.4379973
37.3027821,127.4380016
37.3026907,127.4380092
37.3025992,127.4380165
37.306754,127.4377949
37.3068414,127.4377883
37.306754,127.4377949
37.3068414,127.4377883
37.3069287,127.4377814
37.307016,127.4377737
37.3071032,127.4377654
37.3071905,127.4377571
37.3072777,127.4377483
37.3073649,127.4377384
37.307452,127.4377277
37.307539,127.4377159
37.3076688,127.437845
37.3077559,127.4378317
37.3078429,127.4378179
37.3079298,127.4378029
37.3080167,127.4377874
37.3081035,127.4377718
37.3081904,127.4377558
37.308277,127.4377384
37.3083635,127.4377198
37.3084499,127.437701
37.3085363,127.437682
37.3086227,127.4376626
37.308709,127.4376426
37.3087952,127.4376227
37.3088815,127.4376024
37.3089677,127.4375821
37.309054,127.4375623
37.3091403,127.4375424
37.3092266,127.4375224
37.3093128,127.4375033
37.3093994,127.437486
37.3094857,127.4374672
37.309572,127.4374484
37.309527,127.4373092
37.309527,127.4373092
37.309527,127.4373092
37.309527,127.4373092
37.3096136,127.4372905
37.3096136,127.4372905
37.3096136,127.4372905
37.3096136,127.4372905
37.309527,127.4373092
37.3096136,127.4372905
37.309527,127.4373092
37.3094404,127.4373288
37.3093539,127.4373483
37.3092674,127.4373684
37.309181,127.4373882
37.3092674,127.4373684
37.3094404,127.4373288
37.3093539,127.4373483
37.309527,127.4373092
37.3096136,127.4372905
37.3097004,127.4372728
37.3097873,127.4372558
37.3098742,127.4372395
37.3100912,127.4373453
37.3101783,127.4373331
37.3101357,127.4371959
37.310223,127.437183
37.3103103,127.4371695
37.3103528,127.4373131
37.3104402,127.4373055
37.3105277,127.4373
37.3106153,127.4372965
37.3106597,127.4371209
37.3106153,127.4372965
37.3107029,127.4372938
37.3107905,127.4372921
37.3108781,127.4372916
37.3109658,127.4372923
37.3110095,127.4371199
37.3109221,127.4371149
37.3108346,127.4371116
37.3108781,127.4372916
37.3109658,127.4372923
37.3110534,127.4372945
37.311141,127.4372977
37.3112285,127.4373022
37.311316,127.4373087
37.3114034,127.4373166
37.3114907,127.4373255
37.3115324,127.4371816
37.311578,127.4373355
37.311665,127.4373477
37.3117515,127.4373652
37.3118377,127.4373847
37.311924,127.4374041
37.3120102,127.4374239
37.3120963,127.4374441
37.3121372,127.4373031
37.3122233,127.4373231
37.3123094,127.4373426
37.3122686,127.4374841
37.312355,127.4375061
37.3124413,127.437528
37.3124807,127.4373878
37.3125658,127.4374136
37.3126507,127.4374402
37.3126143,127.4375704
