37.276743,127.432031
37.2766866,127.4319328
37.279799,127.487717
37.2797235,127.4877747
37.279644,127.4878236
37.2795625,127.4878669
37.2794798,127.4879063
37.2793966,127.4879444
37.2793131,127.4879813
37.2792296,127.4880181
37.2793131,127.4879813
37.2793966,127.4879444
37.2794798,127.4879063
37.2793966,127.4879444
37.2793131,127.4879813
37.2793966,127.4879444
37.2793131,127.4879813
37.2792296,127.4880181
37.2791461,127.4880552
37.2790626,127.4880922
37.2789792,127.4881294
37.2788957,127.4881664
37.2788123,127.4882037
37.2787293,127.4882421
37.2786205,127.4882944
37.2785649,127.4883245
37.2786205,127.4882944
37.2785649,127.4883245
37.2784854,127.4883733
37.2785649,127.4883245
37.2784854,127.4883733
37.2768058,127.4321231
37.2784091,127.4884294
37.2784854,127.4883733
37.2784091,127.4884294
37.2784854,127.4883733
37.2784091,127.4884294
37.2783373,127.488494
37.278271,127.4885674
37.2782212,127.4886278
37.2781468,127.4887253
37.2780859,127.4888058
37.2780252,127.4888865
37.2779643,127.4889669
37.2779027,127.4890466
37.277841,127.4891261
37.2777791,127.4892054
37.2777174,127.4892848
37.277656,127.4893647
37.2777174,127.4892848
37.2777791,127.4892054
37.277841,127.4891261
37.2779027,127.4890466
37.2779643,127.4889669
37.2780252,127.4888865
37.2779643,127.4889669
37.2779027,127.4890466
37.277841,127.4891261
37.2777791,127.4892054
37.2768058,127.4321231
37.277841,127.4891261
37.2779027,127.4890466
37.2779643,127.4889669
37.2780252,127.4888865
37.2780859,127.4888058
37.2466423,127.4955972
37.2465467,127.4955808
37.246452,127.4955573
37.2463589,127.4955258
37.2462674,127.4954876
37.2463589,127.4955258
37.2462674,127.4954876
37.2463589,127.4955258
37.2462674,127.4954876
37.2463589,127.4955258
37.2462674,127.4954876
37.2463589,127.4955258
37.2780252,127.4888865
37.2462674,127.4954876
37.2463589,127.4955258
37.2779643,127.4889669
37.2779027,127.4890466
37.277841,127.4891261
37.2777791,127.4892054
37.2777174,127.4892848
37.277656,127.4893647
37.2775947,127.4894446
37.2775329,127.4895241
37.2774711,127.4896034
37.2774094,127.489683
37.2773476,127.4897623
37.2772858,127.4898418
37.2772242,127.4899214
37.2771625,127.4900008
37.2771006,127.4900801
37.277039,127.4901597
37.2769776,127.4902396
37.2769162,127.4903195
37.2768544,127.4903988
37.2767917,127.4904771
37.2767291,127.4905554
37.2766664,127.4906337
37.2766037,127.4907121
37.2765411,127.4907904
37.2764784,127.4908687
37.2764158,127.490947
37.2763531,127.4910253
37.2768058,127.4321231
37.2462674,127.4954876
37.246179,127.4954393
37.2460934,127.4953837
37.2460122,127.4953187
37.2459365,127.4952441
37.2458649,127.4951633
37.2458009,127.4950731
37.2457427,127.4949768
37.2456928,127.4948736
37.2456487,127.4947663
37.2762905,127.4911037
37.2762278,127.491182
37.2762905,127.4911037
37.2763531,127.4910253
37.2762905,127.4911037
37.2762278,127.491182
37.2761651,127.4912603
37.2761019,127.4913378
37.2760371,127.4914134
37.2759708,127.4914868
37.2759032,127.4915584
37.275835,127.4916291
37.2757666,127.4916996
37.2756986,127.4917705
37.2757666,127.4916996
37.2756986,127.4917705
37.2756326,127.4918443
37.2755705,127.4919232
37.2755117,127.4920061
37.2754537,127.4920899
37.2755117,127.4920061
37.2466144,127.4958232
37.2465211,127.4958545
37.2466144,127.4958232
37.2465211,127.4958545
37.2466144,127.4958232
37.2465211,127.4958545
37.2466144,127.4958232
37.2467076,127.4957918
37.2468008,127.4957604
37.2468939,127.4957285
37.2468008,127.4957604
37.2467076,127.4957918
37.2466144,127.4958232
37.2467076,127.4957918
37.2468008,127.4957604
37.2468939,127.4957285
37.2468008,127.4957604
37.2467076,127.4957918
37.2466144,127.4958232
37.2465211,127.4958545
37.2466144,127.4958232
37.2465211,127.4958545
37.2464281,127.4958868
37.2463353,127.4959202
37.2462429,127.4959551
37.2461507,127.4959911
37.2460592,127.4960297
37.2459682,127.4960697
37.2458772,127.4961103
37.2457867,127.4961521
37.2456963,127.4961946
37.2456061,127.4962375
37.2455162,127.4962817
37.2448381,127.4983124
37.2768058,127.4321231
37.244889,127.4982101
37.2449312,127.4981014
37.276743,127.432031
37.244889,127.4982101
37.2448381,127.4983124
37.244889,127.4982101
37.2448381,127.4983124
37.244775,127.4984033
37.244699,127.4984771
37.2446125,127.4985296
37.2445197,127.4985601
37.2444236,127.4985641
37.2443291,127.4985417
37.2442412,127.4984936
37.2441624,127.4984247
37.2440981,127.4983353
37.2440522,127.4982297
37.2440193,127.4981163
37.2440023,127.4979975
37.2439977,127.4978769
37.244005,127.4977565
37.2440216,127.4976376
37.244051,127.4975226
37.2440923,127.4974137
37.2441454,127.4973129
37.2442097,127.497223
37.2442813,127.4971419
37.2443594,127.497071
37.2444416,127.4970074
37.2445263,127.4969494
37.244613,127.4968959
37.2447002,127.496844
37.2447878,127.4967928
37.2448755,127.4967421
37.2449636,127.4966922
37.2450524,127.4966445
37.2451412,127.4965968
37.24523,127.496549
37.2453188,127.4965013
37.2454076,127.4964536
37.2454964,127.4964059
37.2455852,127.4963581
37.245674,127.4963104
37.2457628,127.4962627
37.2458516,127.496215
37.2457628,127.4962627
37.3413311,127.4616279
37.2458516,127.496215
37.2459413,127.4961703
37.246032,127.4961285
37.2461232,127.4960884
37.2462152,127.4960514
37.2463075,127.4960155
37.3413311,127.4616279
37.2463995,127.4959797
37.246492,127.4959464
37.246585,127.4959149
37.2466784,127.4958853
37.246772,127.495857
37.2468656,127.4958287
37.2470224,127.4958444
37.2471165,127.4958071
37.2472104,127.4957688
37.2473042,127.49573
37.3412987,127.4617413
37.3412599,127.4618623
37.3412317,127.4619521
37.3412599,127.4618623
37.3412317,127.4619521
37.3412021,127.4620742
37.3411932,127.4621905
37.341228,127.4622552
37.2453653,127.4978908
37.341342,127.4622282
37.3414391,127.4622346
37.3415412,127.4622059
37.2453899,127.4977643
37.2454204,127.4976325
37.2454511,127.4975113
37.2454918,127.4973887
37.2455272,127.4972717
37.2455752,127.4971561
37.2456285,127.4970441
37.2456865,127.4969359
37.2457488,127.4968316
37.2458152,127.4967312
37.3416201,127.4621314
37.2458847,127.4966341
37.2459591,127.496543
37.2460382,127.4964583
37.2461199,127.4963774
37.2462047,127.4963019
37.2462935,127.4962338
37.2463836,127.4961685
37.24647,127.4961087
37.2465584,127.4960538
37.2466489,127.4960044
37.2467408,127.4959592
37.3407046,127.4627154
37.2754537,127.4920899
37.3403682,127.4632884
37.2453892,127.4957578
37.2454005,127.4955887
37.2453892,127.4957578
37.2453777,127.4959269
37.2453892,127.4957578
37.2755117,127.4920061
37.2755705,127.4919232
37.2756326,127.4918443
37.3403138,127.4633883
37.3401855,127.4634052
37.2453777,127.4959269
37.2453664,127.496096
37.2453777,127.4959269
37.3403138,127.4633883
37.2453892,127.4957578
37.3402593,127.463482
37.3401988,127.4635808
37.3401431,127.46366
37.34008,127.4637717
37.3400447,127.4636025
37.2755705,127.4919232
37.3400282,127.4635177
37.3400065,127.4634228
37.3399868,127.4633183
37.2755117,127.4920061
37.2754537,127.4920899
37.2753965,127.4921744
37.2753332,127.4922508
37.2453777,127.4959269
37.2453892,127.4957578
37.2454005,127.4955887
37.2454119,127.4954196
37.2454235,127.4952506
37.2454348,127.4950815
37.245445,127.4949123
37.2454348,127.4950815
37.3400065,127.4634228
37.3400932,127.4634195
37.245445,127.4949123
37.2454549,127.4947431
37.2454649,127.4945739
37.2454549,127.4947431
37.245445,127.4949123
37.2454348,127.4950815
37.245445,127.4949123
37.2454549,127.4947431
37.2454649,127.4945739
37.2454746,127.4944046
37.2454841,127.4942354
37.2454939,127.4940661
37.2455045,127.493897
37.2455152,127.4937278
37.2455264,127.4935587
37.2455376,127.4933896
37.2455491,127.4932205
37.2753965,127.4921744
37.2754537,127.4920899
37.2755117,127.4920061
37.2755705,127.4919232
37.2756326,127.4918443
37.2756986,127.4917705
37.2757666,127.4916996
37.275835,127.4916291
37.2759032,127.4915584
37.2759708,127.4914868
37.2760371,127.4914134
37.2761019,127.4913378
37.2761651,127.4912603
37.2762278,127.491182
37.2762905,127.4911037
37.2763531,127.4910253
37.2764158,127.490947
37.2764784,127.4908687
37.2765411,127.4907904
37.2766037,127.4907121
37.2766664,127.4906337
37.2767291,127.4905554
37.2767917,127.4904771
37.2768544,127.4903988
37.2769162,127.4903195
37.2769776,127.4902396
37.277039,127.4901597
37.2771006,127.4900801
37.2771625,127.4900008
37.2772242,127.4899214
37.2772858,127.4898418
37.2773476,127.4897623
37.2774094,127.489683
37.2774711,127.4896034
37.2775329,127.4895241
37.2775947,127.4894446
37.2775329,127.4895241
37.2774711,127.4896034
37.2774094,127.489683
37.2774711,127.4896034
37.2775329,127.4895241
37.2775947,127.4894446
37.277656,127.4893647
37.2777174,127.4892848
37.2777791,127.4892054
37.277841,127.4891261
37.2779027,127.4890466
37.2779643,127.4889669
37.2780252,127.4888865
37.2780859,127.4888058
37.2781468,127.4887253
37.2782212,127.4886278
37.278271,127.4885674
37.2782212,127.4886278
37.2781468,127.4887253
37.2780859,127.4888058
37.2780252,127.4888865
37.2779643,127.4889669
37.2779643,127.4889669
37.2779027,127.4890466
37.277841,127.4891261
37.2779027,127.4890466
37.2779643,127.4889669
37.2780252,127.4888865
37.2780859,127.4888058
37.2780252,127.4888865
37.2779643,127.4889669
37.2779027,127.4890466
37.277841,127.4891261
37.2777791,127.4892054
37.2777174,127.4892848
37.277656,127.4893647
37.2775947,127.4894446
37.2775329,127.4895241
37.2774711,127.4896034
37.2774094,127.489683
37.2773476,127.4897623
37.2772858,127.4898418
37.2772242,127.4899214
37.2771625,127.4900008
37.2771006,127.4900801
37.277039,127.4901597
37.2769776,127.4902396
37.2769162,127.4903195
37.2768544,127.4903988
37.2767917,127.4904771
37.2767291,127.4905554
37.2766664,127.4906337
37.2766037,127.4907121
37.2765411,127.4907904
37.2764784,127.4908687
37.2764158,127.490947
37.2763531,127.4910253
37.2762905,127.4911037
37.2762278,127.491182
37.2761651,127.4912603
37.2761019,127.4913378
37.2760371,127.4914134
37.2759708,127.4914868
37.2759032,127.4915584
37.275835,127.4916291
37.2757666,127.4916996
37.2756986,127.4917705
37.2756326,127.4918443
37.2755705,127.4919232
37.2755117,127.4920061
37.2754537,127.4920899
37.2753965,127.4921744
37.3392688,127.4610688
37.2454198,127.4762367
37.2453869,127.476069
37.2454198,127.4762367
37.2453869,127.476069
37.2754537,127.4920899
37.2755117,127.4920061
37.2755705,127.4919232
37.2756326,127.4918443
37.2756986,127.4917705
37.2757666,127.4916996
37.275835,127.4916291
37.2759032,127.4915584
37.2759708,127.4914868
37.2760371,127.4914134
37.2761019,127.4913378
37.2761651,127.4912603
37.2762278,127.491182
37.2762905,127.4911037
37.2763531,127.4910253
37.2764158,127.490947
37.2764784,127.4908687
37.2765411,127.4907904
37.2766037,127.4907121
37.2766664,127.4906337
37.2766664,127.4906337
37.2766037,127.4907121
37.2765411,127.4907904
37.2764784,127.4908687
37.2764158,127.490947
37.3393163,127.46119
37.2763531,127.4910253
37.2762905,127.4911037
37.3393561,127.4612903
37.3393953,127.4613995
37.2763531,127.4910253
37.2764158,127.490947
37.2764784,127.4908687
37.2765411,127.4907904
37.2766037,127.4907121
37.2766664,127.4906337
37.2767291,127.4905554
37.2767917,127.4904771
37.2768544,127.4903988
37.2769162,127.4903195
37.2769776,127.4902396
37.277039,127.4901597
37.2771006,127.4900801
37.2771625,127.4900008
37.2772242,127.4899214
37.2772858,127.4898418
37.2774094,127.489683
37.2773476,127.4897623
37.2774711,127.4896034
37.2775329,127.4895241
37.2775947,127.4894446
37.277656,127.4893647
37.2777174,127.4892848
37.2777791,127.4892054
37.277841,127.4891261
37.2779027,127.4890466
37.2779643,127.4889669
37.2780252,127.4888865
37.2780859,127.4888058
37.2781468,127.4887253
37.2780859,127.4888058
37.2780252,127.4888865
37.2779027,127.4890466
37.2779643,127.4889669
37.277841,127.4891261
37.2777174,127.4892848
37.2777791,127.4892054
37.277656,127.4893647
37.2775947,127.4894446
37.2775329,127.4895241
37.2774711,127.4896034
37.2774094,127.489683
37.2772858,127.4898418
37.2773476,127.4897623
37.2772242,127.4899214
37.2771625,127.4900008
37.2771006,127.4900801
37.277039,127.4901597
37.2769776,127.4902396
37.2769162,127.4903195
37.2768544,127.4903988
37.2767917,127.4904771
37.2767291,127.4905554
37.2766664,127.4906337
37.2766037,127.4907121
37.2765411,127.4907904
37.2764784,127.4908687
37.2764158,127.490947
37.2763531,127.4910253
37.2762905,127.4911037
37.2761651,127.4912603
37.2762278,127.491182
37.2762278,127.491182
37.2762905,127.4911037
37.2763531,127.4910253
37.2764158,127.490947
37.2764784,127.4908687
37.2765411,127.4907904
37.2766037,127.4907121
37.2766664,127.4906337
37.2767291,127.4905554
37.2767917,127.4904771
37.2768544,127.4903988
37.2769162,127.4903195
37.2769776,127.4902396
37.277039,127.4901597
37.2771006,127.4900801
37.2771625,127.4900008
37.2772242,127.4899214
37.2772858,127.4898418
37.2773476,127.4897623
37.2774094,127.489683
37.2774711,127.4896034
37.2775329,127.4895241
37.2774711,127.4896034
37.2774094,127.489683
37.2773476,127.4897623
37.2772858,127.4898418
37.2772242,127.4899214
37.2771625,127.4900008
37.2771006,127.4900801
37.277039,127.4901597
37.2769776,127.4902396
37.2769162,127.4903195
37.2768544,127.4903988
37.2767917,127.4904771
37.2767291,127.4905554
37.2766664,127.4906337
37.2766037,127.4907121
37.2765411,127.4907904
37.2764784,127.4908687
37.2764158,127.490947
37.2763531,127.4910253
37.2762905,127.4911037
37.2762278,127.491182
37.2761651,127.4912603
37.2761019,127.4913378
37.2761019,127.4913378
37.2760371,127.4914134
37.2759708,127.4914868
37.2759032,127.4915584
37.275835,127.4916291
37.2757666,127.4916996
37.2756986,127.4917705
37.2755705,127.4919232
37.2756326,127.4918443
37.2755117,127.4920061
37.2754537,127.4920899
37.2753965,127.4921744
37.2753332,127.4922508
37.2753965,127.4921744
37.2754537,127.4920899
37.2755117,127.4920061
37.2755705,127.4919232
37.2756326,127.4918443
37.2756986,127.4917705
37.2757666,127.4916996
37.275835,127.4916291
37.2759032,127.4915584
37.2759708,127.4914868
37.2760371,127.4914134
37.2761019,127.4913378
37.2761651,127.4912603
37.2762278,127.491182
37.2762905,127.4911037
37.3394298,127.4614908
37.2763531,127.4910253
37.2764158,127.490947
37.3394756,127.4616207
37.2764784,127.4908687
37.2765411,127.4907904
37.2766037,127.4907121
37.2766664,127.4906337
37.2767291,127.4905554
37.2767917,127.4904771
37.2768544,127.4903988
37.2769162,127.4903195
37.2769776,127.4902396
37.3395181,127.4617352
37.277039,127.4901597
37.2771006,127.4900801
37.3395585,127.4618382
37.2771625,127.4900008
37.2772242,127.4899214
37.2772858,127.4898418
37.2773476,127.4897623
37.2774094,127.489683
37.2774711,127.4896034
37.2775329,127.4895241
37.2775947,127.4894446
37.277656,127.4893647
37.2775947,127.4894446
37.2775329,127.4895241
37.2775947,127.4894446
37.277656,127.4893647
37.2775947,127.4894446
37.2775329,127.4895241
37.2774711,127.4896034
37.2774094,127.489683
37.2773476,127.4897623
37.2772858,127.4898418
37.2772242,127.4899214
37.2771625,127.4900008
37.2771006,127.4900801
37.277039,127.4901597
37.2769776,127.4902396
37.2769162,127.4903195
37.2768544,127.4903988
37.2767917,127.4904771
37.2767291,127.4905554
37.2766664,127.4906337
37.2766037,127.4907121
37.2765411,127.4907904
37.2764784,127.4908687
37.2764158,127.490947
37.2763531,127.4910253
37.2762905,127.4911037
37.2762278,127.491182
37.2761651,127.4912603
37.2761019,127.4913378
37.2760371,127.4914134
37.2760371,127.4914134
37.2759708,127.4914868
37.2759032,127.4915584
37.275835,127.4916291
37.2757666,127.4916996
37.2756986,127.4917705
37.2756326,127.4918443
37.2755705,127.4919232
37.2756326,127.4918443
37.2756986,127.4917705
37.2757666,127.4916996
37.275835,127.4916291
37.2759032,127.4915584
37.2759708,127.4914868
37.2760371,127.4914134
37.2761019,127.4913378
37.2761651,127.4912603
37.2762278,127.491182
37.2762905,127.4911037
37.2763531,127.4910253
37.2764158,127.490947
37.2764784,127.4908687
37.2765411,127.4907904
37.2766037,127.4907121
37.2766664,127.4906337
37.2767291,127.4905554
37.2767917,127.4904771
37.2768544,127.4903988
37.2769162,127.4903195
37.2769776,127.4902396
37.277039,127.4901597
37.2771625,127.4900008
37.2771006,127.4900801
37.2772242,127.4899214
37.2772858,127.4898418
37.2773476,127.4897623
37.2774094,127.489683
37.2774711,127.4896034
37.2775329,127.4895241
37.2775947,127.4894446
37.277656,127.4893647
37.2777174,127.4892848
37.2777791,127.4892054
37.277841,127.4891261
37.2779027,127.4890466
37.2779643,127.4889669
37.2780252,127.4888865
37.2780859,127.4888058
37.2781468,127.4887253
37.2782212,127.4886278
37.339593,127.4619293
37.3396263,127.4620222
37.3396722,127.4621512
37.339707,127.462247
37.339741,127.4623418
37.3397833,127.4624652
37.3398173,127.4625668
37.3398492,127.4626697
37.278271,127.4885674
37.2782212,127.4886278
37.2781468,127.4887253
37.2782212,127.4886278
37.278271,127.4885674
37.2783373,127.488494
37.2784091,127.4884294
37.2784854,127.4883733
37.2785649,127.4883245
37.2786205,127.4882944
37.2787293,127.4882421
37.2788123,127.4882037
37.2788957,127.4881664
37.2789792,127.4881294
37.2790626,127.4880922
37.2791461,127.4880552
37.2792296,127.4880181
37.2793131,127.4879813
37.2793966,127.4879444
37.2794798,127.4879063
37.3398173,127.4625668
37.3398492,127.4626697
37.2457647,127.4863618
37.3398833,127.4627953
37.2794289,127.4877841
37.2457538,127.486534
37.3398492,127.4626697
37.2457647,127.4863618
37.2457538,127.486534
37.2457425,127.4867061
37.2457317,127.4868783
37.2457211,127.4870505
37.2457105,127.4872227
37.2456996,127.4873948
37.2457105,127.4872227
37.3398833,127.4627953
37.3399138,127.4629238
37.3399393,127.463053
37.33996,127.46316
37.3399868,127.4633183
37.3400065,127.4634228
37.3400282,127.4635177
37.2793889,127.4876861
37.2452145,127.4951425
37.245225,127.4949703
37.3400447,127.4636025
37.34008,127.4637717
37.2793508,127.4875869
37.2452145,127.4951425
37.245204,127.4953146
37.2451933,127.4954868
37.2451826,127.495659
37.2451713,127.4958311
37.2451604,127.4960033
37.24515,127.4961755
37.2451398,127.4963477
37.2451296,127.4965199
37.2451196,127.4966922
37.2451095,127.4968644
37.2450992,127.4970366
37.2450886,127.4972088
37.2450775,127.497381
37.2450722,127.4974624
37.2449994,127.4976148
37.2449872,127.4977375
37.2449729,127.4978598
37.2449537,127.497981
37.2449729,127.4978598
37.2449872,127.4977375
37.2449994,127.4976148
37.2450722,127.4974624
37.2450775,127.497381
37.2450722,127.4974624
37.2449994,127.4976148
37.2449872,127.4977375
37.2449729,127.4978598
37.2449872,127.4977375
37.2449994,127.4976148
37.2450722,127.4974624
37.2449994,127.4976148
37.2450722,127.4974624
37.340102,127.4638834
37.2450562,127.4977253
37.340125,127.4640084
37.2450458,127.4978975
37.2450352,127.4980697
37.2450243,127.4982419
37.2450129,127.498414
37.2450014,127.4985861
37.2449894,127.4987581
37.2450014,127.4985861
37.2449894,127.4987581
37.3401413,127.4641033
37.3401605,127.4642047
37.3401818,127.4643217
37.3402045,127.4644448
37.2449772,127.4989302
37.2449643,127.4991021
37.2449508,127.499274
37.2449643,127.4991021
37.2793124,127.4874879
37.2792741,127.4873888
37.2792367,127.4872892
37.2791991,127.4871897
37.2792367,127.4872892
37.2768058,127.4321231
37.276743,127.432031
37.2766866,127.4319328
37.2766402,127.4318267
37.2765986,127.4317174
37.276557,127.4316081
37.2765142,127.4314996
37.2764699,127.4313919
37.2764268,127.4312835
37.2763835,127.4311753
37.2763429,127.4310654
37.2763077,127.4309527
37.2763429,127.4310654
37.2763835,127.4311753
37.2764268,127.4312835
37.2764699,127.4313919
37.2765142,127.4314996
37.276557,127.4316081
37.2765986,127.4317174
37.2766402,127.4318267
37.2766866,127.4319328
37.276743,127.432031
37.3430209,127.4678197
37.3430648,127.4679392
37.3430933,127.4680512
37.3431111,127.468177
37.3431169,127.4683037
37.3454525,127.4761072
37.3454672,127.4762243
37.3454915,127.4763377
37.2768058,127.4321231
37.2768058,127.4321231
37.276743,127.432031
37.2766866,127.4319328
37.2766402,127.4318267
37.2768058,127.4321231
37.2768058,127.4321231
37.2768058,127.4321231
37.2768058,127.4321231
37.276743,127.432031
37.2768058,127.4321231
37.2768704,127.4322131
37.2769373,127.4323005
37.2768704,127.4322131
37.2768058,127.4321231
37.276743,127.432031
37.2766866,127.4319328
37.2766402,127.4318267
37.2765986,127.4317174
37.276557,127.4316081
37.2765142,127.4314996
37.276557,127.4316081
37.2765986,127.4317174
37.276557,127.4316081
37.2765142,127.4314996
37.2764699,127.4313919
37.2764268,127.4312835
37.2763835,127.4311753
37.2763429,127.4310654
37.2763077,127.4309527
37.2762794,127.4308369
37.2762609,127.4307182
37.2762396,127.4306001
37.2762139,127.4304834
37.2761867,127.4303672
37.2761553,127.4302527
37.2761195,127.4301402
37.2761553,127.4302527
37.2768058,127.4321231
37.2768058,127.4321231
37.2766866,127.4319328
37.2765986,127.4317174
37.2768058,127.4321231
37.2766866,127.4319328
37.276557,127.4316081
37.2765142,127.4314996
37.2764699,127.4313919
37.2764268,127.4312835
37.2763835,127.4311753
37.2763429,127.4310654
37.2763077,127.4309527
37.2762794,127.4308369
37.2762609,127.4307182
37.2762396,127.4306001
37.2762139,127.4304834
37.2761867,127.4303672
37.2761553,127.4302527
37.2761195,127.4301402
37.276084,127.4300276
37.2761334,127.4299024
37.276084,127.4300276
37.2761195,127.4301402
37.2761553,127.4302527
37.2791991,127.4871897
37.2791606,127.4870907
37.2791216,127.4869921
37.2790801,127.4868951
37.2790331,127.4868021
37.2761553,127.4302527
37.2789804,127.4867141
37.2789351,127.4866201
37.2789062,127.4865163
37.2761553,127.4302527
37.2788899,127.4864081
37.2761553,127.4302527
37.2788779,127.4862991
37.2788642,127.4861904
37.278849,127.486082
37.2761553,127.4302527
37.2786928,127.4859449
37.278849,127.486082
37.2786928,127.4859449
37.2786442,127.4858545
37.2785957,127.4857642
37.2785471,127.4856738
37.2784985,127.4855835
37.2784499,127.4854931
37.2784014,127.4854027
37.2783477,127.4853183
37.2782702,127.4852934
37.27819,127.4853298
37.2781151,127.4853854
37.2780376,127.4853916
37.2779662,127.4853363
37.2779205,127.4852436
37.2778749,127.4851508
37.2779205,127.4852436
37.2779662,127.4853363
37.2780376,127.4853916
37.2780376,127.4853916
37.2779662,127.4853363
37.2779205,127.4852436
37.2778749,127.4851508
37.2779205,127.4852436
37.2779662,127.4853363
37.2780376,127.4853916
37.2781151,127.4853854
37.27819,127.4853298
37.2782702,127.4852934
37.2783477,127.4853183
37.2784014,127.4854027
37.2784499,127.4854931
37.2784985,127.4855835
37.2785471,127.4856738
37.2785957,127.4857642
37.2786442,127.4858545
37.2786928,127.4859449
37.278849,127.486082
37.2788321,127.485974
37.2788152,127.485866
37.2768058,127.4321231
37.276743,127.432031
37.2766866,127.4319328
37.2766402,127.4318267
37.2765986,127.4317174
37.276557,127.4316081
37.2765142,127.4314996
37.2764699,127.4313919
37.2787975,127.4857582
37.2787818,127.4856499
37.2764268,127.4312835
37.2787757,127.4855401
37.2787723,127.4854301
37.27877,127.4853201
37.2787684,127.4852101
37.2787533,127.485102
37.2786694,127.4849706
37.2786206,127.4848843
37.2768058,127.4321231
37.276743,127.432031
37.2766866,127.4319328
37.2766402,127.4318267
37.2766402,127.4318267
37.2765986,127.4317174
37.276557,127.4316081
37.2765142,127.4314996
37.2764699,127.4313919
37.2764268,127.4312835
37.2763835,127.4311753
37.2763429,127.4310654
37.2763077,127.4309527
37.2762794,127.4308369
37.2762609,127.4307182
37.2762396,127.4306001
37.2762139,127.4304834
37.2761867,127.4303672
37.2761553,127.4302527
37.2761195,127.4301402
37.276084,127.4300276
37.2760516,127.4299135
37.276084,127.4300276
37.2761334,127.4299024
37.2761656,127.4297875
37.2761334,127.4299024
37.276084,127.4300276
37.2761195,127.4301402
37.276084,127.4300276
37.2491364,127.4967707
37.2761334,127.4299024
37.2785719,127.484798
37.2785231,127.4847117
37.2784744,127.4846254
37.2784256,127.4845391
37.2783563,127.484402
37.2782858,127.484465
37.2782012,127.4844774
37.2781267,127.484427
37.2780788,127.4843359
37.2780308,127.4842449
37.2779823,127.4841544
37.2779316,127.4840659
37.2779823,127.4841544
37.2780308,127.4842449
37.2780788,127.4843359
37.2781267,127.484427
37.2782012,127.4844774
37.2782858,127.484465
37.2783563,127.484402
37.2784158,127.4843226
37.278482,127.4842518
37.2785726,127.4841602
37.2786523,127.4841709
37.2787297,127.4841342
37.2788326,127.4840298
37.2787449,127.4839162
37.278696,127.4838247
37.2786469,127.4837334
37.2785976,127.4836423
37.2785466,127.4835526
37.2784967,127.4834619
37.2784495,127.4833691
37.2784967,127.4834619
37.2785466,127.4835526
37.2785976,127.4836423
37.2786469,127.4837334
37.278696,127.4838247
37.2787449,127.4839162
37.2788326,127.4840298
37.2788848,127.4840625
37.2789474,127.4841087
37.2790147,127.4841791
37.2790787,127.4842547
37.2791375,127.4843364
37.2791862,127.4844278
37.2791994,127.4845355
37.2792698,127.4846539
37.2793164,127.4847452
37.2793655,127.4848344
37.2793309,127.4849322
37.2792681,127.4850068
37.2791858,127.4850393
37.2791295,127.4849667
37.2790806,127.4848773
37.2790016,127.4847305
37.2789213,127.4847963
37.2788466,127.4848544
37.2787754,127.4849191
37.2786694,127.4849706
37.2786233,127.4850435
37.2786694,127.4849706
37.2787533,127.485102
37.2787684,127.4852101
37.27877,127.4853201
37.2787723,127.4854301
37.2787757,127.4855401
37.2787818,127.4856499
37.2787975,127.4857582
37.2788152,127.485866
37.2788321,127.485974
37.2761334,127.4299024
37.2490409,127.4967853
37.2489906,127.4967905
37.2761334,127.4299024
37.278849,127.486082
37.2788642,127.4861904
37.2788779,127.4862991
37.2788899,127.4864081
37.2789062,127.4865163
37.2789351,127.4866201
37.2789804,127.4867141
37.2790331,127.4868021
37.2790801,127.4868951
37.2791216,127.4869921
37.2791606,127.4870907
37.2791991,127.4871897
37.2792367,127.4872892
37.2792741,127.4873888
37.2793124,127.4874879
37.2793508,127.4875869
37.2793889,127.4876861
37.2794289,127.4877841
37.2794798,127.4879063
37.2793966,127.4879444
37.2793131,127.4879813
37.2792296,127.4880181
37.2791461,127.4880552
37.2790626,127.4880922
37.2789792,127.4881294
37.2788957,127.4881664
37.2788123,127.4882037
37.2787293,127.4882421
37.2786205,127.4882944
37.2785649,127.4883245
37.2761334,127.4299024
37.2786205,127.4882944
37.2785657,127.4881179
37.2785071,127.488038
37.2784365,127.4879749
37.2783624,127.4879183
37.2782891,127.4878601
37.2782169,127.4877998
37.2781441,127.4877404
37.2780714,127.4876811
37.2779999,127.4876195
37.2779266,127.4875612
37.2778534,127.4875029
37.2777801,127.4874446
37.2777069,127.4873863
37.2776336,127.4873279
37.2775604,127.4872696
37.2774871,127.4872113
37.277414,127.4871528
37.2773423,127.4870914
37.2772704,127.4870306
37.2771984,127.4869699
37.2771293,127.4869041
37.2770683,127.4868269
37.2770186,127.4867378
37.2769753,127.4866436
37.276935,127.4865474
37.276894,127.4864517
37.2768511,127.4863572
37.2768072,127.4862634
37.2767656,127.4861681
37.2767247,127.4860723
37.2766825,127.4859773
37.2767247,127.4860723
37.2767656,127.4861681
37.2768072,127.4862634
37.2768511,127.4863572
37.276894,127.4864517
37.276935,127.4865474
37.2769753,127.4866436
37.2770186,127.4867378
37.2770683,127.4868269
37.2771293,127.4869041
37.2771984,127.4869699
37.2772704,127.4870306
37.2773423,127.4870914
37.277414,127.4871528
37.2774871,127.4872113
37.2775604,127.4872696
37.2776336,127.4873279
37.2777069,127.4873863
37.2777801,127.4874446
37.2778534,127.4875029
37.2779266,127.4875612
37.2779999,127.4876195
37.2780714,127.4876811
37.2781441,127.4877404
37.2782169,127.4877998
37.2782891,127.4878601
37.2783624,127.4879183
37.2784365,127.4879749
37.2785071,127.488038
37.2785657,127.4881179
37.2786205,127.4882944
37.2785649,127.4883245
37.2784854,127.4883733
37.2784091,127.4884294
37.2783373,127.488494
37.278271,127.4885674
37.2782212,127.4886278
37.2781333,127.4885085
37.2780602,127.48845
37.277986,127.4883853
37.277965,127.4882795
37.2779562,127.4881692
37.2779083,127.48808
37.2778382,127.4880212
37.2777678,127.4879635
37.2778382,127.4880212
37.2779083,127.48808
37.2779562,127.4881692
37.277965,127.4882795
37.277986,127.4883853
37.2780602,127.48845
37.2781333,127.4885085
37.2782212,127.4886278
37.2781468,127.4887253
37.2780859,127.4888058
37.2780252,127.4888865
37.2779643,127.4889669
37.2779027,127.4890466
37.277841,127.4891261
37.2777791,127.4892054
37.2777174,127.4892848
37.277656,127.4893647
37.2775947,127.4894446
37.2775329,127.4895241
37.2774711,127.4896034
37.2774094,127.489683
37.2773476,127.4897623
37.2772858,127.4898418
37.2772242,127.4899214
37.2489037,127.4967905
37.2771625,127.4900008
37.2488151,127.4967762
37.2771006,127.4900801
37.277039,127.4901597
37.2769776,127.4902396
37.2769162,127.4903195
37.2768544,127.4903988
37.2767917,127.4904771
37.2767291,127.4905554
37.2487574,127.4966735
37.2766664,127.4906337
37.2766037,127.4907121
37.248758,127.4965753
37.2765411,127.4907904
37.2764784,127.4908687
37.2764158,127.490947
37.2763531,127.4910253
37.2762905,127.4911037
37.2487574,127.4966735
37.2762278,127.491182
37.2762042,127.4910715
37.2486205,127.4966683
37.2761646,127.4909746
37.276125,127.4908777
37.2760854,127.4907809
37.2760458,127.490684
37.2760854,127.4907809
37.276125,127.4908777
37.2761646,127.4909746
37.2762042,127.4910715
37.2762278,127.491182
37.2761651,127.4912603
37.2761019,127.4913378
37.2760371,127.4914134
37.2759708,127.4914868
37.2759032,127.4915584
37.275835,127.4916291
37.2757666,127.4916996
37.2756986,127.4917705
37.2756326,127.4918443
37.2755705,127.4919232
37.2755117,127.4920061
37.2754537,127.4920899
37.2753965,127.4921744
37.2753332,127.4922508
37.2485385,127.4966826
37.2486205,127.4966683
37.2487574,127.4966735
37.2488151,127.4967762
37.248841,127.4968735
37.2488151,127.4967762
37.2487574,127.4966735
37.2486205,127.4966683
37.2485385,127.4966826
37.2761334,127.4299024
37.2485202,127.4967745
37.2485097,127.4968792
37.248512,127.4969822
37.2485097,127.4968792
37.2485202,127.4967745
37.2485385,127.4966826
37.2486205,127.4966683
37.2487574,127.4966735
37.2488151,127.4967762
37.248841,127.4968735
37.2761334,127.4299024
37.2761334,127.4299024
37.2488151,127.4967762
37.2761656,127.4297875
37.248841,127.4968735
37.2488456,127.4969703
37.2488483,127.4970801
37.2488534,127.4971824
37.2488456,127.4972901
37.2488148,127.4973948
37.2487601,127.4974783
37.2488148,127.4973948
37.2487601,127.4974783
37.2752607,127.4923144
37.2751637,127.4923793
37.2750314,127.4924038
37.2749846,127.4924939
37.2749925,127.4925981
37.2750406,127.4926873
37.2751207,127.492718
37.2751967,127.4926655
37.2752322,127.4925693
37.2752177,127.4924645
37.2486893,127.4975639
37.2486304,127.4976496
37.2761334,127.4299024
37.248595,127.4977514
37.276084,127.4300276
37.2761334,127.4299024
37.2761656,127.4297875
37.2762215,127.4296886
37.2762975,127.4296135
37.2763835,127.4295573
37.2764737,127.4295116
37.2763835,127.4295573
37.2764737,127.4295116
37.2763835,127.4295573
37.2764737,127.4295116
37.2763835,127.4295573
37.2762241,127.4295816
37.2763835,127.4295573
37.2762241,127.4295816
37.2763835,127.4295573
37.2763835,127.4295573
37.2763835,127.4295573
37.2763835,127.4295573
37.2763835,127.4295573
37.2763835,127.4295573
37.2763835,127.4295573
37.2763835,127.4295573
37.2763835,127.4295573
37.2763835,127.4295573
37.2763835,127.4295573
37.2763835,127.4295573
37.2762975,127.4296135
37.2762215,127.4296886
37.2762975,127.4296135
37.2763835,127.4295573
37.2764737,127.4295116
37.2765639,127.4294661
37.340974,127.4676615
37.2766534,127.4294184
37.276741,127.4293654
37.2768278,127.4293105
37.276741,127.4293654
37.2492226,127.4960342
37.2492203,127.4961464
37.2492226,127.4960342
37.2492223,127.4959237
37.2492226,127.4960342
37.2492203,127.4961464
37.249217,127.4962531
37.2492203,127.4961464
37.2768278,127.4293105
37.2769105,127.4292463
37.2769889,127.4291743
37.2769105,127.4292463
37.2768278,127.4293105
37.276741,127.4293654
37.2768278,127.4293105
37.2769105,127.4292463
37.2769889,127.4291743
37.2770648,127.4290982
37.2771362,127.4290156
37.2772068,127.4289318
37.2771362,127.4290156
37.2772068,127.4289318
37.2850361,127.4914938
37.2851199,127.4914669
37.3412525,127.4700895
37.2850361,127.4914938
37.2849658,127.4915591
37.2849125,127.4916475
37.2848569,127.4917333
37.2847916,127.4918078
37.2847207,127.4918741
37.2846502,127.4919408
37.2845834,127.4920132
37.2845243,127.4920955
37.2844705,127.4921832
37.2844089,127.492262
37.2843346,127.4923212
37.2842529,127.4923635
37.2841735,127.4924114
37.2841035,127.4924783
37.2840481,127.4925635
37.2840121,127.4926646
37.2839826,127.492769
37.2839532,127.4928734
37.2839246,127.4929782
37.2839027,127.4930854
37.2838884,127.4931946
37.2838869,127.4933052
37.2838974,127.4934152
37.2839142,127.4935239
37.2839316,127.4936325
37.2839516,127.4937369
37.284092,127.493652
37.284172,127.493603
37.284265,127.493547
37.284172,127.493603
37.284092,127.493652
37.2839516,127.4937369
37.2839316,127.4936325
37.2771362,127.4290156
37.2839142,127.4935239
37.2838974,127.4934152
37.2772068,127.4289318
37.2838869,127.4933052
37.2838884,127.4931946
37.2839027,127.4930854
37.2839246,127.4929782
37.2839532,127.4928734
37.2840121,127.4926646
37.2839826,127.492769
37.2840481,127.4925635
37.2771362,127.4290156
37.283943,127.492566
37.283837,127.49256
37.283739,127.492556
37.283647,127.492568
37.283565,127.492605
37.283485,127.49263
37.283391,127.492626
37.283297,127.49263
37.283208,127.492628
37.283122,127.492605
37.283036,127.492568
37.282956,127.492516
37.282873,127.492472
37.28279,127.492446
37.28271,127.492435
37.282646,127.492366
37.3412203,127.4702138
37.282616,127.492264
37.282585,127.492146
37.282541,127.492041
37.282489,127.491953
37.2772068,127.4289318
37.2772762,127.4288465
37.2773454,127.4287609
37.2774134,127.4286739
37.2838745,127.4937881
37.277482,127.4285876
37.2839516,127.4937369
37.2774134,127.4286739
37.2773454,127.4287609
37.2774134,127.4286739
37.277482,127.4285876
37.2774134,127.4286739
37.277482,127.4285876
37.277482,127.4285876
37.277482,127.4285876
37.2838745,127.4937881
37.2837971,127.4938383
37.2837198,127.493889
37.2836345,127.4939476
37.2835501,127.4940079
37.2834663,127.4940697
37.2835501,127.4940079
37.2836345,127.4939476
37.2837971,127.4938383
37.2837198,127.493889
37.2838745,127.4937881
37.2839516,127.4937369
37.284092,127.493652
37.284172,127.493603
37.284265,127.493547
37.284345,127.493498
37.2775501,127.4285006
37.284437,127.493443
37.284528,127.493388
37.2776189,127.4284145
37.284607,127.493343
37.2776875,127.4283283
37.2846753,127.4933072
37.2847963,127.4932535
37.2848848,127.4932074
37.2849737,127.493162
37.2850627,127.4931172
37.285152,127.4930734
37.2852416,127.4930305
37.285331,127.492987
37.2854194,127.4929403
37.285534,127.4929492
37.2856034,127.4928115
37.2776189,127.4284145
37.2775501,127.4285006
37.285534,127.4929492
37.277482,127.4285876
37.2774134,127.4286739
37.2854194,127.4929403
37.285331,127.492987
37.2852416,127.4930305
37.3409417,127.4724415
37.285152,127.4930734
37.2850627,127.4931172
37.2849737,127.493162
37.2848848,127.4932074
37.277482,127.4285876
37.2775501,127.4285006
37.2776189,127.4284145
37.2776875,127.4283283
37.2777616,127.4282494
37.2778478,127.4281938
37.277944,127.4281784
37.3409518,127.4726052
37.2780392,127.4282005
37.2781238,127.4282605
37.3409597,127.4727265
37.278211,127.4283563
37.278253,127.4284653
37.2782946,127.4285745
37.278253,127.4284653
37.2782946,127.4285745
37.2782946,127.4285745
37.2782946,127.4285745
37.2782946,127.4285745
37.2788485,127.4319759
37.340967,127.4728233
37.3409885,127.4729773
37.2790022,127.4327977
37.2790174,127.4330267
37.2790022,127.4327977
37.2789663,127.4326833
37.3410145,127.473093
37.341049,127.473205
37.3411194,127.4733828
37.3411636,127.4734906
37.3412038,127.4736039
37.3412348,127.4736997
37.3412641,127.4738032
37.341281,127.473875
37.2789351,127.4325667
37.2789003,127.4324518
37.2788637,127.4323378
37.2788385,127.4322195
37.2788331,127.4320974
37.2788485,127.4319759
37.2847963,127.4932535
37.2846753,127.4933072
37.284607,127.493343
37.3413055,127.4739793
37.3413353,127.4741102
37.3413612,127.4742265
37.3413845,127.4743307
37.2788775,127.4318606
37.3414115,127.4744492
37.3414405,127.4745732
37.3414672,127.4746872
37.3414877,127.4747753
37.3415198,127.4749103
37.3415482,127.4750257
37.3415732,127.4751195
37.3416125,127.4752657
37.341633,127.4753408
37.3416682,127.4754675
37.2789004,127.4317431
37.3416972,127.4755697
37.3417417,127.4757228
37.341771,127.4758242
37.2789144,127.4316236
37.3418032,127.475933
37.2789137,127.4315029
37.2788977,127.4313843
37.2788564,127.4312756
37.341771,127.4758242
37.2787998,127.4311775
37.2787398,127.4310826
37.2786797,127.430988
37.2786258,127.4308876
37.2785771,127.4307831
37.2786258,127.4308876
37.2785771,127.4307831
37.2786258,127.4308876
37.3418032,127.475933
37.3418402,127.4760575
37.341877,127.4761802
37.3418988,127.476253
37.34196,127.4764583
37.3419975,127.4765851
37.3420312,127.4767034
37.2786258,127.4308876
37.2786258,127.4308876
37.3420654,127.4768301
37.342084,127.4769018
37.3420958,127.4769677
37.2785771,127.4307831
37.2786258,127.4308876
37.2785771,127.4307831
37.2786258,127.4308876
37.2785771,127.4307831
37.2785343,127.4306747
37.2784927,127.4305655
37.249217,127.4962531
37.2492127,127.4964072
37.249217,127.4962531
37.2846753,127.4933072
37.2847963,127.4932535
37.2848848,127.4932074
37.2849737,127.493162
37.2850627,127.4931172
37.2849737,127.493162
37.2848848,127.4932074
37.2847963,127.4932535
37.2846753,127.4933072
37.2786258,127.4308876
37.2785771,127.4307831
37.2785343,127.4306747
37.284607,127.493343
37.2784927,127.4305655
37.2492127,127.4964072
37.249217,127.4962531
37.2786258,127.4308876
37.2786258,127.4308876
37.2785771,127.4307831
37.2492127,127.4964072
37.2785343,127.4306747
37.2492093,127.4965197
37.2784927,127.4305655
37.2784556,127.4304538
37.2784927,127.4305655
37.284528,127.493388
37.2784556,127.4304538
37.2784296,127.4303376
37.2784556,127.4304538
37.2784927,127.4305655
37.2785343,127.4306747
37.2785771,127.4307831
37.2786258,127.4308876
37.2786797,127.430988
37.2787398,127.4310826
37.2787998,127.4311775
37.2788564,127.4312756
37.2788977,127.4313843
37.2789137,127.4315029
37.2492115,127.4966263
37.2789144,127.4316236
37.2789004,127.4317431
37.2788775,127.4318606
37.2492212,127.4967539
37.2788485,127.4319759
37.2492403,127.4968453
37.2788775,127.4318606
37.2789004,127.4317431
37.2789144,127.4316236
37.2789137,127.4315029
37.2788977,127.4313843
37.2788564,127.4312756
37.2788977,127.4313843
37.2789137,127.4315029
37.2789144,127.4316236
37.2789004,127.4317431
37.2788775,127.4318606
37.284437,127.493443
37.2492688,127.4969563
37.2493088,127.4970543
37.284345,127.493498
37.24936,127.4971437
37.284265,127.493547
37.2494103,127.4972313
37.284172,127.493603
37.284092,127.493652
37.2788485,127.4319759
37.2788775,127.4318606
37.2788485,127.4319759
37.2788775,127.4318606
37.2788485,127.4319759
37.3421207,127.4770848
37.3421407,127.4772008
37.3421608,127.4773393
37.2786258,127.4308876
37.3421727,127.4774533
37.2785771,127.4307831
37.284265,127.493547
37.284172,127.493603
37.284172,127.493603
37.284092,127.493652
37.2839516,127.4937369
37.2838745,127.4937881
37.2837971,127.4938383
37.2837198,127.493889
37.2836345,127.4939476
37.249461,127.4973218
37.2786258,127.4308876
37.2495633,127.4975005
37.2495118,127.4974115
37.2496118,127.4975875
37.2785771,127.4307831
37.2496662,127.4976732
37.2785343,127.4306747
37.2497358,127.4977448
37.2835501,127.4940079
37.2834663,127.4940697
37.2833829,127.4941324
37.2832866,127.4942051
37.2784927,127.4305655
37.2832185,127.4942626
37.3421808,127.4775787
37.3421832,127.4777087
37.3421815,127.4778202
37.3421755,127.4779438
37.3421542,127.4780658
37.3421385,127.4781627
37.3421302,127.4783065
37.3421333,127.4784228
37.342136,127.4785262
37.3421332,127.4786567
37.3421255,127.4787912
37.34212,127.47888
37.2784556,127.4304538
37.2784296,127.4303376
37.2784203,127.4302174
37.2784203,127.4302174
37.2784218,127.4300965
37.2784309,127.4299761
37.2831366,127.4943283
37.2830549,127.4943943
37.3421093,127.4790402
37.2496662,127.4976732
37.2496118,127.4975875
37.2495633,127.4975005
37.2495118,127.4974115
37.249461,127.4973218
37.2494103,127.4972313
37.249461,127.4973218
37.3421013,127.4791562
37.3420952,127.4792442
37.3420835,127.4794072
37.3420738,127.4795955
37.3420709,127.4797071
37.3420762,127.4798264
37.3420787,127.4799456
37.2786258,127.4308876
37.2785771,127.4307831
37.2785343,127.4306747
37.2784927,127.4305655
37.2784556,127.4304538
37.2784296,127.4303376
37.2784203,127.4302174
37.2784218,127.4300965
37.2784309,127.4299761
37.2784412,127.4298558
37.2784309,127.4299761
37.2784218,127.4300965
37.2784203,127.4302174
37.2784296,127.4303376
37.2784556,127.4304538
37.2495118,127.4974115
37.2495633,127.4975005
37.2496118,127.4975875
37.2496662,127.4976732
37.2497358,127.4977448
37.249818,127.4977843
37.2499053,127.4977915
37.2499917,127.497797
37.2500785,127.4978113
37.2501615,127.4978448
37.2502378,127.4978972
37.250308,127.4979623
37.2503712,127.4980395
37.2504315,127.4981192
37.2504903,127.4982005
37.3420875,127.4800646
37.3420979,127.4801834
37.3421079,127.4803024
37.342116,127.4804215
37.3421196,127.4805409
37.3421177,127.4806604
37.3421118,127.4807797
37.3421017,127.4808985
37.3420877,127.4810168
37.3420712,127.4811345
37.3420514,127.4812515
37.3420291,127.4813677
37.3420056,127.4814836
37.3419788,127.4815983
37.3419525,127.4817163
37.3419279,127.4818243
37.3419036,127.4819325
37.3418736,127.4820743
37.3418459,127.4821919
37.3418184,127.4823095
37.3417901,127.4824269
37.341761,127.482544
37.3417313,127.4826608
37.341701,127.4827774
37.34167,127.4828937
37.3416384,127.4830097
37.3416056,127.4831252
37.3415709,127.4832399
37.3415339,127.4833534
37.3414947,127.4834657
37.341453,127.4835766
37.3414097,127.4836865
37.2505473,127.4982813
37.2506035,127.4983653
37.3413656,127.483796
37.3413194,127.4839041
37.3412711,127.4840107
37.2831366,127.4943283
37.2784296,127.4303376
37.2784203,127.4302174
37.2784218,127.4300965
37.2486056,127.4956405
37.2786258,127.4308876
37.2785771,127.4307831
37.2785343,127.4306747
37.2784927,127.4305655
37.2485891,127.495746
37.2485698,127.4958566
37.2485506,127.4959635
37.2832048,127.4941418
37.28313,127.4940793
37.283064,127.4940158
37.2829975,127.493948
37.2829138,127.493924
37.2828403,127.4939762
37.2828022,127.494069
37.2827507,127.4941688
37.282683,127.4942368
37.2826093,127.4942967
37.2832185,127.4942626
37.2831366,127.4943283
37.2830549,127.4943943
37.2786258,127.4308876
37.2785771,127.4307831
37.2785343,127.4306747
37.2785771,127.4307831
37.2485698,127.4958566
37.2786258,127.4308876
37.2785771,127.4307831
37.2485506,127.4959635
37.2485318,127.4960705
37.2485151,127.4961771
37.2485003,127.4962856
37.2484863,127.4963906
37.2484543,127.496602
37.2484718,127.4964966
37.2484718,127.4964966
37.2786258,127.4308876
37.2785771,127.4307831
37.2785343,127.4306747
37.2784927,127.4305655
37.2484543,127.496602
37.2484311,127.4967031
37.2484036,127.4967996
37.2786258,127.4308876
37.2785771,127.4307831
37.2785343,127.4306747
37.2483753,127.4969
37.2483443,127.4970011
37.2483113,127.4970999
37.2482769,127.4971925
37.2483113,127.4970999
37.278655,127.430919
37.2483443,127.4970011
37.2483753,127.4969
37.2483443,127.4970011
37.2483113,127.4970999
37.2482769,127.4971925
37.2482418,127.4972844
37.2482131,127.4973807
37.2481901,127.4975246
37.2482131,127.4973807
37.2481901,127.4975246
37.2786258,127.4308876
37.2785771,127.4307831
37.2785343,127.4306747
37.2784927,127.4305655
37.2482498,127.4976121
37.2483259,127.4976869
37.2483888,127.4977701
37.2785771,127.4307831
37.2785343,127.4306747
37.2784927,127.4305655
37.2784556,127.4304538
37.2784296,127.4303376
37.2484383,127.4978688
37.2484723,127.4979728
37.2484998,127.4980799
37.2484982,127.4981687
37.3422613,127.47945
37.2785771,127.4307831
37.2785343,127.4306747
37.2784927,127.4305655
37.2784556,127.4304538
37.2485158,127.4982748
37.2485409,127.4983998
37.3423452,127.479383
37.3424298,127.4793147
37.2485935,127.4984795
37.2486761,127.4984679
37.2487537,127.49846
37.2488398,127.4985092
37.2488582,127.4986055
37.2488662,127.4987065
37.2488802,127.4988108
37.2489034,127.4989402
37.2489404,127.4990345
37.2785771,127.4307831
37.2785343,127.4306747
37.2784927,127.4305655
37.2784556,127.4304538
37.2490235,127.499061
37.2784296,127.4303376
37.2490532,127.4991582
37.2784203,127.4302174
37.249078,127.4992665
37.2784218,127.4300965
37.249094,127.4993831
37.2490944,127.4994942
37.3425098,127.4792552
37.3425953,127.479196
37.3428025,127.4790614
37.3427079,127.4791182
37.342887,127.4790064
37.3429537,127.4789594
37.3430239,127.4789067
37.3431237,127.4788357
37.2785771,127.4307831
37.2785343,127.4306747
37.2784927,127.4305655
37.2784556,127.4304538
37.3432177,127.478773
37.3432899,127.4787254
37.3433862,127.478661
37.2785771,127.4307831
37.2785343,127.4306747
37.2490147,127.499528
37.2489727,127.49944
37.248954,127.4993368
37.2489472,127.499265
37.248954,127.4993368
37.2489472,127.499265
37.248954,127.4993368
37.2489727,127.49944
37.248954,127.4993368
37.2489472,127.499265
37.248954,127.4993368
37.2489472,127.499265
37.248954,127.4993368
37.2489472,127.499265
37.248954,127.4993368
37.3434797,127.4785985
37.3435642,127.4785421
37.3436555,127.4784796
37.3437258,127.4784293
37.3438115,127.478358
37.3438942,127.4782861
37.3439815,127.4782135
37.2785771,127.4307831
37.2785343,127.4306747
37.2784927,127.4305655
37.2784556,127.4304538
37.2784296,127.4303376
37.2489472,127.499265
37.344075,127.4781291
37.2785771,127.4307831
37.2785343,127.4306747
37.2784927,127.4305655
37.2784556,127.4304538
37.2784296,127.4303376
37.2484717,127.4985417
37.2483868,127.4985776
37.2785771,127.4307831
37.2785343,127.4306747
37.2784927,127.4305655
37.3439815,127.4782135
37.3438942,127.4782861
37.3439815,127.4782135
37.2785771,127.4307831
37.2785343,127.4306747
37.2784927,127.4305655
37.2483364,127.4986554
37.2483476,127.4987648
37.2483663,127.4988712
37.2483837,127.498983
37.2483951,127.4991055
37.2484137,127.4992027
37.2484377,127.4993088
37.2484569,127.4994183
37.2484753,127.4995226
37.2484947,127.4996285
37.2485284,127.4996774
37.2485965,127.4996885
37.2485284,127.4996774
37.2484947,127.4996285
37.2484753,127.4995226
37.2484569,127.4994183
37.2485587,127.4993924
37.344075,127.4781291
37.3441377,127.4780691
37.3442193,127.4779885
37.3442883,127.4779258
37.3443631,127.4778605
37.344438,127.4777976
37.3445175,127.4777308
37.3446016,127.477662
37.3446788,127.4775988
37.3447755,127.477519
37.3448465,127.4774595
37.3449236,127.477395
37.345017,127.4773153
37.3450976,127.4772471
37.3451796,127.4771745
37.2785771,127.4307831
37.2785343,127.4306747
37.2784927,127.4305655
37.2784556,127.4304538
37.2784296,127.4303376
37.2784203,127.4302174
37.3452553,127.4770933
37.345311,127.4770216
37.2785771,127.4307831
37.2785343,127.4306747
37.2784927,127.4305655
37.2784556,127.4304538
37.2785771,127.4307831
37.2785343,127.4306747
37.2784927,127.4305655
37.2784556,127.4304538
37.2784296,127.4303376
37.2785771,127.4307831
37.2785343,127.4306747
37.2784927,127.4305655
37.2784556,127.4304538
37.2784296,127.4303376
37.2784203,127.4302174
37.3435222,127.4714527
37.2785771,127.4307831
37.2785343,127.4306747
37.2784927,127.4305655
37.2784556,127.4304538
37.2784296,127.4303376
37.2784203,127.4302174
37.2784218,127.4300965
37.2784309,127.4299761
37.5013795,127.0385009
37.5013454,127.0383858
37.5013097,127.0382715
37.5012742,127.0381571
37.5012397,127.0380422
37.5012053,127.0379273
37.2788331,127.4320974
37.2788385,127.4322195
37.2788637,127.4323378
37.2789003,127.4324518
37.2789351,127.4325667
37.2789663,127.4326833
37.2790022,127.4327977
37.2790174,127.4330267
37.2790022,127.4327977
37.2789663,127.4326833
37.3057397,127.4628441
37.2789351,127.4325667
37.2789003,127.4324518
37.2788637,127.4323378
37.2788385,127.4322195
37.2788331,127.4320974
37.2788485,127.4319759
37.2788775,127.4318606
37.2789004,127.4317431
37.2789144,127.4316236
37.2789137,127.4315029
37.2788977,127.4313843
37.2788564,127.4312756
37.2787998,127.4311775
37.2787398,127.4310826
37.2786797,127.430988
37.2786258,127.4308876
37.2785771,127.4307831
37.2785343,127.4306747
37.2784927,127.4305655
37.2786258,127.4308876
37.2785771,127.4307831
37.2785343,127.4306747
37.2784927,127.4305655
37.2784556,127.4304538
37.2784296,127.4303376
37.2784203,127.4302174
37.2784218,127.4300965
37.2784309,127.4299761
37.2784412,127.4298558
37.2784546,127.429736
37.2784687,127.4296163
37.2784831,127.4294967
37.2784916,127.4293764
37.278489,127.4292556
37.2784916,127.4293764
37.2784831,127.4294967
37.3057299,127.4626867
37.3056488,127.4626459
37.3055645,127.4626168
37.3054802,127.4625877
37.3053959,127.4625586
37.3053116,127.4625294
37.3052273,127.4625003
37.305143,127.4624712
37.3050588,127.4624421
37.3049745,127.462413
37.3048902,127.4623839
37.3048059,127.4623548
37.3047216,127.4623257
37.3046373,127.4622966
37.304553,127.4622675
37.3044688,127.4622384
37.2784916,127.4293764
37.2784831,127.4294967
37.2784916,127.4293764
37.278489,127.4292556
37.2784717,127.4291368
37.2784409,127.4290221
37.2784717,127.4291368
37.278489,127.4292556
37.2784916,127.4293764
37.2784831,127.4294967
37.3043845,127.4622093
37.3042998,127.4621819
37.3042138,127.4621626
37.3041276,127.4621437
37.3040432,127.4621152
37.303959,127.4620858
37.3038748,127.4620564
37.3037906,127.4620269
37.3037064,127.4619975
37.3036222,127.461968
37.303538,127.4619386
37.3034537,127.4619092
37.3033695,127.4618797
37.3032863,127.4618462
37.3032035,127.4618109
37.3032863,127.4618462
37.3032035,127.4618109
37.3031208,127.4617754
37.3030381,127.4617399
37.3029554,127.4617045
37.3028743,127.4616635
37.3027947,127.4616184
37.3027183,127.4615651
37.302644,127.4615075
37.3025733,127.461443
37.3025033,127.4613775
37.3024334,127.4613118
37.3023641,127.461245
37.3022965,127.4611756
37.302229,127.461106
37.3021616,127.4610364
37.3020941,127.4609668
37.3020266,127.4608972
37.3019595,127.460827
37.3018935,127.4607553
37.3018276,127.4606834
37.3017616,127.4606115
37.3016957,127.4605396
37.3016298,127.4604677
37.3015638,127.4603958
37.3014979,127.4603239
37.301432,127.460252
37.3013661,127.4601801
37.3013001,127.4601082
37.3013306,127.4600198
37.3014181,127.4600212
37.3015055,127.4600251
37.2784916,127.4293764
37.278489,127.4292556
37.2784717,127.4291368
37.2784409,127.4290221
37.3015928,127.460029
37.3016802,127.4600329
37.3017676,127.4600361
37.301855,127.4600387
37.3019424,127.4600414
37.3020298,127.460044
37.2784717,127.4291368
37.278489,127.4292556
37.3085648,127.462034
37.3085967,127.461933
37.3086288,127.461832
37.3086687,127.4617024
37.3086902,127.4616289
37.3086687,127.4617024
37.308529,127.461731
37.308446,127.461767
37.308529,127.461731
37.3086687,127.4617024
37.308737,127.461701
37.30883,127.461702
37.30892,127.461696
37.309101,127.461681
37.30901,127.461689
37.30919,127.461678
37.30919,127.461678
37.309279,127.461678
37.309366,127.461681
37.309454,127.461684
37.309542,127.461688
37.309632,127.461694
37.309721,127.461703
37.30981,127.461717
37.309898,127.461735
37.309985,127.461759
37.310071,127.461786
37.310244,127.461845
37.310157,127.461815
37.310329,127.461873
37.310414,127.461904
37.310498,127.46194
37.310581,127.46198
37.310661,127.462019
37.310738,127.462057
37.310809,127.462014
37.3109647,127.4619113
37.3110408,127.461856
37.3111181,127.4618033
37.3108878,127.461965
37.3111943,127.4617482
37.3112711,127.4616944
37.3113484,127.4616417
37.3114256,127.461589
37.311484,127.461507
37.3087573,127.4603061
37.3043899,127.4601145
37.3051776,127.4601449
37.3080661,127.4602562
37.3079785,127.4602528
37.3080661,127.4602562
37.3081536,127.4602595
37.3082411,127.4602629
37.3083286,127.4602663
37.3084162,127.4602696
37.3085037,127.460273
37.3085912,127.4602764
37.3086788,127.4602798
37.304407,127.4599208
37.3044102,127.4598228
37.3044133,127.4597255
37.3044165,127.4596273
37.3044197,127.4595208
37.304422,127.459422
37.304425,127.459322
37.3044275,127.4592317
37.3044303,127.4591352
37.3044333,127.459032
37.304436,127.4589305
37.3044382,127.4588308
37.3044402,127.4587235
37.304442,127.4586297
37.3044438,127.4585322
37.3044452,127.4584245
37.3044463,127.4583272
37.3044475,127.4582352
37.304449,127.458132
37.3044507,127.458032
37.304452,127.4579355
37.304454,127.4578275
37.3044599,127.4577022
37.3044593,127.4576293
37.3045314,127.4546701
37.3045335,127.4545707
37.3045356,127.4544713
37.3045376,127.4543719
37.3045397,127.4542726
37.3045417,127.4541732
37.3045438,127.4540738
37.3045459,127.4539745
37.3045479,127.4538751
37.3046443,127.4494007
37.3046475,127.4493011
37.3046519,127.4492016
37.3046588,127.4491023
37.3046662,127.4490031
37.3046711,127.4489036
37.3046753,127.4488041
37.3046791,127.4487045
37.3046822,127.4486049
37.3046848,127.4485053
37.3046809,127.448406
37.3087688,127.4606591
37.304365,127.4506807
37.304407,127.453076
37.30419,127.455348
37.3043298,127.4577318
37.2785752,127.4292023
37.2786619,127.4291497
37.2787625,127.4290853
37.278851,127.4290334
37.2789389,127.4289798
37.2790391,127.4289191
37.2791148,127.4288734
37.279204,127.4288233
37.2792931,127.4287733
37.2793743,127.4287092
37.2794278,127.428609
37.2794531,127.4284913
37.2794594,127.42837
37.2794422,127.4282505
37.2794069,127.4281365
37.2793682,127.4280242
37.2793337,127.4279099
37.2793076,127.4277922
37.2792866,127.4276727
37.2793076,127.4277922
37.2793337,127.4279099
37.2793682,127.4280242
37.2794069,127.4281365
37.2794422,127.4282505
37.2794594,127.42837
37.2794531,127.4284913
37.2794278,127.428609
37.2793743,127.4287092
37.2792931,127.4287733
37.279204,127.4288233
37.2791148,127.4288734
37.2790391,127.4289191
37.2790194,127.4287898
37.2789794,127.428678
37.2789394,127.4285663
37.2788995,127.4284545
37.2788595,127.4283428
37.2788196,127.428231
37.2787796,127.4281192
37.2787386,127.4280082
37.3042151,127.4601093
37.2786826,127.4279101
37.2786826,127.4279101
37.2786021,127.4278406
37.2785186,127.4277774
37.2784429,127.4276999
37.2783787,127.4276455
37.2783851,127.4277427
37.2783555,127.4278598
37.2783632,127.4279833
37.2783934,127.4281014
37.2784352,127.4282138
37.278477,127.4283263
37.2785188,127.4284387
37.2785487,127.4285192
37.2786024,127.4286636
37.2786442,127.4287761
37.278686,127.4288885
37.2787278,127.429001
37.2787625,127.4290853
37.2786619,127.4291497
37.2785752,127.4292023
37.278489,127.4292556
37.3049973,127.4507128
37.305965,127.455354
37.306049,127.454035
37.3030284,127.4481136
37.278489,127.4292556
37.278489,127.4292556
37.278489,127.4292556
37.278489,127.4292556
37.278489,127.4292556
37.278489,127.4292556
37.2784717,127.4291368
37.2784409,127.4290221
37.2784069,127.4289089
37.2783723,127.4287959
37.2783272,127.4286637
37.2783723,127.4287959
37.2783272,127.4286637
37.2782946,127.4285745
37.278253,127.4284653
37.278211,127.4283563
37.2781238,127.4282605
37.278211,127.4283563
37.2781701,127.4282468
37.2781305,127.4281364
37.2781105,127.4280181
37.2781296,127.4278999
37.2781535,127.4277827
37.2781798,127.4276663
37.2782048,127.4275495
37.27823,127.4274327
37.2782564,127.4273163
37.2782811,127.4271994
37.2783064,127.4270826
37.2783321,127.426966
37.2783553,127.4268486
37.2783805,127.4267318
37.2784041,127.4266011
37.2784942,127.4264469
37.278551,127.4263468
37.2786127,127.4262515
37.2786082,127.4260712
37.2786127,127.4262515
37.2786782,127.4261603
37.2787476,127.4260736
37.2788192,127.4259898
37.2788941,127.4259107
37.2789712,127.4258349
37.279051,127.4257637
37.2791311,127.4256932
37.2792079,127.4256168
37.2792828,127.4255377
37.2793559,127.425456
37.2794275,127.4253722
37.2794977,127.4252866
37.2795689,127.4252022
37.2796396,127.4251171
37.2797093,127.4250309
37.2797782,127.4249494
37.2798488,127.4248702
37.2799192,127.4247908
37.2799918,127.4247145
37.2800614,127.4246341
37.2801246,127.4245457
37.2801879,127.4244575
37.280243,127.4243611
37.2802892,127.4242576
37.2803298,127.4241504
37.2803662,127.4240411
37.2803872,127.4239259
37.2803842,127.4238084
37.280366,127.423692
37.2803521,127.4235747
37.2803484,127.4234564
37.2803458,127.4233381
37.2803346,127.4232203
37.2803273,127.4231024
37.2803354,127.4229844
37.280357,127.4228693
37.2803823,127.422755
37.2803976,127.4226381
37.2803963,127.4225201
37.2803856,127.4224023
37.2803713,127.422285
37.2803626,127.4221674
37.280374,127.4220507
37.2804034,127.421938
37.280438,127.4218276
37.2804828,127.4217235
37.2805362,127.4216258
37.2805777,127.4215192
37.2806138,127.4214094
37.2806481,127.4212989
37.2806766,127.4211858
37.2807098,127.4210747
37.2807511,127.4209546
37.2807927,127.4208616
37.2808366,127.4207564
37.2808836,127.4206538
37.2809435,127.4205619
37.2810073,127.4204741
37.2810668,127.4203821
37.2811137,127.4202791
37.2811537,127.4201716
37.28119,127.4200619
37.2812286,127.4199536
37.2812689,127.4198461
37.2813076,127.4197379
37.2813419,127.4196273
37.2813754,127.4195163
37.281403,127.4194028
37.2814304,127.4192892
37.2814633,127.4191781
37.2815108,127.419076
37.2815789,127.4189935
37.2816513,127.4189169
37.2817262,127.4188441
37.2818056,127.4187793
37.281885,127.4187145
37.2818056,127.4187793
37.2817262,127.4188441
37.2816513,127.4189169
37.2815789,127.4189935
37.2815108,127.419076
37.2814633,127.4191781
37.2814304,127.4192892
37.281403,127.4194028
37.2813754,127.4195163
37.2813419,127.4196273
37.2813076,127.4197379
37.2812689,127.4198461
37.2812286,127.4199536
37.28119,127.4200619
37.2811537,127.4201716
37.2811137,127.4202791
37.2810668,127.4203821
37.2810073,127.4204741
37.2809435,127.4205619
37.2808836,127.4206538
37.2808366,127.4207564
37.2807927,127.4208616
37.2807511,127.4209546
37.280801,127.420956
37.2808879,127.4209437
37.2809726,127.4209161
37.2810584,127.4208951
37.2811455,127.4208856
37.2812323,127.4208716
37.2813044,127.4208105
37.2813284,127.4207055
37.28134,127.420597
37.2813284,127.4207055
37.2813044,127.4208105
37.2812323,127.4208716
37.2811455,127.4208856
37.2810584,127.4208951
37.2809726,127.4209161
37.2808879,127.4209437
37.280801,127.420956
37.2807511,127.4209546
37.2807098,127.4210747
37.2807511,127.4209546
37.280801,127.420956
37.2807511,127.4209546
37.2807098,127.4210747
37.2807511,127.4209546
37.2807927,127.4208616
37.2808366,127.4207564
37.2808836,127.4206538
37.2809435,127.4205619
37.2810073,127.4204741
37.2810668,127.4203821
37.2811137,127.4202791
37.2811537,127.4201716
37.28119,127.4200619
37.2812286,127.4199536
37.2812689,127.4198461
37.2813076,127.4197379
37.2813419,127.4196273
37.2813754,127.4195163
37.281403,127.4194028
37.2814304,127.4192892
37.2822774,127.4183818
37.282357,127.4183175
37.2824195,127.4182737
37.282482,127.4181989
37.2825338,127.4181125
37.282554,127.418008
37.2825391,127.4179065
37.2825227,127.4178053
37.2825049,127.4177044
37.2824895,127.417603
37.2824981,127.4175012
37.2825458,127.4174191
37.2826009,127.4173422
37.2826535,127.4172626
37.2827238,127.4172115
37.282801,127.4171753
37.282852,127.417095
37.2828291,127.4169928
37.2827625,127.4169288
37.2826808,127.4169045
37.2825969,127.416889
37.2825133,127.4168714
37.2824366,127.4168277
37.2823774,127.4167529
37.2823108,127.4166876
37.2822308,127.4166528
37.2821579,127.4165988
37.282132,127.416498
37.2821304,127.4163922
37.2820697,127.4163216
37.281985,127.4163174
37.2819013,127.4163153
37.2818271,127.4162654
37.2817635,127.4161954
37.2816928,127.416137
37.2816259,127.4160728
37.281576,127.415987
37.2815233,127.4159046
37.281457,127.4158387
37.2813962,127.4157647
37.2813346,127.4156917
37.2812763,127.4156147
37.281218,127.4155376
37.28119,127.415439
37.281218,127.4155376
37.2812763,127.4156147
37.2813346,127.4156917
37.2813962,127.4157647
37.281457,127.4158387
37.2815233,127.4159046
37.281576,127.415987
37.2816259,127.4160728
37.2816928,127.416137
37.2817635,127.4161954
37.2818271,127.4162654
37.2819013,127.4163153
37.281985,127.4163174
37.2820697,127.4163216
37.2821304,127.4163922
37.282132,127.416498
37.2821579,127.4165988
37.2822308,127.4166528
37.2823108,127.4166876
37.2823774,127.4167529
37.2824366,127.4168277
37.2825133,127.4168714
37.2825969,127.416889
37.2826808,127.4169045
37.2827625,127.4169288
37.2828291,127.4169928
37.282852,127.417095
37.282801,127.4171753
37.2827238,127.4172115
37.2826535,127.4172626
37.2826009,127.4173422
37.2825458,127.4174191
37.2824981,127.4175012
37.2824895,127.417603
37.2825049,127.4177044
37.2825227,127.4178053
37.2825391,127.4179065
37.282554,127.418008
37.2825338,127.4181125
37.282482,127.4181989
37.2824195,127.4182737
37.282357,127.4183175
37.2822774,127.4183818
37.2822002,127.4184508
37.2821232,127.41852
37.2820439,127.418585
37.2819645,127.4186497
37.281885,127.4187145
37.2818056,127.4187793
37.2817262,127.4188441
37.2816513,127.4189169
37.2815789,127.4189935
37.2815108,127.419076
37.2814633,127.4191781
37.2814304,127.4192892
37.281403,127.4194028
37.2813754,127.4195163
37.2813419,127.4196273
37.2813076,127.4197379
37.2812689,127.4198461
37.2812286,127.4199536
37.28119,127.4200619
37.2811537,127.4201716
37.2811137,127.4202791
37.2810668,127.4203821
37.2810073,127.4204741
37.2809435,127.4205619
37.2808836,127.4206538
37.2808366,127.4207564
37.2807927,127.4208616
37.2807511,127.4209546
37.2807098,127.4210747
37.2806766,127.4211858
37.2806481,127.4212989
37.2806138,127.4214094
37.2805777,127.4215192
37.2805362,127.4216258
37.2804828,127.4217235
37.280438,127.4218276
37.2804034,127.421938
37.280374,127.4220507
37.2803626,127.4221674
37.2803713,127.422285
37.2803856,127.4224023
37.2803963,127.4225201
37.2803976,127.4226381
37.2803823,127.422755
37.280357,127.4228693
37.2803354,127.4229844
37.2803273,127.4231024
37.2803346,127.4232203
37.2803458,127.4233381
37.2803484,127.4234564
37.2803521,127.4235747
37.280366,127.423692
37.2803842,127.4238084
37.2803872,127.4239259
37.2803662,127.4240411
37.2803298,127.4241504
37.2802892,127.4242576
37.280243,127.4243611
37.2801879,127.4244575
37.2801246,127.4245457
37.2800614,127.4246341
37.2799918,127.4247145
37.2799192,127.4247908
37.2798488,127.4248702
37.2797782,127.4249494
37.2797093,127.4250309
37.2796396,127.4251171
37.2795689,127.4252022
37.2794977,127.4252866
37.2794275,127.4253722
37.2793559,127.425456
37.2792828,127.4255377
37.2793559,127.425456
37.2792457,127.4254213
37.279148,127.4254189
37.2790617,127.4254769
37.2789829,127.4255501
37.2789042,127.4256236
37.2788251,127.4256961
37.2787452,127.4257675
37.2786693,127.4258438
37.2786233,127.42595
37.2786082,127.4260712
37.2786127,127.4262515
37.2786782,127.4261603
37.2787476,127.4260736
37.2788192,127.4259898
37.2788941,127.4259107
37.2789712,127.4258349
37.279051,127.4257637
37.2789712,127.4258349
37.2788941,127.4259107
37.2788192,127.4259898
37.2787476,127.4260736
37.2786782,127.4261603
37.2786127,127.4262515
37.278551,127.4263468
37.2784212,127.4263735
37.2784193,127.4262526
37.2784025,127.4261336
37.2783726,127.4260186
37.2783277,127.4259115
37.2782828,127.4258044
37.2782356,127.4256989
37.2781895,127.4255925
37.2781442,127.4254856
37.2780975,127.4253798
37.2780473,127.4252764
37.2780022,127.4251694
37.3034085,127.4481605
37.2780473,127.4252764
37.2780975,127.4253798
37.2781442,127.4254856
37.2781895,127.4255925
37.2782356,127.4256989
37.2782828,127.4258044
37.2782356,127.4256989
37.2782828,127.4258044
37.2783277,127.4259115
37.2783726,127.4260186
37.2783277,127.4259115
37.2782828,127.4258044
37.2782356,127.4256989
37.2782828,127.4258044
37.305982,127.453195
37.2782356,127.4256989
37.2781895,127.4255925
37.2781442,127.4254856
37.2780975,127.4253798
37.2780473,127.4252764
37.2780022,127.4251694
37.2779595,127.4250609
37.2779203,127.4249503
37.3061622,127.4508475
37.2778853,127.4248376
37.2778553,127.4247226
37.2778352,127.4246043
37.2778191,127.4244851
37.2778056,127.4243654
37.277773,127.4242522
37.2777177,127.4241531
37.2776536,127.4240626
37.2775887,127.423973
37.2775229,127.4238843
37.2774572,127.4237957
37.2773907,127.4237078
37.2772983,127.4236732
37.2772089,127.4237157
37.2771731,127.4238281
37.2772029,127.4239737
37.2773005,127.4239723
37.277398,127.4239759
37.2774955,127.4239828
37.2775887,127.423973
37.2776536,127.4240626
37.2777177,127.4241531
37.277773,127.4242522
37.2778056,127.4243654
37.2778191,127.4244851
37.2778352,127.4246043
37.2778553,127.4247226
37.2778853,127.4248376
37.2778553,127.4247226
37.2778853,127.4248376
37.2779203,127.4249503
37.3121938,127.4604234
37.2778853,127.4248376
37.2779203,127.4249503
37.2779595,127.4250609
37.2779203,127.4249503
37.2778853,127.4248376
37.2778553,127.4247226
37.2778553,127.4247226
37.2778553,127.4247226
37.2778853,127.4248376
37.2778553,127.4247226
37.3126403,127.460439
37.3127296,127.4604391
37.3128185,127.4604504
37.312906,127.460473
37.312989,127.460466
37.2778352,127.4246043
37.2778191,127.4244851
37.2778056,127.4243654
37.277773,127.4242522
37.2777177,127.4241531
37.2776536,127.4240626
37.2775887,127.423973
37.2774955,127.4239828
37.277398,127.4239759
37.2773005,127.4239723
37.2772029,127.4239737
37.2771054,127.4239787
37.2770082,127.4239891
37.2769118,127.4240077
37.2768164,127.4240332
37.2767218,127.4240632
37.3051152,127.4577587
37.2766281,127.4240973
37.2765353,127.4241351
37.2764436,127.424177
37.3054383,127.4577738
37.2763562,127.4242286
37.276223,127.424143
37.2763562,127.4242286
37.2764436,127.424177
37.3056698,127.4577912
37.305863,127.4579488
37.3060232,127.4578998
37.3063252,127.4578155
37.3067173,127.4578267
37.3072035,127.4578463
37.3074004,127.4578224
37.307265,127.457638
37.307216,127.457547
37.3074763,127.4579222
37.3076162,127.4580345
37.3078255,127.4581742
37.3080977,127.4583538
37.3082793,127.4585213
37.2763562,127.4242286
37.3084912,127.4586413
37.276223,127.424143
37.2761647,127.4240469
37.276122,127.4239388
37.2760671,127.4238395
37.2760213,127.4237342
37.2759908,127.4236197
37.2759535,127.4235083
37.3086402,127.4587177
37.2759,127.423408
37.3087023,127.4587677
37.2759535,127.4235083
37.2759908,127.4236197
37.2760213,127.4237342
37.2760671,127.4238395
37.276122,127.4239388
37.2761647,127.4240469
37.276223,127.424143
37.2763562,127.4242286
37.2762965,127.4243206
37.2763562,127.4242286
37.3087455,127.4599
37.2786258,127.4308876
37.2785771,127.4307831
37.2784916,127.4293764
37.2783553,127.4268486
37.2792828,127.4255377
37.280243,127.4243611
37.3087433,127.4597916
37.279051,127.4257637
37.3087418,127.4596831
37.3087407,127.4595747
37.3087414,127.4594663
37.2784212,127.4263735
37.3087465,127.4593581
37.3087539,127.4592501
37.3087604,127.459142
37.3087668,127.4589842
37.308847,127.4590092
37.3089352,127.4590005
37.3090185,127.4589908
37.3090983,127.4589762
37.3089351,127.4586522
37.3088711,127.4587061
37.3088147,127.4587709
37.3087781,127.4588557
37.3088147,127.4587709
37.3088711,127.4587061
37.3089641,127.4587701
37.309034,127.458852
37.309153,127.4589618
37.309034,127.458852
37.3089641,127.4587701
37.3088711,127.4587061
37.3089351,127.4586522
37.3090031,127.458607
37.3090764,127.4585789
37.3091412,127.4585668
37.30923,127.4585682
37.309307,127.4585736
37.309384,127.4585721
37.3094606,127.4585603
37.3095117,127.458528
37.309558,127.4584279
37.309586,127.458354
37.3096257,127.4582732
37.3096807,127.4582028
37.3097503,127.4581575
37.3098208,127.4581267
37.3098998,127.4580948
37.3099673,127.45807
37.310052,127.4580423
37.3101215,127.4580167
37.3101903,127.4579825
37.3102343,127.4579055
37.3102408,127.4578055
37.310239,127.457703
37.3102348,127.4575942
37.3102362,127.4574922
37.3102645,127.4573927
37.3102362,127.4574922
37.309558,127.4584279
37.3095155,127.4583123
37.3091412,127.4585668
37.309135,127.4584545
37.3091412,127.4585668
37.309135,127.4584545
37.309534,127.4587735
37.3103697,127.4574888
37.3103458,127.4573903
37.3103336,127.4573349
37.3103032,127.4572154
37.310502,127.4579384
37.310847,127.457949
37.311035,127.457956
37.311397,127.457969
37.311668,127.457981
37.311938,127.457993
37.312204,127.458002
37.312472,127.458013
37.312741,127.458013
37.313008,127.458023
37.3130835,127.4580265
37.3136124,127.4580506
37.308488,127.45648
37.308488,127.45648
37.315459,127.457675
37.316146,127.457886
37.31549,127.459672
37.313702,127.460642
37.308938,127.456629
37.30846,127.457006
37.3075794,127.4558855
37.3075243,127.4541773
37.306644,127.45403
37.3093883,127.456086
37.3102638,127.4567223
37.31545,127.458115
37.3147414,127.4568611
37.3146596,127.4568353
37.3145789,127.4568224
37.3145,127.4568081
37.314421,127.4567856
37.314342,127.4567631
37.314263,127.4567406
37.314184,127.4567181
37.314105,127.4566956
37.314026,127.4566731
37.313947,127.4566505
37.313868,127.456628
37.313789,127.4566055
37.31371,127.456583
37.313631,127.4565605
37.3135485,127.4565218
37.313475,127.456491
37.3133915,127.4564677
37.3133153,127.4564627
37.3132365,127.4564712
37.312317,127.4559356
37.3127593,127.4550915
37.3118105,127.4551657
37.311757,127.4552247
37.311707,127.455304
37.3116527,127.455363
37.3115882,127.4554112
37.3115058,127.455446
37.311428,127.4554627
37.3113497,127.4554718
37.3112742,127.4554802
37.3111997,127.4554922
37.3111247,127.4555148
37.3110488,127.4555482
37.3109657,127.4555932
37.3108942,127.4556363
37.3108127,127.455677
37.3107418,127.4557133
37.3106748,127.4557668
37.3106222,127.4558322
37.3105815,127.4559107
37.3105443,127.4560052
37.3105092,127.4560985
37.3104807,127.4561832
37.3104475,127.4562787
37.310416,127.4563555
37.3103777,127.4564522
37.310336,127.4565458
37.3102968,127.4566343
37.3102638,127.4567223
37.3102382,127.4568294
37.3109602,127.4535115
37.3108431,127.453506
37.310755,127.453519
37.310667,127.453535
37.310586,127.453572
37.310498,127.453598
37.310415,127.453636
37.310334,127.453684
37.310252,127.453726
37.310165,127.453757
37.309993,127.453805
37.310079,127.453783
37.309904,127.453828
37.309817,127.453856
37.309738,127.453906
37.3096554,127.4539447
37.3095719,127.4539805
37.3094884,127.4540163
37.3094059,127.4540557
37.309327,127.454105
37.309246,127.454156
37.309165,127.454201
37.309077,127.454208
37.308988,127.454207
37.308899,127.454207
37.30881,127.454202
37.308721,127.454192
37.308634,127.454179
37.308545,127.454168
37.308456,127.454157
37.308366,127.454153
37.308276,127.454154
37.308186,127.454157
37.308097,127.454159
37.308008,127.454164
37.307919,127.454168
37.307826,127.454171
37.30774,127.454174
37.307653,127.454175
37.307566,127.454177
37.3075243,127.4541773
37.311155,127.4537028
37.3111997,127.4537865
37.3112285,127.453873
37.311251,127.4539702
37.311274,127.4540672
37.311302,127.4541638
37.3113308,127.454235
37.3113875,127.4543203
37.3114447,127.4543812
37.3115082,127.4544327
37.3111997,127.4537865
37.311155,127.4537028
37.3110882,127.4536275
37.311026,127.4535697
37.3113089,127.453209
37.3124293,127.4527147
37.3118627,127.4543317
37.311938,127.4542675
37.3120102,127.4541929
37.3120692,127.4541135
37.312126,127.4540347
37.3121832,127.4539585
37.3122427,127.4538792
37.3123044,127.4537947
37.3123722,127.4537057
37.312436,127.453624
37.3125014,127.453553
37.3125795,127.4534922
37.3126515,127.4534482
37.3127297,127.453405
37.3128104,127.4533682
37.3128949,127.4533367
37.3130384,127.4532848
37.3129652,127.4532446
37.3129391,127.4531394
37.312912,127.4530347
37.312884,127.4529303
37.3128565,127.4528257
37.3128298,127.4527207
37.312803,127.4526158
37.3127759,127.4525111
37.3127503,127.4524057
37.3127262,127.4522998
37.3127034,127.4521934
37.3126824,127.4520865
37.3126611,127.4519796
37.312595,127.451923
37.312513,127.451976
37.312437,127.45204
37.312513,127.451976
37.312595,127.451923
37.3126611,127.4519796
37.3126824,127.4520865
37.3127034,127.4521934
37.3127262,127.4522998
37.3127503,127.4524057
37.3127759,127.4525111
37.312803,127.4526158
37.3128298,127.4527207
37.3128565,127.4528257
37.312884,127.4529303
37.312912,127.4530347
37.3129391,127.4531394
37.3129652,127.4532446
37.3130384,127.4532848
37.3131217,127.4532574
37.3132023,127.4532134
37.3132802,127.4531623
37.3133554,127.4531053
37.313429,127.4530449
37.3135033,127.4529861
37.3135796,127.4529313
37.3136562,127.4528771
37.313732,127.4528211
37.3138075,127.4527647
37.3139171,127.4528615
37.3139674,127.4529487
37.3140175,127.4530361
37.3139674,127.4529487
37.3139171,127.4528615
37.3138075,127.4527647
37.3138825,127.4527072
37.3139569,127.4526483
37.3140325,127.4525921
37.3141112,127.4525431
37.3141916,127.4524983
37.314275,127.4524637
37.312379,127.453963
37.312463,127.454003
37.312551,127.45402
37.312637,127.454037
37.312723,127.454058
37.312816,127.454057
37.312904,127.454038
37.312993,127.454022
37.313079,127.453999
37.313164,127.453968
37.313248,127.453962
37.313314,127.454033
37.310841,127.4533865
37.3103837,127.4524672
37.310068,127.451625
37.310046,127.451515
37.310026,127.451404
37.310009,127.451295
37.309997,127.451186
37.309994,127.451076
37.309995,127.450966
37.309993,127.4508561
37.3099721,127.4507493
37.3099511,127.4506425
37.3099064,127.450548
37.3098619,127.4504532
37.3098199,127.4503566
37.3097791,127.4502591
37.309735,127.450164
37.3102663,127.4518718
37.3102258,127.45196
37.3101967,127.4520507
37.3102063,127.4521437
37.3104893,127.4512317
37.3104792,127.4511372
37.3104872,127.4510325
37.3105385,127.4509662
37.3062966,127.4507043
37.306397,127.45065
37.306479,127.450602
37.3062966,127.4507043
37.307566,127.449869
37.3085553,127.4493924
37.311195,127.447398
37.3106147,127.4509288
37.3105385,127.4509662
37.3104872,127.4510325
37.3105385,127.4509662
37.3106147,127.4509288
37.3106828,127.4509133
37.3113535,127.450384
37.3113918,127.4503133
37.3114325,127.4502273
37.3114728,127.4501388
37.311512,127.4500532
37.3115452,127.4499722
37.3115783,127.4498685
37.3116072,127.4497805
37.3116365,127.4496892
37.3116727,127.4495923
37.3117057,127.4495118
37.3117402,127.4494122
37.311757,127.4493218
37.3117578,127.4492222
37.311755,127.4491227
37.311732,127.4490197
37.311687,127.4489425
37.3116178,127.4488637
37.3115655,127.4488002
37.3115257,127.4487233
37.3115017,127.448628
37.3114848,127.4485265
37.311467,127.4484167
37.311455,127.4483368
37.3114398,127.4482302
37.3114252,127.4481272
37.3114105,127.4480262
37.3113963,127.4479327
37.3113812,127.4478352
37.3113672,127.4477495
37.3113518,127.4476495
37.3113382,127.4475525
37.3113243,127.447452
37.3113159,127.4473859
37.2007668,127.1882538
37.2007668,127.1882538
37.2007264,127.1881734
37.2006937,127.1880695
37.2007308,127.1879858
37.200795,127.187909
37.200847,127.1878153
37.2008038,127.1877061
37.2008528,127.1876217
37.2009337,127.1875938
37.2010167,127.1875782
37.2010971,127.1875489
37.2011748,127.1875092
37.2012518,127.1874677
37.2013478,127.187471
37.2013341,127.1873589
37.2013259,127.1872471
37.2012445,127.1872858
37.201164,127.1873274
37.201083,127.1873672
37.2009998,127.187399
