2020-09-22 09:08:38,경기 이천시 설성면 자석리 57-1,37.1755647,127.5547793
2020-09-22 09:12:05,경기 이천시 설성면 자석리 57-1,37.174844,127.5539845
2020-09-22 09:13:50,경기 이천시 설성면 자석리 57-1,37.1745044,127.5536392
2020-09-22 09:14:11,경기 이천시 부발읍 신원리 561-7,37.29396,127.5060331
2020-09-22 09:15:32,경기 이천시 송정동 산 85,37.2962434,127.4405461
2020-09-22 09:16:30,경기 이천시 설성면 자석리 57-1,37.1740708,127.5530989
2020-09-22 09:17:22,경기 이천시 백사면 도지리 340,37.3070277,127.4898642
2020-09-22 09:18:31,경기 이천시 설성면 자석리 557-1,37.1734777,127.5520186
2020-09-22 09:20:49,경기 이천시 설성면 자석리 78-5,37.1758086,127.5561234
2020-09-22 09:20:56,경기 이천시 부발읍 신원리 561-7,37.2934311,127.5060715
2020-09-22 09:21:58,경기 이천시 설성면 자석리 산 11-2,37.1757298,127.556436
2020-09-22 09:22:51,경기 이천시 설성면 자석리 81-2,37.1753459,127.55754
2020-09-22 09:24:13,경기 이천시 부발읍 신원리 561-59,37.2929063,127.5060445
2020-09-22 09:24:45,경기 이천시 설성면 자석리 81-2,37.1752154,127.5580618
2020-09-22 09:25:31,경기 이천시 송정동 산 21-3,37.2966863,127.4402084
2020-09-22 09:25:40,경기 이천시 설성면 자석리 81-2,37.1751808,127.5582763
2020-09-22 09:25:47,경기 이천시 부발읍 신원리 561-187,37.2926492,127.5059738
2020-09-22 09:26:36,경기 이천시 백사면 모전리 614,37.3066827,127.4811243
2020-09-22 09:27:58,경기 이천시 송정동 341,37.2969074,127.4398802
2020-09-22 09:28:32,경기 이천시 부발읍 신원리 624-16,37.2923911,127.5059087
2020-09-22 09:29:24,경기 이천시 설성면 자석리 산 11-2,37.1751455,127.5587115
2020-09-22 09:30:11,경기 이천시 설성면 자석리 산 11-2,37.1751554,127.5591488
2020-09-22 09:30:27,경기 이천시 부발읍 신원리 561-187,37.2926492,127.5059738
2020-09-22 09:30:38,경기 이천시 송정동 398-3,37.2970837,127.4390054
2020-09-22 09:30:57,경기 이천시 부발읍 신원리 624-16,37.2919607,127.5058019
2020-09-22 09:31:12,경기 이천시 설성면 자석리 599-1,37.1752559,127.5597921
2020-09-22 09:32:22,경기 이천시 부발읍 신원리 624-16,37.2915279,127.5057161
2020-09-22 09:32:26,경기 이천시 설성면 자석리 599-1,37.1753413,127.5601024
2020-09-22 09:32:48,경기 이천시 백사면 모전리 48-1,37.3090433,127.4704888
2020-09-22 09:33:04,경기 이천시 설성면 자석리 104-3,37.1755787,127.5608087
2020-09-22 09:33:38,경기 이천시 백사면 모전리 48-1,37.309161,127.4700718
2020-09-22 09:33:59,경기 이천시 설성면 자석리 104-3,37.1757845,127.5614129
2020-09-22 09:34:01,경기 이천시 설성면 자석리 104-3,37.1757845,127.5614129
2020-09-22 09:40:27,경기 이천시 백사면 모전리 23-6,37.3099701,127.4666144
2020-09-22 09:40:37,경기 이천시 설성면 자석리 104-3,37.1759366,127.5619259
2020-09-22 09:41:42,경기 이천시 설성면 자석리 104-3,37.175965,127.5620293
2020-09-22 09:43:15,경기 이천시 설성면 자석리 27-1,37.1761528,127.5632082
2020-09-22 09:44:18,경기 이천시 송정동 398-3,37.2971557,127.4389246
2020-09-22 09:44:23,경기 이천시 부발읍 아미리 1102,37.2597856,127.4864418
2020-09-22 09:46:05,경기 이천시 송정동 산 85,37.2962434,127.4405461
2020-09-22 09:46:14,경기 이천시 부발읍 아미리 1102,37.2609407,127.4897697
2020-09-22 09:46:17,경기 이천시 백사면 모전리 23-6,37.3099701,127.4666144
2020-09-22 09:46:37,경기 이천시 송정동 398-3,37.2972307,127.4388485
2020-09-22 09:47:38,경기 이천시 설성면 자석리 산 55-6,37.1732905,127.5515242
2020-09-22 09:48:08,경기 이천시 부발읍 아미리 1102,37.2611748,127.4902397
2020-09-22 09:49:39,경기 이천시 백사면 신대리 729-1,37.3115464,127.462297
2020-09-22 09:49:42,경기 이천시 부발읍 아미리 1102,37.2613717,127.4906962
2020-09-22 09:50:47,경기 이천시 설성면 자석리 177-1,37.1727132,127.5492281
2020-09-22 09:51:00,경기 이천시 송정동 327-3,37.2973011,127.4385237
2020-09-22 09:51:44,경기 이천시 설성면 자석리 519-1,37.1725098,127.5483958
2020-09-22 09:52:31,경기 이천시 설성면 자석리 522-3,37.1723827,127.5478756
2020-09-22 09:53:12,경기 이천시 부발읍 아미리 1226,37.2615108,127.4919203
2020-09-22 09:53:38,경기 이천시 신둔면 도봉리 975-1,37.3115452,127.4621458
2020-09-22 09:54:01,경기 이천시 송정동 328-1,37.2975041,127.4387477
2020-09-22 09:54:48,경기 이천시 송정동 328-1,37.2976972,127.4387372
2020-09-22 09:56:37,경기 이천시 설성면 자석리 산 56-1,37.1733486,127.5504397
2020-09-22 09:56:45,경기 이천시 송정동 328-1,37.2977939,127.4387364
2020-09-22 09:57:41,경기 이천시 부발읍 아미리 1102,37.2615003,127.4911393
2020-09-22 09:59:09,경기 이천시 백사면 모전리 923,37.3092178,127.4648368
2020-09-22 10:00:05,경기 이천시 설성면 자석리 447-1,37.1730607,127.5474245
2020-09-22 10:00:15,경기 이천시 백사면 모전리 966-5,37.308734,127.4645247
2020-09-22 10:01:35,경기 이천시 송정동 327-3,37.2972896,127.4384046
2020-09-22 10:01:38,경기 이천시 설성면 자석리 513-1,37.1728938,127.5474863
2020-09-22 10:02:18,경기 이천시 설성면 자석리 513-1,37.1726467,127.5475757
2020-09-22 10:02:48,경기 이천시 송정동 327-1,37.2971781,127.4375844
2020-09-22 10:03:23,경기 이천시 부발읍 아미리 1102,37.2615818,127.4914582
2020-09-22 10:06:56,경기 이천시 부발읍 아미리 1102,37.263593,127.4971338
2020-09-22 10:09:37,경기 이천시 부발읍 아미리 1102,37.263371,127.496953
2020-09-22 10:09:49,경기 이천시 송정동 321-2,37.2970026,127.4372996
2020-09-22 10:10:20,경기 이천시 부발읍 아미리 1102,37.2638883,127.4973845
2020-09-22 10:11:44,경기 이천시 설성면 자석리 527-1,37.1701445,127.547311
2020-09-22 10:11:47,경기 이천시 송정동 321-2,37.2967865,127.4370641
2020-09-22 10:12:35,경기 이천시 부발읍 아미리 1102,37.2668085,127.4994697
2020-09-22 10:12:50,경기 이천시 설성면 자석리 455-1,37.16971,127.5472923
2020-09-22 10:13:27,경기 이천시 부발읍 아미리 1102,37.2671143,127.4996877
2020-09-22 10:14:11,경기 이천시 부발읍 아미리 1102,37.2673467,127.4998512
2020-09-22 10:15:00,경기 이천시 설성면 자석리 459-1,37.169023,127.5471287
2020-09-22 10:15:10,경기 이천시 백사면 모전리 968-1,37.3072709,127.4639333
2020-09-22 10:15:34,경기 이천시 송정동 321-2,37.2965202,127.4367219
2020-09-22 10:15:50,경기 이천시 설성면 자석리 460-1,37.1683275,127.5472312
2020-09-22 10:16:06,경기 이천시 백사면 모전리 968-11,37.307331,127.463877
2020-09-22 10:16:29,경기 이천시 설성면 자석리 산 77-3,37.1679052,127.5473655
2020-09-22 10:17:29,경기 이천시 백사면 모전리 980,37.3073236,127.4636713
2020-09-22 10:19:10,경기 이천시 설성면 암산리 산 15-6,37.1656132,127.5455785
2020-09-22 10:20:01,경기 이천시 백사면 모전리 977-2,37.3080086,127.4625224
2020-09-22 10:20:06,경기 이천시 부발읍 아미리 1102,37.2685058,127.5006577
2020-09-22 10:20:17,경기 이천시 설성면 암산리 산 27-3,37.1630828,127.5441383
2020-09-22 10:21:14,경기 이천시 설성면 암산리 200-3,37.1622088,127.5440307
2020-09-22 10:21:17,경기 이천시 부발읍 아미리 1102,37.268889,127.5009255
2020-09-22 10:21:24,경기 이천시 송정동 321-2,37.2967129,127.4369871
2020-09-22 10:21:36,경기 이천시 백사면 모전리 968-2,37.3071097,127.4637075
2020-09-22 10:22:16,경기 이천시 설성면 암산리 200-2,37.1618867,127.5438587
2020-09-22 10:22:38,경기 이천시 부발읍 아미리 1102,37.269122,127.5010863
2020-09-22 10:23:00,경기 이천시 설성면 암산리 산 28-1,37.1616498,127.5437128
2020-09-22 10:23:25,경기 이천시 송정동 319-1,37.2964275,127.4363819
2020-09-22 10:23:42,경기 이천시 부발읍 아미리 1102,37.2697433,127.5015162
2020-09-22 10:24:13,경기 이천시 송정동 319-1,37.2964094,127.4362633
2020-09-22 10:24:14,경기 이천시 설성면 암산리 산 28-1,37.1611085,127.5433658
2020-09-22 10:24:22,경기 이천시 부발읍 아미리 1102,37.2700488,127.5017402
2020-09-22 10:25:53,경기 이천시 백사면 모전리 961,37.3082655,127.4646125
2020-09-22 10:26:19,경기 이천시 부발읍 아미리 1102,37.2701995,127.5018597
2020-09-22 10:26:36,경기 이천시 설성면 암산리 156-1,37.161029,127.5433158
2020-09-22 10:27:01,경기 이천시 송정동 321-2,37.2964801,127.4366129
2020-09-22 10:27:15,경기 이천시 부발읍 아미리 1102,37.2711627,127.5026513
2020-09-22 10:28:10,경기 이천시 부발읍 아미리 1102,37.2715345,127.5029533
2020-09-22 10:28:19,경기 이천시 설성면 암산리 144-4,37.160642,127.5430735
2020-09-22 10:28:22,경기 이천시 백사면 모전리 923,37.3068565,127.4644747
2020-09-22 10:28:57,경기 이천시 송정동 316-2,37.2962854,127.4356814
2020-09-22 10:30:27,경기 이천시 백사면 모전리 968-6,37.3066798,127.4640414
2020-09-22 10:30:49,경기 이천시 송정동 316-2,37.2963226,127.4357924
2020-09-22 10:31:01,경기 이천시 부발읍 아미리 1102,37.2716843,127.5030719
2020-09-22 10:33:42,경기 이천시 송정동 316-2,37.2962854,127.4356814
2020-09-22 10:34:03,경기 이천시 송정동 316-2,37.2962854,127.4356814
2020-09-22 10:34:06,경기 이천시 백사면 모전리 961-2,37.306239,127.4638405
2020-09-22 10:34:23,경기 이천시 부발읍 죽당리 1545,37.2719905,127.5032955
2020-09-22 10:34:57,경기 이천시 송정동 316-2,37.2961464,127.4355148
2020-09-22 10:35:51,경기 이천시 부발읍 죽당리 1545,37.2721438,127.503407
2020-09-22 10:36:50,경기 이천시 백사면 모전리 969-4,37.3062611,127.4637059
2020-09-22 10:37:37,경기 이천시 송정동 316-2,37.2959411,127.4352583
2020-09-22 10:37:49,경기 이천시 부발읍 죽당리 1545,37.2722974,127.5035176
2020-09-22 10:38:10,경기 이천시 백사면 모전리 78-1,37.3056703,127.4634773
2020-09-22 10:38:14,경기 이천시 설성면 암산리 산 76-1,37.16383,127.530537
2020-09-22 10:40:25,경기 이천시 송정동 316-2,37.2959411,127.4352583
2020-09-22 10:40:59,경기 이천시 설성면 암산리 719,37.1663075,127.5379835
2020-09-22 10:41:29,경기 이천시 송정동 374-2,37.2955607,127.4348901
2020-09-22 10:42:03,경기 이천시 설성면 암산리 719,37.165806,127.5381788
2020-09-22 10:42:58,경기 이천시 설성면 암산리 719,37.1651997,127.5384183
2020-09-22 10:43:49,경기 이천시 백사면 모전리 87-2,37.3036414,127.4627077
2020-09-22 10:46:01,경기 이천시 백사면 모전리 78-1,37.3026389,127.4622791
2020-09-22 10:48:16,경기 이천시 백사면 모전리 78-1,37.3023589,127.4623135
2020-09-22 10:51:33,경기 이천시 백사면 모전리 832-1,37.3011896,127.4612268
2020-09-22 10:53:33,경기 이천시 설성면 암산리 344-6,37.1702543,127.5289298
2020-09-22 10:54:31,경기 이천시 설성면 암산리 931,37.1713907,127.5290385
2020-09-22 10:55:46,경기 이천시 설성면 송계리 993,37.1726198,127.5234785
2020-09-22 10:57:53,경기 이천시 설성면 송계리 993,37.1743357,127.5210952
2020-09-22 10:58:37,경기 이천시 설성면 송계리 993,37.1744037,127.5210225
2020-09-22 11:00:25,경기 이천시 설성면 송계리 741-4,37.174739,127.5180118
2020-09-22 11:01:50,경기 이천시 송정동 374-2,37.2954057,127.4347439
2020-09-22 11:03:43,경기 이천시 송정동 374-2,37.2954057,127.4347439
2020-09-22 11:06:31,경기 이천시 송정동 374-2,37.2956454,127.4349502
2020-09-22 11:07:19,경기 이천시 송정동 375-15,37.295268,127.4344275
2020-09-22 11:07:20,경기 이천시 송정동 375-15,37.295268,127.4344275
2020-09-22 11:08:25,경기 이천시 백사면 모전리 817-1,37.3061746,127.4645195
2020-09-22 11:08:58,경기 이천시 송정동 375-15,37.2952411,127.4343104
2020-09-22 11:13:56,경기 이천시 백사면 모전리 4-34,37.3053236,127.4693902
2020-09-22 11:14:13,경기 이천시 설성면 송계리 741-1,37.1749007,127.5173878
2020-09-22 11:16:03,경기 이천시 설성면 송계리 741-1,37.1753407,127.5160808
2020-09-22 11:16:42,경기 이천시 백사면 모전리 520-2,37.3056456,127.4724528
2020-09-22 11:16:59,경기 이천시 설성면 송계리 741-1,37.175391,127.5159892
2020-09-22 11:17:39,경기 이천시 설성면 송계리 741-1,37.175555,127.515732
2020-09-22 11:20:43,경기 이천시 설성면 송계리 740-3,37.1758283,127.5153142
2020-09-22 11:21:32,경기 이천시 설성면 송계리 741-1,37.1758965,127.5151142
2020-09-22 11:23:20,경기 이천시 백사면 모전리 520-2,37.3045871,127.4718992
2020-09-22 11:24:11,경기 이천시 설성면 송계리 740-1,37.1760905,127.5145062
2020-09-22 11:28:49,경기 이천시 부발읍 신원리 860-1,37.3012816,127.5084764
2020-09-22 13:02:07,경기 이천시 부발읍 신원리 863-1,37.3007822,127.5093865
2020-09-22 13:05:01,경기 이천시 설성면 송계리 624-3,37.1763316,127.5139807
2020-09-22 13:07:49,경기 이천시 설성면 송계리 110,37.176863,127.5140146
2020-09-22 13:09:54,경기 이천시 설성면 송계리 110,37.1776628,127.5140417
2020-09-22 13:11:21,경기 이천시 설성면 송계리 620,37.1808419,127.5140639
2020-09-22 13:11:54,경기 이천시 설성면 송계리 620,37.1808419,127.5140639
2020-09-22 13:12:46,경기 이천시 설성면 송계리 산 7-1,37.1813715,127.514037
2020-09-22 13:13:34,경기 이천시 설성면 송계리 122-1,37.1816269,127.5139483
2020-09-22 13:14:13,경기 이천시 설성면 송계리 122-1,37.1818757,127.5138331
2020-09-22 13:14:58,경기 이천시 설성면 송계리 125-2,37.1824644,127.5136028
2020-09-22 13:15:47,경기 이천시 설성면 송계리 125-2,37.1826406,127.5135844
2020-09-22 13:21:51,경기 이천시 백사면 모전리 541-1,37.302788,127.4683977
2020-09-22 13:22:41,경기 이천시 송정동 375-15,37.2952046,127.4340712
2020-09-22 13:23:53,경기 이천시 백사면 모전리 535-1,37.3037094,127.4698272
2020-09-22 13:23:57,경기 이천시 백사면 모전리 535-1,37.3037094,127.4698272
2020-09-22 13:24:18,경기 이천시 설성면 송계리 32-1,37.1759814,127.5137973
2020-09-22 13:25:39,경기 이천시 설성면 송계리 32-1,37.1757442,127.513605
2020-09-22 13:25:53,경기 이천시 송정동 375-15,37.2951909,127.4339508
2020-09-22 13:26:06,경기 이천시 백사면 모전리 780,37.3040612,127.4697919
2020-09-22 13:27:24,경기 이천시 설성면 송계리 32-1,37.1756666,127.5135379
2020-09-22 13:29:23,경기 이천시 백사면 모전리 780,37.3043471,127.4697614
2020-09-22 13:31:08,경기 이천시 부발읍 죽당리 1545,37.280099,127.5061664
2020-09-22 13:31:13,경기 이천시 설성면 송계리 32-1,37.1755122,127.5134026
2020-09-22 13:32:07,경기 이천시 설성면 송계리 32-1,37.1752788,127.513203
2020-09-22 13:32:30,경기 이천시 백사면 모전리 780,37.3039519,127.4688947
2020-09-22 13:33:04,경기 이천시 백사면 모전리 780,37.3038658,127.4688945
2020-09-22 13:33:48,경기 이천시 설성면 송계리 32-1,37.1752788,127.513203
2020-09-22 13:34:27,경기 이천시 설성면 송계리 32-1,37.1752788,127.513203
2020-09-22 13:37:40,경기 이천시 부발읍 신원리 919-2,37.2982895,127.5126651
2020-09-22 13:38:55,경기 이천시 백사면 모전리 907-1,37.3039078,127.4718489
2020-09-22 13:39:11,경기 이천시 설성면 송계리 32-1,37.1745197,127.5126687
2020-09-22 13:39:50,경기 이천시 설성면 송계리 32-1,37.1744267,127.512632
2020-09-22 13:40:59,경기 이천시 부발읍 신원리 919-2,37.2982895,127.5126651
2020-09-22 13:41:29,경기 이천시 설성면 송계리 32-1,37.1727738,127.5125731
2020-09-22 13:41:43,경기 이천시 백사면 모전리 890,37.3043342,127.4753479
2020-09-22 13:44:40,경기 이천시 백사면 모전리 464-1,37.3047031,127.4756254
2020-09-22 13:45:14,경기 이천시 백사면 모전리 465-2,37.3047776,127.4756843
2020-09-22 13:47:19,경기 이천시 설성면 송계리 649,37.17154,127.5123342
2020-09-22 13:49:05,경기 이천시 백사면 모전리 72-1,37.306411,127.4796464
2020-09-22 13:50:03,경기 이천시 설성면 송계리 680,37.1713816,127.5121924
2020-09-22 13:50:21,경기 이천시 백사면 모전리 72-14,37.3065129,127.4798258
2020-09-22 13:51:15,경기 이천시 백사면 모전리 72-15,37.3066184,127.4800019
2020-09-22 13:53:10,경기 이천시 설성면 송계리 174-8,37.1710563,127.5117414
2020-09-22 13:55:41,경기 이천시 부발읍 신원리 776,37.3013809,127.5082938
2020-09-22 13:56:25,경기 이천시 설성면 송계리 산 160,37.1692287,127.5106728
2020-09-22 13:56:30,경기 이천시 백사면 모전리 78-4,37.300332,127.4657428
2020-09-22 13:57:32,경기 이천시 설성면 송계리 산 157,37.1678292,127.5112064
2020-09-22 13:57:49,경기 이천시 부발읍 신원리 863-1,37.3007822,127.5093865
2020-09-22 13:59:50,경기 이천시 부발읍 신원리 191-4,37.2967583,127.5165367
2020-09-22 14:01:13,경기 이천시 부발읍 신원리 56-1,37.2954368,127.5183273
2020-09-22 14:01:17,경기 이천시 송정동 375-14,37.2951416,127.4337115
2020-09-22 14:01:59,경기 이천시 부발읍 신원리 29-1,37.2934965,127.5204299
2020-09-22 14:03:07,경기 이천시 부발읍 신원리 20-1,37.2929978,127.5208906
2020-09-22 14:04:15,경기 이천시 부발읍 신원리 7-19,37.2912431,127.522287
2020-09-22 14:04:23,경기 이천시 백사면 모전리 596-2,37.3009491,127.4734424
2020-09-22 14:04:52,경기 이천시 송정동 375-14,37.2951878,127.433829
2020-09-22 14:05:29,경기 이천시 백사면 모전리 591-2,37.301485,127.473394
2020-09-22 14:05:37,경기 이천시 송정동 314-1,37.2952505,127.4335254
2020-09-22 14:06:30,경기 이천시 부발읍 신원리 7-19,37.2910888,127.5223976
2020-09-22 14:06:49,경기 이천시 설성면 송계리 산 157,37.1677356,127.5112407
2020-09-22 14:07:09,경기 이천시 부발읍 죽당리 190-7,37.2910114,127.5224524
2020-09-22 14:07:42,경기 이천시 백사면 모전리 590-7,37.3021084,127.4733157
2020-09-22 14:07:51,경기 이천시 송정동 314-1,37.2952505,127.4335254
2020-09-22 14:07:53,경기 이천시 부발읍 죽당리 199-12,37.2900806,127.5231043
2020-09-22 14:08:08,경기 이천시 부발읍 죽당리 199-12,37.2900806,127.5231043
2020-09-22 14:08:53,경기 이천시 부발읍 죽당리 1293,37.289599,127.5233914
2020-09-22 14:09:05,경기 이천시 송정동 314-1,37.2955423,127.4330296
2020-09-22 14:09:11,경기 이천시 설성면 송계리 산 157,37.1675495,127.511314
2020-09-22 14:09:14,경기 이천시 부발읍 죽당리 산 20,37.2887855,127.5238399
2020-09-22 14:10:16,경기 이천시 송정동 410,37.2958239,127.4326903
2020-09-22 14:10:16,경기 이천시 부발읍 죽당리 172-27,37.2867903,127.524716
2020-09-22 14:11:06,경기 이천시 부발읍 죽당리 155-15,37.2849079,127.5252869
2020-09-22 14:11:09,경기 이천시 송정동 311-1,37.2956604,127.4325967
2020-09-22 14:11:09,경기 이천시 송정동 311-1,37.2956604,127.4325967
2020-09-22 14:11:10,경기 이천시 부발읍 죽당리 155-15,37.2849079,127.5252869
2020-09-22 14:11:33,경기 이천시 설성면 송계리 산 157,37.1665491,127.5117935
2020-09-22 14:12:02,경기 이천시 부발읍 죽당리 산 40-14,37.284127,127.5254567
2020-09-22 14:12:19,경기 이천시 백사면 모전리 517-11,37.3033651,127.4719124
2020-09-22 14:12:21,경기 이천시 부발읍 죽당리 산 40-14,37.284127,127.5254567
2020-09-22 14:12:21,경기 이천시 부발읍 죽당리 산 40-14,37.284127,127.5254567
2020-09-22 14:12:40,경기 이천시 송정동 314-1,37.2956026,127.4329321
2020-09-22 14:13:08,경기 이천시 부발읍 죽당리 산 40-14,37.2836044,127.5255499
2020-09-22 14:13:16,경기 이천시 백사면 모전리 517-11,37.3034921,127.4716324
2020-09-22 14:14:12,경기 이천시 송정동 314-1,37.2954172,127.4332201
2020-09-22 14:14:19,경기 이천시 부발읍 죽당리 16-4,37.2787647,127.5256362
2020-09-22 14:14:32,경기 이천시 백사면 모전리 907-2,37.303869,127.4710535
2020-09-22 14:15:42,경기 이천시 부발읍 수정리 산 102-1,37.2723431,127.524913
2020-09-22 14:16:03,경기 이천시 부발읍 수정리 1-17,37.2713753,127.5248063
2020-09-22 14:16:43,경기 이천시 부발읍 수정리 533-2,37.267155,127.5243297
2020-09-22 14:17:07,경기 이천시 설성면 송계리 산 157,37.1661979,127.5120061
2020-09-22 14:17:29,경기 이천시 부발읍 수정리 373-3,37.2625852,127.5238147
2020-09-22 14:17:51,경기 이천시 설성면 송계리 산 157,37.1660225,127.5121127
2020-09-22 14:17:57,경기 이천시 송정동 375-47,37.2948983,127.4338833
2020-09-22 14:18:14,경기 이천시 부발읍 수정리 82-24,37.2623213,127.5237872
2020-09-22 14:19:16,경기 이천시 부발읍 수정리 385-1,37.261003,127.523636
2020-09-22 14:19:51,경기 이천시 부발읍 송온리 124-4,37.2599468,127.5235177
2020-09-22 14:20:17,경기 이천시 백사면 모전리 891-1,37.3015532,127.4758241
2020-09-22 14:20:24,경기 이천시 부발읍 송온리 124-4,37.259507,127.5234677
2020-09-22 14:20:32,경기 이천시 설성면 상봉리 산 15-4,37.1638652,127.5127478
2020-09-22 14:21:10,경기 이천시 설성면 상봉리 산 138-2,37.1635728,127.512758
2020-09-22 14:21:17,경기 이천시 부발읍 송온리 322-1,37.2592407,127.5234398
2020-09-22 14:22:12,경기 이천시 송정동 375-47,37.2948983,127.4338833
2020-09-22 14:23:19,경기 이천시 송정동 375-44,37.2948112,127.4339331
2020-09-22 14:24:17,경기 이천시 부발읍 송온리 191-9,37.2572178,127.5232487
2020-09-22 14:24:23,경기 이천시 송정동 375-44,37.2948112,127.4339331
2020-09-22 14:24:52,경기 이천시 부발읍 송온리 174-18,37.2563377,127.5232307
2020-09-22 14:25:25,경기 이천시 부발읍 송온리 176-2,37.2557192,127.5232435
2020-09-22 14:25:30,경기 이천시 부발읍 송온리 176-2,37.2557192,127.5232435
2020-09-22 14:26:17,경기 이천시 부발읍 송온리 238-1,37.2549248,127.5232998
2020-09-22 14:26:45,경기 이천시 송정동 375-44,37.2943683,127.4341581
2020-09-22 14:27:05,경기 이천시 백사면 모전리 263-1,37.3011341,127.4770227
2020-09-22 14:28:15,경기 이천시 백사면 모전리 263-1,37.301795,127.4770464
2020-09-22 14:28:48,경기 이천시 부발읍 송온리 215-2,37.2530868,127.5235528
2020-09-22 14:29:12,경기 이천시 송정동 375-44,37.2946351,127.4340277
2020-09-22 14:29:47,경기 이천시 백사면 모전리 303-1,37.3035539,127.4777581
2020-09-22 14:30:58,경기 이천시 부발읍 가산리 33-7,37.2464263,127.5251755
2020-09-22 14:31:09,경기 이천시 송정동 375-44,37.2947229,127.4339797
2020-09-22 14:32:05,경기 이천시 송정동 375-44,37.2940903,127.4342462
2020-09-22 14:32:11,경기 이천시 부발읍 가산리 251-2,37.2441715,127.5247459
2020-09-22 14:34:29,경기 이천시 송정동 352-26,37.2936152,127.4342107
2020-09-22 14:35:30,경기 이천시 송정동 352-22,37.2938995,127.4342593
2020-09-22 14:38:02,경기 이천시 설성면 상봉리 463-26,37.161373,127.50067
2020-09-22 14:38:09,경기 이천시 송정동 352-22,37.2938049,127.4342422
2020-09-22 14:38:48,경기 이천시 송정동 352-26,37.2935195,127.434208
2020-09-22 14:39:28,경기 이천시 송정동 352-26,37.2935195,127.434208
2020-09-22 14:39:51,경기 이천시 설성면 상봉리 463-26,37.161343,127.501155
2020-09-22 14:40:26,경기 이천시 부발읍 가산리 산 19-1,37.2438324,127.5246143
2020-09-22 14:40:34,경기 이천시 설성면 상봉리 440-5,37.161505,127.501977
2020-09-22 14:40:55,경기 이천시 송정동 352-21,37.2933279,127.4342079
2020-09-22 14:41:06,경기 이천시 부발읍 가산리 208-14,37.241759,127.5233251
2020-09-22 14:41:49,경기 이천시 부발읍 가산리 208-5,37.2416098,127.5232065
2020-09-22 14:42:00,경기 이천시 송정동 352-21,37.2933279,127.4342079
2020-09-22 14:42:13,경기 이천시 부발읍 가산리 200-3,37.2411636,127.5228479
2020-09-22 14:42:49,경기 이천시 부발읍 가산리 196-6,37.2406432,127.522429
2020-09-22 14:43:21,경기 이천시 부발읍 가산리 187-7,37.2403465,127.5221885
2020-09-22 14:43:59,경기 이천시 설성면 상봉리 440-5,37.161688,127.50225
2020-09-22 14:44:28,경기 이천시 백사면 모전리 243-4,37.2952447,127.4775402
2020-09-22 14:44:34,경기 이천시 부발읍 가산리 187-7,37.2401238,127.5220083
2020-09-22 14:44:44,경기 이천시 송정동 352-21,37.2932321,127.4342077
2020-09-22 14:45:19,경기 이천시 백사면 모전리 243-1,37.2959428,127.4773946
2020-09-22 14:45:31,경기 이천시 부발읍 가산리 산 128,37.2394545,127.5214703
2020-09-22 14:47:50,경기 이천시 부발읍 응암리 112-8,37.2390838,127.5211692
2020-09-22 14:48:19,경기 이천시 부발읍 응암리 112-8,37.2388625,127.5209865
2020-09-22 14:48:24,경기 이천시 송정동 373-18,37.2929399,127.434207
2020-09-22 14:49:52,경기 이천시 부발읍 응암리 80-2,37.2361228,127.518668
2020-09-22 14:51:12,경기 이천시 부발읍 응암리 538,37.2356656,127.5183223
2020-09-22 14:52:02,경기 이천시 송정동 산 69-6,37.2917479,127.4337913
2020-09-22 14:53:07,경기 이천시 부발읍 응암리 560-9,37.2344908,127.51764
2020-09-22 14:53:19,경기 이천시 부발읍 응암리 560-9,37.2344908,127.51764
2020-09-22 14:53:29,경기 이천시 부발읍 응암리 560-7,37.2343336,127.517539
2020-09-22 14:53:43,경기 이천시 부발읍 응암리 582-26,37.2340149,127.5173473
2020-09-22 14:53:50,경기 이천시 부발읍 응암리 582-26,37.2340149,127.5173473
2020-09-22 14:54:56,경기 이천시 부발읍 응암리 560-9,37.2344908,127.51764
2020-09-22 14:55:35,경기 이천시 부발읍 응암리 560-7,37.2343336,127.517539
2020-09-22 14:56:20,경기 이천시 송정동 369-7,37.291139,127.4334101
2020-09-22 14:56:46,경기 이천시 부발읍 응암리 582-27,37.2337629,127.5174108
2020-09-22 14:57:16,경기 이천시 부발읍 응암리 554-5,37.2351505,127.5183756
2020-09-22 14:57:50,경기 이천시 송정동 산 69-10,37.2904692,127.4332543
2020-09-22 14:57:59,경기 이천시 부발읍 가산리 214-13,37.2392571,127.5214783
2020-09-22 14:58:07,경기 이천시 송정동 산 69-10,37.290374,127.4332283
2020-09-22 14:59:09,경기 이천시 부발읍 가산리 537-5,37.2474283,127.5252666
2020-09-22 14:59:31,경기 이천시 관고동 산 17-16,37.2900266,127.433009
2020-09-22 15:01:31,경기 이천시 부발읍 송온리 206-21,37.254253,127.5235243
2020-09-22 15:02:01,경기 이천시 부발읍 송온리 177,37.2559282,127.5233888
2020-09-22 15:02:42,경기 이천시 송정동 산 21-3,37.2962289,127.4404047
2020-09-22 15:02:43,경기 이천시 부발읍 송온리 187-2,37.2591047,127.5235897
2020-09-22 15:03:13,경기 이천시 부발읍 송온리 124-4,37.259456,127.5236265
2020-09-22 15:03:19,경기 이천시 부발읍 송온리 124-4,37.259456,127.5236265
2020-09-22 15:03:32,경기 이천시 송정동 산 21-1,37.296533,127.4401767
2020-09-22 15:04:00,경기 이천시 부발읍 송온리 123-1,37.2607747,127.523768
2020-09-22 15:04:51,경기 이천시 부발읍 수정리 383-1,37.2613022,127.5238242
2020-09-22 15:05:40,경기 이천시 부발읍 수정리 137-5,37.261918,127.5238923
2020-09-22 15:06:21,경기 이천시 부발읍 수정리 133-8,37.2622722,127.5239313
2020-09-22 15:07:23,경기 이천시 부발읍 수정리 47-18,37.2651737,127.5242503
2020-09-22 15:07:53,경기 이천시 부발읍 수정리 47-18,37.2651737,127.5242503
2020-09-22 15:08:23,경기 이천시 부발읍 수정리 47-21,37.2654378,127.5242793
2020-09-22 15:09:00,경기 이천시 부발읍 수정리 522-13,37.2696548,127.5247482
2020-09-22 15:09:35,경기 이천시 부발읍 수정리 1-17,37.2722905,127.5250418
2020-09-22 15:09:51,경기 이천시 설성면 송계리 562-1,37.1568842,127.5193076
2020-09-22 15:11:09,경기 이천시 부발읍 죽당리 산 82-63,37.2727306,127.5250898
2020-09-22 15:11:50,경기 이천시 부발읍 죽당리 26-39,37.2751946,127.5253649
2020-09-22 15:13:32,경기 이천시 설성면 송계리 562-2,37.1563753,127.5194714
2020-09-22 15:16:29,경기 이천시 부발읍 죽당리 산 82-63,37.2727306,127.5250898
2020-09-22 15:16:30,경기 이천시 송정동 341,37.2978112,127.4391794
2020-09-22 15:17:34,경기 이천시 송정동 341,37.2975056,127.4394041
2020-09-22 15:17:45,경기 이천시 설성면 송계리 539-1,37.1554512,127.5198047
2020-09-22 15:18:27,경기 이천시 송정동 341,37.2979674,127.4390751
2020-09-22 15:20:19,경기 이천시 송정동 341,37.298129,127.4389841
2020-09-22 15:20:35,경기 이천시 송정동 341,37.2980478,127.4390283
2020-09-22 15:20:43,경기 이천시 부발읍 죽당리 산 82-63,37.2727306,127.5250898
2020-09-22 15:21:56,경기 이천시 송정동 328-1,37.2979813,127.4387476
2020-09-22 15:23:07,경기 이천시 송정동 341,37.2982111,127.4389424
2020-09-22 15:23:51,경기 이천시 부발읍 죽당리 산 61-4,37.2791547,127.5258061
2020-09-22 15:23:54,경기 이천시 송정동 341,37.2984616,127.4388313
2020-09-22 15:24:41,경기 이천시 송정동 341,37.2984616,127.4388313
2020-09-22 15:25:03,경기 이천시 부발읍 죽당리 12-3,37.2825956,127.5258299
2020-09-22 15:25:26,경기 이천시 송정동 341,37.2988908,127.4386947
2020-09-22 15:25:38,경기 이천시 부발읍 죽당리 12-3,37.2830131,127.5258295
2020-09-22 15:25:59,경기 이천시 부발읍 죽당리 12-3,37.2832983,127.5257345
2020-09-22 15:26:49,경기 이천시 부발읍 죽당리 산 40-14,37.2837372,127.5256722
2020-09-22 15:26:56,경기 이천시 송정동 341,37.2987176,127.4387418
2020-09-22 15:27:55,경기 이천시 부발읍 죽당리 287-98,37.2853019,127.5253239
2020-09-22 15:28:03,경기 이천시 송정동 341,37.2992417,127.4386326
2020-09-22 15:28:35,경기 이천시 송정동 341,37.2991539,127.4386472
2020-09-22 15:28:41,경기 이천시 부발읍 죽당리 1302-2,37.2873504,127.524645
2020-09-22 15:29:26,경기 이천시 송정동 341,37.2993296,127.4386184
2020-09-22 15:30:41,경기 이천시 부발읍 죽당리 산 19-14,37.2881847,127.5242814
2020-09-22 15:31:12,경기 이천시 부발읍 죽당리 산 20,37.2887659,127.5240169
2020-09-22 15:31:40,경기 이천시 부발읍 죽당리 산 20,37.2887659,127.5240169
2020-09-22 15:31:53,경기 이천시 송정동 189-2,37.2995053,127.4385895
2020-09-22 15:32:33,경기 이천시 송정동 182-6,37.2995932,127.4385753
2020-09-22 15:32:53,경기 이천시 부발읍 죽당리 1293,37.2896582,127.5235353
2020-09-22 15:33:12,경기 이천시 송정동 182-6,37.2996811,127.4385612
2020-09-22 15:34:03,경기 이천시 송정동 182-6,37.2996811,127.4385612
2020-09-22 15:34:56,경기 이천시 부발읍 죽당리 1293,37.2898973,127.5233922
2020-09-22 15:36:06,경기 이천시 부발읍 신원리 산 27-12,37.291986,127.5219535
2020-09-22 15:36:37,경기 이천시 부발읍 신원리 22,37.2928702,127.5212215
2020-09-22 15:39:22,경기 이천시 부발읍 신원리 20-1,37.2931584,127.5209655
2020-09-22 15:40:45,경기 이천시 송정동 182-6,37.2997689,127.4385466
2020-09-22 15:41:20,경기 이천시 부발읍 신원리 38-4,37.2946719,127.5194402
2020-09-22 15:41:44,경기 이천시 송정동 182-6,37.2997689,127.4385466
2020-09-22 15:42:30,경기 이천시 부발읍 신원리 897-1,37.2995118,127.5120073
2020-09-22 15:43:14,경기 이천시 부발읍 신원리 863-1,37.3008183,127.5096419
2020-09-22 15:43:41,경기 이천시 부발읍 신원리 863-1,37.3010163,127.5092757
2020-09-22 15:43:44,경기 이천시 부발읍 신원리 863-1,37.3010163,127.5092757
2020-09-22 15:44:14,경기 이천시 송정동 191-9,37.2999446,127.4385178
2020-09-22 15:44:23,경기 이천시 부발읍 신원리 860-1,37.3012672,127.5088209
2020-09-22 15:44:58,경기 이천시 송정동 191-9,37.3002082,127.4384741
2020-09-22 15:45:10,경기 이천시 설성면 상봉리 산 30-3,37.1603312,127.5134198
2020-09-22 15:45:58,경기 이천시 송정동 398-1,37.3004726,127.4384332
2020-09-22 15:46:24,경기 이천시 설성면 상봉리 산 30-3,37.1600569,127.5132957
2020-09-22 15:47:09,경기 이천시 송정동 398-1,37.3003839,127.4384453
2020-09-22 15:48:07,경기 이천시 송정동 191-9,37.3002082,127.4384741
2020-09-22 15:48:12,경기 이천시 백사면 우곡리 산 1-69,37.3068383,127.4980804
2020-09-22 15:48:29,경기 이천시 설성면 상봉리 671,37.1583311,127.5118369
2020-09-22 15:49:02,경기 이천시 백사면 도지리 산 11-10,37.3074772,127.4942028
2020-09-22 15:49:10,경기 이천시 송정동 182-11,37.3010035,127.4383488
2020-09-22 15:50:07,경기 이천시 백사면 도지리 산 11-10,37.3074772,127.4942028
2020-09-22 15:50:18,경기 이천시 백사면 도지리 343-2,37.3068775,127.4894944
2020-09-22 15:50:19,경기 이천시 송정동 178-1,37.3016232,127.4382531
2020-09-22 15:52:13,경기 이천시 백사면 도지리 171-8,37.3065783,127.4918496
2020-09-22 15:55:55,경기 이천시 백사면 도지리 171-4,37.3062087,127.4923151
2020-09-22 16:01:37,경기 이천시 백사면 도지리 171-4,37.3052728,127.4926232
2020-09-22 16:05:08,경기 이천시 백사면 도지리 464-9,37.3043703,127.4930503
2020-09-22 16:07:45,경기 이천시 백사면 도지리 470-6,37.3032131,127.493823
2020-09-22 16:10:14,경기 이천시 백사면 도지리 655-5,37.3027851,127.4942063
2020-09-22 16:11:13,경기 이천시 백사면 도지리 655-5,37.3025716,127.4943988
2020-09-22 16:11:32,경기 이천시 설성면 상봉리 570-3,37.1570033,127.5114384
2020-09-22 16:12:58,경기 이천시 설성면 상봉리 570-1,37.1566241,127.5113238
2020-09-22 16:13:46,경기 이천시 설성면 상봉리 570-1,37.1565294,127.5112944
2020-09-22 16:15:04,경기 이천시 설성면 상봉리 573-2,37.1558523,127.5112144
2020-09-22 16:22:35,경기 이천시 설성면 상봉리 산 74-10,37.1552833,127.5113753
2020-09-22 16:24:19,경기 이천시 설성면 상봉리 570-1,37.1564342,127.5112677
2020-09-22 16:25:06,경기 이천시 설성면 상봉리 573-2,37.1558523,127.5112144
2020-09-22 16:26:06,경기 이천시 설성면 상봉리 674,37.1554696,127.5113031
2020-09-22 16:36:26,경기 이천시 설성면 상봉리 674,37.1554696,127.5113031
2020-09-22 16:52:34,경기 이천시 백사면 우곡리 301,37.3098522,127.5013816
2020-09-22 16:53:30,경기 이천시 백사면 우곡리 301,37.3103991,127.5020899
2020-09-22 17:03:35,경기 이천시 백사면 우곡리 100,37.3135533,127.5053901
2020-09-22 17:05:26,경기 이천시 백사면 우곡리 100,37.3142397,127.5058841
2020-09-22 17:24:57,경기 이천시 백사면 우곡리 512-13,37.3130688,127.5012865
2020-09-22 17:26:08,경기 이천시 백사면 우곡리 512-6,37.3140798,127.500222
2020-09-22 17:26:53,경기 이천시 백사면 우곡리 574,37.314283,127.5000092
